2023-12-28 20:49 - INFO - Fit the preprocessing pipeline
2023-12-28 20:49 - INFO - Training using device: cuda
2023-12-28 20:49 - INFO - Creating generators
2023-12-28 20:49 - INFO - The model has 186,433,565 trainable parameters
2023-12-28 20:49 - INFO - * Model:
2023-12-28 20:49 - INFO - * -----------
2023-12-28 20:49 - INFO - DownstreamInceptionResnet(
  (layers): ModuleDict(
    (input): DownstreamInceptionResnetBlock(
      (conv1): ConvBlock(
        (conv): Conv1d(12, 64, kernel_size=(7,), stride=(2,), padding=(3,))
        (bn): BatchNorm1d(64, eps=1e-05, momentum=0.1, affine=True, track_running_stats=True)
      )
      (conv2): ConvBlock(
        (conv): Conv1d(64, 128, kernel_size=(3,), stride=(1,), padding=(1,))
        (bn): BatchNorm1d(128, eps=1e-05, momentum=0.1, affine=True, track_running_stats=True)
      )
      (maxpool): MaxPool1d(kernel_size=3, stride=2, padding=1, dilation=1, ceil_mode=False)
      (inception3a): InceptionBlock(
        (branch1): ConvBlock(
          (conv): Conv1d(128, 64, kernel_size=(1,), stride=(1,))
          (bn): BatchNorm1d(64, eps=1e-05, momentum=0.1, affine=True, track_running_stats=True)
        )
        (branch2): Sequential(
          (0): ConvBlock(
            (conv): Conv1d(128, 96, kernel_size=(1,), stride=(1,))
            (bn): BatchNorm1d(96, eps=1e-05, momentum=0.1, affine=True, track_running_stats=True)
          )
          (1): ConvBlock(
            (conv): Conv1d(96, 128, kernel_size=(3,), stride=(1,), padding=(1,))
            (bn): BatchNorm1d(128, eps=1e-05, momentum=0.1, affine=True, track_running_stats=True)
          )
        )
        (branch3): Sequential(
          (0): ConvBlock(
            (conv): Conv1d(128, 16, kernel_size=(1,), stride=(1,))
            (bn): BatchNorm1d(16, eps=1e-05, momentum=0.1, affine=True, track_running_stats=True)
          )
          (1): ConvBlock(
            (conv): Conv1d(16, 32, kernel_size=(5,), stride=(1,), padding=(2,))
            (bn): BatchNorm1d(32, eps=1e-05, momentum=0.1, affine=True, track_running_stats=True)
          )
        )
        (branch4): Sequential(
          (0): MaxPool2d(kernel_size=3, stride=1, padding=1, dilation=1, ceil_mode=False)
          (1): ConvBlock(
            (conv): Conv1d(128, 32, kernel_size=(1,), stride=(1,))
            (bn): BatchNorm1d(32, eps=1e-05, momentum=0.1, affine=True, track_running_stats=True)
          )
        )
      )
      (inception3b): InceptionBlock(
        (branch1): ConvBlock(
          (conv): Conv1d(256, 128, kernel_size=(1,), stride=(1,))
          (bn): BatchNorm1d(128, eps=1e-05, momentum=0.1, affine=True, track_running_stats=True)
        )
        (branch2): Sequential(
          (0): ConvBlock(
            (conv): Conv1d(256, 128, kernel_size=(1,), stride=(1,))
            (bn): BatchNorm1d(128, eps=1e-05, momentum=0.1, affine=True, track_running_stats=True)
          )
          (1): ConvBlock(
            (conv): Conv1d(128, 192, kernel_size=(3,), stride=(1,), padding=(1,))
            (bn): BatchNorm1d(192, eps=1e-05, momentum=0.1, affine=True, track_running_stats=True)
          )
        )
        (branch3): Sequential(
          (0): ConvBlock(
            (conv): Conv1d(256, 32, kernel_size=(1,), stride=(1,))
            (bn): BatchNorm1d(32, eps=1e-05, momentum=0.1, affine=True, track_running_stats=True)
          )
          (1): ConvBlock(
            (conv): Conv1d(32, 96, kernel_size=(5,), stride=(1,), padding=(2,))
            (bn): BatchNorm1d(96, eps=1e-05, momentum=0.1, affine=True, track_running_stats=True)
          )
        )
        (branch4): Sequential(
          (0): MaxPool2d(kernel_size=3, stride=1, padding=1, dilation=1, ceil_mode=False)
          (1): ConvBlock(
            (conv): Conv1d(256, 64, kernel_size=(1,), stride=(1,))
            (bn): BatchNorm1d(64, eps=1e-05, momentum=0.1, affine=True, track_running_stats=True)
          )
        )
      )
      (inception4a): InceptionBlock(
        (branch1): ConvBlock(
          (conv): Conv1d(480, 192, kernel_size=(1,), stride=(1,))
          (bn): BatchNorm1d(192, eps=1e-05, momentum=0.1, affine=True, track_running_stats=True)
        )
        (branch2): Sequential(
          (0): ConvBlock(
            (conv): Conv1d(480, 96, kernel_size=(1,), stride=(1,))
            (bn): BatchNorm1d(96, eps=1e-05, momentum=0.1, affine=True, track_running_stats=True)
          )
          (1): ConvBlock(
            (conv): Conv1d(96, 208, kernel_size=(3,), stride=(1,), padding=(1,))
            (bn): BatchNorm1d(208, eps=1e-05, momentum=0.1, affine=True, track_running_stats=True)
          )
        )
        (branch3): Sequential(
          (0): ConvBlock(
            (conv): Conv1d(480, 16, kernel_size=(1,), stride=(1,))
            (bn): BatchNorm1d(16, eps=1e-05, momentum=0.1, affine=True, track_running_stats=True)
          )
          (1): ConvBlock(
            (conv): Conv1d(16, 48, kernel_size=(5,), stride=(1,), padding=(2,))
            (bn): BatchNorm1d(48, eps=1e-05, momentum=0.1, affine=True, track_running_stats=True)
          )
        )
        (branch4): Sequential(
          (0): MaxPool2d(kernel_size=3, stride=1, padding=1, dilation=1, ceil_mode=False)
          (1): ConvBlock(
            (conv): Conv1d(480, 64, kernel_size=(1,), stride=(1,))
            (bn): BatchNorm1d(64, eps=1e-05, momentum=0.1, affine=True, track_running_stats=True)
          )
        )
      )
      (inception4b): InceptionBlock(
        (branch1): ConvBlock(
          (conv): Conv1d(512, 32, kernel_size=(1,), stride=(1,))
          (bn): BatchNorm1d(32, eps=1e-05, momentum=0.1, affine=True, track_running_stats=True)
        )
        (branch2): Sequential(
          (0): ConvBlock(
            (conv): Conv1d(512, 112, kernel_size=(1,), stride=(1,))
            (bn): BatchNorm1d(112, eps=1e-05, momentum=0.1, affine=True, track_running_stats=True)
          )
          (1): ConvBlock(
            (conv): Conv1d(112, 32, kernel_size=(3,), stride=(1,), padding=(1,))
            (bn): BatchNorm1d(32, eps=1e-05, momentum=0.1, affine=True, track_running_stats=True)
          )
        )
        (branch3): Sequential(
          (0): ConvBlock(
            (conv): Conv1d(512, 24, kernel_size=(1,), stride=(1,))
            (bn): BatchNorm1d(24, eps=1e-05, momentum=0.1, affine=True, track_running_stats=True)
          )
          (1): ConvBlock(
            (conv): Conv1d(24, 64, kernel_size=(5,), stride=(1,), padding=(2,))
            (bn): BatchNorm1d(64, eps=1e-05, momentum=0.1, affine=True, track_running_stats=True)
          )
        )
        (branch4): Sequential(
          (0): MaxPool2d(kernel_size=3, stride=1, padding=1, dilation=1, ceil_mode=False)
          (1): ConvBlock(
            (conv): Conv1d(512, 32, kernel_size=(1,), stride=(1,))
            (bn): BatchNorm1d(32, eps=1e-05, momentum=0.1, affine=True, track_running_stats=True)
          )
        )
      )
      (avgpool): AvgPool1d(kernel_size=(5,), stride=(1,), padding=(0,))
      (fc_resnet): Linear(in_features=8480, out_features=5400, bias=True)
      (fc_out): Linear(in_features=5400, out_features=1, bias=True)
      (relu): ReLU()
    )
    (hidden_1): DownstreamInceptionResnetBlock(
      (conv1): ConvBlock(
        (conv): Conv1d(12, 64, kernel_size=(7,), stride=(2,), padding=(3,))
        (bn): BatchNorm1d(64, eps=1e-05, momentum=0.1, affine=True, track_running_stats=True)
      )
      (conv2): ConvBlock(
        (conv): Conv1d(64, 128, kernel_size=(3,), stride=(1,), padding=(1,))
        (bn): BatchNorm1d(128, eps=1e-05, momentum=0.1, affine=True, track_running_stats=True)
      )
      (maxpool): MaxPool1d(kernel_size=3, stride=2, padding=1, dilation=1, ceil_mode=False)
      (inception3a): InceptionBlock(
        (branch1): ConvBlock(
          (conv): Conv1d(128, 64, kernel_size=(1,), stride=(1,))
          (bn): BatchNorm1d(64, eps=1e-05, momentum=0.1, affine=True, track_running_stats=True)
        )
        (branch2): Sequential(
          (0): ConvBlock(
            (conv): Conv1d(128, 96, kernel_size=(1,), stride=(1,))
            (bn): BatchNorm1d(96, eps=1e-05, momentum=0.1, affine=True, track_running_stats=True)
          )
          (1): ConvBlock(
            (conv): Conv1d(96, 128, kernel_size=(3,), stride=(1,), padding=(1,))
            (bn): BatchNorm1d(128, eps=1e-05, momentum=0.1, affine=True, track_running_stats=True)
          )
        )
        (branch3): Sequential(
          (0): ConvBlock(
            (conv): Conv1d(128, 16, kernel_size=(1,), stride=(1,))
            (bn): BatchNorm1d(16, eps=1e-05, momentum=0.1, affine=True, track_running_stats=True)
          )
          (1): ConvBlock(
            (conv): Conv1d(16, 32, kernel_size=(5,), stride=(1,), padding=(2,))
            (bn): BatchNorm1d(32, eps=1e-05, momentum=0.1, affine=True, track_running_stats=True)
          )
        )
        (branch4): Sequential(
          (0): MaxPool2d(kernel_size=3, stride=1, padding=1, dilation=1, ceil_mode=False)
          (1): ConvBlock(
            (conv): Conv1d(128, 32, kernel_size=(1,), stride=(1,))
            (bn): BatchNorm1d(32, eps=1e-05, momentum=0.1, affine=True, track_running_stats=True)
          )
        )
      )
      (inception3b): InceptionBlock(
        (branch1): ConvBlock(
          (conv): Conv1d(256, 128, kernel_size=(1,), stride=(1,))
          (bn): BatchNorm1d(128, eps=1e-05, momentum=0.1, affine=True, track_running_stats=True)
        )
        (branch2): Sequential(
          (0): ConvBlock(
            (conv): Conv1d(256, 128, kernel_size=(1,), stride=(1,))
            (bn): BatchNorm1d(128, eps=1e-05, momentum=0.1, affine=True, track_running_stats=True)
          )
          (1): ConvBlock(
            (conv): Conv1d(128, 192, kernel_size=(3,), stride=(1,), padding=(1,))
            (bn): BatchNorm1d(192, eps=1e-05, momentum=0.1, affine=True, track_running_stats=True)
          )
        )
        (branch3): Sequential(
          (0): ConvBlock(
            (conv): Conv1d(256, 32, kernel_size=(1,), stride=(1,))
            (bn): BatchNorm1d(32, eps=1e-05, momentum=0.1, affine=True, track_running_stats=True)
          )
          (1): ConvBlock(
            (conv): Conv1d(32, 96, kernel_size=(5,), stride=(1,), padding=(2,))
            (bn): BatchNorm1d(96, eps=1e-05, momentum=0.1, affine=True, track_running_stats=True)
          )
        )
        (branch4): Sequential(
          (0): MaxPool2d(kernel_size=3, stride=1, padding=1, dilation=1, ceil_mode=False)
          (1): ConvBlock(
            (conv): Conv1d(256, 64, kernel_size=(1,), stride=(1,))
            (bn): BatchNorm1d(64, eps=1e-05, momentum=0.1, affine=True, track_running_stats=True)
          )
        )
      )
      (inception4a): InceptionBlock(
        (branch1): ConvBlock(
          (conv): Conv1d(480, 192, kernel_size=(1,), stride=(1,))
          (bn): BatchNorm1d(192, eps=1e-05, momentum=0.1, affine=True, track_running_stats=True)
        )
        (branch2): Sequential(
          (0): ConvBlock(
            (conv): Conv1d(480, 96, kernel_size=(1,), stride=(1,))
            (bn): BatchNorm1d(96, eps=1e-05, momentum=0.1, affine=True, track_running_stats=True)
          )
          (1): ConvBlock(
            (conv): Conv1d(96, 208, kernel_size=(3,), stride=(1,), padding=(1,))
            (bn): BatchNorm1d(208, eps=1e-05, momentum=0.1, affine=True, track_running_stats=True)
          )
        )
        (branch3): Sequential(
          (0): ConvBlock(
            (conv): Conv1d(480, 16, kernel_size=(1,), stride=(1,))
            (bn): BatchNorm1d(16, eps=1e-05, momentum=0.1, affine=True, track_running_stats=True)
          )
          (1): ConvBlock(
            (conv): Conv1d(16, 48, kernel_size=(5,), stride=(1,), padding=(2,))
            (bn): BatchNorm1d(48, eps=1e-05, momentum=0.1, affine=True, track_running_stats=True)
          )
        )
        (branch4): Sequential(
          (0): MaxPool2d(kernel_size=3, stride=1, padding=1, dilation=1, ceil_mode=False)
          (1): ConvBlock(
            (conv): Conv1d(480, 64, kernel_size=(1,), stride=(1,))
            (bn): BatchNorm1d(64, eps=1e-05, momentum=0.1, affine=True, track_running_stats=True)
          )
        )
      )
      (inception4b): InceptionBlock(
        (branch1): ConvBlock(
          (conv): Conv1d(512, 32, kernel_size=(1,), stride=(1,))
          (bn): BatchNorm1d(32, eps=1e-05, momentum=0.1, affine=True, track_running_stats=True)
        )
        (branch2): Sequential(
          (0): ConvBlock(
            (conv): Conv1d(512, 112, kernel_size=(1,), stride=(1,))
            (bn): BatchNorm1d(112, eps=1e-05, momentum=0.1, affine=True, track_running_stats=True)
          )
          (1): ConvBlock(
            (conv): Conv1d(112, 32, kernel_size=(3,), stride=(1,), padding=(1,))
            (bn): BatchNorm1d(32, eps=1e-05, momentum=0.1, affine=True, track_running_stats=True)
          )
        )
        (branch3): Sequential(
          (0): ConvBlock(
            (conv): Conv1d(512, 24, kernel_size=(1,), stride=(1,))
            (bn): BatchNorm1d(24, eps=1e-05, momentum=0.1, affine=True, track_running_stats=True)
          )
          (1): ConvBlock(
            (conv): Conv1d(24, 64, kernel_size=(5,), stride=(1,), padding=(2,))
            (bn): BatchNorm1d(64, eps=1e-05, momentum=0.1, affine=True, track_running_stats=True)
          )
        )
        (branch4): Sequential(
          (0): MaxPool2d(kernel_size=3, stride=1, padding=1, dilation=1, ceil_mode=False)
          (1): ConvBlock(
            (conv): Conv1d(512, 32, kernel_size=(1,), stride=(1,))
            (bn): BatchNorm1d(32, eps=1e-05, momentum=0.1, affine=True, track_running_stats=True)
          )
        )
      )
      (avgpool): AvgPool1d(kernel_size=(5,), stride=(1,), padding=(0,))
      (fc_resnet): Linear(in_features=8480, out_features=5400, bias=True)
      (fc_out): Linear(in_features=5400, out_features=1, bias=True)
      (relu): ReLU()
    )
    (hidden_2): DownstreamInceptionResnetBlock(
      (conv1): ConvBlock(
        (conv): Conv1d(12, 64, kernel_size=(7,), stride=(2,), padding=(3,))
        (bn): BatchNorm1d(64, eps=1e-05, momentum=0.1, affine=True, track_running_stats=True)
      )
      (conv2): ConvBlock(
        (conv): Conv1d(64, 128, kernel_size=(3,), stride=(1,), padding=(1,))
        (bn): BatchNorm1d(128, eps=1e-05, momentum=0.1, affine=True, track_running_stats=True)
      )
      (maxpool): MaxPool1d(kernel_size=3, stride=2, padding=1, dilation=1, ceil_mode=False)
      (inception3a): InceptionBlock(
        (branch1): ConvBlock(
          (conv): Conv1d(128, 64, kernel_size=(1,), stride=(1,))
          (bn): BatchNorm1d(64, eps=1e-05, momentum=0.1, affine=True, track_running_stats=True)
        )
        (branch2): Sequential(
          (0): ConvBlock(
            (conv): Conv1d(128, 96, kernel_size=(1,), stride=(1,))
            (bn): BatchNorm1d(96, eps=1e-05, momentum=0.1, affine=True, track_running_stats=True)
          )
          (1): ConvBlock(
            (conv): Conv1d(96, 128, kernel_size=(3,), stride=(1,), padding=(1,))
            (bn): BatchNorm1d(128, eps=1e-05, momentum=0.1, affine=True, track_running_stats=True)
          )
        )
        (branch3): Sequential(
          (0): ConvBlock(
            (conv): Conv1d(128, 16, kernel_size=(1,), stride=(1,))
            (bn): BatchNorm1d(16, eps=1e-05, momentum=0.1, affine=True, track_running_stats=True)
          )
          (1): ConvBlock(
            (conv): Conv1d(16, 32, kernel_size=(5,), stride=(1,), padding=(2,))
            (bn): BatchNorm1d(32, eps=1e-05, momentum=0.1, affine=True, track_running_stats=True)
          )
        )
        (branch4): Sequential(
          (0): MaxPool2d(kernel_size=3, stride=1, padding=1, dilation=1, ceil_mode=False)
          (1): ConvBlock(
            (conv): Conv1d(128, 32, kernel_size=(1,), stride=(1,))
            (bn): BatchNorm1d(32, eps=1e-05, momentum=0.1, affine=True, track_running_stats=True)
          )
        )
      )
      (inception3b): InceptionBlock(
        (branch1): ConvBlock(
          (conv): Conv1d(256, 128, kernel_size=(1,), stride=(1,))
          (bn): BatchNorm1d(128, eps=1e-05, momentum=0.1, affine=True, track_running_stats=True)
        )
        (branch2): Sequential(
          (0): ConvBlock(
            (conv): Conv1d(256, 128, kernel_size=(1,), stride=(1,))
            (bn): BatchNorm1d(128, eps=1e-05, momentum=0.1, affine=True, track_running_stats=True)
          )
          (1): ConvBlock(
            (conv): Conv1d(128, 192, kernel_size=(3,), stride=(1,), padding=(1,))
            (bn): BatchNorm1d(192, eps=1e-05, momentum=0.1, affine=True, track_running_stats=True)
          )
        )
        (branch3): Sequential(
          (0): ConvBlock(
            (conv): Conv1d(256, 32, kernel_size=(1,), stride=(1,))
            (bn): BatchNorm1d(32, eps=1e-05, momentum=0.1, affine=True, track_running_stats=True)
          )
          (1): ConvBlock(
            (conv): Conv1d(32, 96, kernel_size=(5,), stride=(1,), padding=(2,))
            (bn): BatchNorm1d(96, eps=1e-05, momentum=0.1, affine=True, track_running_stats=True)
          )
        )
        (branch4): Sequential(
          (0): MaxPool2d(kernel_size=3, stride=1, padding=1, dilation=1, ceil_mode=False)
          (1): ConvBlock(
            (conv): Conv1d(256, 64, kernel_size=(1,), stride=(1,))
            (bn): BatchNorm1d(64, eps=1e-05, momentum=0.1, affine=True, track_running_stats=True)
          )
        )
      )
      (inception4a): InceptionBlock(
        (branch1): ConvBlock(
          (conv): Conv1d(480, 192, kernel_size=(1,), stride=(1,))
          (bn): BatchNorm1d(192, eps=1e-05, momentum=0.1, affine=True, track_running_stats=True)
        )
        (branch2): Sequential(
          (0): ConvBlock(
            (conv): Conv1d(480, 96, kernel_size=(1,), stride=(1,))
            (bn): BatchNorm1d(96, eps=1e-05, momentum=0.1, affine=True, track_running_stats=True)
          )
          (1): ConvBlock(
            (conv): Conv1d(96, 208, kernel_size=(3,), stride=(1,), padding=(1,))
            (bn): BatchNorm1d(208, eps=1e-05, momentum=0.1, affine=True, track_running_stats=True)
          )
        )
        (branch3): Sequential(
          (0): ConvBlock(
            (conv): Conv1d(480, 16, kernel_size=(1,), stride=(1,))
            (bn): BatchNorm1d(16, eps=1e-05, momentum=0.1, affine=True, track_running_stats=True)
          )
          (1): ConvBlock(
            (conv): Conv1d(16, 48, kernel_size=(5,), stride=(1,), padding=(2,))
            (bn): BatchNorm1d(48, eps=1e-05, momentum=0.1, affine=True, track_running_stats=True)
          )
        )
        (branch4): Sequential(
          (0): MaxPool2d(kernel_size=3, stride=1, padding=1, dilation=1, ceil_mode=False)
          (1): ConvBlock(
            (conv): Conv1d(480, 64, kernel_size=(1,), stride=(1,))
            (bn): BatchNorm1d(64, eps=1e-05, momentum=0.1, affine=True, track_running_stats=True)
          )
        )
      )
      (inception4b): InceptionBlock(
        (branch1): ConvBlock(
          (conv): Conv1d(512, 32, kernel_size=(1,), stride=(1,))
          (bn): BatchNorm1d(32, eps=1e-05, momentum=0.1, affine=True, track_running_stats=True)
        )
        (branch2): Sequential(
          (0): ConvBlock(
            (conv): Conv1d(512, 112, kernel_size=(1,), stride=(1,))
            (bn): BatchNorm1d(112, eps=1e-05, momentum=0.1, affine=True, track_running_stats=True)
          )
          (1): ConvBlock(
            (conv): Conv1d(112, 32, kernel_size=(3,), stride=(1,), padding=(1,))
            (bn): BatchNorm1d(32, eps=1e-05, momentum=0.1, affine=True, track_running_stats=True)
          )
        )
        (branch3): Sequential(
          (0): ConvBlock(
            (conv): Conv1d(512, 24, kernel_size=(1,), stride=(1,))
            (bn): BatchNorm1d(24, eps=1e-05, momentum=0.1, affine=True, track_running_stats=True)
          )
          (1): ConvBlock(
            (conv): Conv1d(24, 64, kernel_size=(5,), stride=(1,), padding=(2,))
            (bn): BatchNorm1d(64, eps=1e-05, momentum=0.1, affine=True, track_running_stats=True)
          )
        )
        (branch4): Sequential(
          (0): MaxPool2d(kernel_size=3, stride=1, padding=1, dilation=1, ceil_mode=False)
          (1): ConvBlock(
            (conv): Conv1d(512, 32, kernel_size=(1,), stride=(1,))
            (bn): BatchNorm1d(32, eps=1e-05, momentum=0.1, affine=True, track_running_stats=True)
          )
        )
      )
      (avgpool): AvgPool1d(kernel_size=(5,), stride=(1,), padding=(0,))
      (fc_resnet): Linear(in_features=8480, out_features=5400, bias=True)
      (fc_out): Linear(in_features=5400, out_features=1, bias=True)
      (relu): ReLU()
    )
    (hidden_3): DownstreamInceptionResnetBlock(
      (conv1): ConvBlock(
        (conv): Conv1d(12, 64, kernel_size=(7,), stride=(2,), padding=(3,))
        (bn): BatchNorm1d(64, eps=1e-05, momentum=0.1, affine=True, track_running_stats=True)
      )
      (conv2): ConvBlock(
        (conv): Conv1d(64, 128, kernel_size=(3,), stride=(1,), padding=(1,))
        (bn): BatchNorm1d(128, eps=1e-05, momentum=0.1, affine=True, track_running_stats=True)
      )
      (maxpool): MaxPool1d(kernel_size=3, stride=2, padding=1, dilation=1, ceil_mode=False)
      (inception3a): InceptionBlock(
        (branch1): ConvBlock(
          (conv): Conv1d(128, 64, kernel_size=(1,), stride=(1,))
          (bn): BatchNorm1d(64, eps=1e-05, momentum=0.1, affine=True, track_running_stats=True)
        )
        (branch2): Sequential(
          (0): ConvBlock(
            (conv): Conv1d(128, 96, kernel_size=(1,), stride=(1,))
            (bn): BatchNorm1d(96, eps=1e-05, momentum=0.1, affine=True, track_running_stats=True)
          )
          (1): ConvBlock(
            (conv): Conv1d(96, 128, kernel_size=(3,), stride=(1,), padding=(1,))
            (bn): BatchNorm1d(128, eps=1e-05, momentum=0.1, affine=True, track_running_stats=True)
          )
        )
        (branch3): Sequential(
          (0): ConvBlock(
            (conv): Conv1d(128, 16, kernel_size=(1,), stride=(1,))
            (bn): BatchNorm1d(16, eps=1e-05, momentum=0.1, affine=True, track_running_stats=True)
          )
          (1): ConvBlock(
            (conv): Conv1d(16, 32, kernel_size=(5,), stride=(1,), padding=(2,))
            (bn): BatchNorm1d(32, eps=1e-05, momentum=0.1, affine=True, track_running_stats=True)
          )
        )
        (branch4): Sequential(
          (0): MaxPool2d(kernel_size=3, stride=1, padding=1, dilation=1, ceil_mode=False)
          (1): ConvBlock(
            (conv): Conv1d(128, 32, kernel_size=(1,), stride=(1,))
            (bn): BatchNorm1d(32, eps=1e-05, momentum=0.1, affine=True, track_running_stats=True)
          )
        )
      )
      (inception3b): InceptionBlock(
        (branch1): ConvBlock(
          (conv): Conv1d(256, 128, kernel_size=(1,), stride=(1,))
          (bn): BatchNorm1d(128, eps=1e-05, momentum=0.1, affine=True, track_running_stats=True)
        )
        (branch2): Sequential(
          (0): ConvBlock(
            (conv): Conv1d(256, 128, kernel_size=(1,), stride=(1,))
            (bn): BatchNorm1d(128, eps=1e-05, momentum=0.1, affine=True, track_running_stats=True)
          )
          (1): ConvBlock(
            (conv): Conv1d(128, 192, kernel_size=(3,), stride=(1,), padding=(1,))
            (bn): BatchNorm1d(192, eps=1e-05, momentum=0.1, affine=True, track_running_stats=True)
          )
        )
        (branch3): Sequential(
          (0): ConvBlock(
            (conv): Conv1d(256, 32, kernel_size=(1,), stride=(1,))
            (bn): BatchNorm1d(32, eps=1e-05, momentum=0.1, affine=True, track_running_stats=True)
          )
          (1): ConvBlock(
            (conv): Conv1d(32, 96, kernel_size=(5,), stride=(1,), padding=(2,))
            (bn): BatchNorm1d(96, eps=1e-05, momentum=0.1, affine=True, track_running_stats=True)
          )
        )
        (branch4): Sequential(
          (0): MaxPool2d(kernel_size=3, stride=1, padding=1, dilation=1, ceil_mode=False)
          (1): ConvBlock(
            (conv): Conv1d(256, 64, kernel_size=(1,), stride=(1,))
            (bn): BatchNorm1d(64, eps=1e-05, momentum=0.1, affine=True, track_running_stats=True)
          )
        )
      )
      (inception4a): InceptionBlock(
        (branch1): ConvBlock(
          (conv): Conv1d(480, 192, kernel_size=(1,), stride=(1,))
          (bn): BatchNorm1d(192, eps=1e-05, momentum=0.1, affine=True, track_running_stats=True)
        )
        (branch2): Sequential(
          (0): ConvBlock(
            (conv): Conv1d(480, 96, kernel_size=(1,), stride=(1,))
            (bn): BatchNorm1d(96, eps=1e-05, momentum=0.1, affine=True, track_running_stats=True)
          )
          (1): ConvBlock(
            (conv): Conv1d(96, 208, kernel_size=(3,), stride=(1,), padding=(1,))
            (bn): BatchNorm1d(208, eps=1e-05, momentum=0.1, affine=True, track_running_stats=True)
          )
        )
        (branch3): Sequential(
          (0): ConvBlock(
            (conv): Conv1d(480, 16, kernel_size=(1,), stride=(1,))
            (bn): BatchNorm1d(16, eps=1e-05, momentum=0.1, affine=True, track_running_stats=True)
          )
          (1): ConvBlock(
            (conv): Conv1d(16, 48, kernel_size=(5,), stride=(1,), padding=(2,))
            (bn): BatchNorm1d(48, eps=1e-05, momentum=0.1, affine=True, track_running_stats=True)
          )
        )
        (branch4): Sequential(
          (0): MaxPool2d(kernel_size=3, stride=1, padding=1, dilation=1, ceil_mode=False)
          (1): ConvBlock(
            (conv): Conv1d(480, 64, kernel_size=(1,), stride=(1,))
            (bn): BatchNorm1d(64, eps=1e-05, momentum=0.1, affine=True, track_running_stats=True)
          )
        )
      )
      (inception4b): InceptionBlock(
        (branch1): ConvBlock(
          (conv): Conv1d(512, 32, kernel_size=(1,), stride=(1,))
          (bn): BatchNorm1d(32, eps=1e-05, momentum=0.1, affine=True, track_running_stats=True)
        )
        (branch2): Sequential(
          (0): ConvBlock(
            (conv): Conv1d(512, 112, kernel_size=(1,), stride=(1,))
            (bn): BatchNorm1d(112, eps=1e-05, momentum=0.1, affine=True, track_running_stats=True)
          )
          (1): ConvBlock(
            (conv): Conv1d(112, 32, kernel_size=(3,), stride=(1,), padding=(1,))
            (bn): BatchNorm1d(32, eps=1e-05, momentum=0.1, affine=True, track_running_stats=True)
          )
        )
        (branch3): Sequential(
          (0): ConvBlock(
            (conv): Conv1d(512, 24, kernel_size=(1,), stride=(1,))
            (bn): BatchNorm1d(24, eps=1e-05, momentum=0.1, affine=True, track_running_stats=True)
          )
          (1): ConvBlock(
            (conv): Conv1d(24, 64, kernel_size=(5,), stride=(1,), padding=(2,))
            (bn): BatchNorm1d(64, eps=1e-05, momentum=0.1, affine=True, track_running_stats=True)
          )
        )
        (branch4): Sequential(
          (0): MaxPool2d(kernel_size=3, stride=1, padding=1, dilation=1, ceil_mode=False)
          (1): ConvBlock(
            (conv): Conv1d(512, 32, kernel_size=(1,), stride=(1,))
            (bn): BatchNorm1d(32, eps=1e-05, momentum=0.1, affine=True, track_running_stats=True)
          )
        )
      )
      (avgpool): AvgPool1d(kernel_size=(5,), stride=(1,), padding=(0,))
      (fc_resnet): Linear(in_features=8480, out_features=5400, bias=True)
      (fc_out): Linear(in_features=5400, out_features=1, bias=True)
      (relu): ReLU()
    )
    (output): DownstreamInceptionResnetFinal(
      (conv1): ConvBlock(
        (conv): Conv1d(12, 64, kernel_size=(7,), stride=(2,), padding=(3,))
        (bn): BatchNorm1d(64, eps=1e-05, momentum=0.1, affine=True, track_running_stats=True)
      )
      (conv2): ConvBlock(
        (conv): Conv1d(64, 128, kernel_size=(3,), stride=(1,), padding=(1,))
        (bn): BatchNorm1d(128, eps=1e-05, momentum=0.1, affine=True, track_running_stats=True)
      )
      (maxpool): MaxPool1d(kernel_size=3, stride=2, padding=1, dilation=1, ceil_mode=False)
      (inception3a): InceptionBlock(
        (branch1): ConvBlock(
          (conv): Conv1d(128, 64, kernel_size=(1,), stride=(1,))
          (bn): BatchNorm1d(64, eps=1e-05, momentum=0.1, affine=True, track_running_stats=True)
        )
        (branch2): Sequential(
          (0): ConvBlock(
            (conv): Conv1d(128, 96, kernel_size=(1,), stride=(1,))
            (bn): BatchNorm1d(96, eps=1e-05, momentum=0.1, affine=True, track_running_stats=True)
          )
          (1): ConvBlock(
            (conv): Conv1d(96, 128, kernel_size=(3,), stride=(1,), padding=(1,))
            (bn): BatchNorm1d(128, eps=1e-05, momentum=0.1, affine=True, track_running_stats=True)
          )
        )
        (branch3): Sequential(
          (0): ConvBlock(
            (conv): Conv1d(128, 16, kernel_size=(1,), stride=(1,))
            (bn): BatchNorm1d(16, eps=1e-05, momentum=0.1, affine=True, track_running_stats=True)
          )
          (1): ConvBlock(
            (conv): Conv1d(16, 32, kernel_size=(5,), stride=(1,), padding=(2,))
            (bn): BatchNorm1d(32, eps=1e-05, momentum=0.1, affine=True, track_running_stats=True)
          )
        )
        (branch4): Sequential(
          (0): MaxPool2d(kernel_size=3, stride=1, padding=1, dilation=1, ceil_mode=False)
          (1): ConvBlock(
            (conv): Conv1d(128, 32, kernel_size=(1,), stride=(1,))
            (bn): BatchNorm1d(32, eps=1e-05, momentum=0.1, affine=True, track_running_stats=True)
          )
        )
      )
      (inception3b): InceptionBlock(
        (branch1): ConvBlock(
          (conv): Conv1d(256, 128, kernel_size=(1,), stride=(1,))
          (bn): BatchNorm1d(128, eps=1e-05, momentum=0.1, affine=True, track_running_stats=True)
        )
        (branch2): Sequential(
          (0): ConvBlock(
            (conv): Conv1d(256, 128, kernel_size=(1,), stride=(1,))
            (bn): BatchNorm1d(128, eps=1e-05, momentum=0.1, affine=True, track_running_stats=True)
          )
          (1): ConvBlock(
            (conv): Conv1d(128, 192, kernel_size=(3,), stride=(1,), padding=(1,))
            (bn): BatchNorm1d(192, eps=1e-05, momentum=0.1, affine=True, track_running_stats=True)
          )
        )
        (branch3): Sequential(
          (0): ConvBlock(
            (conv): Conv1d(256, 32, kernel_size=(1,), stride=(1,))
            (bn): BatchNorm1d(32, eps=1e-05, momentum=0.1, affine=True, track_running_stats=True)
          )
          (1): ConvBlock(
            (conv): Conv1d(32, 96, kernel_size=(5,), stride=(1,), padding=(2,))
            (bn): BatchNorm1d(96, eps=1e-05, momentum=0.1, affine=True, track_running_stats=True)
          )
        )
        (branch4): Sequential(
          (0): MaxPool2d(kernel_size=3, stride=1, padding=1, dilation=1, ceil_mode=False)
          (1): ConvBlock(
            (conv): Conv1d(256, 64, kernel_size=(1,), stride=(1,))
            (bn): BatchNorm1d(64, eps=1e-05, momentum=0.1, affine=True, track_running_stats=True)
          )
        )
      )
      (inception4a): InceptionBlock(
        (branch1): ConvBlock(
          (conv): Conv1d(480, 192, kernel_size=(1,), stride=(1,))
          (bn): BatchNorm1d(192, eps=1e-05, momentum=0.1, affine=True, track_running_stats=True)
        )
        (branch2): Sequential(
          (0): ConvBlock(
            (conv): Conv1d(480, 96, kernel_size=(1,), stride=(1,))
            (bn): BatchNorm1d(96, eps=1e-05, momentum=0.1, affine=True, track_running_stats=True)
          )
          (1): ConvBlock(
            (conv): Conv1d(96, 208, kernel_size=(3,), stride=(1,), padding=(1,))
            (bn): BatchNorm1d(208, eps=1e-05, momentum=0.1, affine=True, track_running_stats=True)
          )
        )
        (branch3): Sequential(
          (0): ConvBlock(
            (conv): Conv1d(480, 16, kernel_size=(1,), stride=(1,))
            (bn): BatchNorm1d(16, eps=1e-05, momentum=0.1, affine=True, track_running_stats=True)
          )
          (1): ConvBlock(
            (conv): Conv1d(16, 48, kernel_size=(5,), stride=(1,), padding=(2,))
            (bn): BatchNorm1d(48, eps=1e-05, momentum=0.1, affine=True, track_running_stats=True)
          )
        )
        (branch4): Sequential(
          (0): MaxPool2d(kernel_size=3, stride=1, padding=1, dilation=1, ceil_mode=False)
          (1): ConvBlock(
            (conv): Conv1d(480, 64, kernel_size=(1,), stride=(1,))
            (bn): BatchNorm1d(64, eps=1e-05, momentum=0.1, affine=True, track_running_stats=True)
          )
        )
      )
      (inception4b): InceptionBlock(
        (branch1): ConvBlock(
          (conv): Conv1d(512, 32, kernel_size=(1,), stride=(1,))
          (bn): BatchNorm1d(32, eps=1e-05, momentum=0.1, affine=True, track_running_stats=True)
        )
        (branch2): Sequential(
          (0): ConvBlock(
            (conv): Conv1d(512, 112, kernel_size=(1,), stride=(1,))
            (bn): BatchNorm1d(112, eps=1e-05, momentum=0.1, affine=True, track_running_stats=True)
          )
          (1): ConvBlock(
            (conv): Conv1d(112, 32, kernel_size=(3,), stride=(1,), padding=(1,))
            (bn): BatchNorm1d(32, eps=1e-05, momentum=0.1, affine=True, track_running_stats=True)
          )
        )
        (branch3): Sequential(
          (0): ConvBlock(
            (conv): Conv1d(512, 24, kernel_size=(1,), stride=(1,))
            (bn): BatchNorm1d(24, eps=1e-05, momentum=0.1, affine=True, track_running_stats=True)
          )
          (1): ConvBlock(
            (conv): Conv1d(24, 64, kernel_size=(5,), stride=(1,), padding=(2,))
            (bn): BatchNorm1d(64, eps=1e-05, momentum=0.1, affine=True, track_running_stats=True)
          )
        )
        (branch4): Sequential(
          (0): MaxPool2d(kernel_size=3, stride=1, padding=1, dilation=1, ceil_mode=False)
          (1): ConvBlock(
            (conv): Conv1d(512, 32, kernel_size=(1,), stride=(1,))
            (bn): BatchNorm1d(32, eps=1e-05, momentum=0.1, affine=True, track_running_stats=True)
          )
        )
      )
      (avgpool): AvgPool1d(kernel_size=(5,), stride=(1,), padding=(0,))
      (dropout): Dropout(p=0.5, inplace=False)
      (fc_out): Linear(in_features=8480, out_features=1, bias=True)
      (sigmoid): Sigmoid()
    )
  )
)
2023-12-28 20:49 - INFO - * -----------
2023-12-28 20:49 - INFO - Evaluating model based on: rocauc
2023-12-28 20:49 - INFO - Training..

2023-12-28 21:00 - INFO - ---------------------------------------------
2023-12-28 21:00 - INFO - Epoch: 01 | Time: 10m 38s
2023-12-28 21:00 - INFO - 	 New best val_rocauc loss was found, current best value is 0.5378
2023-12-28 21:00 - INFO - 	 Train Loss: 0.572
2023-12-28 21:00 - INFO - 	 Val. Loss: 0.553
2023-12-28 21:00 - INFO - 	 ROC-AUC: 0.538
2023-12-28 21:00 - INFO - 	 PR-AUC: 0.274
2023-12-28 21:00 - INFO - 	 Recall for 0.4 precision: 0.005
2023-12-28 21:00 - INFO - 	 Best Val. Loss: 0.553
2023-12-28 21:00 - INFO - 	 Best ROC-AUC: 0.538
2023-12-28 21:00 - INFO - 	 Best PR-AUC: 0.274
2023-12-28 21:00 - INFO - 	 Best Recall for 0.4 precision: 0.005
2023-12-28 21:00 - INFO - ---------------------------------------------
2023-12-28 21:11 - INFO - ---------------------------------------------
2023-12-28 21:11 - INFO - Epoch: 02 | Time: 10m 56s
2023-12-28 21:11 - INFO - 	 New best val_rocauc loss was found, current best value is 0.65704
2023-12-28 21:11 - INFO - 	 Train Loss: 0.554
2023-12-28 21:11 - INFO - 	 Val. Loss: 0.531
2023-12-28 21:11 - INFO - 	 ROC-AUC: 0.657
2023-12-28 21:11 - INFO - 	 PR-AUC: 0.377
2023-12-28 21:11 - INFO - 	 Recall for 0.4 precision: 0.375
2023-12-28 21:11 - INFO - 	 Best Val. Loss: 0.531
2023-12-28 21:11 - INFO - 	 Best ROC-AUC: 0.657
2023-12-28 21:11 - INFO - 	 Best PR-AUC: 0.377
2023-12-28 21:11 - INFO - 	 Best Recall for 0.4 precision: 0.375
2023-12-28 21:11 - INFO - ---------------------------------------------
2023-12-28 21:23 - INFO - ---------------------------------------------
2023-12-28 21:23 - INFO - Epoch: 03 | Time: 11m 58s
2023-12-28 21:23 - INFO - 	 New best val_rocauc loss was found, current best value is 0.70761
2023-12-28 21:23 - INFO - 	 Train Loss: 0.515
2023-12-28 21:23 - INFO - 	 Val. Loss: 0.505
2023-12-28 21:23 - INFO - 	 ROC-AUC: 0.708
2023-12-28 21:23 - INFO - 	 PR-AUC: 0.430
2023-12-28 21:23 - INFO - 	 Recall for 0.4 precision: 0.575
2023-12-28 21:23 - INFO - 	 Best Val. Loss: 0.505
2023-12-28 21:23 - INFO - 	 Best ROC-AUC: 0.708
2023-12-28 21:23 - INFO - 	 Best PR-AUC: 0.430
2023-12-28 21:23 - INFO - 	 Best Recall for 0.4 precision: 0.575
2023-12-28 21:23 - INFO - ---------------------------------------------
2023-12-28 21:34 - INFO - ---------------------------------------------
2023-12-28 21:34 - INFO - Epoch: 04 | Time: 11m 28s
2023-12-28 21:34 - INFO - 	 New best val_rocauc loss was found, current best value is 0.71812
2023-12-28 21:34 - INFO - 	 Train Loss: 0.502
2023-12-28 21:34 - INFO - 	 Val. Loss: 0.500
2023-12-28 21:34 - INFO - 	 ROC-AUC: 0.718
2023-12-28 21:34 - INFO - 	 PR-AUC: 0.439
2023-12-28 21:34 - INFO - 	 Recall for 0.4 precision: 0.612
2023-12-28 21:34 - INFO - 	 Best Val. Loss: 0.500
2023-12-28 21:34 - INFO - 	 Best ROC-AUC: 0.718
2023-12-28 21:34 - INFO - 	 Best PR-AUC: 0.439
2023-12-28 21:34 - INFO - 	 Best Recall for 0.4 precision: 0.612
2023-12-28 21:34 - INFO - ---------------------------------------------
2023-12-28 21:45 - INFO - ---------------------------------------------
2023-12-28 21:45 - INFO - Epoch: 05 | Time: 10m 53s
2023-12-28 21:45 - INFO - 	 New best val_rocauc loss was found, current best value is 0.7211
2023-12-28 21:45 - INFO - 	 Train Loss: 0.496
2023-12-28 21:45 - INFO - 	 Val. Loss: 0.499
2023-12-28 21:45 - INFO - 	 ROC-AUC: 0.721
2023-12-28 21:45 - INFO - 	 PR-AUC: 0.438
2023-12-28 21:45 - INFO - 	 Recall for 0.4 precision: 0.622
2023-12-28 21:45 - INFO - 	 Best Val. Loss: 0.499
2023-12-28 21:45 - INFO - 	 Best ROC-AUC: 0.721
2023-12-28 21:45 - INFO - 	 Best PR-AUC: 0.439
2023-12-28 21:45 - INFO - 	 Best Recall for 0.4 precision: 0.622
2023-12-28 21:45 - INFO - ---------------------------------------------
2023-12-28 21:55 - INFO - ---------------------------------------------
2023-12-28 21:55 - INFO - Epoch: 06 | Time: 9m 56s
2023-12-28 21:55 - INFO - 	 New best val_rocauc loss was found, current best value is 0.72612
2023-12-28 21:55 - INFO - 	 Train Loss: 0.493
2023-12-28 21:55 - INFO - 	 Val. Loss: 0.498
2023-12-28 21:55 - INFO - 	 ROC-AUC: 0.726
2023-12-28 21:55 - INFO - 	 PR-AUC: 0.450
2023-12-28 21:55 - INFO - 	 Recall for 0.4 precision: 0.638
2023-12-28 21:55 - INFO - 	 Best Val. Loss: 0.498
2023-12-28 21:55 - INFO - 	 Best ROC-AUC: 0.726
2023-12-28 21:55 - INFO - 	 Best PR-AUC: 0.450
2023-12-28 21:55 - INFO - 	 Best Recall for 0.4 precision: 0.638
2023-12-28 21:55 - INFO - ---------------------------------------------
2023-12-28 22:04 - INFO - ---------------------------------------------
2023-12-28 22:04 - INFO - Epoch: 07 | Time: 8m 54s
2023-12-28 22:04 - INFO - 	 Train Loss: 0.490
2023-12-28 22:04 - INFO - 	 Val. Loss: 0.500
2023-12-28 22:04 - INFO - 	 ROC-AUC: 0.723
2023-12-28 22:04 - INFO - 	 PR-AUC: 0.438
2023-12-28 22:04 - INFO - 	 Recall for 0.4 precision: 0.632
2023-12-28 22:04 - INFO - 	 Best Val. Loss: 0.498
2023-12-28 22:04 - INFO - 	 Best ROC-AUC: 0.726
2023-12-28 22:04 - INFO - 	 Best PR-AUC: 0.450
2023-12-28 22:04 - INFO - 	 Best Recall for 0.4 precision: 0.638
2023-12-28 22:04 - INFO - ---------------------------------------------
2023-12-28 22:11 - INFO - ---------------------------------------------
2023-12-28 22:11 - INFO - Epoch: 08 | Time: 7m 15s
2023-12-28 22:11 - INFO - 	 Train Loss: 0.489
2023-12-28 22:11 - INFO - 	 Val. Loss: 0.507
2023-12-28 22:11 - INFO - 	 ROC-AUC: 0.714
2023-12-28 22:11 - INFO - 	 PR-AUC: 0.432
2023-12-28 22:11 - INFO - 	 Recall for 0.4 precision: 0.594
2023-12-28 22:11 - INFO - 	 Best Val. Loss: 0.498
2023-12-28 22:11 - INFO - 	 Best ROC-AUC: 0.726
2023-12-28 22:11 - INFO - 	 Best PR-AUC: 0.450
2023-12-28 22:11 - INFO - 	 Best Recall for 0.4 precision: 0.638
2023-12-28 22:11 - INFO - ---------------------------------------------
2023-12-28 22:21 - INFO - ---------------------------------------------
2023-12-28 22:21 - INFO - Epoch: 09 | Time: 10m 15s
2023-12-28 22:21 - INFO - 	 Train Loss: 0.487
2023-12-28 22:21 - INFO - 	 Val. Loss: 0.523
2023-12-28 22:21 - INFO - 	 ROC-AUC: 0.680
2023-12-28 22:21 - INFO - 	 PR-AUC: 0.396
2023-12-28 22:21 - INFO - 	 Recall for 0.4 precision: 0.476
2023-12-28 22:21 - INFO - 	 Best Val. Loss: 0.498
2023-12-28 22:21 - INFO - 	 Best ROC-AUC: 0.726
2023-12-28 22:21 - INFO - 	 Best PR-AUC: 0.450
2023-12-28 22:21 - INFO - 	 Best Recall for 0.4 precision: 0.638
2023-12-28 22:21 - INFO - ---------------------------------------------
2023-12-28 22:43 - INFO - Fit the preprocessing pipeline
2023-12-28 22:43 - INFO - Training using device: cuda
2023-12-28 22:43 - INFO - Creating generators
2023-12-28 22:43 - INFO - The model has 186,433,565 trainable parameters
2023-12-28 22:43 - INFO - * Model:
2023-12-28 22:43 - INFO - * -----------
2023-12-28 22:43 - INFO - DownstreamInceptionResnet(
  (layers): ModuleDict(
    (input): DownstreamInceptionResnetBlock(
      (conv1): ConvBlock(
        (conv): Conv1d(12, 64, kernel_size=(7,), stride=(2,), padding=(3,))
        (bn): BatchNorm1d(64, eps=1e-05, momentum=0.1, affine=True, track_running_stats=True)
      )
      (conv2): ConvBlock(
        (conv): Conv1d(64, 128, kernel_size=(3,), stride=(1,), padding=(1,))
        (bn): BatchNorm1d(128, eps=1e-05, momentum=0.1, affine=True, track_running_stats=True)
      )
      (maxpool): MaxPool1d(kernel_size=3, stride=2, padding=1, dilation=1, ceil_mode=False)
      (inception3a): InceptionBlock(
        (branch1): ConvBlock(
          (conv): Conv1d(128, 64, kernel_size=(1,), stride=(1,))
          (bn): BatchNorm1d(64, eps=1e-05, momentum=0.1, affine=True, track_running_stats=True)
        )
        (branch2): Sequential(
          (0): ConvBlock(
            (conv): Conv1d(128, 96, kernel_size=(1,), stride=(1,))
            (bn): BatchNorm1d(96, eps=1e-05, momentum=0.1, affine=True, track_running_stats=True)
          )
          (1): ConvBlock(
            (conv): Conv1d(96, 128, kernel_size=(3,), stride=(1,), padding=(1,))
            (bn): BatchNorm1d(128, eps=1e-05, momentum=0.1, affine=True, track_running_stats=True)
          )
        )
        (branch3): Sequential(
          (0): ConvBlock(
            (conv): Conv1d(128, 16, kernel_size=(1,), stride=(1,))
            (bn): BatchNorm1d(16, eps=1e-05, momentum=0.1, affine=True, track_running_stats=True)
          )
          (1): ConvBlock(
            (conv): Conv1d(16, 32, kernel_size=(5,), stride=(1,), padding=(2,))
            (bn): BatchNorm1d(32, eps=1e-05, momentum=0.1, affine=True, track_running_stats=True)
          )
        )
        (branch4): Sequential(
          (0): MaxPool2d(kernel_size=3, stride=1, padding=1, dilation=1, ceil_mode=False)
          (1): ConvBlock(
            (conv): Conv1d(128, 32, kernel_size=(1,), stride=(1,))
            (bn): BatchNorm1d(32, eps=1e-05, momentum=0.1, affine=True, track_running_stats=True)
          )
        )
      )
      (inception3b): InceptionBlock(
        (branch1): ConvBlock(
          (conv): Conv1d(256, 128, kernel_size=(1,), stride=(1,))
          (bn): BatchNorm1d(128, eps=1e-05, momentum=0.1, affine=True, track_running_stats=True)
        )
        (branch2): Sequential(
          (0): ConvBlock(
            (conv): Conv1d(256, 128, kernel_size=(1,), stride=(1,))
            (bn): BatchNorm1d(128, eps=1e-05, momentum=0.1, affine=True, track_running_stats=True)
          )
          (1): ConvBlock(
            (conv): Conv1d(128, 192, kernel_size=(3,), stride=(1,), padding=(1,))
            (bn): BatchNorm1d(192, eps=1e-05, momentum=0.1, affine=True, track_running_stats=True)
          )
        )
        (branch3): Sequential(
          (0): ConvBlock(
            (conv): Conv1d(256, 32, kernel_size=(1,), stride=(1,))
            (bn): BatchNorm1d(32, eps=1e-05, momentum=0.1, affine=True, track_running_stats=True)
          )
          (1): ConvBlock(
            (conv): Conv1d(32, 96, kernel_size=(5,), stride=(1,), padding=(2,))
            (bn): BatchNorm1d(96, eps=1e-05, momentum=0.1, affine=True, track_running_stats=True)
          )
        )
        (branch4): Sequential(
          (0): MaxPool2d(kernel_size=3, stride=1, padding=1, dilation=1, ceil_mode=False)
          (1): ConvBlock(
            (conv): Conv1d(256, 64, kernel_size=(1,), stride=(1,))
            (bn): BatchNorm1d(64, eps=1e-05, momentum=0.1, affine=True, track_running_stats=True)
          )
        )
      )
      (inception4a): InceptionBlock(
        (branch1): ConvBlock(
          (conv): Conv1d(480, 192, kernel_size=(1,), stride=(1,))
          (bn): BatchNorm1d(192, eps=1e-05, momentum=0.1, affine=True, track_running_stats=True)
        )
        (branch2): Sequential(
          (0): ConvBlock(
            (conv): Conv1d(480, 96, kernel_size=(1,), stride=(1,))
            (bn): BatchNorm1d(96, eps=1e-05, momentum=0.1, affine=True, track_running_stats=True)
          )
          (1): ConvBlock(
            (conv): Conv1d(96, 208, kernel_size=(3,), stride=(1,), padding=(1,))
            (bn): BatchNorm1d(208, eps=1e-05, momentum=0.1, affine=True, track_running_stats=True)
          )
        )
        (branch3): Sequential(
          (0): ConvBlock(
            (conv): Conv1d(480, 16, kernel_size=(1,), stride=(1,))
            (bn): BatchNorm1d(16, eps=1e-05, momentum=0.1, affine=True, track_running_stats=True)
          )
          (1): ConvBlock(
            (conv): Conv1d(16, 48, kernel_size=(5,), stride=(1,), padding=(2,))
            (bn): BatchNorm1d(48, eps=1e-05, momentum=0.1, affine=True, track_running_stats=True)
          )
        )
        (branch4): Sequential(
          (0): MaxPool2d(kernel_size=3, stride=1, padding=1, dilation=1, ceil_mode=False)
          (1): ConvBlock(
            (conv): Conv1d(480, 64, kernel_size=(1,), stride=(1,))
            (bn): BatchNorm1d(64, eps=1e-05, momentum=0.1, affine=True, track_running_stats=True)
          )
        )
      )
      (inception4b): InceptionBlock(
        (branch1): ConvBlock(
          (conv): Conv1d(512, 32, kernel_size=(1,), stride=(1,))
          (bn): BatchNorm1d(32, eps=1e-05, momentum=0.1, affine=True, track_running_stats=True)
        )
        (branch2): Sequential(
          (0): ConvBlock(
            (conv): Conv1d(512, 112, kernel_size=(1,), stride=(1,))
            (bn): BatchNorm1d(112, eps=1e-05, momentum=0.1, affine=True, track_running_stats=True)
          )
          (1): ConvBlock(
            (conv): Conv1d(112, 32, kernel_size=(3,), stride=(1,), padding=(1,))
            (bn): BatchNorm1d(32, eps=1e-05, momentum=0.1, affine=True, track_running_stats=True)
          )
        )
        (branch3): Sequential(
          (0): ConvBlock(
            (conv): Conv1d(512, 24, kernel_size=(1,), stride=(1,))
            (bn): BatchNorm1d(24, eps=1e-05, momentum=0.1, affine=True, track_running_stats=True)
          )
          (1): ConvBlock(
            (conv): Conv1d(24, 64, kernel_size=(5,), stride=(1,), padding=(2,))
            (bn): BatchNorm1d(64, eps=1e-05, momentum=0.1, affine=True, track_running_stats=True)
          )
        )
        (branch4): Sequential(
          (0): MaxPool2d(kernel_size=3, stride=1, padding=1, dilation=1, ceil_mode=False)
          (1): ConvBlock(
            (conv): Conv1d(512, 32, kernel_size=(1,), stride=(1,))
            (bn): BatchNorm1d(32, eps=1e-05, momentum=0.1, affine=True, track_running_stats=True)
          )
        )
      )
      (avgpool): AvgPool1d(kernel_size=(5,), stride=(1,), padding=(0,))
      (fc_resnet): Linear(in_features=8480, out_features=5400, bias=True)
      (fc_out): Linear(in_features=5400, out_features=1, bias=True)
      (relu): ReLU()
    )
    (hidden_1): DownstreamInceptionResnetBlock(
      (conv1): ConvBlock(
        (conv): Conv1d(12, 64, kernel_size=(7,), stride=(2,), padding=(3,))
        (bn): BatchNorm1d(64, eps=1e-05, momentum=0.1, affine=True, track_running_stats=True)
      )
      (conv2): ConvBlock(
        (conv): Conv1d(64, 128, kernel_size=(3,), stride=(1,), padding=(1,))
        (bn): BatchNorm1d(128, eps=1e-05, momentum=0.1, affine=True, track_running_stats=True)
      )
      (maxpool): MaxPool1d(kernel_size=3, stride=2, padding=1, dilation=1, ceil_mode=False)
      (inception3a): InceptionBlock(
        (branch1): ConvBlock(
          (conv): Conv1d(128, 64, kernel_size=(1,), stride=(1,))
          (bn): BatchNorm1d(64, eps=1e-05, momentum=0.1, affine=True, track_running_stats=True)
        )
        (branch2): Sequential(
          (0): ConvBlock(
            (conv): Conv1d(128, 96, kernel_size=(1,), stride=(1,))
            (bn): BatchNorm1d(96, eps=1e-05, momentum=0.1, affine=True, track_running_stats=True)
          )
          (1): ConvBlock(
            (conv): Conv1d(96, 128, kernel_size=(3,), stride=(1,), padding=(1,))
            (bn): BatchNorm1d(128, eps=1e-05, momentum=0.1, affine=True, track_running_stats=True)
          )
        )
        (branch3): Sequential(
          (0): ConvBlock(
            (conv): Conv1d(128, 16, kernel_size=(1,), stride=(1,))
            (bn): BatchNorm1d(16, eps=1e-05, momentum=0.1, affine=True, track_running_stats=True)
          )
          (1): ConvBlock(
            (conv): Conv1d(16, 32, kernel_size=(5,), stride=(1,), padding=(2,))
            (bn): BatchNorm1d(32, eps=1e-05, momentum=0.1, affine=True, track_running_stats=True)
          )
        )
        (branch4): Sequential(
          (0): MaxPool2d(kernel_size=3, stride=1, padding=1, dilation=1, ceil_mode=False)
          (1): ConvBlock(
            (conv): Conv1d(128, 32, kernel_size=(1,), stride=(1,))
            (bn): BatchNorm1d(32, eps=1e-05, momentum=0.1, affine=True, track_running_stats=True)
          )
        )
      )
      (inception3b): InceptionBlock(
        (branch1): ConvBlock(
          (conv): Conv1d(256, 128, kernel_size=(1,), stride=(1,))
          (bn): BatchNorm1d(128, eps=1e-05, momentum=0.1, affine=True, track_running_stats=True)
        )
        (branch2): Sequential(
          (0): ConvBlock(
            (conv): Conv1d(256, 128, kernel_size=(1,), stride=(1,))
            (bn): BatchNorm1d(128, eps=1e-05, momentum=0.1, affine=True, track_running_stats=True)
          )
          (1): ConvBlock(
            (conv): Conv1d(128, 192, kernel_size=(3,), stride=(1,), padding=(1,))
            (bn): BatchNorm1d(192, eps=1e-05, momentum=0.1, affine=True, track_running_stats=True)
          )
        )
        (branch3): Sequential(
          (0): ConvBlock(
            (conv): Conv1d(256, 32, kernel_size=(1,), stride=(1,))
            (bn): BatchNorm1d(32, eps=1e-05, momentum=0.1, affine=True, track_running_stats=True)
          )
          (1): ConvBlock(
            (conv): Conv1d(32, 96, kernel_size=(5,), stride=(1,), padding=(2,))
            (bn): BatchNorm1d(96, eps=1e-05, momentum=0.1, affine=True, track_running_stats=True)
          )
        )
        (branch4): Sequential(
          (0): MaxPool2d(kernel_size=3, stride=1, padding=1, dilation=1, ceil_mode=False)
          (1): ConvBlock(
            (conv): Conv1d(256, 64, kernel_size=(1,), stride=(1,))
            (bn): BatchNorm1d(64, eps=1e-05, momentum=0.1, affine=True, track_running_stats=True)
          )
        )
      )
      (inception4a): InceptionBlock(
        (branch1): ConvBlock(
          (conv): Conv1d(480, 192, kernel_size=(1,), stride=(1,))
          (bn): BatchNorm1d(192, eps=1e-05, momentum=0.1, affine=True, track_running_stats=True)
        )
        (branch2): Sequential(
          (0): ConvBlock(
            (conv): Conv1d(480, 96, kernel_size=(1,), stride=(1,))
            (bn): BatchNorm1d(96, eps=1e-05, momentum=0.1, affine=True, track_running_stats=True)
          )
          (1): ConvBlock(
            (conv): Conv1d(96, 208, kernel_size=(3,), stride=(1,), padding=(1,))
            (bn): BatchNorm1d(208, eps=1e-05, momentum=0.1, affine=True, track_running_stats=True)
          )
        )
        (branch3): Sequential(
          (0): ConvBlock(
            (conv): Conv1d(480, 16, kernel_size=(1,), stride=(1,))
            (bn): BatchNorm1d(16, eps=1e-05, momentum=0.1, affine=True, track_running_stats=True)
          )
          (1): ConvBlock(
            (conv): Conv1d(16, 48, kernel_size=(5,), stride=(1,), padding=(2,))
            (bn): BatchNorm1d(48, eps=1e-05, momentum=0.1, affine=True, track_running_stats=True)
          )
        )
        (branch4): Sequential(
          (0): MaxPool2d(kernel_size=3, stride=1, padding=1, dilation=1, ceil_mode=False)
          (1): ConvBlock(
            (conv): Conv1d(480, 64, kernel_size=(1,), stride=(1,))
            (bn): BatchNorm1d(64, eps=1e-05, momentum=0.1, affine=True, track_running_stats=True)
          )
        )
      )
      (inception4b): InceptionBlock(
        (branch1): ConvBlock(
          (conv): Conv1d(512, 32, kernel_size=(1,), stride=(1,))
          (bn): BatchNorm1d(32, eps=1e-05, momentum=0.1, affine=True, track_running_stats=True)
        )
        (branch2): Sequential(
          (0): ConvBlock(
            (conv): Conv1d(512, 112, kernel_size=(1,), stride=(1,))
            (bn): BatchNorm1d(112, eps=1e-05, momentum=0.1, affine=True, track_running_stats=True)
          )
          (1): ConvBlock(
            (conv): Conv1d(112, 32, kernel_size=(3,), stride=(1,), padding=(1,))
            (bn): BatchNorm1d(32, eps=1e-05, momentum=0.1, affine=True, track_running_stats=True)
          )
        )
        (branch3): Sequential(
          (0): ConvBlock(
            (conv): Conv1d(512, 24, kernel_size=(1,), stride=(1,))
            (bn): BatchNorm1d(24, eps=1e-05, momentum=0.1, affine=True, track_running_stats=True)
          )
          (1): ConvBlock(
            (conv): Conv1d(24, 64, kernel_size=(5,), stride=(1,), padding=(2,))
            (bn): BatchNorm1d(64, eps=1e-05, momentum=0.1, affine=True, track_running_stats=True)
          )
        )
        (branch4): Sequential(
          (0): MaxPool2d(kernel_size=3, stride=1, padding=1, dilation=1, ceil_mode=False)
          (1): ConvBlock(
            (conv): Conv1d(512, 32, kernel_size=(1,), stride=(1,))
            (bn): BatchNorm1d(32, eps=1e-05, momentum=0.1, affine=True, track_running_stats=True)
          )
        )
      )
      (avgpool): AvgPool1d(kernel_size=(5,), stride=(1,), padding=(0,))
      (fc_resnet): Linear(in_features=8480, out_features=5400, bias=True)
      (fc_out): Linear(in_features=5400, out_features=1, bias=True)
      (relu): ReLU()
    )
    (hidden_2): DownstreamInceptionResnetBlock(
      (conv1): ConvBlock(
        (conv): Conv1d(12, 64, kernel_size=(7,), stride=(2,), padding=(3,))
        (bn): BatchNorm1d(64, eps=1e-05, momentum=0.1, affine=True, track_running_stats=True)
      )
      (conv2): ConvBlock(
        (conv): Conv1d(64, 128, kernel_size=(3,), stride=(1,), padding=(1,))
        (bn): BatchNorm1d(128, eps=1e-05, momentum=0.1, affine=True, track_running_stats=True)
      )
      (maxpool): MaxPool1d(kernel_size=3, stride=2, padding=1, dilation=1, ceil_mode=False)
      (inception3a): InceptionBlock(
        (branch1): ConvBlock(
          (conv): Conv1d(128, 64, kernel_size=(1,), stride=(1,))
          (bn): BatchNorm1d(64, eps=1e-05, momentum=0.1, affine=True, track_running_stats=True)
        )
        (branch2): Sequential(
          (0): ConvBlock(
            (conv): Conv1d(128, 96, kernel_size=(1,), stride=(1,))
            (bn): BatchNorm1d(96, eps=1e-05, momentum=0.1, affine=True, track_running_stats=True)
          )
          (1): ConvBlock(
            (conv): Conv1d(96, 128, kernel_size=(3,), stride=(1,), padding=(1,))
            (bn): BatchNorm1d(128, eps=1e-05, momentum=0.1, affine=True, track_running_stats=True)
          )
        )
        (branch3): Sequential(
          (0): ConvBlock(
            (conv): Conv1d(128, 16, kernel_size=(1,), stride=(1,))
            (bn): BatchNorm1d(16, eps=1e-05, momentum=0.1, affine=True, track_running_stats=True)
          )
          (1): ConvBlock(
            (conv): Conv1d(16, 32, kernel_size=(5,), stride=(1,), padding=(2,))
            (bn): BatchNorm1d(32, eps=1e-05, momentum=0.1, affine=True, track_running_stats=True)
          )
        )
        (branch4): Sequential(
          (0): MaxPool2d(kernel_size=3, stride=1, padding=1, dilation=1, ceil_mode=False)
          (1): ConvBlock(
            (conv): Conv1d(128, 32, kernel_size=(1,), stride=(1,))
            (bn): BatchNorm1d(32, eps=1e-05, momentum=0.1, affine=True, track_running_stats=True)
          )
        )
      )
      (inception3b): InceptionBlock(
        (branch1): ConvBlock(
          (conv): Conv1d(256, 128, kernel_size=(1,), stride=(1,))
          (bn): BatchNorm1d(128, eps=1e-05, momentum=0.1, affine=True, track_running_stats=True)
        )
        (branch2): Sequential(
          (0): ConvBlock(
            (conv): Conv1d(256, 128, kernel_size=(1,), stride=(1,))
            (bn): BatchNorm1d(128, eps=1e-05, momentum=0.1, affine=True, track_running_stats=True)
          )
          (1): ConvBlock(
            (conv): Conv1d(128, 192, kernel_size=(3,), stride=(1,), padding=(1,))
            (bn): BatchNorm1d(192, eps=1e-05, momentum=0.1, affine=True, track_running_stats=True)
          )
        )
        (branch3): Sequential(
          (0): ConvBlock(
            (conv): Conv1d(256, 32, kernel_size=(1,), stride=(1,))
            (bn): BatchNorm1d(32, eps=1e-05, momentum=0.1, affine=True, track_running_stats=True)
          )
          (1): ConvBlock(
            (conv): Conv1d(32, 96, kernel_size=(5,), stride=(1,), padding=(2,))
            (bn): BatchNorm1d(96, eps=1e-05, momentum=0.1, affine=True, track_running_stats=True)
          )
        )
        (branch4): Sequential(
          (0): MaxPool2d(kernel_size=3, stride=1, padding=1, dilation=1, ceil_mode=False)
          (1): ConvBlock(
            (conv): Conv1d(256, 64, kernel_size=(1,), stride=(1,))
            (bn): BatchNorm1d(64, eps=1e-05, momentum=0.1, affine=True, track_running_stats=True)
          )
        )
      )
      (inception4a): InceptionBlock(
        (branch1): ConvBlock(
          (conv): Conv1d(480, 192, kernel_size=(1,), stride=(1,))
          (bn): BatchNorm1d(192, eps=1e-05, momentum=0.1, affine=True, track_running_stats=True)
        )
        (branch2): Sequential(
          (0): ConvBlock(
            (conv): Conv1d(480, 96, kernel_size=(1,), stride=(1,))
            (bn): BatchNorm1d(96, eps=1e-05, momentum=0.1, affine=True, track_running_stats=True)
          )
          (1): ConvBlock(
            (conv): Conv1d(96, 208, kernel_size=(3,), stride=(1,), padding=(1,))
            (bn): BatchNorm1d(208, eps=1e-05, momentum=0.1, affine=True, track_running_stats=True)
          )
        )
        (branch3): Sequential(
          (0): ConvBlock(
            (conv): Conv1d(480, 16, kernel_size=(1,), stride=(1,))
            (bn): BatchNorm1d(16, eps=1e-05, momentum=0.1, affine=True, track_running_stats=True)
          )
          (1): ConvBlock(
            (conv): Conv1d(16, 48, kernel_size=(5,), stride=(1,), padding=(2,))
            (bn): BatchNorm1d(48, eps=1e-05, momentum=0.1, affine=True, track_running_stats=True)
          )
        )
        (branch4): Sequential(
          (0): MaxPool2d(kernel_size=3, stride=1, padding=1, dilation=1, ceil_mode=False)
          (1): ConvBlock(
            (conv): Conv1d(480, 64, kernel_size=(1,), stride=(1,))
            (bn): BatchNorm1d(64, eps=1e-05, momentum=0.1, affine=True, track_running_stats=True)
          )
        )
      )
      (inception4b): InceptionBlock(
        (branch1): ConvBlock(
          (conv): Conv1d(512, 32, kernel_size=(1,), stride=(1,))
          (bn): BatchNorm1d(32, eps=1e-05, momentum=0.1, affine=True, track_running_stats=True)
        )
        (branch2): Sequential(
          (0): ConvBlock(
            (conv): Conv1d(512, 112, kernel_size=(1,), stride=(1,))
            (bn): BatchNorm1d(112, eps=1e-05, momentum=0.1, affine=True, track_running_stats=True)
          )
          (1): ConvBlock(
            (conv): Conv1d(112, 32, kernel_size=(3,), stride=(1,), padding=(1,))
            (bn): BatchNorm1d(32, eps=1e-05, momentum=0.1, affine=True, track_running_stats=True)
          )
        )
        (branch3): Sequential(
          (0): ConvBlock(
            (conv): Conv1d(512, 24, kernel_size=(1,), stride=(1,))
            (bn): BatchNorm1d(24, eps=1e-05, momentum=0.1, affine=True, track_running_stats=True)
          )
          (1): ConvBlock(
            (conv): Conv1d(24, 64, kernel_size=(5,), stride=(1,), padding=(2,))
            (bn): BatchNorm1d(64, eps=1e-05, momentum=0.1, affine=True, track_running_stats=True)
          )
        )
        (branch4): Sequential(
          (0): MaxPool2d(kernel_size=3, stride=1, padding=1, dilation=1, ceil_mode=False)
          (1): ConvBlock(
            (conv): Conv1d(512, 32, kernel_size=(1,), stride=(1,))
            (bn): BatchNorm1d(32, eps=1e-05, momentum=0.1, affine=True, track_running_stats=True)
          )
        )
      )
      (avgpool): AvgPool1d(kernel_size=(5,), stride=(1,), padding=(0,))
      (fc_resnet): Linear(in_features=8480, out_features=5400, bias=True)
      (fc_out): Linear(in_features=5400, out_features=1, bias=True)
      (relu): ReLU()
    )
    (hidden_3): DownstreamInceptionResnetBlock(
      (conv1): ConvBlock(
        (conv): Conv1d(12, 64, kernel_size=(7,), stride=(2,), padding=(3,))
        (bn): BatchNorm1d(64, eps=1e-05, momentum=0.1, affine=True, track_running_stats=True)
      )
      (conv2): ConvBlock(
        (conv): Conv1d(64, 128, kernel_size=(3,), stride=(1,), padding=(1,))
        (bn): BatchNorm1d(128, eps=1e-05, momentum=0.1, affine=True, track_running_stats=True)
      )
      (maxpool): MaxPool1d(kernel_size=3, stride=2, padding=1, dilation=1, ceil_mode=False)
      (inception3a): InceptionBlock(
        (branch1): ConvBlock(
          (conv): Conv1d(128, 64, kernel_size=(1,), stride=(1,))
          (bn): BatchNorm1d(64, eps=1e-05, momentum=0.1, affine=True, track_running_stats=True)
        )
        (branch2): Sequential(
          (0): ConvBlock(
            (conv): Conv1d(128, 96, kernel_size=(1,), stride=(1,))
            (bn): BatchNorm1d(96, eps=1e-05, momentum=0.1, affine=True, track_running_stats=True)
          )
          (1): ConvBlock(
            (conv): Conv1d(96, 128, kernel_size=(3,), stride=(1,), padding=(1,))
            (bn): BatchNorm1d(128, eps=1e-05, momentum=0.1, affine=True, track_running_stats=True)
          )
        )
        (branch3): Sequential(
          (0): ConvBlock(
            (conv): Conv1d(128, 16, kernel_size=(1,), stride=(1,))
            (bn): BatchNorm1d(16, eps=1e-05, momentum=0.1, affine=True, track_running_stats=True)
          )
          (1): ConvBlock(
            (conv): Conv1d(16, 32, kernel_size=(5,), stride=(1,), padding=(2,))
            (bn): BatchNorm1d(32, eps=1e-05, momentum=0.1, affine=True, track_running_stats=True)
          )
        )
        (branch4): Sequential(
          (0): MaxPool2d(kernel_size=3, stride=1, padding=1, dilation=1, ceil_mode=False)
          (1): ConvBlock(
            (conv): Conv1d(128, 32, kernel_size=(1,), stride=(1,))
            (bn): BatchNorm1d(32, eps=1e-05, momentum=0.1, affine=True, track_running_stats=True)
          )
        )
      )
      (inception3b): InceptionBlock(
        (branch1): ConvBlock(
          (conv): Conv1d(256, 128, kernel_size=(1,), stride=(1,))
          (bn): BatchNorm1d(128, eps=1e-05, momentum=0.1, affine=True, track_running_stats=True)
        )
        (branch2): Sequential(
          (0): ConvBlock(
            (conv): Conv1d(256, 128, kernel_size=(1,), stride=(1,))
            (bn): BatchNorm1d(128, eps=1e-05, momentum=0.1, affine=True, track_running_stats=True)
          )
          (1): ConvBlock(
            (conv): Conv1d(128, 192, kernel_size=(3,), stride=(1,), padding=(1,))
            (bn): BatchNorm1d(192, eps=1e-05, momentum=0.1, affine=True, track_running_stats=True)
          )
        )
        (branch3): Sequential(
          (0): ConvBlock(
            (conv): Conv1d(256, 32, kernel_size=(1,), stride=(1,))
            (bn): BatchNorm1d(32, eps=1e-05, momentum=0.1, affine=True, track_running_stats=True)
          )
          (1): ConvBlock(
            (conv): Conv1d(32, 96, kernel_size=(5,), stride=(1,), padding=(2,))
            (bn): BatchNorm1d(96, eps=1e-05, momentum=0.1, affine=True, track_running_stats=True)
          )
        )
        (branch4): Sequential(
          (0): MaxPool2d(kernel_size=3, stride=1, padding=1, dilation=1, ceil_mode=False)
          (1): ConvBlock(
            (conv): Conv1d(256, 64, kernel_size=(1,), stride=(1,))
            (bn): BatchNorm1d(64, eps=1e-05, momentum=0.1, affine=True, track_running_stats=True)
          )
        )
      )
      (inception4a): InceptionBlock(
        (branch1): ConvBlock(
          (conv): Conv1d(480, 192, kernel_size=(1,), stride=(1,))
          (bn): BatchNorm1d(192, eps=1e-05, momentum=0.1, affine=True, track_running_stats=True)
        )
        (branch2): Sequential(
          (0): ConvBlock(
            (conv): Conv1d(480, 96, kernel_size=(1,), stride=(1,))
            (bn): BatchNorm1d(96, eps=1e-05, momentum=0.1, affine=True, track_running_stats=True)
          )
          (1): ConvBlock(
            (conv): Conv1d(96, 208, kernel_size=(3,), stride=(1,), padding=(1,))
            (bn): BatchNorm1d(208, eps=1e-05, momentum=0.1, affine=True, track_running_stats=True)
          )
        )
        (branch3): Sequential(
          (0): ConvBlock(
            (conv): Conv1d(480, 16, kernel_size=(1,), stride=(1,))
            (bn): BatchNorm1d(16, eps=1e-05, momentum=0.1, affine=True, track_running_stats=True)
          )
          (1): ConvBlock(
            (conv): Conv1d(16, 48, kernel_size=(5,), stride=(1,), padding=(2,))
            (bn): BatchNorm1d(48, eps=1e-05, momentum=0.1, affine=True, track_running_stats=True)
          )
        )
        (branch4): Sequential(
          (0): MaxPool2d(kernel_size=3, stride=1, padding=1, dilation=1, ceil_mode=False)
          (1): ConvBlock(
            (conv): Conv1d(480, 64, kernel_size=(1,), stride=(1,))
            (bn): BatchNorm1d(64, eps=1e-05, momentum=0.1, affine=True, track_running_stats=True)
          )
        )
      )
      (inception4b): InceptionBlock(
        (branch1): ConvBlock(
          (conv): Conv1d(512, 32, kernel_size=(1,), stride=(1,))
          (bn): BatchNorm1d(32, eps=1e-05, momentum=0.1, affine=True, track_running_stats=True)
        )
        (branch2): Sequential(
          (0): ConvBlock(
            (conv): Conv1d(512, 112, kernel_size=(1,), stride=(1,))
            (bn): BatchNorm1d(112, eps=1e-05, momentum=0.1, affine=True, track_running_stats=True)
          )
          (1): ConvBlock(
            (conv): Conv1d(112, 32, kernel_size=(3,), stride=(1,), padding=(1,))
            (bn): BatchNorm1d(32, eps=1e-05, momentum=0.1, affine=True, track_running_stats=True)
          )
        )
        (branch3): Sequential(
          (0): ConvBlock(
            (conv): Conv1d(512, 24, kernel_size=(1,), stride=(1,))
            (bn): BatchNorm1d(24, eps=1e-05, momentum=0.1, affine=True, track_running_stats=True)
          )
          (1): ConvBlock(
            (conv): Conv1d(24, 64, kernel_size=(5,), stride=(1,), padding=(2,))
            (bn): BatchNorm1d(64, eps=1e-05, momentum=0.1, affine=True, track_running_stats=True)
          )
        )
        (branch4): Sequential(
          (0): MaxPool2d(kernel_size=3, stride=1, padding=1, dilation=1, ceil_mode=False)
          (1): ConvBlock(
            (conv): Conv1d(512, 32, kernel_size=(1,), stride=(1,))
            (bn): BatchNorm1d(32, eps=1e-05, momentum=0.1, affine=True, track_running_stats=True)
          )
        )
      )
      (avgpool): AvgPool1d(kernel_size=(5,), stride=(1,), padding=(0,))
      (fc_resnet): Linear(in_features=8480, out_features=5400, bias=True)
      (fc_out): Linear(in_features=5400, out_features=1, bias=True)
      (relu): ReLU()
    )
    (output): DownstreamInceptionResnetFinal(
      (conv1): ConvBlock(
        (conv): Conv1d(12, 64, kernel_size=(7,), stride=(2,), padding=(3,))
        (bn): BatchNorm1d(64, eps=1e-05, momentum=0.1, affine=True, track_running_stats=True)
      )
      (conv2): ConvBlock(
        (conv): Conv1d(64, 128, kernel_size=(3,), stride=(1,), padding=(1,))
        (bn): BatchNorm1d(128, eps=1e-05, momentum=0.1, affine=True, track_running_stats=True)
      )
      (maxpool): MaxPool1d(kernel_size=3, stride=2, padding=1, dilation=1, ceil_mode=False)
      (inception3a): InceptionBlock(
        (branch1): ConvBlock(
          (conv): Conv1d(128, 64, kernel_size=(1,), stride=(1,))
          (bn): BatchNorm1d(64, eps=1e-05, momentum=0.1, affine=True, track_running_stats=True)
        )
        (branch2): Sequential(
          (0): ConvBlock(
            (conv): Conv1d(128, 96, kernel_size=(1,), stride=(1,))
            (bn): BatchNorm1d(96, eps=1e-05, momentum=0.1, affine=True, track_running_stats=True)
          )
          (1): ConvBlock(
            (conv): Conv1d(96, 128, kernel_size=(3,), stride=(1,), padding=(1,))
            (bn): BatchNorm1d(128, eps=1e-05, momentum=0.1, affine=True, track_running_stats=True)
          )
        )
        (branch3): Sequential(
          (0): ConvBlock(
            (conv): Conv1d(128, 16, kernel_size=(1,), stride=(1,))
            (bn): BatchNorm1d(16, eps=1e-05, momentum=0.1, affine=True, track_running_stats=True)
          )
          (1): ConvBlock(
            (conv): Conv1d(16, 32, kernel_size=(5,), stride=(1,), padding=(2,))
            (bn): BatchNorm1d(32, eps=1e-05, momentum=0.1, affine=True, track_running_stats=True)
          )
        )
        (branch4): Sequential(
          (0): MaxPool2d(kernel_size=3, stride=1, padding=1, dilation=1, ceil_mode=False)
          (1): ConvBlock(
            (conv): Conv1d(128, 32, kernel_size=(1,), stride=(1,))
            (bn): BatchNorm1d(32, eps=1e-05, momentum=0.1, affine=True, track_running_stats=True)
          )
        )
      )
      (inception3b): InceptionBlock(
        (branch1): ConvBlock(
          (conv): Conv1d(256, 128, kernel_size=(1,), stride=(1,))
          (bn): BatchNorm1d(128, eps=1e-05, momentum=0.1, affine=True, track_running_stats=True)
        )
        (branch2): Sequential(
          (0): ConvBlock(
            (conv): Conv1d(256, 128, kernel_size=(1,), stride=(1,))
            (bn): BatchNorm1d(128, eps=1e-05, momentum=0.1, affine=True, track_running_stats=True)
          )
          (1): ConvBlock(
            (conv): Conv1d(128, 192, kernel_size=(3,), stride=(1,), padding=(1,))
            (bn): BatchNorm1d(192, eps=1e-05, momentum=0.1, affine=True, track_running_stats=True)
          )
        )
        (branch3): Sequential(
          (0): ConvBlock(
            (conv): Conv1d(256, 32, kernel_size=(1,), stride=(1,))
            (bn): BatchNorm1d(32, eps=1e-05, momentum=0.1, affine=True, track_running_stats=True)
          )
          (1): ConvBlock(
            (conv): Conv1d(32, 96, kernel_size=(5,), stride=(1,), padding=(2,))
            (bn): BatchNorm1d(96, eps=1e-05, momentum=0.1, affine=True, track_running_stats=True)
          )
        )
        (branch4): Sequential(
          (0): MaxPool2d(kernel_size=3, stride=1, padding=1, dilation=1, ceil_mode=False)
          (1): ConvBlock(
            (conv): Conv1d(256, 64, kernel_size=(1,), stride=(1,))
            (bn): BatchNorm1d(64, eps=1e-05, momentum=0.1, affine=True, track_running_stats=True)
          )
        )
      )
      (inception4a): InceptionBlock(
        (branch1): ConvBlock(
          (conv): Conv1d(480, 192, kernel_size=(1,), stride=(1,))
          (bn): BatchNorm1d(192, eps=1e-05, momentum=0.1, affine=True, track_running_stats=True)
        )
        (branch2): Sequential(
          (0): ConvBlock(
            (conv): Conv1d(480, 96, kernel_size=(1,), stride=(1,))
            (bn): BatchNorm1d(96, eps=1e-05, momentum=0.1, affine=True, track_running_stats=True)
          )
          (1): ConvBlock(
            (conv): Conv1d(96, 208, kernel_size=(3,), stride=(1,), padding=(1,))
            (bn): BatchNorm1d(208, eps=1e-05, momentum=0.1, affine=True, track_running_stats=True)
          )
        )
        (branch3): Sequential(
          (0): ConvBlock(
            (conv): Conv1d(480, 16, kernel_size=(1,), stride=(1,))
            (bn): BatchNorm1d(16, eps=1e-05, momentum=0.1, affine=True, track_running_stats=True)
          )
          (1): ConvBlock(
            (conv): Conv1d(16, 48, kernel_size=(5,), stride=(1,), padding=(2,))
            (bn): BatchNorm1d(48, eps=1e-05, momentum=0.1, affine=True, track_running_stats=True)
          )
        )
        (branch4): Sequential(
          (0): MaxPool2d(kernel_size=3, stride=1, padding=1, dilation=1, ceil_mode=False)
          (1): ConvBlock(
            (conv): Conv1d(480, 64, kernel_size=(1,), stride=(1,))
            (bn): BatchNorm1d(64, eps=1e-05, momentum=0.1, affine=True, track_running_stats=True)
          )
        )
      )
      (inception4b): InceptionBlock(
        (branch1): ConvBlock(
          (conv): Conv1d(512, 32, kernel_size=(1,), stride=(1,))
          (bn): BatchNorm1d(32, eps=1e-05, momentum=0.1, affine=True, track_running_stats=True)
        )
        (branch2): Sequential(
          (0): ConvBlock(
            (conv): Conv1d(512, 112, kernel_size=(1,), stride=(1,))
            (bn): BatchNorm1d(112, eps=1e-05, momentum=0.1, affine=True, track_running_stats=True)
          )
          (1): ConvBlock(
            (conv): Conv1d(112, 32, kernel_size=(3,), stride=(1,), padding=(1,))
            (bn): BatchNorm1d(32, eps=1e-05, momentum=0.1, affine=True, track_running_stats=True)
          )
        )
        (branch3): Sequential(
          (0): ConvBlock(
            (conv): Conv1d(512, 24, kernel_size=(1,), stride=(1,))
            (bn): BatchNorm1d(24, eps=1e-05, momentum=0.1, affine=True, track_running_stats=True)
          )
          (1): ConvBlock(
            (conv): Conv1d(24, 64, kernel_size=(5,), stride=(1,), padding=(2,))
            (bn): BatchNorm1d(64, eps=1e-05, momentum=0.1, affine=True, track_running_stats=True)
          )
        )
        (branch4): Sequential(
          (0): MaxPool2d(kernel_size=3, stride=1, padding=1, dilation=1, ceil_mode=False)
          (1): ConvBlock(
            (conv): Conv1d(512, 32, kernel_size=(1,), stride=(1,))
            (bn): BatchNorm1d(32, eps=1e-05, momentum=0.1, affine=True, track_running_stats=True)
          )
        )
      )
      (avgpool): AvgPool1d(kernel_size=(5,), stride=(1,), padding=(0,))
      (dropout): Dropout(p=0.3, inplace=False)
      (fc_out): Linear(in_features=8480, out_features=1, bias=True)
      (sigmoid): Sigmoid()
    )
  )
)
2023-12-28 22:43 - INFO - * -----------
2023-12-28 22:43 - INFO - Evaluating model based on: rocauc
2023-12-28 22:43 - INFO - Training..

2023-12-28 22:52 - INFO - ---------------------------------------------
2023-12-28 22:52 - INFO - Epoch: 01 | Time: 8m 41s
2023-12-28 22:52 - INFO - 	 New best val_rocauc loss was found, current best value is 0.59055
2023-12-28 22:52 - INFO - 	 Train Loss: 0.566
2023-12-28 22:52 - INFO - 	 Val. Loss: 0.546
2023-12-28 22:52 - INFO - 	 ROC-AUC: 0.591
2023-12-28 22:52 - INFO - 	 PR-AUC: 0.322
2023-12-28 22:52 - INFO - 	 Recall for 0.4 precision: 0.145
2023-12-28 22:52 - INFO - 	 Best Val. Loss: 0.546
2023-12-28 22:52 - INFO - 	 Best ROC-AUC: 0.591
2023-12-28 22:52 - INFO - 	 Best PR-AUC: 0.322
2023-12-28 22:52 - INFO - 	 Best Recall for 0.4 precision: 0.145
2023-12-28 22:52 - INFO - ---------------------------------------------
