2023-12-27 21:19 - INFO - Fit the preprocessing pipeline
2023-12-27 21:19 - INFO - Training using device: cuda
2023-12-27 21:19 - INFO - Creating generators
2023-12-27 21:19 - INFO - The model has 186,433,565 trainable parameters
2023-12-27 21:19 - INFO - * Model:
2023-12-27 21:19 - INFO - * -----------
2023-12-27 21:19 - INFO - DownstreamInceptionResnet(
  (layers): ModuleDict(
    (input): DownstreamInceptionResnetBlock(
      (conv1): ConvBlock(
        (conv): Conv1d(12, 64, kernel_size=(7,), stride=(2,), padding=(3,))
        (bn): BatchNorm1d(64, eps=1e-05, momentum=0.1, affine=True, track_running_stats=True)
      )
      (conv2): ConvBlock(
        (conv): Conv1d(64, 128, kernel_size=(3,), stride=(1,), padding=(1,))
        (bn): BatchNorm1d(128, eps=1e-05, momentum=0.1, affine=True, track_running_stats=True)
      )
      (maxpool): MaxPool1d(kernel_size=3, stride=2, padding=1, dilation=1, ceil_mode=False)
      (inception3a): InceptionBlock(
        (branch1): ConvBlock(
          (conv): Conv1d(128, 64, kernel_size=(1,), stride=(1,))
          (bn): BatchNorm1d(64, eps=1e-05, momentum=0.1, affine=True, track_running_stats=True)
        )
        (branch2): Sequential(
          (0): ConvBlock(
            (conv): Conv1d(128, 96, kernel_size=(1,), stride=(1,))
            (bn): BatchNorm1d(96, eps=1e-05, momentum=0.1, affine=True, track_running_stats=True)
          )
          (1): ConvBlock(
            (conv): Conv1d(96, 128, kernel_size=(3,), stride=(1,), padding=(1,))
            (bn): BatchNorm1d(128, eps=1e-05, momentum=0.1, affine=True, track_running_stats=True)
          )
        )
        (branch3): Sequential(
          (0): ConvBlock(
            (conv): Conv1d(128, 16, kernel_size=(1,), stride=(1,))
            (bn): BatchNorm1d(16, eps=1e-05, momentum=0.1, affine=True, track_running_stats=True)
          )
          (1): ConvBlock(
            (conv): Conv1d(16, 32, kernel_size=(5,), stride=(1,), padding=(2,))
            (bn): BatchNorm1d(32, eps=1e-05, momentum=0.1, affine=True, track_running_stats=True)
          )
        )
        (branch4): Sequential(
          (0): MaxPool2d(kernel_size=3, stride=1, padding=1, dilation=1, ceil_mode=False)
          (1): ConvBlock(
            (conv): Conv1d(128, 32, kernel_size=(1,), stride=(1,))
            (bn): BatchNorm1d(32, eps=1e-05, momentum=0.1, affine=True, track_running_stats=True)
          )
        )
      )
      (inception3b): InceptionBlock(
        (branch1): ConvBlock(
          (conv): Conv1d(256, 128, kernel_size=(1,), stride=(1,))
          (bn): BatchNorm1d(128, eps=1e-05, momentum=0.1, affine=True, track_running_stats=True)
        )
        (branch2): Sequential(
          (0): ConvBlock(
            (conv): Conv1d(256, 128, kernel_size=(1,), stride=(1,))
            (bn): BatchNorm1d(128, eps=1e-05, momentum=0.1, affine=True, track_running_stats=True)
          )
          (1): ConvBlock(
            (conv): Conv1d(128, 192, kernel_size=(3,), stride=(1,), padding=(1,))
            (bn): BatchNorm1d(192, eps=1e-05, momentum=0.1, affine=True, track_running_stats=True)
          )
        )
        (branch3): Sequential(
          (0): ConvBlock(
            (conv): Conv1d(256, 32, kernel_size=(1,), stride=(1,))
            (bn): BatchNorm1d(32, eps=1e-05, momentum=0.1, affine=True, track_running_stats=True)
          )
          (1): ConvBlock(
            (conv): Conv1d(32, 96, kernel_size=(5,), stride=(1,), padding=(2,))
            (bn): BatchNorm1d(96, eps=1e-05, momentum=0.1, affine=True, track_running_stats=True)
          )
        )
        (branch4): Sequential(
          (0): MaxPool2d(kernel_size=3, stride=1, padding=1, dilation=1, ceil_mode=False)
          (1): ConvBlock(
            (conv): Conv1d(256, 64, kernel_size=(1,), stride=(1,))
            (bn): BatchNorm1d(64, eps=1e-05, momentum=0.1, affine=True, track_running_stats=True)
          )
        )
      )
      (inception4a): InceptionBlock(
        (branch1): ConvBlock(
          (conv): Conv1d(480, 192, kernel_size=(1,), stride=(1,))
          (bn): BatchNorm1d(192, eps=1e-05, momentum=0.1, affine=True, track_running_stats=True)
        )
        (branch2): Sequential(
          (0): ConvBlock(
            (conv): Conv1d(480, 96, kernel_size=(1,), stride=(1,))
            (bn): BatchNorm1d(96, eps=1e-05, momentum=0.1, affine=True, track_running_stats=True)
          )
          (1): ConvBlock(
            (conv): Conv1d(96, 208, kernel_size=(3,), stride=(1,), padding=(1,))
            (bn): BatchNorm1d(208, eps=1e-05, momentum=0.1, affine=True, track_running_stats=True)
          )
        )
        (branch3): Sequential(
          (0): ConvBlock(
            (conv): Conv1d(480, 16, kernel_size=(1,), stride=(1,))
            (bn): BatchNorm1d(16, eps=1e-05, momentum=0.1, affine=True, track_running_stats=True)
          )
          (1): ConvBlock(
            (conv): Conv1d(16, 48, kernel_size=(5,), stride=(1,), padding=(2,))
            (bn): BatchNorm1d(48, eps=1e-05, momentum=0.1, affine=True, track_running_stats=True)
          )
        )
        (branch4): Sequential(
          (0): MaxPool2d(kernel_size=3, stride=1, padding=1, dilation=1, ceil_mode=False)
          (1): ConvBlock(
            (conv): Conv1d(480, 64, kernel_size=(1,), stride=(1,))
            (bn): BatchNorm1d(64, eps=1e-05, momentum=0.1, affine=True, track_running_stats=True)
          )
        )
      )
      (inception4b): InceptionBlock(
        (branch1): ConvBlock(
          (conv): Conv1d(512, 32, kernel_size=(1,), stride=(1,))
          (bn): BatchNorm1d(32, eps=1e-05, momentum=0.1, affine=True, track_running_stats=True)
        )
        (branch2): Sequential(
          (0): ConvBlock(
            (conv): Conv1d(512, 112, kernel_size=(1,), stride=(1,))
            (bn): BatchNorm1d(112, eps=1e-05, momentum=0.1, affine=True, track_running_stats=True)
          )
          (1): ConvBlock(
            (conv): Conv1d(112, 32, kernel_size=(3,), stride=(1,), padding=(1,))
            (bn): BatchNorm1d(32, eps=1e-05, momentum=0.1, affine=True, track_running_stats=True)
          )
        )
        (branch3): Sequential(
          (0): ConvBlock(
            (conv): Conv1d(512, 24, kernel_size=(1,), stride=(1,))
            (bn): BatchNorm1d(24, eps=1e-05, momentum=0.1, affine=True, track_running_stats=True)
          )
          (1): ConvBlock(
            (conv): Conv1d(24, 64, kernel_size=(5,), stride=(1,), padding=(2,))
            (bn): BatchNorm1d(64, eps=1e-05, momentum=0.1, affine=True, track_running_stats=True)
          )
        )
        (branch4): Sequential(
          (0): MaxPool2d(kernel_size=3, stride=1, padding=1, dilation=1, ceil_mode=False)
          (1): ConvBlock(
            (conv): Conv1d(512, 32, kernel_size=(1,), stride=(1,))
            (bn): BatchNorm1d(32, eps=1e-05, momentum=0.1, affine=True, track_running_stats=True)
          )
        )
      )
      (avgpool): AvgPool1d(kernel_size=(5,), stride=(1,), padding=(0,))
      (fc_resnet): Linear(in_features=8480, out_features=5400, bias=True)
      (fc_out): Linear(in_features=5400, out_features=1, bias=True)
      (relu): ReLU()
    )
    (hidden_1): DownstreamInceptionResnetBlock(
      (conv1): ConvBlock(
        (conv): Conv1d(12, 64, kernel_size=(7,), stride=(2,), padding=(3,))
        (bn): BatchNorm1d(64, eps=1e-05, momentum=0.1, affine=True, track_running_stats=True)
      )
      (conv2): ConvBlock(
        (conv): Conv1d(64, 128, kernel_size=(3,), stride=(1,), padding=(1,))
        (bn): BatchNorm1d(128, eps=1e-05, momentum=0.1, affine=True, track_running_stats=True)
      )
      (maxpool): MaxPool1d(kernel_size=3, stride=2, padding=1, dilation=1, ceil_mode=False)
      (inception3a): InceptionBlock(
        (branch1): ConvBlock(
          (conv): Conv1d(128, 64, kernel_size=(1,), stride=(1,))
          (bn): BatchNorm1d(64, eps=1e-05, momentum=0.1, affine=True, track_running_stats=True)
        )
        (branch2): Sequential(
          (0): ConvBlock(
            (conv): Conv1d(128, 96, kernel_size=(1,), stride=(1,))
            (bn): BatchNorm1d(96, eps=1e-05, momentum=0.1, affine=True, track_running_stats=True)
          )
          (1): ConvBlock(
            (conv): Conv1d(96, 128, kernel_size=(3,), stride=(1,), padding=(1,))
            (bn): BatchNorm1d(128, eps=1e-05, momentum=0.1, affine=True, track_running_stats=True)
          )
        )
        (branch3): Sequential(
          (0): ConvBlock(
            (conv): Conv1d(128, 16, kernel_size=(1,), stride=(1,))
            (bn): BatchNorm1d(16, eps=1e-05, momentum=0.1, affine=True, track_running_stats=True)
          )
          (1): ConvBlock(
            (conv): Conv1d(16, 32, kernel_size=(5,), stride=(1,), padding=(2,))
            (bn): BatchNorm1d(32, eps=1e-05, momentum=0.1, affine=True, track_running_stats=True)
          )
        )
        (branch4): Sequential(
          (0): MaxPool2d(kernel_size=3, stride=1, padding=1, dilation=1, ceil_mode=False)
          (1): ConvBlock(
            (conv): Conv1d(128, 32, kernel_size=(1,), stride=(1,))
            (bn): BatchNorm1d(32, eps=1e-05, momentum=0.1, affine=True, track_running_stats=True)
          )
        )
      )
      (inception3b): InceptionBlock(
        (branch1): ConvBlock(
          (conv): Conv1d(256, 128, kernel_size=(1,), stride=(1,))
          (bn): BatchNorm1d(128, eps=1e-05, momentum=0.1, affine=True, track_running_stats=True)
        )
        (branch2): Sequential(
          (0): ConvBlock(
            (conv): Conv1d(256, 128, kernel_size=(1,), stride=(1,))
            (bn): BatchNorm1d(128, eps=1e-05, momentum=0.1, affine=True, track_running_stats=True)
          )
          (1): ConvBlock(
            (conv): Conv1d(128, 192, kernel_size=(3,), stride=(1,), padding=(1,))
            (bn): BatchNorm1d(192, eps=1e-05, momentum=0.1, affine=True, track_running_stats=True)
          )
        )
        (branch3): Sequential(
          (0): ConvBlock(
            (conv): Conv1d(256, 32, kernel_size=(1,), stride=(1,))
            (bn): BatchNorm1d(32, eps=1e-05, momentum=0.1, affine=True, track_running_stats=True)
          )
          (1): ConvBlock(
            (conv): Conv1d(32, 96, kernel_size=(5,), stride=(1,), padding=(2,))
            (bn): BatchNorm1d(96, eps=1e-05, momentum=0.1, affine=True, track_running_stats=True)
          )
        )
        (branch4): Sequential(
          (0): MaxPool2d(kernel_size=3, stride=1, padding=1, dilation=1, ceil_mode=False)
          (1): ConvBlock(
            (conv): Conv1d(256, 64, kernel_size=(1,), stride=(1,))
            (bn): BatchNorm1d(64, eps=1e-05, momentum=0.1, affine=True, track_running_stats=True)
          )
        )
      )
      (inception4a): InceptionBlock(
        (branch1): ConvBlock(
          (conv): Conv1d(480, 192, kernel_size=(1,), stride=(1,))
          (bn): BatchNorm1d(192, eps=1e-05, momentum=0.1, affine=True, track_running_stats=True)
        )
        (branch2): Sequential(
          (0): ConvBlock(
            (conv): Conv1d(480, 96, kernel_size=(1,), stride=(1,))
            (bn): BatchNorm1d(96, eps=1e-05, momentum=0.1, affine=True, track_running_stats=True)
          )
          (1): ConvBlock(
            (conv): Conv1d(96, 208, kernel_size=(3,), stride=(1,), padding=(1,))
            (bn): BatchNorm1d(208, eps=1e-05, momentum=0.1, affine=True, track_running_stats=True)
          )
        )
        (branch3): Sequential(
          (0): ConvBlock(
            (conv): Conv1d(480, 16, kernel_size=(1,), stride=(1,))
            (bn): BatchNorm1d(16, eps=1e-05, momentum=0.1, affine=True, track_running_stats=True)
          )
          (1): ConvBlock(
            (conv): Conv1d(16, 48, kernel_size=(5,), stride=(1,), padding=(2,))
            (bn): BatchNorm1d(48, eps=1e-05, momentum=0.1, affine=True, track_running_stats=True)
          )
        )
        (branch4): Sequential(
          (0): MaxPool2d(kernel_size=3, stride=1, padding=1, dilation=1, ceil_mode=False)
          (1): ConvBlock(
            (conv): Conv1d(480, 64, kernel_size=(1,), stride=(1,))
            (bn): BatchNorm1d(64, eps=1e-05, momentum=0.1, affine=True, track_running_stats=True)
          )
        )
      )
      (inception4b): InceptionBlock(
        (branch1): ConvBlock(
          (conv): Conv1d(512, 32, kernel_size=(1,), stride=(1,))
          (bn): BatchNorm1d(32, eps=1e-05, momentum=0.1, affine=True, track_running_stats=True)
        )
        (branch2): Sequential(
          (0): ConvBlock(
            (conv): Conv1d(512, 112, kernel_size=(1,), stride=(1,))
            (bn): BatchNorm1d(112, eps=1e-05, momentum=0.1, affine=True, track_running_stats=True)
          )
          (1): ConvBlock(
            (conv): Conv1d(112, 32, kernel_size=(3,), stride=(1,), padding=(1,))
            (bn): BatchNorm1d(32, eps=1e-05, momentum=0.1, affine=True, track_running_stats=True)
          )
        )
        (branch3): Sequential(
          (0): ConvBlock(
            (conv): Conv1d(512, 24, kernel_size=(1,), stride=(1,))
            (bn): BatchNorm1d(24, eps=1e-05, momentum=0.1, affine=True, track_running_stats=True)
          )
          (1): ConvBlock(
            (conv): Conv1d(24, 64, kernel_size=(5,), stride=(1,), padding=(2,))
            (bn): BatchNorm1d(64, eps=1e-05, momentum=0.1, affine=True, track_running_stats=True)
          )
        )
        (branch4): Sequential(
          (0): MaxPool2d(kernel_size=3, stride=1, padding=1, dilation=1, ceil_mode=False)
          (1): ConvBlock(
            (conv): Conv1d(512, 32, kernel_size=(1,), stride=(1,))
            (bn): BatchNorm1d(32, eps=1e-05, momentum=0.1, affine=True, track_running_stats=True)
          )
        )
      )
      (avgpool): AvgPool1d(kernel_size=(5,), stride=(1,), padding=(0,))
      (fc_resnet): Linear(in_features=8480, out_features=5400, bias=True)
      (fc_out): Linear(in_features=5400, out_features=1, bias=True)
      (relu): ReLU()
    )
    (hidden_2): DownstreamInceptionResnetBlock(
      (conv1): ConvBlock(
        (conv): Conv1d(12, 64, kernel_size=(7,), stride=(2,), padding=(3,))
        (bn): BatchNorm1d(64, eps=1e-05, momentum=0.1, affine=True, track_running_stats=True)
      )
      (conv2): ConvBlock(
        (conv): Conv1d(64, 128, kernel_size=(3,), stride=(1,), padding=(1,))
        (bn): BatchNorm1d(128, eps=1e-05, momentum=0.1, affine=True, track_running_stats=True)
      )
      (maxpool): MaxPool1d(kernel_size=3, stride=2, padding=1, dilation=1, ceil_mode=False)
      (inception3a): InceptionBlock(
        (branch1): ConvBlock(
          (conv): Conv1d(128, 64, kernel_size=(1,), stride=(1,))
          (bn): BatchNorm1d(64, eps=1e-05, momentum=0.1, affine=True, track_running_stats=True)
        )
        (branch2): Sequential(
          (0): ConvBlock(
            (conv): Conv1d(128, 96, kernel_size=(1,), stride=(1,))
            (bn): BatchNorm1d(96, eps=1e-05, momentum=0.1, affine=True, track_running_stats=True)
          )
          (1): ConvBlock(
            (conv): Conv1d(96, 128, kernel_size=(3,), stride=(1,), padding=(1,))
            (bn): BatchNorm1d(128, eps=1e-05, momentum=0.1, affine=True, track_running_stats=True)
          )
        )
        (branch3): Sequential(
          (0): ConvBlock(
            (conv): Conv1d(128, 16, kernel_size=(1,), stride=(1,))
            (bn): BatchNorm1d(16, eps=1e-05, momentum=0.1, affine=True, track_running_stats=True)
          )
          (1): ConvBlock(
            (conv): Conv1d(16, 32, kernel_size=(5,), stride=(1,), padding=(2,))
            (bn): BatchNorm1d(32, eps=1e-05, momentum=0.1, affine=True, track_running_stats=True)
          )
        )
        (branch4): Sequential(
          (0): MaxPool2d(kernel_size=3, stride=1, padding=1, dilation=1, ceil_mode=False)
          (1): ConvBlock(
            (conv): Conv1d(128, 32, kernel_size=(1,), stride=(1,))
            (bn): BatchNorm1d(32, eps=1e-05, momentum=0.1, affine=True, track_running_stats=True)
          )
        )
      )
      (inception3b): InceptionBlock(
        (branch1): ConvBlock(
          (conv): Conv1d(256, 128, kernel_size=(1,), stride=(1,))
          (bn): BatchNorm1d(128, eps=1e-05, momentum=0.1, affine=True, track_running_stats=True)
        )
        (branch2): Sequential(
          (0): ConvBlock(
            (conv): Conv1d(256, 128, kernel_size=(1,), stride=(1,))
            (bn): BatchNorm1d(128, eps=1e-05, momentum=0.1, affine=True, track_running_stats=True)
          )
          (1): ConvBlock(
            (conv): Conv1d(128, 192, kernel_size=(3,), stride=(1,), padding=(1,))
            (bn): BatchNorm1d(192, eps=1e-05, momentum=0.1, affine=True, track_running_stats=True)
          )
        )
        (branch3): Sequential(
          (0): ConvBlock(
            (conv): Conv1d(256, 32, kernel_size=(1,), stride=(1,))
            (bn): BatchNorm1d(32, eps=1e-05, momentum=0.1, affine=True, track_running_stats=True)
          )
          (1): ConvBlock(
            (conv): Conv1d(32, 96, kernel_size=(5,), stride=(1,), padding=(2,))
            (bn): BatchNorm1d(96, eps=1e-05, momentum=0.1, affine=True, track_running_stats=True)
          )
        )
        (branch4): Sequential(
          (0): MaxPool2d(kernel_size=3, stride=1, padding=1, dilation=1, ceil_mode=False)
          (1): ConvBlock(
            (conv): Conv1d(256, 64, kernel_size=(1,), stride=(1,))
            (bn): BatchNorm1d(64, eps=1e-05, momentum=0.1, affine=True, track_running_stats=True)
          )
        )
      )
      (inception4a): InceptionBlock(
        (branch1): ConvBlock(
          (conv): Conv1d(480, 192, kernel_size=(1,), stride=(1,))
          (bn): BatchNorm1d(192, eps=1e-05, momentum=0.1, affine=True, track_running_stats=True)
        )
        (branch2): Sequential(
          (0): ConvBlock(
            (conv): Conv1d(480, 96, kernel_size=(1,), stride=(1,))
            (bn): BatchNorm1d(96, eps=1e-05, momentum=0.1, affine=True, track_running_stats=True)
          )
          (1): ConvBlock(
            (conv): Conv1d(96, 208, kernel_size=(3,), stride=(1,), padding=(1,))
            (bn): BatchNorm1d(208, eps=1e-05, momentum=0.1, affine=True, track_running_stats=True)
          )
        )
        (branch3): Sequential(
          (0): ConvBlock(
            (conv): Conv1d(480, 16, kernel_size=(1,), stride=(1,))
            (bn): BatchNorm1d(16, eps=1e-05, momentum=0.1, affine=True, track_running_stats=True)
          )
          (1): ConvBlock(
            (conv): Conv1d(16, 48, kernel_size=(5,), stride=(1,), padding=(2,))
            (bn): BatchNorm1d(48, eps=1e-05, momentum=0.1, affine=True, track_running_stats=True)
          )
        )
        (branch4): Sequential(
          (0): MaxPool2d(kernel_size=3, stride=1, padding=1, dilation=1, ceil_mode=False)
          (1): ConvBlock(
            (conv): Conv1d(480, 64, kernel_size=(1,), stride=(1,))
            (bn): BatchNorm1d(64, eps=1e-05, momentum=0.1, affine=True, track_running_stats=True)
          )
        )
      )
      (inception4b): InceptionBlock(
        (branch1): ConvBlock(
          (conv): Conv1d(512, 32, kernel_size=(1,), stride=(1,))
          (bn): BatchNorm1d(32, eps=1e-05, momentum=0.1, affine=True, track_running_stats=True)
        )
        (branch2): Sequential(
          (0): ConvBlock(
            (conv): Conv1d(512, 112, kernel_size=(1,), stride=(1,))
            (bn): BatchNorm1d(112, eps=1e-05, momentum=0.1, affine=True, track_running_stats=True)
          )
          (1): ConvBlock(
            (conv): Conv1d(112, 32, kernel_size=(3,), stride=(1,), padding=(1,))
            (bn): BatchNorm1d(32, eps=1e-05, momentum=0.1, affine=True, track_running_stats=True)
          )
        )
        (branch3): Sequential(
          (0): ConvBlock(
            (conv): Conv1d(512, 24, kernel_size=(1,), stride=(1,))
            (bn): BatchNorm1d(24, eps=1e-05, momentum=0.1, affine=True, track_running_stats=True)
          )
          (1): ConvBlock(
            (conv): Conv1d(24, 64, kernel_size=(5,), stride=(1,), padding=(2,))
            (bn): BatchNorm1d(64, eps=1e-05, momentum=0.1, affine=True, track_running_stats=True)
          )
        )
        (branch4): Sequential(
          (0): MaxPool2d(kernel_size=3, stride=1, padding=1, dilation=1, ceil_mode=False)
          (1): ConvBlock(
            (conv): Conv1d(512, 32, kernel_size=(1,), stride=(1,))
            (bn): BatchNorm1d(32, eps=1e-05, momentum=0.1, affine=True, track_running_stats=True)
          )
        )
      )
      (avgpool): AvgPool1d(kernel_size=(5,), stride=(1,), padding=(0,))
      (fc_resnet): Linear(in_features=8480, out_features=5400, bias=True)
      (fc_out): Linear(in_features=5400, out_features=1, bias=True)
      (relu): ReLU()
    )
    (hidden_3): DownstreamInceptionResnetBlock(
      (conv1): ConvBlock(
        (conv): Conv1d(12, 64, kernel_size=(7,), stride=(2,), padding=(3,))
        (bn): BatchNorm1d(64, eps=1e-05, momentum=0.1, affine=True, track_running_stats=True)
      )
      (conv2): ConvBlock(
        (conv): Conv1d(64, 128, kernel_size=(3,), stride=(1,), padding=(1,))
        (bn): BatchNorm1d(128, eps=1e-05, momentum=0.1, affine=True, track_running_stats=True)
      )
      (maxpool): MaxPool1d(kernel_size=3, stride=2, padding=1, dilation=1, ceil_mode=False)
      (inception3a): InceptionBlock(
        (branch1): ConvBlock(
          (conv): Conv1d(128, 64, kernel_size=(1,), stride=(1,))
          (bn): BatchNorm1d(64, eps=1e-05, momentum=0.1, affine=True, track_running_stats=True)
        )
        (branch2): Sequential(
          (0): ConvBlock(
            (conv): Conv1d(128, 96, kernel_size=(1,), stride=(1,))
            (bn): BatchNorm1d(96, eps=1e-05, momentum=0.1, affine=True, track_running_stats=True)
          )
          (1): ConvBlock(
            (conv): Conv1d(96, 128, kernel_size=(3,), stride=(1,), padding=(1,))
            (bn): BatchNorm1d(128, eps=1e-05, momentum=0.1, affine=True, track_running_stats=True)
          )
        )
        (branch3): Sequential(
          (0): ConvBlock(
            (conv): Conv1d(128, 16, kernel_size=(1,), stride=(1,))
            (bn): BatchNorm1d(16, eps=1e-05, momentum=0.1, affine=True, track_running_stats=True)
          )
          (1): ConvBlock(
            (conv): Conv1d(16, 32, kernel_size=(5,), stride=(1,), padding=(2,))
            (bn): BatchNorm1d(32, eps=1e-05, momentum=0.1, affine=True, track_running_stats=True)
          )
        )
        (branch4): Sequential(
          (0): MaxPool2d(kernel_size=3, stride=1, padding=1, dilation=1, ceil_mode=False)
          (1): ConvBlock(
            (conv): Conv1d(128, 32, kernel_size=(1,), stride=(1,))
            (bn): BatchNorm1d(32, eps=1e-05, momentum=0.1, affine=True, track_running_stats=True)
          )
        )
      )
      (inception3b): InceptionBlock(
        (branch1): ConvBlock(
          (conv): Conv1d(256, 128, kernel_size=(1,), stride=(1,))
          (bn): BatchNorm1d(128, eps=1e-05, momentum=0.1, affine=True, track_running_stats=True)
        )
        (branch2): Sequential(
          (0): ConvBlock(
            (conv): Conv1d(256, 128, kernel_size=(1,), stride=(1,))
            (bn): BatchNorm1d(128, eps=1e-05, momentum=0.1, affine=True, track_running_stats=True)
          )
          (1): ConvBlock(
            (conv): Conv1d(128, 192, kernel_size=(3,), stride=(1,), padding=(1,))
            (bn): BatchNorm1d(192, eps=1e-05, momentum=0.1, affine=True, track_running_stats=True)
          )
        )
        (branch3): Sequential(
          (0): ConvBlock(
            (conv): Conv1d(256, 32, kernel_size=(1,), stride=(1,))
            (bn): BatchNorm1d(32, eps=1e-05, momentum=0.1, affine=True, track_running_stats=True)
          )
          (1): ConvBlock(
            (conv): Conv1d(32, 96, kernel_size=(5,), stride=(1,), padding=(2,))
            (bn): BatchNorm1d(96, eps=1e-05, momentum=0.1, affine=True, track_running_stats=True)
          )
        )
        (branch4): Sequential(
          (0): MaxPool2d(kernel_size=3, stride=1, padding=1, dilation=1, ceil_mode=False)
          (1): ConvBlock(
            (conv): Conv1d(256, 64, kernel_size=(1,), stride=(1,))
            (bn): BatchNorm1d(64, eps=1e-05, momentum=0.1, affine=True, track_running_stats=True)
          )
        )
      )
      (inception4a): InceptionBlock(
        (branch1): ConvBlock(
          (conv): Conv1d(480, 192, kernel_size=(1,), stride=(1,))
          (bn): BatchNorm1d(192, eps=1e-05, momentum=0.1, affine=True, track_running_stats=True)
        )
        (branch2): Sequential(
          (0): ConvBlock(
            (conv): Conv1d(480, 96, kernel_size=(1,), stride=(1,))
            (bn): BatchNorm1d(96, eps=1e-05, momentum=0.1, affine=True, track_running_stats=True)
          )
          (1): ConvBlock(
            (conv): Conv1d(96, 208, kernel_size=(3,), stride=(1,), padding=(1,))
            (bn): BatchNorm1d(208, eps=1e-05, momentum=0.1, affine=True, track_running_stats=True)
          )
        )
        (branch3): Sequential(
          (0): ConvBlock(
            (conv): Conv1d(480, 16, kernel_size=(1,), stride=(1,))
            (bn): BatchNorm1d(16, eps=1e-05, momentum=0.1, affine=True, track_running_stats=True)
          )
          (1): ConvBlock(
            (conv): Conv1d(16, 48, kernel_size=(5,), stride=(1,), padding=(2,))
            (bn): BatchNorm1d(48, eps=1e-05, momentum=0.1, affine=True, track_running_stats=True)
          )
        )
        (branch4): Sequential(
          (0): MaxPool2d(kernel_size=3, stride=1, padding=1, dilation=1, ceil_mode=False)
          (1): ConvBlock(
            (conv): Conv1d(480, 64, kernel_size=(1,), stride=(1,))
            (bn): BatchNorm1d(64, eps=1e-05, momentum=0.1, affine=True, track_running_stats=True)
          )
        )
      )
      (inception4b): InceptionBlock(
        (branch1): ConvBlock(
          (conv): Conv1d(512, 32, kernel_size=(1,), stride=(1,))
          (bn): BatchNorm1d(32, eps=1e-05, momentum=0.1, affine=True, track_running_stats=True)
        )
        (branch2): Sequential(
          (0): ConvBlock(
            (conv): Conv1d(512, 112, kernel_size=(1,), stride=(1,))
            (bn): BatchNorm1d(112, eps=1e-05, momentum=0.1, affine=True, track_running_stats=True)
          )
          (1): ConvBlock(
            (conv): Conv1d(112, 32, kernel_size=(3,), stride=(1,), padding=(1,))
            (bn): BatchNorm1d(32, eps=1e-05, momentum=0.1, affine=True, track_running_stats=True)
          )
        )
        (branch3): Sequential(
          (0): ConvBlock(
            (conv): Conv1d(512, 24, kernel_size=(1,), stride=(1,))
            (bn): BatchNorm1d(24, eps=1e-05, momentum=0.1, affine=True, track_running_stats=True)
          )
          (1): ConvBlock(
            (conv): Conv1d(24, 64, kernel_size=(5,), stride=(1,), padding=(2,))
            (bn): BatchNorm1d(64, eps=1e-05, momentum=0.1, affine=True, track_running_stats=True)
          )
        )
        (branch4): Sequential(
          (0): MaxPool2d(kernel_size=3, stride=1, padding=1, dilation=1, ceil_mode=False)
          (1): ConvBlock(
            (conv): Conv1d(512, 32, kernel_size=(1,), stride=(1,))
            (bn): BatchNorm1d(32, eps=1e-05, momentum=0.1, affine=True, track_running_stats=True)
          )
        )
      )
      (avgpool): AvgPool1d(kernel_size=(5,), stride=(1,), padding=(0,))
      (fc_resnet): Linear(in_features=8480, out_features=5400, bias=True)
      (fc_out): Linear(in_features=5400, out_features=1, bias=True)
      (relu): ReLU()
    )
    (output): DownstreamInceptionResnetFinal(
      (conv1): ConvBlock(
        (conv): Conv1d(12, 64, kernel_size=(7,), stride=(2,), padding=(3,))
        (bn): BatchNorm1d(64, eps=1e-05, momentum=0.1, affine=True, track_running_stats=True)
      )
      (conv2): ConvBlock(
        (conv): Conv1d(64, 128, kernel_size=(3,), stride=(1,), padding=(1,))
        (bn): BatchNorm1d(128, eps=1e-05, momentum=0.1, affine=True, track_running_stats=True)
      )
      (maxpool): MaxPool1d(kernel_size=3, stride=2, padding=1, dilation=1, ceil_mode=False)
      (inception3a): InceptionBlock(
        (branch1): ConvBlock(
          (conv): Conv1d(128, 64, kernel_size=(1,), stride=(1,))
          (bn): BatchNorm1d(64, eps=1e-05, momentum=0.1, affine=True, track_running_stats=True)
        )
        (branch2): Sequential(
          (0): ConvBlock(
            (conv): Conv1d(128, 96, kernel_size=(1,), stride=(1,))
            (bn): BatchNorm1d(96, eps=1e-05, momentum=0.1, affine=True, track_running_stats=True)
          )
          (1): ConvBlock(
            (conv): Conv1d(96, 128, kernel_size=(3,), stride=(1,), padding=(1,))
            (bn): BatchNorm1d(128, eps=1e-05, momentum=0.1, affine=True, track_running_stats=True)
          )
        )
        (branch3): Sequential(
          (0): ConvBlock(
            (conv): Conv1d(128, 16, kernel_size=(1,), stride=(1,))
            (bn): BatchNorm1d(16, eps=1e-05, momentum=0.1, affine=True, track_running_stats=True)
          )
          (1): ConvBlock(
            (conv): Conv1d(16, 32, kernel_size=(5,), stride=(1,), padding=(2,))
            (bn): BatchNorm1d(32, eps=1e-05, momentum=0.1, affine=True, track_running_stats=True)
          )
        )
        (branch4): Sequential(
          (0): MaxPool2d(kernel_size=3, stride=1, padding=1, dilation=1, ceil_mode=False)
          (1): ConvBlock(
            (conv): Conv1d(128, 32, kernel_size=(1,), stride=(1,))
            (bn): BatchNorm1d(32, eps=1e-05, momentum=0.1, affine=True, track_running_stats=True)
          )
        )
      )
      (inception3b): InceptionBlock(
        (branch1): ConvBlock(
          (conv): Conv1d(256, 128, kernel_size=(1,), stride=(1,))
          (bn): BatchNorm1d(128, eps=1e-05, momentum=0.1, affine=True, track_running_stats=True)
        )
        (branch2): Sequential(
          (0): ConvBlock(
            (conv): Conv1d(256, 128, kernel_size=(1,), stride=(1,))
            (bn): BatchNorm1d(128, eps=1e-05, momentum=0.1, affine=True, track_running_stats=True)
          )
          (1): ConvBlock(
            (conv): Conv1d(128, 192, kernel_size=(3,), stride=(1,), padding=(1,))
            (bn): BatchNorm1d(192, eps=1e-05, momentum=0.1, affine=True, track_running_stats=True)
          )
        )
        (branch3): Sequential(
          (0): ConvBlock(
            (conv): Conv1d(256, 32, kernel_size=(1,), stride=(1,))
            (bn): BatchNorm1d(32, eps=1e-05, momentum=0.1, affine=True, track_running_stats=True)
          )
          (1): ConvBlock(
            (conv): Conv1d(32, 96, kernel_size=(5,), stride=(1,), padding=(2,))
            (bn): BatchNorm1d(96, eps=1e-05, momentum=0.1, affine=True, track_running_stats=True)
          )
        )
        (branch4): Sequential(
          (0): MaxPool2d(kernel_size=3, stride=1, padding=1, dilation=1, ceil_mode=False)
          (1): ConvBlock(
            (conv): Conv1d(256, 64, kernel_size=(1,), stride=(1,))
            (bn): BatchNorm1d(64, eps=1e-05, momentum=0.1, affine=True, track_running_stats=True)
          )
        )
      )
      (inception4a): InceptionBlock(
        (branch1): ConvBlock(
          (conv): Conv1d(480, 192, kernel_size=(1,), stride=(1,))
          (bn): BatchNorm1d(192, eps=1e-05, momentum=0.1, affine=True, track_running_stats=True)
        )
        (branch2): Sequential(
          (0): ConvBlock(
            (conv): Conv1d(480, 96, kernel_size=(1,), stride=(1,))
            (bn): BatchNorm1d(96, eps=1e-05, momentum=0.1, affine=True, track_running_stats=True)
          )
          (1): ConvBlock(
            (conv): Conv1d(96, 208, kernel_size=(3,), stride=(1,), padding=(1,))
            (bn): BatchNorm1d(208, eps=1e-05, momentum=0.1, affine=True, track_running_stats=True)
          )
        )
        (branch3): Sequential(
          (0): ConvBlock(
            (conv): Conv1d(480, 16, kernel_size=(1,), stride=(1,))
            (bn): BatchNorm1d(16, eps=1e-05, momentum=0.1, affine=True, track_running_stats=True)
          )
          (1): ConvBlock(
            (conv): Conv1d(16, 48, kernel_size=(5,), stride=(1,), padding=(2,))
            (bn): BatchNorm1d(48, eps=1e-05, momentum=0.1, affine=True, track_running_stats=True)
          )
        )
        (branch4): Sequential(
          (0): MaxPool2d(kernel_size=3, stride=1, padding=1, dilation=1, ceil_mode=False)
          (1): ConvBlock(
            (conv): Conv1d(480, 64, kernel_size=(1,), stride=(1,))
            (bn): BatchNorm1d(64, eps=1e-05, momentum=0.1, affine=True, track_running_stats=True)
          )
        )
      )
      (inception4b): InceptionBlock(
        (branch1): ConvBlock(
          (conv): Conv1d(512, 32, kernel_size=(1,), stride=(1,))
          (bn): BatchNorm1d(32, eps=1e-05, momentum=0.1, affine=True, track_running_stats=True)
        )
        (branch2): Sequential(
          (0): ConvBlock(
            (conv): Conv1d(512, 112, kernel_size=(1,), stride=(1,))
            (bn): BatchNorm1d(112, eps=1e-05, momentum=0.1, affine=True, track_running_stats=True)
          )
          (1): ConvBlock(
            (conv): Conv1d(112, 32, kernel_size=(3,), stride=(1,), padding=(1,))
            (bn): BatchNorm1d(32, eps=1e-05, momentum=0.1, affine=True, track_running_stats=True)
          )
        )
        (branch3): Sequential(
          (0): ConvBlock(
            (conv): Conv1d(512, 24, kernel_size=(1,), stride=(1,))
            (bn): BatchNorm1d(24, eps=1e-05, momentum=0.1, affine=True, track_running_stats=True)
          )
          (1): ConvBlock(
            (conv): Conv1d(24, 64, kernel_size=(5,), stride=(1,), padding=(2,))
            (bn): BatchNorm1d(64, eps=1e-05, momentum=0.1, affine=True, track_running_stats=True)
          )
        )
        (branch4): Sequential(
          (0): MaxPool2d(kernel_size=3, stride=1, padding=1, dilation=1, ceil_mode=False)
          (1): ConvBlock(
            (conv): Conv1d(512, 32, kernel_size=(1,), stride=(1,))
            (bn): BatchNorm1d(32, eps=1e-05, momentum=0.1, affine=True, track_running_stats=True)
          )
        )
      )
      (avgpool): AvgPool1d(kernel_size=(5,), stride=(1,), padding=(0,))
      (dropout): Dropout(p=0.1, inplace=False)
      (fc_out): Linear(in_features=8480, out_features=1, bias=True)
      (sigmoid): Sigmoid()
    )
  )
)
2023-12-27 21:19 - INFO - * -----------
2023-12-27 21:19 - INFO - Evaluating model based on: rocauc
2023-12-27 21:19 - INFO - Training..

2023-12-27 21:30 - INFO - ---------------------------------------------
2023-12-27 21:30 - INFO - Epoch: 01 | Time: 11m 3s
2023-12-27 21:30 - INFO - 	 New best val_rocauc loss was found, current best value is 0.60252
2023-12-27 21:30 - INFO - 	 Train Loss: 0.561
2023-12-27 21:30 - INFO - 	 Val. Loss: 0.545
2023-12-27 21:30 - INFO - 	 ROC-AUC: 0.603
2023-12-27 21:30 - INFO - 	 PR-AUC: 0.333
2023-12-27 21:30 - INFO - 	 Recall for 0.4 precision: 0.194
2023-12-27 21:30 - INFO - 	 Best Val. Loss: 0.545
2023-12-27 21:30 - INFO - 	 Best ROC-AUC: 0.603
2023-12-27 21:30 - INFO - 	 Best PR-AUC: 0.333
2023-12-27 21:30 - INFO - 	 Best Recall for 0.4 precision: 0.194
2023-12-27 21:30 - INFO - ---------------------------------------------
2023-12-27 21:41 - INFO - ---------------------------------------------
2023-12-27 21:41 - INFO - Epoch: 02 | Time: 11m 17s
2023-12-27 21:41 - INFO - 	 New best val_rocauc loss was found, current best value is 0.69884
2023-12-27 21:41 - INFO - 	 Train Loss: 0.521
2023-12-27 21:41 - INFO - 	 Val. Loss: 0.511
2023-12-27 21:41 - INFO - 	 ROC-AUC: 0.699
2023-12-27 21:41 - INFO - 	 PR-AUC: 0.417
2023-12-27 21:41 - INFO - 	 Recall for 0.4 precision: 0.545
2023-12-27 21:41 - INFO - 	 Best Val. Loss: 0.511
2023-12-27 21:41 - INFO - 	 Best ROC-AUC: 0.699
2023-12-27 21:41 - INFO - 	 Best PR-AUC: 0.417
2023-12-27 21:41 - INFO - 	 Best Recall for 0.4 precision: 0.545
2023-12-27 21:41 - INFO - ---------------------------------------------
2023-12-27 21:53 - INFO - ---------------------------------------------
2023-12-27 21:53 - INFO - Epoch: 03 | Time: 11m 57s
2023-12-27 21:53 - INFO - 	 New best val_rocauc loss was found, current best value is 0.70999
2023-12-27 21:53 - INFO - 	 Train Loss: 0.508
2023-12-27 21:53 - INFO - 	 Val. Loss: 0.504
2023-12-27 21:53 - INFO - 	 ROC-AUC: 0.710
2023-12-27 21:53 - INFO - 	 PR-AUC: 0.432
2023-12-27 21:53 - INFO - 	 Recall for 0.4 precision: 0.593
2023-12-27 21:53 - INFO - 	 Best Val. Loss: 0.504
2023-12-27 21:53 - INFO - 	 Best ROC-AUC: 0.710
2023-12-27 21:53 - INFO - 	 Best PR-AUC: 0.432
2023-12-27 21:53 - INFO - 	 Best Recall for 0.4 precision: 0.593
2023-12-27 21:53 - INFO - ---------------------------------------------
2023-12-27 22:05 - INFO - ---------------------------------------------
2023-12-27 22:05 - INFO - Epoch: 04 | Time: 12m 3s
2023-12-27 22:05 - INFO - 	 New best val_rocauc loss was found, current best value is 0.71659
2023-12-27 22:05 - INFO - 	 Train Loss: 0.503
2023-12-27 22:05 - INFO - 	 Val. Loss: 0.512
2023-12-27 22:05 - INFO - 	 ROC-AUC: 0.717
2023-12-27 22:05 - INFO - 	 PR-AUC: 0.432
2023-12-27 22:05 - INFO - 	 Recall for 0.4 precision: 0.608
2023-12-27 22:05 - INFO - 	 Best Val. Loss: 0.504
2023-12-27 22:05 - INFO - 	 Best ROC-AUC: 0.717
2023-12-27 22:05 - INFO - 	 Best PR-AUC: 0.432
2023-12-27 22:05 - INFO - 	 Best Recall for 0.4 precision: 0.608
2023-12-27 22:05 - INFO - ---------------------------------------------
2023-12-27 22:17 - INFO - ---------------------------------------------
2023-12-27 22:17 - INFO - Epoch: 05 | Time: 11m 24s
2023-12-27 22:17 - INFO - 	 New best val_rocauc loss was found, current best value is 0.72224
2023-12-27 22:17 - INFO - 	 Train Loss: 0.501
2023-12-27 22:17 - INFO - 	 Val. Loss: 0.500
2023-12-27 22:17 - INFO - 	 ROC-AUC: 0.722
2023-12-27 22:17 - INFO - 	 PR-AUC: 0.443
2023-12-27 22:17 - INFO - 	 Recall for 0.4 precision: 0.628
2023-12-27 22:17 - INFO - 	 Best Val. Loss: 0.500
2023-12-27 22:17 - INFO - 	 Best ROC-AUC: 0.722
2023-12-27 22:17 - INFO - 	 Best PR-AUC: 0.443
2023-12-27 22:17 - INFO - 	 Best Recall for 0.4 precision: 0.628
2023-12-27 22:17 - INFO - ---------------------------------------------
2023-12-27 22:28 - INFO - ---------------------------------------------
2023-12-27 22:28 - INFO - Epoch: 06 | Time: 11m 30s
2023-12-27 22:28 - INFO - 	 Train Loss: 0.499
2023-12-27 22:28 - INFO - 	 Val. Loss: 0.501
2023-12-27 22:28 - INFO - 	 ROC-AUC: 0.719
2023-12-27 22:28 - INFO - 	 PR-AUC: 0.434
2023-12-27 22:28 - INFO - 	 Recall for 0.4 precision: 0.609
2023-12-27 22:28 - INFO - 	 Best Val. Loss: 0.500
2023-12-27 22:28 - INFO - 	 Best ROC-AUC: 0.722
2023-12-27 22:28 - INFO - 	 Best PR-AUC: 0.443
2023-12-27 22:28 - INFO - 	 Best Recall for 0.4 precision: 0.628
2023-12-27 22:28 - INFO - ---------------------------------------------
2023-12-27 22:40 - INFO - ---------------------------------------------
2023-12-27 22:40 - INFO - Epoch: 07 | Time: 11m 32s
2023-12-27 22:40 - INFO - 	 Train Loss: 0.498
2023-12-27 22:40 - INFO - 	 Val. Loss: 0.512
2023-12-27 22:40 - INFO - 	 ROC-AUC: 0.701
2023-12-27 22:40 - INFO - 	 PR-AUC: 0.427
2023-12-27 22:40 - INFO - 	 Recall for 0.4 precision: 0.509
2023-12-27 22:40 - INFO - 	 Best Val. Loss: 0.500
2023-12-27 22:40 - INFO - 	 Best ROC-AUC: 0.722
2023-12-27 22:40 - INFO - 	 Best PR-AUC: 0.443
2023-12-27 22:40 - INFO - 	 Best Recall for 0.4 precision: 0.628
2023-12-27 22:40 - INFO - ---------------------------------------------
2023-12-27 22:51 - INFO - ---------------------------------------------
2023-12-27 22:51 - INFO - Epoch: 08 | Time: 11m 13s
2023-12-27 22:51 - INFO - 	 Train Loss: 0.499
2023-12-27 22:51 - INFO - 	 Val. Loss: 0.505
2023-12-27 22:51 - INFO - 	 ROC-AUC: 0.708
2023-12-27 22:51 - INFO - 	 PR-AUC: 0.431
2023-12-27 22:51 - INFO - 	 Recall for 0.4 precision: 0.574
2023-12-27 22:51 - INFO - 	 Best Val. Loss: 0.500
2023-12-27 22:51 - INFO - 	 Best ROC-AUC: 0.722
2023-12-27 22:51 - INFO - 	 Best PR-AUC: 0.443
2023-12-27 22:51 - INFO - 	 Best Recall for 0.4 precision: 0.628
2023-12-27 22:51 - INFO - ---------------------------------------------
2023-12-27 23:02 - INFO - ---------------------------------------------
2023-12-27 23:02 - INFO - Epoch: 09 | Time: 11m 11s
2023-12-27 23:02 - INFO - 	 Train Loss: 0.499
2023-12-27 23:02 - INFO - 	 Val. Loss: 0.504
2023-12-27 23:02 - INFO - 	 ROC-AUC: 0.722
2023-12-27 23:02 - INFO - 	 PR-AUC: 0.450
2023-12-27 23:02 - INFO - 	 Recall for 0.4 precision: 0.622
2023-12-27 23:02 - INFO - 	 Best Val. Loss: 0.500
2023-12-27 23:02 - INFO - 	 Best ROC-AUC: 0.722
2023-12-27 23:02 - INFO - 	 Best PR-AUC: 0.450
2023-12-27 23:02 - INFO - 	 Best Recall for 0.4 precision: 0.628
2023-12-27 23:02 - INFO - ---------------------------------------------
2023-12-27 23:14 - INFO - ---------------------------------------------
2023-12-27 23:14 - INFO - Epoch: 10 | Time: 11m 50s
2023-12-27 23:14 - INFO - 	 Train Loss: 0.499
2023-12-27 23:14 - INFO - 	 Val. Loss: 0.507
2023-12-27 23:14 - INFO - 	 ROC-AUC: 0.714
2023-12-27 23:14 - INFO - 	 PR-AUC: 0.441
2023-12-27 23:14 - INFO - 	 Recall for 0.4 precision: 0.596
2023-12-27 23:14 - INFO - 	 Best Val. Loss: 0.500
2023-12-27 23:14 - INFO - 	 Best ROC-AUC: 0.722
2023-12-27 23:14 - INFO - 	 Best PR-AUC: 0.450
2023-12-27 23:14 - INFO - 	 Best Recall for 0.4 precision: 0.628
2023-12-27 23:14 - INFO - ---------------------------------------------
2023-12-27 23:26 - INFO - ---------------------------------------------
2023-12-27 23:26 - INFO - Epoch: 11 | Time: 11m 36s
2023-12-27 23:26 - INFO - 	 Train Loss: 0.499
2023-12-27 23:26 - INFO - 	 Val. Loss: 0.513
2023-12-27 23:26 - INFO - 	 ROC-AUC: 0.694
2023-12-27 23:26 - INFO - 	 PR-AUC: 0.419
2023-12-27 23:26 - INFO - 	 Recall for 0.4 precision: 0.536
2023-12-27 23:26 - INFO - 	 Best Val. Loss: 0.500
2023-12-27 23:26 - INFO - 	 Best ROC-AUC: 0.722
2023-12-27 23:26 - INFO - 	 Best PR-AUC: 0.450
2023-12-27 23:26 - INFO - 	 Best Recall for 0.4 precision: 0.628
2023-12-27 23:26 - INFO - ---------------------------------------------
2023-12-27 23:38 - INFO - ---------------------------------------------
2023-12-27 23:38 - INFO - Epoch: 12 | Time: 12m 35s
2023-12-27 23:38 - INFO - 	 Train Loss: 0.499
2023-12-27 23:38 - INFO - 	 Val. Loss: 0.525
2023-12-27 23:38 - INFO - 	 ROC-AUC: 0.714
2023-12-27 23:38 - INFO - 	 PR-AUC: 0.442
2023-12-27 23:38 - INFO - 	 Recall for 0.4 precision: 0.595
2023-12-27 23:38 - INFO - 	 Best Val. Loss: 0.500
2023-12-27 23:38 - INFO - 	 Best ROC-AUC: 0.722
2023-12-27 23:38 - INFO - 	 Best PR-AUC: 0.450
2023-12-27 23:38 - INFO - 	 Best Recall for 0.4 precision: 0.628
2023-12-27 23:38 - INFO - ---------------------------------------------
