2023-12-28 18:50 - INFO - Fit the preprocessing pipeline
2023-12-28 18:50 - INFO - Training using device: cuda
2023-12-28 18:50 - INFO - Creating generators
2023-12-28 18:50 - INFO - The model has 186,433,565 trainable parameters
2023-12-28 18:50 - INFO - * Model:
2023-12-28 18:50 - INFO - * -----------
2023-12-28 18:50 - INFO - DownstreamInceptionResnet(
  (layers): ModuleDict(
    (input): DownstreamInceptionResnetBlock(
      (conv1): ConvBlock(
        (conv): Conv1d(12, 64, kernel_size=(7,), stride=(2,), padding=(3,))
        (bn): BatchNorm1d(64, eps=1e-05, momentum=0.1, affine=True, track_running_stats=True)
      )
      (conv2): ConvBlock(
        (conv): Conv1d(64, 128, kernel_size=(3,), stride=(1,), padding=(1,))
        (bn): BatchNorm1d(128, eps=1e-05, momentum=0.1, affine=True, track_running_stats=True)
      )
      (maxpool): MaxPool1d(kernel_size=3, stride=2, padding=1, dilation=1, ceil_mode=False)
      (inception3a): InceptionBlock(
        (branch1): ConvBlock(
          (conv): Conv1d(128, 64, kernel_size=(1,), stride=(1,))
          (bn): BatchNorm1d(64, eps=1e-05, momentum=0.1, affine=True, track_running_stats=True)
        )
        (branch2): Sequential(
          (0): ConvBlock(
            (conv): Conv1d(128, 96, kernel_size=(1,), stride=(1,))
            (bn): BatchNorm1d(96, eps=1e-05, momentum=0.1, affine=True, track_running_stats=True)
          )
          (1): ConvBlock(
            (conv): Conv1d(96, 128, kernel_size=(3,), stride=(1,), padding=(1,))
            (bn): BatchNorm1d(128, eps=1e-05, momentum=0.1, affine=True, track_running_stats=True)
          )
        )
        (branch3): Sequential(
          (0): ConvBlock(
            (conv): Conv1d(128, 16, kernel_size=(1,), stride=(1,))
            (bn): BatchNorm1d(16, eps=1e-05, momentum=0.1, affine=True, track_running_stats=True)
          )
          (1): ConvBlock(
            (conv): Conv1d(16, 32, kernel_size=(5,), stride=(1,), padding=(2,))
            (bn): BatchNorm1d(32, eps=1e-05, momentum=0.1, affine=True, track_running_stats=True)
          )
        )
        (branch4): Sequential(
          (0): MaxPool2d(kernel_size=3, stride=1, padding=1, dilation=1, ceil_mode=False)
          (1): ConvBlock(
            (conv): Conv1d(128, 32, kernel_size=(1,), stride=(1,))
            (bn): BatchNorm1d(32, eps=1e-05, momentum=0.1, affine=True, track_running_stats=True)
          )
        )
      )
      (inception3b): InceptionBlock(
        (branch1): ConvBlock(
          (conv): Conv1d(256, 128, kernel_size=(1,), stride=(1,))
          (bn): BatchNorm1d(128, eps=1e-05, momentum=0.1, affine=True, track_running_stats=True)
        )
        (branch2): Sequential(
          (0): ConvBlock(
            (conv): Conv1d(256, 128, kernel_size=(1,), stride=(1,))
            (bn): BatchNorm1d(128, eps=1e-05, momentum=0.1, affine=True, track_running_stats=True)
          )
          (1): ConvBlock(
            (conv): Conv1d(128, 192, kernel_size=(3,), stride=(1,), padding=(1,))
            (bn): BatchNorm1d(192, eps=1e-05, momentum=0.1, affine=True, track_running_stats=True)
          )
        )
        (branch3): Sequential(
          (0): ConvBlock(
            (conv): Conv1d(256, 32, kernel_size=(1,), stride=(1,))
            (bn): BatchNorm1d(32, eps=1e-05, momentum=0.1, affine=True, track_running_stats=True)
          )
          (1): ConvBlock(
            (conv): Conv1d(32, 96, kernel_size=(5,), stride=(1,), padding=(2,))
            (bn): BatchNorm1d(96, eps=1e-05, momentum=0.1, affine=True, track_running_stats=True)
          )
        )
        (branch4): Sequential(
          (0): MaxPool2d(kernel_size=3, stride=1, padding=1, dilation=1, ceil_mode=False)
          (1): ConvBlock(
            (conv): Conv1d(256, 64, kernel_size=(1,), stride=(1,))
            (bn): BatchNorm1d(64, eps=1e-05, momentum=0.1, affine=True, track_running_stats=True)
          )
        )
      )
      (inception4a): InceptionBlock(
        (branch1): ConvBlock(
          (conv): Conv1d(480, 192, kernel_size=(1,), stride=(1,))
          (bn): BatchNorm1d(192, eps=1e-05, momentum=0.1, affine=True, track_running_stats=True)
        )
        (branch2): Sequential(
          (0): ConvBlock(
            (conv): Conv1d(480, 96, kernel_size=(1,), stride=(1,))
            (bn): BatchNorm1d(96, eps=1e-05, momentum=0.1, affine=True, track_running_stats=True)
          )
          (1): ConvBlock(
            (conv): Conv1d(96, 208, kernel_size=(3,), stride=(1,), padding=(1,))
            (bn): BatchNorm1d(208, eps=1e-05, momentum=0.1, affine=True, track_running_stats=True)
          )
        )
        (branch3): Sequential(
          (0): ConvBlock(
            (conv): Conv1d(480, 16, kernel_size=(1,), stride=(1,))
            (bn): BatchNorm1d(16, eps=1e-05, momentum=0.1, affine=True, track_running_stats=True)
          )
          (1): ConvBlock(
            (conv): Conv1d(16, 48, kernel_size=(5,), stride=(1,), padding=(2,))
            (bn): BatchNorm1d(48, eps=1e-05, momentum=0.1, affine=True, track_running_stats=True)
          )
        )
        (branch4): Sequential(
          (0): MaxPool2d(kernel_size=3, stride=1, padding=1, dilation=1, ceil_mode=False)
          (1): ConvBlock(
            (conv): Conv1d(480, 64, kernel_size=(1,), stride=(1,))
            (bn): BatchNorm1d(64, eps=1e-05, momentum=0.1, affine=True, track_running_stats=True)
          )
        )
      )
      (inception4b): InceptionBlock(
        (branch1): ConvBlock(
          (conv): Conv1d(512, 32, kernel_size=(1,), stride=(1,))
          (bn): BatchNorm1d(32, eps=1e-05, momentum=0.1, affine=True, track_running_stats=True)
        )
        (branch2): Sequential(
          (0): ConvBlock(
            (conv): Conv1d(512, 112, kernel_size=(1,), stride=(1,))
            (bn): BatchNorm1d(112, eps=1e-05, momentum=0.1, affine=True, track_running_stats=True)
          )
          (1): ConvBlock(
            (conv): Conv1d(112, 32, kernel_size=(3,), stride=(1,), padding=(1,))
            (bn): BatchNorm1d(32, eps=1e-05, momentum=0.1, affine=True, track_running_stats=True)
          )
        )
        (branch3): Sequential(
          (0): ConvBlock(
            (conv): Conv1d(512, 24, kernel_size=(1,), stride=(1,))
            (bn): BatchNorm1d(24, eps=1e-05, momentum=0.1, affine=True, track_running_stats=True)
          )
          (1): ConvBlock(
            (conv): Conv1d(24, 64, kernel_size=(5,), stride=(1,), padding=(2,))
            (bn): BatchNorm1d(64, eps=1e-05, momentum=0.1, affine=True, track_running_stats=True)
          )
        )
        (branch4): Sequential(
          (0): MaxPool2d(kernel_size=3, stride=1, padding=1, dilation=1, ceil_mode=False)
          (1): ConvBlock(
            (conv): Conv1d(512, 32, kernel_size=(1,), stride=(1,))
            (bn): BatchNorm1d(32, eps=1e-05, momentum=0.1, affine=True, track_running_stats=True)
          )
        )
      )
      (avgpool): AvgPool1d(kernel_size=(5,), stride=(1,), padding=(0,))
      (fc_resnet): Linear(in_features=8480, out_features=5400, bias=True)
      (fc_out): Linear(in_features=5400, out_features=1, bias=True)
      (relu): ReLU()
    )
    (hidden_1): DownstreamInceptionResnetBlock(
      (conv1): ConvBlock(
        (conv): Conv1d(12, 64, kernel_size=(7,), stride=(2,), padding=(3,))
        (bn): BatchNorm1d(64, eps=1e-05, momentum=0.1, affine=True, track_running_stats=True)
      )
      (conv2): ConvBlock(
        (conv): Conv1d(64, 128, kernel_size=(3,), stride=(1,), padding=(1,))
        (bn): BatchNorm1d(128, eps=1e-05, momentum=0.1, affine=True, track_running_stats=True)
      )
      (maxpool): MaxPool1d(kernel_size=3, stride=2, padding=1, dilation=1, ceil_mode=False)
      (inception3a): InceptionBlock(
        (branch1): ConvBlock(
          (conv): Conv1d(128, 64, kernel_size=(1,), stride=(1,))
          (bn): BatchNorm1d(64, eps=1e-05, momentum=0.1, affine=True, track_running_stats=True)
        )
        (branch2): Sequential(
          (0): ConvBlock(
            (conv): Conv1d(128, 96, kernel_size=(1,), stride=(1,))
            (bn): BatchNorm1d(96, eps=1e-05, momentum=0.1, affine=True, track_running_stats=True)
          )
          (1): ConvBlock(
            (conv): Conv1d(96, 128, kernel_size=(3,), stride=(1,), padding=(1,))
            (bn): BatchNorm1d(128, eps=1e-05, momentum=0.1, affine=True, track_running_stats=True)
          )
        )
        (branch3): Sequential(
          (0): ConvBlock(
            (conv): Conv1d(128, 16, kernel_size=(1,), stride=(1,))
            (bn): BatchNorm1d(16, eps=1e-05, momentum=0.1, affine=True, track_running_stats=True)
          )
          (1): ConvBlock(
            (conv): Conv1d(16, 32, kernel_size=(5,), stride=(1,), padding=(2,))
            (bn): BatchNorm1d(32, eps=1e-05, momentum=0.1, affine=True, track_running_stats=True)
          )
        )
        (branch4): Sequential(
          (0): MaxPool2d(kernel_size=3, stride=1, padding=1, dilation=1, ceil_mode=False)
          (1): ConvBlock(
            (conv): Conv1d(128, 32, kernel_size=(1,), stride=(1,))
            (bn): BatchNorm1d(32, eps=1e-05, momentum=0.1, affine=True, track_running_stats=True)
          )
        )
      )
      (inception3b): InceptionBlock(
        (branch1): ConvBlock(
          (conv): Conv1d(256, 128, kernel_size=(1,), stride=(1,))
          (bn): BatchNorm1d(128, eps=1e-05, momentum=0.1, affine=True, track_running_stats=True)
        )
        (branch2): Sequential(
          (0): ConvBlock(
            (conv): Conv1d(256, 128, kernel_size=(1,), stride=(1,))
            (bn): BatchNorm1d(128, eps=1e-05, momentum=0.1, affine=True, track_running_stats=True)
          )
          (1): ConvBlock(
            (conv): Conv1d(128, 192, kernel_size=(3,), stride=(1,), padding=(1,))
            (bn): BatchNorm1d(192, eps=1e-05, momentum=0.1, affine=True, track_running_stats=True)
          )
        )
        (branch3): Sequential(
          (0): ConvBlock(
            (conv): Conv1d(256, 32, kernel_size=(1,), stride=(1,))
            (bn): BatchNorm1d(32, eps=1e-05, momentum=0.1, affine=True, track_running_stats=True)
          )
          (1): ConvBlock(
            (conv): Conv1d(32, 96, kernel_size=(5,), stride=(1,), padding=(2,))
            (bn): BatchNorm1d(96, eps=1e-05, momentum=0.1, affine=True, track_running_stats=True)
          )
        )
        (branch4): Sequential(
          (0): MaxPool2d(kernel_size=3, stride=1, padding=1, dilation=1, ceil_mode=False)
          (1): ConvBlock(
            (conv): Conv1d(256, 64, kernel_size=(1,), stride=(1,))
            (bn): BatchNorm1d(64, eps=1e-05, momentum=0.1, affine=True, track_running_stats=True)
          )
        )
      )
      (inception4a): InceptionBlock(
        (branch1): ConvBlock(
          (conv): Conv1d(480, 192, kernel_size=(1,), stride=(1,))
          (bn): BatchNorm1d(192, eps=1e-05, momentum=0.1, affine=True, track_running_stats=True)
        )
        (branch2): Sequential(
          (0): ConvBlock(
            (conv): Conv1d(480, 96, kernel_size=(1,), stride=(1,))
            (bn): BatchNorm1d(96, eps=1e-05, momentum=0.1, affine=True, track_running_stats=True)
          )
          (1): ConvBlock(
            (conv): Conv1d(96, 208, kernel_size=(3,), stride=(1,), padding=(1,))
            (bn): BatchNorm1d(208, eps=1e-05, momentum=0.1, affine=True, track_running_stats=True)
          )
        )
        (branch3): Sequential(
          (0): ConvBlock(
            (conv): Conv1d(480, 16, kernel_size=(1,), stride=(1,))
            (bn): BatchNorm1d(16, eps=1e-05, momentum=0.1, affine=True, track_running_stats=True)
          )
          (1): ConvBlock(
            (conv): Conv1d(16, 48, kernel_size=(5,), stride=(1,), padding=(2,))
            (bn): BatchNorm1d(48, eps=1e-05, momentum=0.1, affine=True, track_running_stats=True)
          )
        )
        (branch4): Sequential(
          (0): MaxPool2d(kernel_size=3, stride=1, padding=1, dilation=1, ceil_mode=False)
          (1): ConvBlock(
            (conv): Conv1d(480, 64, kernel_size=(1,), stride=(1,))
            (bn): BatchNorm1d(64, eps=1e-05, momentum=0.1, affine=True, track_running_stats=True)
          )
        )
      )
      (inception4b): InceptionBlock(
        (branch1): ConvBlock(
          (conv): Conv1d(512, 32, kernel_size=(1,), stride=(1,))
          (bn): BatchNorm1d(32, eps=1e-05, momentum=0.1, affine=True, track_running_stats=True)
        )
        (branch2): Sequential(
          (0): ConvBlock(
            (conv): Conv1d(512, 112, kernel_size=(1,), stride=(1,))
            (bn): BatchNorm1d(112, eps=1e-05, momentum=0.1, affine=True, track_running_stats=True)
          )
          (1): ConvBlock(
            (conv): Conv1d(112, 32, kernel_size=(3,), stride=(1,), padding=(1,))
            (bn): BatchNorm1d(32, eps=1e-05, momentum=0.1, affine=True, track_running_stats=True)
          )
        )
        (branch3): Sequential(
          (0): ConvBlock(
            (conv): Conv1d(512, 24, kernel_size=(1,), stride=(1,))
            (bn): BatchNorm1d(24, eps=1e-05, momentum=0.1, affine=True, track_running_stats=True)
          )
          (1): ConvBlock(
            (conv): Conv1d(24, 64, kernel_size=(5,), stride=(1,), padding=(2,))
            (bn): BatchNorm1d(64, eps=1e-05, momentum=0.1, affine=True, track_running_stats=True)
          )
        )
        (branch4): Sequential(
          (0): MaxPool2d(kernel_size=3, stride=1, padding=1, dilation=1, ceil_mode=False)
          (1): ConvBlock(
            (conv): Conv1d(512, 32, kernel_size=(1,), stride=(1,))
            (bn): BatchNorm1d(32, eps=1e-05, momentum=0.1, affine=True, track_running_stats=True)
          )
        )
      )
      (avgpool): AvgPool1d(kernel_size=(5,), stride=(1,), padding=(0,))
      (fc_resnet): Linear(in_features=8480, out_features=5400, bias=True)
      (fc_out): Linear(in_features=5400, out_features=1, bias=True)
      (relu): ReLU()
    )
    (hidden_2): DownstreamInceptionResnetBlock(
      (conv1): ConvBlock(
        (conv): Conv1d(12, 64, kernel_size=(7,), stride=(2,), padding=(3,))
        (bn): BatchNorm1d(64, eps=1e-05, momentum=0.1, affine=True, track_running_stats=True)
      )
      (conv2): ConvBlock(
        (conv): Conv1d(64, 128, kernel_size=(3,), stride=(1,), padding=(1,))
        (bn): BatchNorm1d(128, eps=1e-05, momentum=0.1, affine=True, track_running_stats=True)
      )
      (maxpool): MaxPool1d(kernel_size=3, stride=2, padding=1, dilation=1, ceil_mode=False)
      (inception3a): InceptionBlock(
        (branch1): ConvBlock(
          (conv): Conv1d(128, 64, kernel_size=(1,), stride=(1,))
          (bn): BatchNorm1d(64, eps=1e-05, momentum=0.1, affine=True, track_running_stats=True)
        )
        (branch2): Sequential(
          (0): ConvBlock(
            (conv): Conv1d(128, 96, kernel_size=(1,), stride=(1,))
            (bn): BatchNorm1d(96, eps=1e-05, momentum=0.1, affine=True, track_running_stats=True)
          )
          (1): ConvBlock(
            (conv): Conv1d(96, 128, kernel_size=(3,), stride=(1,), padding=(1,))
            (bn): BatchNorm1d(128, eps=1e-05, momentum=0.1, affine=True, track_running_stats=True)
          )
        )
        (branch3): Sequential(
          (0): ConvBlock(
            (conv): Conv1d(128, 16, kernel_size=(1,), stride=(1,))
            (bn): BatchNorm1d(16, eps=1e-05, momentum=0.1, affine=True, track_running_stats=True)
          )
          (1): ConvBlock(
            (conv): Conv1d(16, 32, kernel_size=(5,), stride=(1,), padding=(2,))
            (bn): BatchNorm1d(32, eps=1e-05, momentum=0.1, affine=True, track_running_stats=True)
          )
        )
        (branch4): Sequential(
          (0): MaxPool2d(kernel_size=3, stride=1, padding=1, dilation=1, ceil_mode=False)
          (1): ConvBlock(
            (conv): Conv1d(128, 32, kernel_size=(1,), stride=(1,))
            (bn): BatchNorm1d(32, eps=1e-05, momentum=0.1, affine=True, track_running_stats=True)
          )
        )
      )
      (inception3b): InceptionBlock(
        (branch1): ConvBlock(
          (conv): Conv1d(256, 128, kernel_size=(1,), stride=(1,))
          (bn): BatchNorm1d(128, eps=1e-05, momentum=0.1, affine=True, track_running_stats=True)
        )
        (branch2): Sequential(
          (0): ConvBlock(
            (conv): Conv1d(256, 128, kernel_size=(1,), stride=(1,))
            (bn): BatchNorm1d(128, eps=1e-05, momentum=0.1, affine=True, track_running_stats=True)
          )
          (1): ConvBlock(
            (conv): Conv1d(128, 192, kernel_size=(3,), stride=(1,), padding=(1,))
            (bn): BatchNorm1d(192, eps=1e-05, momentum=0.1, affine=True, track_running_stats=True)
          )
        )
        (branch3): Sequential(
          (0): ConvBlock(
            (conv): Conv1d(256, 32, kernel_size=(1,), stride=(1,))
            (bn): BatchNorm1d(32, eps=1e-05, momentum=0.1, affine=True, track_running_stats=True)
          )
          (1): ConvBlock(
            (conv): Conv1d(32, 96, kernel_size=(5,), stride=(1,), padding=(2,))
            (bn): BatchNorm1d(96, eps=1e-05, momentum=0.1, affine=True, track_running_stats=True)
          )
        )
        (branch4): Sequential(
          (0): MaxPool2d(kernel_size=3, stride=1, padding=1, dilation=1, ceil_mode=False)
          (1): ConvBlock(
            (conv): Conv1d(256, 64, kernel_size=(1,), stride=(1,))
            (bn): BatchNorm1d(64, eps=1e-05, momentum=0.1, affine=True, track_running_stats=True)
          )
        )
      )
      (inception4a): InceptionBlock(
        (branch1): ConvBlock(
          (conv): Conv1d(480, 192, kernel_size=(1,), stride=(1,))
          (bn): BatchNorm1d(192, eps=1e-05, momentum=0.1, affine=True, track_running_stats=True)
        )
        (branch2): Sequential(
          (0): ConvBlock(
            (conv): Conv1d(480, 96, kernel_size=(1,), stride=(1,))
            (bn): BatchNorm1d(96, eps=1e-05, momentum=0.1, affine=True, track_running_stats=True)
          )
          (1): ConvBlock(
            (conv): Conv1d(96, 208, kernel_size=(3,), stride=(1,), padding=(1,))
            (bn): BatchNorm1d(208, eps=1e-05, momentum=0.1, affine=True, track_running_stats=True)
          )
        )
        (branch3): Sequential(
          (0): ConvBlock(
            (conv): Conv1d(480, 16, kernel_size=(1,), stride=(1,))
            (bn): BatchNorm1d(16, eps=1e-05, momentum=0.1, affine=True, track_running_stats=True)
          )
          (1): ConvBlock(
            (conv): Conv1d(16, 48, kernel_size=(5,), stride=(1,), padding=(2,))
            (bn): BatchNorm1d(48, eps=1e-05, momentum=0.1, affine=True, track_running_stats=True)
          )
        )
        (branch4): Sequential(
          (0): MaxPool2d(kernel_size=3, stride=1, padding=1, dilation=1, ceil_mode=False)
          (1): ConvBlock(
            (conv): Conv1d(480, 64, kernel_size=(1,), stride=(1,))
            (bn): BatchNorm1d(64, eps=1e-05, momentum=0.1, affine=True, track_running_stats=True)
          )
        )
      )
      (inception4b): InceptionBlock(
        (branch1): ConvBlock(
          (conv): Conv1d(512, 32, kernel_size=(1,), stride=(1,))
          (bn): BatchNorm1d(32, eps=1e-05, momentum=0.1, affine=True, track_running_stats=True)
        )
        (branch2): Sequential(
          (0): ConvBlock(
            (conv): Conv1d(512, 112, kernel_size=(1,), stride=(1,))
            (bn): BatchNorm1d(112, eps=1e-05, momentum=0.1, affine=True, track_running_stats=True)
          )
          (1): ConvBlock(
            (conv): Conv1d(112, 32, kernel_size=(3,), stride=(1,), padding=(1,))
            (bn): BatchNorm1d(32, eps=1e-05, momentum=0.1, affine=True, track_running_stats=True)
          )
        )
        (branch3): Sequential(
          (0): ConvBlock(
            (conv): Conv1d(512, 24, kernel_size=(1,), stride=(1,))
            (bn): BatchNorm1d(24, eps=1e-05, momentum=0.1, affine=True, track_running_stats=True)
          )
          (1): ConvBlock(
            (conv): Conv1d(24, 64, kernel_size=(5,), stride=(1,), padding=(2,))
            (bn): BatchNorm1d(64, eps=1e-05, momentum=0.1, affine=True, track_running_stats=True)
          )
        )
        (branch4): Sequential(
          (0): MaxPool2d(kernel_size=3, stride=1, padding=1, dilation=1, ceil_mode=False)
          (1): ConvBlock(
            (conv): Conv1d(512, 32, kernel_size=(1,), stride=(1,))
            (bn): BatchNorm1d(32, eps=1e-05, momentum=0.1, affine=True, track_running_stats=True)
          )
        )
      )
      (avgpool): AvgPool1d(kernel_size=(5,), stride=(1,), padding=(0,))
      (fc_resnet): Linear(in_features=8480, out_features=5400, bias=True)
      (fc_out): Linear(in_features=5400, out_features=1, bias=True)
      (relu): ReLU()
    )
    (hidden_3): DownstreamInceptionResnetBlock(
      (conv1): ConvBlock(
        (conv): Conv1d(12, 64, kernel_size=(7,), stride=(2,), padding=(3,))
        (bn): BatchNorm1d(64, eps=1e-05, momentum=0.1, affine=True, track_running_stats=True)
      )
      (conv2): ConvBlock(
        (conv): Conv1d(64, 128, kernel_size=(3,), stride=(1,), padding=(1,))
        (bn): BatchNorm1d(128, eps=1e-05, momentum=0.1, affine=True, track_running_stats=True)
      )
      (maxpool): MaxPool1d(kernel_size=3, stride=2, padding=1, dilation=1, ceil_mode=False)
      (inception3a): InceptionBlock(
        (branch1): ConvBlock(
          (conv): Conv1d(128, 64, kernel_size=(1,), stride=(1,))
          (bn): BatchNorm1d(64, eps=1e-05, momentum=0.1, affine=True, track_running_stats=True)
        )
        (branch2): Sequential(
          (0): ConvBlock(
            (conv): Conv1d(128, 96, kernel_size=(1,), stride=(1,))
            (bn): BatchNorm1d(96, eps=1e-05, momentum=0.1, affine=True, track_running_stats=True)
          )
          (1): ConvBlock(
            (conv): Conv1d(96, 128, kernel_size=(3,), stride=(1,), padding=(1,))
            (bn): BatchNorm1d(128, eps=1e-05, momentum=0.1, affine=True, track_running_stats=True)
          )
        )
        (branch3): Sequential(
          (0): ConvBlock(
            (conv): Conv1d(128, 16, kernel_size=(1,), stride=(1,))
            (bn): BatchNorm1d(16, eps=1e-05, momentum=0.1, affine=True, track_running_stats=True)
          )
          (1): ConvBlock(
            (conv): Conv1d(16, 32, kernel_size=(5,), stride=(1,), padding=(2,))
            (bn): BatchNorm1d(32, eps=1e-05, momentum=0.1, affine=True, track_running_stats=True)
          )
        )
        (branch4): Sequential(
          (0): MaxPool2d(kernel_size=3, stride=1, padding=1, dilation=1, ceil_mode=False)
          (1): ConvBlock(
            (conv): Conv1d(128, 32, kernel_size=(1,), stride=(1,))
            (bn): BatchNorm1d(32, eps=1e-05, momentum=0.1, affine=True, track_running_stats=True)
          )
        )
      )
      (inception3b): InceptionBlock(
        (branch1): ConvBlock(
          (conv): Conv1d(256, 128, kernel_size=(1,), stride=(1,))
          (bn): BatchNorm1d(128, eps=1e-05, momentum=0.1, affine=True, track_running_stats=True)
        )
        (branch2): Sequential(
          (0): ConvBlock(
            (conv): Conv1d(256, 128, kernel_size=(1,), stride=(1,))
            (bn): BatchNorm1d(128, eps=1e-05, momentum=0.1, affine=True, track_running_stats=True)
          )
          (1): ConvBlock(
            (conv): Conv1d(128, 192, kernel_size=(3,), stride=(1,), padding=(1,))
            (bn): BatchNorm1d(192, eps=1e-05, momentum=0.1, affine=True, track_running_stats=True)
          )
        )
        (branch3): Sequential(
          (0): ConvBlock(
            (conv): Conv1d(256, 32, kernel_size=(1,), stride=(1,))
            (bn): BatchNorm1d(32, eps=1e-05, momentum=0.1, affine=True, track_running_stats=True)
          )
          (1): ConvBlock(
            (conv): Conv1d(32, 96, kernel_size=(5,), stride=(1,), padding=(2,))
            (bn): BatchNorm1d(96, eps=1e-05, momentum=0.1, affine=True, track_running_stats=True)
          )
        )
        (branch4): Sequential(
          (0): MaxPool2d(kernel_size=3, stride=1, padding=1, dilation=1, ceil_mode=False)
          (1): ConvBlock(
            (conv): Conv1d(256, 64, kernel_size=(1,), stride=(1,))
            (bn): BatchNorm1d(64, eps=1e-05, momentum=0.1, affine=True, track_running_stats=True)
          )
        )
      )
      (inception4a): InceptionBlock(
        (branch1): ConvBlock(
          (conv): Conv1d(480, 192, kernel_size=(1,), stride=(1,))
          (bn): BatchNorm1d(192, eps=1e-05, momentum=0.1, affine=True, track_running_stats=True)
        )
        (branch2): Sequential(
          (0): ConvBlock(
            (conv): Conv1d(480, 96, kernel_size=(1,), stride=(1,))
            (bn): BatchNorm1d(96, eps=1e-05, momentum=0.1, affine=True, track_running_stats=True)
          )
          (1): ConvBlock(
            (conv): Conv1d(96, 208, kernel_size=(3,), stride=(1,), padding=(1,))
            (bn): BatchNorm1d(208, eps=1e-05, momentum=0.1, affine=True, track_running_stats=True)
          )
        )
        (branch3): Sequential(
          (0): ConvBlock(
            (conv): Conv1d(480, 16, kernel_size=(1,), stride=(1,))
            (bn): BatchNorm1d(16, eps=1e-05, momentum=0.1, affine=True, track_running_stats=True)
          )
          (1): ConvBlock(
            (conv): Conv1d(16, 48, kernel_size=(5,), stride=(1,), padding=(2,))
            (bn): BatchNorm1d(48, eps=1e-05, momentum=0.1, affine=True, track_running_stats=True)
          )
        )
        (branch4): Sequential(
          (0): MaxPool2d(kernel_size=3, stride=1, padding=1, dilation=1, ceil_mode=False)
          (1): ConvBlock(
            (conv): Conv1d(480, 64, kernel_size=(1,), stride=(1,))
            (bn): BatchNorm1d(64, eps=1e-05, momentum=0.1, affine=True, track_running_stats=True)
          )
        )
      )
      (inception4b): InceptionBlock(
        (branch1): ConvBlock(
          (conv): Conv1d(512, 32, kernel_size=(1,), stride=(1,))
          (bn): BatchNorm1d(32, eps=1e-05, momentum=0.1, affine=True, track_running_stats=True)
        )
        (branch2): Sequential(
          (0): ConvBlock(
            (conv): Conv1d(512, 112, kernel_size=(1,), stride=(1,))
            (bn): BatchNorm1d(112, eps=1e-05, momentum=0.1, affine=True, track_running_stats=True)
          )
          (1): ConvBlock(
            (conv): Conv1d(112, 32, kernel_size=(3,), stride=(1,), padding=(1,))
            (bn): BatchNorm1d(32, eps=1e-05, momentum=0.1, affine=True, track_running_stats=True)
          )
        )
        (branch3): Sequential(
          (0): ConvBlock(
            (conv): Conv1d(512, 24, kernel_size=(1,), stride=(1,))
            (bn): BatchNorm1d(24, eps=1e-05, momentum=0.1, affine=True, track_running_stats=True)
          )
          (1): ConvBlock(
            (conv): Conv1d(24, 64, kernel_size=(5,), stride=(1,), padding=(2,))
            (bn): BatchNorm1d(64, eps=1e-05, momentum=0.1, affine=True, track_running_stats=True)
          )
        )
        (branch4): Sequential(
          (0): MaxPool2d(kernel_size=3, stride=1, padding=1, dilation=1, ceil_mode=False)
          (1): ConvBlock(
            (conv): Conv1d(512, 32, kernel_size=(1,), stride=(1,))
            (bn): BatchNorm1d(32, eps=1e-05, momentum=0.1, affine=True, track_running_stats=True)
          )
        )
      )
      (avgpool): AvgPool1d(kernel_size=(5,), stride=(1,), padding=(0,))
      (fc_resnet): Linear(in_features=8480, out_features=5400, bias=True)
      (fc_out): Linear(in_features=5400, out_features=1, bias=True)
      (relu): ReLU()
    )
    (output): DownstreamInceptionResnetFinal(
      (conv1): ConvBlock(
        (conv): Conv1d(12, 64, kernel_size=(7,), stride=(2,), padding=(3,))
        (bn): BatchNorm1d(64, eps=1e-05, momentum=0.1, affine=True, track_running_stats=True)
      )
      (conv2): ConvBlock(
        (conv): Conv1d(64, 128, kernel_size=(3,), stride=(1,), padding=(1,))
        (bn): BatchNorm1d(128, eps=1e-05, momentum=0.1, affine=True, track_running_stats=True)
      )
      (maxpool): MaxPool1d(kernel_size=3, stride=2, padding=1, dilation=1, ceil_mode=False)
      (inception3a): InceptionBlock(
        (branch1): ConvBlock(
          (conv): Conv1d(128, 64, kernel_size=(1,), stride=(1,))
          (bn): BatchNorm1d(64, eps=1e-05, momentum=0.1, affine=True, track_running_stats=True)
        )
        (branch2): Sequential(
          (0): ConvBlock(
            (conv): Conv1d(128, 96, kernel_size=(1,), stride=(1,))
            (bn): BatchNorm1d(96, eps=1e-05, momentum=0.1, affine=True, track_running_stats=True)
          )
          (1): ConvBlock(
            (conv): Conv1d(96, 128, kernel_size=(3,), stride=(1,), padding=(1,))
            (bn): BatchNorm1d(128, eps=1e-05, momentum=0.1, affine=True, track_running_stats=True)
          )
        )
        (branch3): Sequential(
          (0): ConvBlock(
            (conv): Conv1d(128, 16, kernel_size=(1,), stride=(1,))
            (bn): BatchNorm1d(16, eps=1e-05, momentum=0.1, affine=True, track_running_stats=True)
          )
          (1): ConvBlock(
            (conv): Conv1d(16, 32, kernel_size=(5,), stride=(1,), padding=(2,))
            (bn): BatchNorm1d(32, eps=1e-05, momentum=0.1, affine=True, track_running_stats=True)
          )
        )
        (branch4): Sequential(
          (0): MaxPool2d(kernel_size=3, stride=1, padding=1, dilation=1, ceil_mode=False)
          (1): ConvBlock(
            (conv): Conv1d(128, 32, kernel_size=(1,), stride=(1,))
            (bn): BatchNorm1d(32, eps=1e-05, momentum=0.1, affine=True, track_running_stats=True)
          )
        )
      )
      (inception3b): InceptionBlock(
        (branch1): ConvBlock(
          (conv): Conv1d(256, 128, kernel_size=(1,), stride=(1,))
          (bn): BatchNorm1d(128, eps=1e-05, momentum=0.1, affine=True, track_running_stats=True)
        )
        (branch2): Sequential(
          (0): ConvBlock(
            (conv): Conv1d(256, 128, kernel_size=(1,), stride=(1,))
            (bn): BatchNorm1d(128, eps=1e-05, momentum=0.1, affine=True, track_running_stats=True)
          )
          (1): ConvBlock(
            (conv): Conv1d(128, 192, kernel_size=(3,), stride=(1,), padding=(1,))
            (bn): BatchNorm1d(192, eps=1e-05, momentum=0.1, affine=True, track_running_stats=True)
          )
        )
        (branch3): Sequential(
          (0): ConvBlock(
            (conv): Conv1d(256, 32, kernel_size=(1,), stride=(1,))
            (bn): BatchNorm1d(32, eps=1e-05, momentum=0.1, affine=True, track_running_stats=True)
          )
          (1): ConvBlock(
            (conv): Conv1d(32, 96, kernel_size=(5,), stride=(1,), padding=(2,))
            (bn): BatchNorm1d(96, eps=1e-05, momentum=0.1, affine=True, track_running_stats=True)
          )
        )
        (branch4): Sequential(
          (0): MaxPool2d(kernel_size=3, stride=1, padding=1, dilation=1, ceil_mode=False)
          (1): ConvBlock(
            (conv): Conv1d(256, 64, kernel_size=(1,), stride=(1,))
            (bn): BatchNorm1d(64, eps=1e-05, momentum=0.1, affine=True, track_running_stats=True)
          )
        )
      )
      (inception4a): InceptionBlock(
        (branch1): ConvBlock(
          (conv): Conv1d(480, 192, kernel_size=(1,), stride=(1,))
          (bn): BatchNorm1d(192, eps=1e-05, momentum=0.1, affine=True, track_running_stats=True)
        )
        (branch2): Sequential(
          (0): ConvBlock(
            (conv): Conv1d(480, 96, kernel_size=(1,), stride=(1,))
            (bn): BatchNorm1d(96, eps=1e-05, momentum=0.1, affine=True, track_running_stats=True)
          )
          (1): ConvBlock(
            (conv): Conv1d(96, 208, kernel_size=(3,), stride=(1,), padding=(1,))
            (bn): BatchNorm1d(208, eps=1e-05, momentum=0.1, affine=True, track_running_stats=True)
          )
        )
        (branch3): Sequential(
          (0): ConvBlock(
            (conv): Conv1d(480, 16, kernel_size=(1,), stride=(1,))
            (bn): BatchNorm1d(16, eps=1e-05, momentum=0.1, affine=True, track_running_stats=True)
          )
          (1): ConvBlock(
            (conv): Conv1d(16, 48, kernel_size=(5,), stride=(1,), padding=(2,))
            (bn): BatchNorm1d(48, eps=1e-05, momentum=0.1, affine=True, track_running_stats=True)
          )
        )
        (branch4): Sequential(
          (0): MaxPool2d(kernel_size=3, stride=1, padding=1, dilation=1, ceil_mode=False)
          (1): ConvBlock(
            (conv): Conv1d(480, 64, kernel_size=(1,), stride=(1,))
            (bn): BatchNorm1d(64, eps=1e-05, momentum=0.1, affine=True, track_running_stats=True)
          )
        )
      )
      (inception4b): InceptionBlock(
        (branch1): ConvBlock(
          (conv): Conv1d(512, 32, kernel_size=(1,), stride=(1,))
          (bn): BatchNorm1d(32, eps=1e-05, momentum=0.1, affine=True, track_running_stats=True)
        )
        (branch2): Sequential(
          (0): ConvBlock(
            (conv): Conv1d(512, 112, kernel_size=(1,), stride=(1,))
            (bn): BatchNorm1d(112, eps=1e-05, momentum=0.1, affine=True, track_running_stats=True)
          )
          (1): ConvBlock(
            (conv): Conv1d(112, 32, kernel_size=(3,), stride=(1,), padding=(1,))
            (bn): BatchNorm1d(32, eps=1e-05, momentum=0.1, affine=True, track_running_stats=True)
          )
        )
        (branch3): Sequential(
          (0): ConvBlock(
            (conv): Conv1d(512, 24, kernel_size=(1,), stride=(1,))
            (bn): BatchNorm1d(24, eps=1e-05, momentum=0.1, affine=True, track_running_stats=True)
          )
          (1): ConvBlock(
            (conv): Conv1d(24, 64, kernel_size=(5,), stride=(1,), padding=(2,))
            (bn): BatchNorm1d(64, eps=1e-05, momentum=0.1, affine=True, track_running_stats=True)
          )
        )
        (branch4): Sequential(
          (0): MaxPool2d(kernel_size=3, stride=1, padding=1, dilation=1, ceil_mode=False)
          (1): ConvBlock(
            (conv): Conv1d(512, 32, kernel_size=(1,), stride=(1,))
            (bn): BatchNorm1d(32, eps=1e-05, momentum=0.1, affine=True, track_running_stats=True)
          )
        )
      )
      (avgpool): AvgPool1d(kernel_size=(5,), stride=(1,), padding=(0,))
      (dropout): Dropout(p=0.5, inplace=False)
      (fc_out): Linear(in_features=8480, out_features=1, bias=True)
      (sigmoid): Sigmoid()
    )
  )
)
2023-12-28 18:50 - INFO - * -----------
2023-12-28 18:50 - INFO - Evaluating model based on: rocauc
2023-12-28 18:50 - INFO - Training..

2023-12-28 19:00 - INFO - ---------------------------------------------
2023-12-28 19:00 - INFO - Epoch: 01 | Time: 10m 11s
2023-12-28 19:00 - INFO - 	 New best val_rocauc loss was found, current best value is 0.57463
2023-12-28 19:00 - INFO - 	 Train Loss: 0.566
2023-12-28 19:00 - INFO - 	 Val. Loss: 0.547
2023-12-28 19:00 - INFO - 	 ROC-AUC: 0.575
2023-12-28 19:00 - INFO - 	 PR-AUC: 0.313
2023-12-28 19:00 - INFO - 	 Recall for 0.4 precision: 0.134
2023-12-28 19:00 - INFO - 	 Best Val. Loss: 0.547
2023-12-28 19:00 - INFO - 	 Best ROC-AUC: 0.575
2023-12-28 19:00 - INFO - 	 Best PR-AUC: 0.313
2023-12-28 19:00 - INFO - 	 Best Recall for 0.4 precision: 0.134
2023-12-28 19:00 - INFO - ---------------------------------------------
2023-12-28 19:10 - INFO - ---------------------------------------------
2023-12-28 19:10 - INFO - Epoch: 02 | Time: 9m 54s
2023-12-28 19:10 - INFO - 	 New best val_rocauc loss was found, current best value is 0.70239
2023-12-28 19:10 - INFO - 	 Train Loss: 0.523
2023-12-28 19:10 - INFO - 	 Val. Loss: 0.511
2023-12-28 19:10 - INFO - 	 ROC-AUC: 0.702
2023-12-28 19:10 - INFO - 	 PR-AUC: 0.420
2023-12-28 19:10 - INFO - 	 Recall for 0.4 precision: 0.550
2023-12-28 19:10 - INFO - 	 Best Val. Loss: 0.511
2023-12-28 19:10 - INFO - 	 Best ROC-AUC: 0.702
2023-12-28 19:10 - INFO - 	 Best PR-AUC: 0.420
2023-12-28 19:10 - INFO - 	 Best Recall for 0.4 precision: 0.550
2023-12-28 19:10 - INFO - ---------------------------------------------
2023-12-28 19:18 - INFO - ---------------------------------------------
2023-12-28 19:18 - INFO - Epoch: 03 | Time: 7m 31s
2023-12-28 19:18 - INFO - 	 New best val_rocauc loss was found, current best value is 0.71459
2023-12-28 19:18 - INFO - 	 Train Loss: 0.507
2023-12-28 19:18 - INFO - 	 Val. Loss: 0.502
2023-12-28 19:18 - INFO - 	 ROC-AUC: 0.715
2023-12-28 19:18 - INFO - 	 PR-AUC: 0.437
2023-12-28 19:18 - INFO - 	 Recall for 0.4 precision: 0.000
2023-12-28 19:18 - INFO - 	 Best Val. Loss: 0.502
2023-12-28 19:18 - INFO - 	 Best ROC-AUC: 0.715
2023-12-28 19:18 - INFO - 	 Best PR-AUC: 0.437
2023-12-28 19:18 - INFO - 	 Best Recall for 0.4 precision: 0.550
2023-12-28 19:18 - INFO - ---------------------------------------------
2023-12-28 19:27 - INFO - ---------------------------------------------
2023-12-28 19:27 - INFO - Epoch: 04 | Time: 8m 56s
2023-12-28 19:27 - INFO - 	 Train Loss: 0.502
2023-12-28 19:27 - INFO - 	 Val. Loss: 0.520
2023-12-28 19:27 - INFO - 	 ROC-AUC: 0.711
2023-12-28 19:27 - INFO - 	 PR-AUC: 0.425
2023-12-28 19:27 - INFO - 	 Recall for 0.4 precision: 0.590
2023-12-28 19:27 - INFO - 	 Best Val. Loss: 0.502
2023-12-28 19:27 - INFO - 	 Best ROC-AUC: 0.715
2023-12-28 19:27 - INFO - 	 Best PR-AUC: 0.437
2023-12-28 19:27 - INFO - 	 Best Recall for 0.4 precision: 0.590
2023-12-28 19:27 - INFO - ---------------------------------------------
2023-12-28 19:34 - INFO - ---------------------------------------------
2023-12-28 19:34 - INFO - Epoch: 05 | Time: 6m 35s
2023-12-28 19:34 - INFO - 	 New best val_rocauc loss was found, current best value is 0.72361
2023-12-28 19:34 - INFO - 	 Train Loss: 0.500
2023-12-28 19:34 - INFO - 	 Val. Loss: 0.497
2023-12-28 19:34 - INFO - 	 ROC-AUC: 0.724
2023-12-28 19:34 - INFO - 	 PR-AUC: 0.448
2023-12-28 19:34 - INFO - 	 Recall for 0.4 precision: 0.630
2023-12-28 19:34 - INFO - 	 Best Val. Loss: 0.497
2023-12-28 19:34 - INFO - 	 Best ROC-AUC: 0.724
2023-12-28 19:34 - INFO - 	 Best PR-AUC: 0.448
2023-12-28 19:34 - INFO - 	 Best Recall for 0.4 precision: 0.630
2023-12-28 19:34 - INFO - ---------------------------------------------
2023-12-28 19:41 - INFO - ---------------------------------------------
2023-12-28 19:41 - INFO - Epoch: 06 | Time: 6m 59s
2023-12-28 19:41 - INFO - 	 New best val_rocauc loss was found, current best value is 0.72396
2023-12-28 19:41 - INFO - 	 Train Loss: 0.500
2023-12-28 19:41 - INFO - 	 Val. Loss: 0.500
2023-12-28 19:41 - INFO - 	 ROC-AUC: 0.724
2023-12-28 19:41 - INFO - 	 PR-AUC: 0.446
2023-12-28 19:41 - INFO - 	 Recall for 0.4 precision: 0.635
2023-12-28 19:41 - INFO - 	 Best Val. Loss: 0.497
2023-12-28 19:41 - INFO - 	 Best ROC-AUC: 0.724
2023-12-28 19:41 - INFO - 	 Best PR-AUC: 0.448
2023-12-28 19:41 - INFO - 	 Best Recall for 0.4 precision: 0.635
2023-12-28 19:41 - INFO - ---------------------------------------------
2023-12-28 19:48 - INFO - ---------------------------------------------
2023-12-28 19:48 - INFO - Epoch: 07 | Time: 6m 58s
2023-12-28 19:48 - INFO - 	 Train Loss: 0.499
2023-12-28 19:48 - INFO - 	 Val. Loss: 0.501
2023-12-28 19:48 - INFO - 	 ROC-AUC: 0.716
2023-12-28 19:48 - INFO - 	 PR-AUC: 0.436
2023-12-28 19:48 - INFO - 	 Recall for 0.4 precision: 0.611
2023-12-28 19:48 - INFO - 	 Best Val. Loss: 0.497
2023-12-28 19:48 - INFO - 	 Best ROC-AUC: 0.724
2023-12-28 19:48 - INFO - 	 Best PR-AUC: 0.448
2023-12-28 19:48 - INFO - 	 Best Recall for 0.4 precision: 0.635
2023-12-28 19:48 - INFO - ---------------------------------------------
2023-12-28 19:54 - INFO - ---------------------------------------------
2023-12-28 19:54 - INFO - Epoch: 08 | Time: 6m 32s
2023-12-28 19:54 - INFO - 	 New best val_rocauc loss was found, current best value is 0.72503
2023-12-28 19:54 - INFO - 	 Train Loss: 0.499
2023-12-28 19:54 - INFO - 	 Val. Loss: 0.497
2023-12-28 19:54 - INFO - 	 ROC-AUC: 0.725
2023-12-28 19:54 - INFO - 	 PR-AUC: 0.446
2023-12-28 19:54 - INFO - 	 Recall for 0.4 precision: 0.637
2023-12-28 19:54 - INFO - 	 Best Val. Loss: 0.497
2023-12-28 19:54 - INFO - 	 Best ROC-AUC: 0.725
2023-12-28 19:54 - INFO - 	 Best PR-AUC: 0.448
2023-12-28 19:54 - INFO - 	 Best Recall for 0.4 precision: 0.637
2023-12-28 19:54 - INFO - ---------------------------------------------
2023-12-28 20:01 - INFO - ---------------------------------------------
2023-12-28 20:01 - INFO - Epoch: 09 | Time: 7m 12s
2023-12-28 20:01 - INFO - 	 Train Loss: 0.500
2023-12-28 20:01 - INFO - 	 Val. Loss: 0.503
2023-12-28 20:01 - INFO - 	 ROC-AUC: 0.714
2023-12-28 20:01 - INFO - 	 PR-AUC: 0.437
2023-12-28 20:01 - INFO - 	 Recall for 0.4 precision: 0.593
2023-12-28 20:01 - INFO - 	 Best Val. Loss: 0.497
2023-12-28 20:01 - INFO - 	 Best ROC-AUC: 0.725
2023-12-28 20:01 - INFO - 	 Best PR-AUC: 0.448
2023-12-28 20:01 - INFO - 	 Best Recall for 0.4 precision: 0.637
2023-12-28 20:01 - INFO - ---------------------------------------------
2023-12-28 20:08 - INFO - ---------------------------------------------
2023-12-28 20:08 - INFO - Epoch: 10 | Time: 6m 32s
2023-12-28 20:08 - INFO - 	 Train Loss: 0.499
2023-12-28 20:08 - INFO - 	 Val. Loss: 0.506
2023-12-28 20:08 - INFO - 	 ROC-AUC: 0.721
2023-12-28 20:08 - INFO - 	 PR-AUC: 0.446
2023-12-28 20:08 - INFO - 	 Recall for 0.4 precision: 0.609
2023-12-28 20:08 - INFO - 	 Best Val. Loss: 0.497
2023-12-28 20:08 - INFO - 	 Best ROC-AUC: 0.725
2023-12-28 20:08 - INFO - 	 Best PR-AUC: 0.448
2023-12-28 20:08 - INFO - 	 Best Recall for 0.4 precision: 0.637
2023-12-28 20:08 - INFO - ---------------------------------------------
2023-12-28 20:23 - INFO - Fit the preprocessing pipeline
2023-12-28 20:23 - INFO - Training using device: cuda
2023-12-28 20:23 - INFO - Creating generators
2023-12-28 20:23 - INFO - The model has 186,433,565 trainable parameters
2023-12-28 20:23 - INFO - * Model:
2023-12-28 20:23 - INFO - * -----------
2023-12-28 20:23 - INFO - DownstreamInceptionResnet(
  (layers): ModuleDict(
    (input): DownstreamInceptionResnetBlock(
      (conv1): ConvBlock(
        (conv): Conv1d(12, 64, kernel_size=(7,), stride=(2,), padding=(3,))
        (bn): BatchNorm1d(64, eps=1e-05, momentum=0.1, affine=True, track_running_stats=True)
      )
      (conv2): ConvBlock(
        (conv): Conv1d(64, 128, kernel_size=(3,), stride=(1,), padding=(1,))
        (bn): BatchNorm1d(128, eps=1e-05, momentum=0.1, affine=True, track_running_stats=True)
      )
      (maxpool): MaxPool1d(kernel_size=3, stride=2, padding=1, dilation=1, ceil_mode=False)
      (inception3a): InceptionBlock(
        (branch1): ConvBlock(
          (conv): Conv1d(128, 64, kernel_size=(1,), stride=(1,))
          (bn): BatchNorm1d(64, eps=1e-05, momentum=0.1, affine=True, track_running_stats=True)
        )
        (branch2): Sequential(
          (0): ConvBlock(
            (conv): Conv1d(128, 96, kernel_size=(1,), stride=(1,))
            (bn): BatchNorm1d(96, eps=1e-05, momentum=0.1, affine=True, track_running_stats=True)
          )
          (1): ConvBlock(
            (conv): Conv1d(96, 128, kernel_size=(3,), stride=(1,), padding=(1,))
            (bn): BatchNorm1d(128, eps=1e-05, momentum=0.1, affine=True, track_running_stats=True)
          )
        )
        (branch3): Sequential(
          (0): ConvBlock(
            (conv): Conv1d(128, 16, kernel_size=(1,), stride=(1,))
            (bn): BatchNorm1d(16, eps=1e-05, momentum=0.1, affine=True, track_running_stats=True)
          )
          (1): ConvBlock(
            (conv): Conv1d(16, 32, kernel_size=(5,), stride=(1,), padding=(2,))
            (bn): BatchNorm1d(32, eps=1e-05, momentum=0.1, affine=True, track_running_stats=True)
          )
        )
        (branch4): Sequential(
          (0): MaxPool2d(kernel_size=3, stride=1, padding=1, dilation=1, ceil_mode=False)
          (1): ConvBlock(
            (conv): Conv1d(128, 32, kernel_size=(1,), stride=(1,))
            (bn): BatchNorm1d(32, eps=1e-05, momentum=0.1, affine=True, track_running_stats=True)
          )
        )
      )
      (inception3b): InceptionBlock(
        (branch1): ConvBlock(
          (conv): Conv1d(256, 128, kernel_size=(1,), stride=(1,))
          (bn): BatchNorm1d(128, eps=1e-05, momentum=0.1, affine=True, track_running_stats=True)
        )
        (branch2): Sequential(
          (0): ConvBlock(
            (conv): Conv1d(256, 128, kernel_size=(1,), stride=(1,))
            (bn): BatchNorm1d(128, eps=1e-05, momentum=0.1, affine=True, track_running_stats=True)
          )
          (1): ConvBlock(
            (conv): Conv1d(128, 192, kernel_size=(3,), stride=(1,), padding=(1,))
            (bn): BatchNorm1d(192, eps=1e-05, momentum=0.1, affine=True, track_running_stats=True)
          )
        )
        (branch3): Sequential(
          (0): ConvBlock(
            (conv): Conv1d(256, 32, kernel_size=(1,), stride=(1,))
            (bn): BatchNorm1d(32, eps=1e-05, momentum=0.1, affine=True, track_running_stats=True)
          )
          (1): ConvBlock(
            (conv): Conv1d(32, 96, kernel_size=(5,), stride=(1,), padding=(2,))
            (bn): BatchNorm1d(96, eps=1e-05, momentum=0.1, affine=True, track_running_stats=True)
          )
        )
        (branch4): Sequential(
          (0): MaxPool2d(kernel_size=3, stride=1, padding=1, dilation=1, ceil_mode=False)
          (1): ConvBlock(
            (conv): Conv1d(256, 64, kernel_size=(1,), stride=(1,))
            (bn): BatchNorm1d(64, eps=1e-05, momentum=0.1, affine=True, track_running_stats=True)
          )
        )
      )
      (inception4a): InceptionBlock(
        (branch1): ConvBlock(
          (conv): Conv1d(480, 192, kernel_size=(1,), stride=(1,))
          (bn): BatchNorm1d(192, eps=1e-05, momentum=0.1, affine=True, track_running_stats=True)
        )
        (branch2): Sequential(
          (0): ConvBlock(
            (conv): Conv1d(480, 96, kernel_size=(1,), stride=(1,))
            (bn): BatchNorm1d(96, eps=1e-05, momentum=0.1, affine=True, track_running_stats=True)
          )
          (1): ConvBlock(
            (conv): Conv1d(96, 208, kernel_size=(3,), stride=(1,), padding=(1,))
            (bn): BatchNorm1d(208, eps=1e-05, momentum=0.1, affine=True, track_running_stats=True)
          )
        )
        (branch3): Sequential(
          (0): ConvBlock(
            (conv): Conv1d(480, 16, kernel_size=(1,), stride=(1,))
            (bn): BatchNorm1d(16, eps=1e-05, momentum=0.1, affine=True, track_running_stats=True)
          )
          (1): ConvBlock(
            (conv): Conv1d(16, 48, kernel_size=(5,), stride=(1,), padding=(2,))
            (bn): BatchNorm1d(48, eps=1e-05, momentum=0.1, affine=True, track_running_stats=True)
          )
        )
        (branch4): Sequential(
          (0): MaxPool2d(kernel_size=3, stride=1, padding=1, dilation=1, ceil_mode=False)
          (1): ConvBlock(
            (conv): Conv1d(480, 64, kernel_size=(1,), stride=(1,))
            (bn): BatchNorm1d(64, eps=1e-05, momentum=0.1, affine=True, track_running_stats=True)
          )
        )
      )
      (inception4b): InceptionBlock(
        (branch1): ConvBlock(
          (conv): Conv1d(512, 32, kernel_size=(1,), stride=(1,))
          (bn): BatchNorm1d(32, eps=1e-05, momentum=0.1, affine=True, track_running_stats=True)
        )
        (branch2): Sequential(
          (0): ConvBlock(
            (conv): Conv1d(512, 112, kernel_size=(1,), stride=(1,))
            (bn): BatchNorm1d(112, eps=1e-05, momentum=0.1, affine=True, track_running_stats=True)
          )
          (1): ConvBlock(
            (conv): Conv1d(112, 32, kernel_size=(3,), stride=(1,), padding=(1,))
            (bn): BatchNorm1d(32, eps=1e-05, momentum=0.1, affine=True, track_running_stats=True)
          )
        )
        (branch3): Sequential(
          (0): ConvBlock(
            (conv): Conv1d(512, 24, kernel_size=(1,), stride=(1,))
            (bn): BatchNorm1d(24, eps=1e-05, momentum=0.1, affine=True, track_running_stats=True)
          )
          (1): ConvBlock(
            (conv): Conv1d(24, 64, kernel_size=(5,), stride=(1,), padding=(2,))
            (bn): BatchNorm1d(64, eps=1e-05, momentum=0.1, affine=True, track_running_stats=True)
          )
        )
        (branch4): Sequential(
          (0): MaxPool2d(kernel_size=3, stride=1, padding=1, dilation=1, ceil_mode=False)
          (1): ConvBlock(
            (conv): Conv1d(512, 32, kernel_size=(1,), stride=(1,))
            (bn): BatchNorm1d(32, eps=1e-05, momentum=0.1, affine=True, track_running_stats=True)
          )
        )
      )
      (avgpool): AvgPool1d(kernel_size=(5,), stride=(1,), padding=(0,))
      (fc_resnet): Linear(in_features=8480, out_features=5400, bias=True)
      (fc_out): Linear(in_features=5400, out_features=1, bias=True)
      (relu): ReLU()
    )
    (hidden_1): DownstreamInceptionResnetBlock(
      (conv1): ConvBlock(
        (conv): Conv1d(12, 64, kernel_size=(7,), stride=(2,), padding=(3,))
        (bn): BatchNorm1d(64, eps=1e-05, momentum=0.1, affine=True, track_running_stats=True)
      )
      (conv2): ConvBlock(
        (conv): Conv1d(64, 128, kernel_size=(3,), stride=(1,), padding=(1,))
        (bn): BatchNorm1d(128, eps=1e-05, momentum=0.1, affine=True, track_running_stats=True)
      )
      (maxpool): MaxPool1d(kernel_size=3, stride=2, padding=1, dilation=1, ceil_mode=False)
      (inception3a): InceptionBlock(
        (branch1): ConvBlock(
          (conv): Conv1d(128, 64, kernel_size=(1,), stride=(1,))
          (bn): BatchNorm1d(64, eps=1e-05, momentum=0.1, affine=True, track_running_stats=True)
        )
        (branch2): Sequential(
          (0): ConvBlock(
            (conv): Conv1d(128, 96, kernel_size=(1,), stride=(1,))
            (bn): BatchNorm1d(96, eps=1e-05, momentum=0.1, affine=True, track_running_stats=True)
          )
          (1): ConvBlock(
            (conv): Conv1d(96, 128, kernel_size=(3,), stride=(1,), padding=(1,))
            (bn): BatchNorm1d(128, eps=1e-05, momentum=0.1, affine=True, track_running_stats=True)
          )
        )
        (branch3): Sequential(
          (0): ConvBlock(
            (conv): Conv1d(128, 16, kernel_size=(1,), stride=(1,))
            (bn): BatchNorm1d(16, eps=1e-05, momentum=0.1, affine=True, track_running_stats=True)
          )
          (1): ConvBlock(
            (conv): Conv1d(16, 32, kernel_size=(5,), stride=(1,), padding=(2,))
            (bn): BatchNorm1d(32, eps=1e-05, momentum=0.1, affine=True, track_running_stats=True)
          )
        )
        (branch4): Sequential(
          (0): MaxPool2d(kernel_size=3, stride=1, padding=1, dilation=1, ceil_mode=False)
          (1): ConvBlock(
            (conv): Conv1d(128, 32, kernel_size=(1,), stride=(1,))
            (bn): BatchNorm1d(32, eps=1e-05, momentum=0.1, affine=True, track_running_stats=True)
          )
        )
      )
      (inception3b): InceptionBlock(
        (branch1): ConvBlock(
          (conv): Conv1d(256, 128, kernel_size=(1,), stride=(1,))
          (bn): BatchNorm1d(128, eps=1e-05, momentum=0.1, affine=True, track_running_stats=True)
        )
        (branch2): Sequential(
          (0): ConvBlock(
            (conv): Conv1d(256, 128, kernel_size=(1,), stride=(1,))
            (bn): BatchNorm1d(128, eps=1e-05, momentum=0.1, affine=True, track_running_stats=True)
          )
          (1): ConvBlock(
            (conv): Conv1d(128, 192, kernel_size=(3,), stride=(1,), padding=(1,))
            (bn): BatchNorm1d(192, eps=1e-05, momentum=0.1, affine=True, track_running_stats=True)
          )
        )
        (branch3): Sequential(
          (0): ConvBlock(
            (conv): Conv1d(256, 32, kernel_size=(1,), stride=(1,))
            (bn): BatchNorm1d(32, eps=1e-05, momentum=0.1, affine=True, track_running_stats=True)
          )
          (1): ConvBlock(
            (conv): Conv1d(32, 96, kernel_size=(5,), stride=(1,), padding=(2,))
            (bn): BatchNorm1d(96, eps=1e-05, momentum=0.1, affine=True, track_running_stats=True)
          )
        )
        (branch4): Sequential(
          (0): MaxPool2d(kernel_size=3, stride=1, padding=1, dilation=1, ceil_mode=False)
          (1): ConvBlock(
            (conv): Conv1d(256, 64, kernel_size=(1,), stride=(1,))
            (bn): BatchNorm1d(64, eps=1e-05, momentum=0.1, affine=True, track_running_stats=True)
          )
        )
      )
      (inception4a): InceptionBlock(
        (branch1): ConvBlock(
          (conv): Conv1d(480, 192, kernel_size=(1,), stride=(1,))
          (bn): BatchNorm1d(192, eps=1e-05, momentum=0.1, affine=True, track_running_stats=True)
        )
        (branch2): Sequential(
          (0): ConvBlock(
            (conv): Conv1d(480, 96, kernel_size=(1,), stride=(1,))
            (bn): BatchNorm1d(96, eps=1e-05, momentum=0.1, affine=True, track_running_stats=True)
          )
          (1): ConvBlock(
            (conv): Conv1d(96, 208, kernel_size=(3,), stride=(1,), padding=(1,))
            (bn): BatchNorm1d(208, eps=1e-05, momentum=0.1, affine=True, track_running_stats=True)
          )
        )
        (branch3): Sequential(
          (0): ConvBlock(
            (conv): Conv1d(480, 16, kernel_size=(1,), stride=(1,))
            (bn): BatchNorm1d(16, eps=1e-05, momentum=0.1, affine=True, track_running_stats=True)
          )
          (1): ConvBlock(
            (conv): Conv1d(16, 48, kernel_size=(5,), stride=(1,), padding=(2,))
            (bn): BatchNorm1d(48, eps=1e-05, momentum=0.1, affine=True, track_running_stats=True)
          )
        )
        (branch4): Sequential(
          (0): MaxPool2d(kernel_size=3, stride=1, padding=1, dilation=1, ceil_mode=False)
          (1): ConvBlock(
            (conv): Conv1d(480, 64, kernel_size=(1,), stride=(1,))
            (bn): BatchNorm1d(64, eps=1e-05, momentum=0.1, affine=True, track_running_stats=True)
          )
        )
      )
      (inception4b): InceptionBlock(
        (branch1): ConvBlock(
          (conv): Conv1d(512, 32, kernel_size=(1,), stride=(1,))
          (bn): BatchNorm1d(32, eps=1e-05, momentum=0.1, affine=True, track_running_stats=True)
        )
        (branch2): Sequential(
          (0): ConvBlock(
            (conv): Conv1d(512, 112, kernel_size=(1,), stride=(1,))
            (bn): BatchNorm1d(112, eps=1e-05, momentum=0.1, affine=True, track_running_stats=True)
          )
          (1): ConvBlock(
            (conv): Conv1d(112, 32, kernel_size=(3,), stride=(1,), padding=(1,))
            (bn): BatchNorm1d(32, eps=1e-05, momentum=0.1, affine=True, track_running_stats=True)
          )
        )
        (branch3): Sequential(
          (0): ConvBlock(
            (conv): Conv1d(512, 24, kernel_size=(1,), stride=(1,))
            (bn): BatchNorm1d(24, eps=1e-05, momentum=0.1, affine=True, track_running_stats=True)
          )
          (1): ConvBlock(
            (conv): Conv1d(24, 64, kernel_size=(5,), stride=(1,), padding=(2,))
            (bn): BatchNorm1d(64, eps=1e-05, momentum=0.1, affine=True, track_running_stats=True)
          )
        )
        (branch4): Sequential(
          (0): MaxPool2d(kernel_size=3, stride=1, padding=1, dilation=1, ceil_mode=False)
          (1): ConvBlock(
            (conv): Conv1d(512, 32, kernel_size=(1,), stride=(1,))
            (bn): BatchNorm1d(32, eps=1e-05, momentum=0.1, affine=True, track_running_stats=True)
          )
        )
      )
      (avgpool): AvgPool1d(kernel_size=(5,), stride=(1,), padding=(0,))
      (fc_resnet): Linear(in_features=8480, out_features=5400, bias=True)
      (fc_out): Linear(in_features=5400, out_features=1, bias=True)
      (relu): ReLU()
    )
    (hidden_2): DownstreamInceptionResnetBlock(
      (conv1): ConvBlock(
        (conv): Conv1d(12, 64, kernel_size=(7,), stride=(2,), padding=(3,))
        (bn): BatchNorm1d(64, eps=1e-05, momentum=0.1, affine=True, track_running_stats=True)
      )
      (conv2): ConvBlock(
        (conv): Conv1d(64, 128, kernel_size=(3,), stride=(1,), padding=(1,))
        (bn): BatchNorm1d(128, eps=1e-05, momentum=0.1, affine=True, track_running_stats=True)
      )
      (maxpool): MaxPool1d(kernel_size=3, stride=2, padding=1, dilation=1, ceil_mode=False)
      (inception3a): InceptionBlock(
        (branch1): ConvBlock(
          (conv): Conv1d(128, 64, kernel_size=(1,), stride=(1,))
          (bn): BatchNorm1d(64, eps=1e-05, momentum=0.1, affine=True, track_running_stats=True)
        )
        (branch2): Sequential(
          (0): ConvBlock(
            (conv): Conv1d(128, 96, kernel_size=(1,), stride=(1,))
            (bn): BatchNorm1d(96, eps=1e-05, momentum=0.1, affine=True, track_running_stats=True)
          )
          (1): ConvBlock(
            (conv): Conv1d(96, 128, kernel_size=(3,), stride=(1,), padding=(1,))
            (bn): BatchNorm1d(128, eps=1e-05, momentum=0.1, affine=True, track_running_stats=True)
          )
        )
        (branch3): Sequential(
          (0): ConvBlock(
            (conv): Conv1d(128, 16, kernel_size=(1,), stride=(1,))
            (bn): BatchNorm1d(16, eps=1e-05, momentum=0.1, affine=True, track_running_stats=True)
          )
          (1): ConvBlock(
            (conv): Conv1d(16, 32, kernel_size=(5,), stride=(1,), padding=(2,))
            (bn): BatchNorm1d(32, eps=1e-05, momentum=0.1, affine=True, track_running_stats=True)
          )
        )
        (branch4): Sequential(
          (0): MaxPool2d(kernel_size=3, stride=1, padding=1, dilation=1, ceil_mode=False)
          (1): ConvBlock(
            (conv): Conv1d(128, 32, kernel_size=(1,), stride=(1,))
            (bn): BatchNorm1d(32, eps=1e-05, momentum=0.1, affine=True, track_running_stats=True)
          )
        )
      )
      (inception3b): InceptionBlock(
        (branch1): ConvBlock(
          (conv): Conv1d(256, 128, kernel_size=(1,), stride=(1,))
          (bn): BatchNorm1d(128, eps=1e-05, momentum=0.1, affine=True, track_running_stats=True)
        )
        (branch2): Sequential(
          (0): ConvBlock(
            (conv): Conv1d(256, 128, kernel_size=(1,), stride=(1,))
            (bn): BatchNorm1d(128, eps=1e-05, momentum=0.1, affine=True, track_running_stats=True)
          )
          (1): ConvBlock(
            (conv): Conv1d(128, 192, kernel_size=(3,), stride=(1,), padding=(1,))
            (bn): BatchNorm1d(192, eps=1e-05, momentum=0.1, affine=True, track_running_stats=True)
          )
        )
        (branch3): Sequential(
          (0): ConvBlock(
            (conv): Conv1d(256, 32, kernel_size=(1,), stride=(1,))
            (bn): BatchNorm1d(32, eps=1e-05, momentum=0.1, affine=True, track_running_stats=True)
          )
          (1): ConvBlock(
            (conv): Conv1d(32, 96, kernel_size=(5,), stride=(1,), padding=(2,))
            (bn): BatchNorm1d(96, eps=1e-05, momentum=0.1, affine=True, track_running_stats=True)
          )
        )
        (branch4): Sequential(
          (0): MaxPool2d(kernel_size=3, stride=1, padding=1, dilation=1, ceil_mode=False)
          (1): ConvBlock(
            (conv): Conv1d(256, 64, kernel_size=(1,), stride=(1,))
            (bn): BatchNorm1d(64, eps=1e-05, momentum=0.1, affine=True, track_running_stats=True)
          )
        )
      )
      (inception4a): InceptionBlock(
        (branch1): ConvBlock(
          (conv): Conv1d(480, 192, kernel_size=(1,), stride=(1,))
          (bn): BatchNorm1d(192, eps=1e-05, momentum=0.1, affine=True, track_running_stats=True)
        )
        (branch2): Sequential(
          (0): ConvBlock(
            (conv): Conv1d(480, 96, kernel_size=(1,), stride=(1,))
            (bn): BatchNorm1d(96, eps=1e-05, momentum=0.1, affine=True, track_running_stats=True)
          )
          (1): ConvBlock(
            (conv): Conv1d(96, 208, kernel_size=(3,), stride=(1,), padding=(1,))
            (bn): BatchNorm1d(208, eps=1e-05, momentum=0.1, affine=True, track_running_stats=True)
          )
        )
        (branch3): Sequential(
          (0): ConvBlock(
            (conv): Conv1d(480, 16, kernel_size=(1,), stride=(1,))
            (bn): BatchNorm1d(16, eps=1e-05, momentum=0.1, affine=True, track_running_stats=True)
          )
          (1): ConvBlock(
            (conv): Conv1d(16, 48, kernel_size=(5,), stride=(1,), padding=(2,))
            (bn): BatchNorm1d(48, eps=1e-05, momentum=0.1, affine=True, track_running_stats=True)
          )
        )
        (branch4): Sequential(
          (0): MaxPool2d(kernel_size=3, stride=1, padding=1, dilation=1, ceil_mode=False)
          (1): ConvBlock(
            (conv): Conv1d(480, 64, kernel_size=(1,), stride=(1,))
            (bn): BatchNorm1d(64, eps=1e-05, momentum=0.1, affine=True, track_running_stats=True)
          )
        )
      )
      (inception4b): InceptionBlock(
        (branch1): ConvBlock(
          (conv): Conv1d(512, 32, kernel_size=(1,), stride=(1,))
          (bn): BatchNorm1d(32, eps=1e-05, momentum=0.1, affine=True, track_running_stats=True)
        )
        (branch2): Sequential(
          (0): ConvBlock(
            (conv): Conv1d(512, 112, kernel_size=(1,), stride=(1,))
            (bn): BatchNorm1d(112, eps=1e-05, momentum=0.1, affine=True, track_running_stats=True)
          )
          (1): ConvBlock(
            (conv): Conv1d(112, 32, kernel_size=(3,), stride=(1,), padding=(1,))
            (bn): BatchNorm1d(32, eps=1e-05, momentum=0.1, affine=True, track_running_stats=True)
          )
        )
        (branch3): Sequential(
          (0): ConvBlock(
            (conv): Conv1d(512, 24, kernel_size=(1,), stride=(1,))
            (bn): BatchNorm1d(24, eps=1e-05, momentum=0.1, affine=True, track_running_stats=True)
          )
          (1): ConvBlock(
            (conv): Conv1d(24, 64, kernel_size=(5,), stride=(1,), padding=(2,))
            (bn): BatchNorm1d(64, eps=1e-05, momentum=0.1, affine=True, track_running_stats=True)
          )
        )
        (branch4): Sequential(
          (0): MaxPool2d(kernel_size=3, stride=1, padding=1, dilation=1, ceil_mode=False)
          (1): ConvBlock(
            (conv): Conv1d(512, 32, kernel_size=(1,), stride=(1,))
            (bn): BatchNorm1d(32, eps=1e-05, momentum=0.1, affine=True, track_running_stats=True)
          )
        )
      )
      (avgpool): AvgPool1d(kernel_size=(5,), stride=(1,), padding=(0,))
      (fc_resnet): Linear(in_features=8480, out_features=5400, bias=True)
      (fc_out): Linear(in_features=5400, out_features=1, bias=True)
      (relu): ReLU()
    )
    (hidden_3): DownstreamInceptionResnetBlock(
      (conv1): ConvBlock(
        (conv): Conv1d(12, 64, kernel_size=(7,), stride=(2,), padding=(3,))
        (bn): BatchNorm1d(64, eps=1e-05, momentum=0.1, affine=True, track_running_stats=True)
      )
      (conv2): ConvBlock(
        (conv): Conv1d(64, 128, kernel_size=(3,), stride=(1,), padding=(1,))
        (bn): BatchNorm1d(128, eps=1e-05, momentum=0.1, affine=True, track_running_stats=True)
      )
      (maxpool): MaxPool1d(kernel_size=3, stride=2, padding=1, dilation=1, ceil_mode=False)
      (inception3a): InceptionBlock(
        (branch1): ConvBlock(
          (conv): Conv1d(128, 64, kernel_size=(1,), stride=(1,))
          (bn): BatchNorm1d(64, eps=1e-05, momentum=0.1, affine=True, track_running_stats=True)
        )
        (branch2): Sequential(
          (0): ConvBlock(
            (conv): Conv1d(128, 96, kernel_size=(1,), stride=(1,))
            (bn): BatchNorm1d(96, eps=1e-05, momentum=0.1, affine=True, track_running_stats=True)
          )
          (1): ConvBlock(
            (conv): Conv1d(96, 128, kernel_size=(3,), stride=(1,), padding=(1,))
            (bn): BatchNorm1d(128, eps=1e-05, momentum=0.1, affine=True, track_running_stats=True)
          )
        )
        (branch3): Sequential(
          (0): ConvBlock(
            (conv): Conv1d(128, 16, kernel_size=(1,), stride=(1,))
            (bn): BatchNorm1d(16, eps=1e-05, momentum=0.1, affine=True, track_running_stats=True)
          )
          (1): ConvBlock(
            (conv): Conv1d(16, 32, kernel_size=(5,), stride=(1,), padding=(2,))
            (bn): BatchNorm1d(32, eps=1e-05, momentum=0.1, affine=True, track_running_stats=True)
          )
        )
        (branch4): Sequential(
          (0): MaxPool2d(kernel_size=3, stride=1, padding=1, dilation=1, ceil_mode=False)
          (1): ConvBlock(
            (conv): Conv1d(128, 32, kernel_size=(1,), stride=(1,))
            (bn): BatchNorm1d(32, eps=1e-05, momentum=0.1, affine=True, track_running_stats=True)
          )
        )
      )
      (inception3b): InceptionBlock(
        (branch1): ConvBlock(
          (conv): Conv1d(256, 128, kernel_size=(1,), stride=(1,))
          (bn): BatchNorm1d(128, eps=1e-05, momentum=0.1, affine=True, track_running_stats=True)
        )
        (branch2): Sequential(
          (0): ConvBlock(
            (conv): Conv1d(256, 128, kernel_size=(1,), stride=(1,))
            (bn): BatchNorm1d(128, eps=1e-05, momentum=0.1, affine=True, track_running_stats=True)
          )
          (1): ConvBlock(
            (conv): Conv1d(128, 192, kernel_size=(3,), stride=(1,), padding=(1,))
            (bn): BatchNorm1d(192, eps=1e-05, momentum=0.1, affine=True, track_running_stats=True)
          )
        )
        (branch3): Sequential(
          (0): ConvBlock(
            (conv): Conv1d(256, 32, kernel_size=(1,), stride=(1,))
            (bn): BatchNorm1d(32, eps=1e-05, momentum=0.1, affine=True, track_running_stats=True)
          )
          (1): ConvBlock(
            (conv): Conv1d(32, 96, kernel_size=(5,), stride=(1,), padding=(2,))
            (bn): BatchNorm1d(96, eps=1e-05, momentum=0.1, affine=True, track_running_stats=True)
          )
        )
        (branch4): Sequential(
          (0): MaxPool2d(kernel_size=3, stride=1, padding=1, dilation=1, ceil_mode=False)
          (1): ConvBlock(
            (conv): Conv1d(256, 64, kernel_size=(1,), stride=(1,))
            (bn): BatchNorm1d(64, eps=1e-05, momentum=0.1, affine=True, track_running_stats=True)
          )
        )
      )
      (inception4a): InceptionBlock(
        (branch1): ConvBlock(
          (conv): Conv1d(480, 192, kernel_size=(1,), stride=(1,))
          (bn): BatchNorm1d(192, eps=1e-05, momentum=0.1, affine=True, track_running_stats=True)
        )
        (branch2): Sequential(
          (0): ConvBlock(
            (conv): Conv1d(480, 96, kernel_size=(1,), stride=(1,))
            (bn): BatchNorm1d(96, eps=1e-05, momentum=0.1, affine=True, track_running_stats=True)
          )
          (1): ConvBlock(
            (conv): Conv1d(96, 208, kernel_size=(3,), stride=(1,), padding=(1,))
            (bn): BatchNorm1d(208, eps=1e-05, momentum=0.1, affine=True, track_running_stats=True)
          )
        )
        (branch3): Sequential(
          (0): ConvBlock(
            (conv): Conv1d(480, 16, kernel_size=(1,), stride=(1,))
            (bn): BatchNorm1d(16, eps=1e-05, momentum=0.1, affine=True, track_running_stats=True)
          )
          (1): ConvBlock(
            (conv): Conv1d(16, 48, kernel_size=(5,), stride=(1,), padding=(2,))
            (bn): BatchNorm1d(48, eps=1e-05, momentum=0.1, affine=True, track_running_stats=True)
          )
        )
        (branch4): Sequential(
          (0): MaxPool2d(kernel_size=3, stride=1, padding=1, dilation=1, ceil_mode=False)
          (1): ConvBlock(
            (conv): Conv1d(480, 64, kernel_size=(1,), stride=(1,))
            (bn): BatchNorm1d(64, eps=1e-05, momentum=0.1, affine=True, track_running_stats=True)
          )
        )
      )
      (inception4b): InceptionBlock(
        (branch1): ConvBlock(
          (conv): Conv1d(512, 32, kernel_size=(1,), stride=(1,))
          (bn): BatchNorm1d(32, eps=1e-05, momentum=0.1, affine=True, track_running_stats=True)
        )
        (branch2): Sequential(
          (0): ConvBlock(
            (conv): Conv1d(512, 112, kernel_size=(1,), stride=(1,))
            (bn): BatchNorm1d(112, eps=1e-05, momentum=0.1, affine=True, track_running_stats=True)
          )
          (1): ConvBlock(
            (conv): Conv1d(112, 32, kernel_size=(3,), stride=(1,), padding=(1,))
            (bn): BatchNorm1d(32, eps=1e-05, momentum=0.1, affine=True, track_running_stats=True)
          )
        )
        (branch3): Sequential(
          (0): ConvBlock(
            (conv): Conv1d(512, 24, kernel_size=(1,), stride=(1,))
            (bn): BatchNorm1d(24, eps=1e-05, momentum=0.1, affine=True, track_running_stats=True)
          )
          (1): ConvBlock(
            (conv): Conv1d(24, 64, kernel_size=(5,), stride=(1,), padding=(2,))
            (bn): BatchNorm1d(64, eps=1e-05, momentum=0.1, affine=True, track_running_stats=True)
          )
        )
        (branch4): Sequential(
          (0): MaxPool2d(kernel_size=3, stride=1, padding=1, dilation=1, ceil_mode=False)
          (1): ConvBlock(
            (conv): Conv1d(512, 32, kernel_size=(1,), stride=(1,))
            (bn): BatchNorm1d(32, eps=1e-05, momentum=0.1, affine=True, track_running_stats=True)
          )
        )
      )
      (avgpool): AvgPool1d(kernel_size=(5,), stride=(1,), padding=(0,))
      (fc_resnet): Linear(in_features=8480, out_features=5400, bias=True)
      (fc_out): Linear(in_features=5400, out_features=1, bias=True)
      (relu): ReLU()
    )
    (output): DownstreamInceptionResnetFinal(
      (conv1): ConvBlock(
        (conv): Conv1d(12, 64, kernel_size=(7,), stride=(2,), padding=(3,))
        (bn): BatchNorm1d(64, eps=1e-05, momentum=0.1, affine=True, track_running_stats=True)
      )
      (conv2): ConvBlock(
        (conv): Conv1d(64, 128, kernel_size=(3,), stride=(1,), padding=(1,))
        (bn): BatchNorm1d(128, eps=1e-05, momentum=0.1, affine=True, track_running_stats=True)
      )
      (maxpool): MaxPool1d(kernel_size=3, stride=2, padding=1, dilation=1, ceil_mode=False)
      (inception3a): InceptionBlock(
        (branch1): ConvBlock(
          (conv): Conv1d(128, 64, kernel_size=(1,), stride=(1,))
          (bn): BatchNorm1d(64, eps=1e-05, momentum=0.1, affine=True, track_running_stats=True)
        )
        (branch2): Sequential(
          (0): ConvBlock(
            (conv): Conv1d(128, 96, kernel_size=(1,), stride=(1,))
            (bn): BatchNorm1d(96, eps=1e-05, momentum=0.1, affine=True, track_running_stats=True)
          )
          (1): ConvBlock(
            (conv): Conv1d(96, 128, kernel_size=(3,), stride=(1,), padding=(1,))
            (bn): BatchNorm1d(128, eps=1e-05, momentum=0.1, affine=True, track_running_stats=True)
          )
        )
        (branch3): Sequential(
          (0): ConvBlock(
            (conv): Conv1d(128, 16, kernel_size=(1,), stride=(1,))
            (bn): BatchNorm1d(16, eps=1e-05, momentum=0.1, affine=True, track_running_stats=True)
          )
          (1): ConvBlock(
            (conv): Conv1d(16, 32, kernel_size=(5,), stride=(1,), padding=(2,))
            (bn): BatchNorm1d(32, eps=1e-05, momentum=0.1, affine=True, track_running_stats=True)
          )
        )
        (branch4): Sequential(
          (0): MaxPool2d(kernel_size=3, stride=1, padding=1, dilation=1, ceil_mode=False)
          (1): ConvBlock(
            (conv): Conv1d(128, 32, kernel_size=(1,), stride=(1,))
            (bn): BatchNorm1d(32, eps=1e-05, momentum=0.1, affine=True, track_running_stats=True)
          )
        )
      )
      (inception3b): InceptionBlock(
        (branch1): ConvBlock(
          (conv): Conv1d(256, 128, kernel_size=(1,), stride=(1,))
          (bn): BatchNorm1d(128, eps=1e-05, momentum=0.1, affine=True, track_running_stats=True)
        )
        (branch2): Sequential(
          (0): ConvBlock(
            (conv): Conv1d(256, 128, kernel_size=(1,), stride=(1,))
            (bn): BatchNorm1d(128, eps=1e-05, momentum=0.1, affine=True, track_running_stats=True)
          )
          (1): ConvBlock(
            (conv): Conv1d(128, 192, kernel_size=(3,), stride=(1,), padding=(1,))
            (bn): BatchNorm1d(192, eps=1e-05, momentum=0.1, affine=True, track_running_stats=True)
          )
        )
        (branch3): Sequential(
          (0): ConvBlock(
            (conv): Conv1d(256, 32, kernel_size=(1,), stride=(1,))
            (bn): BatchNorm1d(32, eps=1e-05, momentum=0.1, affine=True, track_running_stats=True)
          )
          (1): ConvBlock(
            (conv): Conv1d(32, 96, kernel_size=(5,), stride=(1,), padding=(2,))
            (bn): BatchNorm1d(96, eps=1e-05, momentum=0.1, affine=True, track_running_stats=True)
          )
        )
        (branch4): Sequential(
          (0): MaxPool2d(kernel_size=3, stride=1, padding=1, dilation=1, ceil_mode=False)
          (1): ConvBlock(
            (conv): Conv1d(256, 64, kernel_size=(1,), stride=(1,))
            (bn): BatchNorm1d(64, eps=1e-05, momentum=0.1, affine=True, track_running_stats=True)
          )
        )
      )
      (inception4a): InceptionBlock(
        (branch1): ConvBlock(
          (conv): Conv1d(480, 192, kernel_size=(1,), stride=(1,))
          (bn): BatchNorm1d(192, eps=1e-05, momentum=0.1, affine=True, track_running_stats=True)
        )
        (branch2): Sequential(
          (0): ConvBlock(
            (conv): Conv1d(480, 96, kernel_size=(1,), stride=(1,))
            (bn): BatchNorm1d(96, eps=1e-05, momentum=0.1, affine=True, track_running_stats=True)
          )
          (1): ConvBlock(
            (conv): Conv1d(96, 208, kernel_size=(3,), stride=(1,), padding=(1,))
            (bn): BatchNorm1d(208, eps=1e-05, momentum=0.1, affine=True, track_running_stats=True)
          )
        )
        (branch3): Sequential(
          (0): ConvBlock(
            (conv): Conv1d(480, 16, kernel_size=(1,), stride=(1,))
            (bn): BatchNorm1d(16, eps=1e-05, momentum=0.1, affine=True, track_running_stats=True)
          )
          (1): ConvBlock(
            (conv): Conv1d(16, 48, kernel_size=(5,), stride=(1,), padding=(2,))
            (bn): BatchNorm1d(48, eps=1e-05, momentum=0.1, affine=True, track_running_stats=True)
          )
        )
        (branch4): Sequential(
          (0): MaxPool2d(kernel_size=3, stride=1, padding=1, dilation=1, ceil_mode=False)
          (1): ConvBlock(
            (conv): Conv1d(480, 64, kernel_size=(1,), stride=(1,))
            (bn): BatchNorm1d(64, eps=1e-05, momentum=0.1, affine=True, track_running_stats=True)
          )
        )
      )
      (inception4b): InceptionBlock(
        (branch1): ConvBlock(
          (conv): Conv1d(512, 32, kernel_size=(1,), stride=(1,))
          (bn): BatchNorm1d(32, eps=1e-05, momentum=0.1, affine=True, track_running_stats=True)
        )
        (branch2): Sequential(
          (0): ConvBlock(
            (conv): Conv1d(512, 112, kernel_size=(1,), stride=(1,))
            (bn): BatchNorm1d(112, eps=1e-05, momentum=0.1, affine=True, track_running_stats=True)
          )
          (1): ConvBlock(
            (conv): Conv1d(112, 32, kernel_size=(3,), stride=(1,), padding=(1,))
            (bn): BatchNorm1d(32, eps=1e-05, momentum=0.1, affine=True, track_running_stats=True)
          )
        )
        (branch3): Sequential(
          (0): ConvBlock(
            (conv): Conv1d(512, 24, kernel_size=(1,), stride=(1,))
            (bn): BatchNorm1d(24, eps=1e-05, momentum=0.1, affine=True, track_running_stats=True)
          )
          (1): ConvBlock(
            (conv): Conv1d(24, 64, kernel_size=(5,), stride=(1,), padding=(2,))
            (bn): BatchNorm1d(64, eps=1e-05, momentum=0.1, affine=True, track_running_stats=True)
          )
        )
        (branch4): Sequential(
          (0): MaxPool2d(kernel_size=3, stride=1, padding=1, dilation=1, ceil_mode=False)
          (1): ConvBlock(
            (conv): Conv1d(512, 32, kernel_size=(1,), stride=(1,))
            (bn): BatchNorm1d(32, eps=1e-05, momentum=0.1, affine=True, track_running_stats=True)
          )
        )
      )
      (avgpool): AvgPool1d(kernel_size=(5,), stride=(1,), padding=(0,))
      (dropout): Dropout(p=0.5, inplace=False)
      (fc_out): Linear(in_features=8480, out_features=1, bias=True)
      (sigmoid): Sigmoid()
    )
  )
)
2023-12-28 20:23 - INFO - * -----------
2023-12-28 20:23 - INFO - Evaluating model based on: rocauc
2023-12-28 20:23 - INFO - Training..

