2023-12-28 16:50 - INFO - Fit the preprocessing pipeline
2023-12-28 16:50 - INFO - Training using device: cuda
2023-12-28 16:50 - INFO - Creating generators
2023-12-28 16:50 - INFO - The model has 186,433,565 trainable parameters
2023-12-28 16:50 - INFO - * Model:
2023-12-28 16:50 - INFO - * -----------
2023-12-28 16:50 - INFO - DownstreamInceptionResnet(
  (layers): ModuleDict(
    (input): DownstreamInceptionResnetBlock(
      (conv1): ConvBlock(
        (conv): Conv1d(12, 64, kernel_size=(7,), stride=(2,), padding=(3,))
        (bn): BatchNorm1d(64, eps=1e-05, momentum=0.1, affine=True, track_running_stats=True)
      )
      (conv2): ConvBlock(
        (conv): Conv1d(64, 128, kernel_size=(3,), stride=(1,), padding=(1,))
        (bn): BatchNorm1d(128, eps=1e-05, momentum=0.1, affine=True, track_running_stats=True)
      )
      (maxpool): MaxPool1d(kernel_size=3, stride=2, padding=1, dilation=1, ceil_mode=False)
      (inception3a): InceptionBlock(
        (branch1): ConvBlock(
          (conv): Conv1d(128, 64, kernel_size=(1,), stride=(1,))
          (bn): BatchNorm1d(64, eps=1e-05, momentum=0.1, affine=True, track_running_stats=True)
        )
        (branch2): Sequential(
          (0): ConvBlock(
            (conv): Conv1d(128, 96, kernel_size=(1,), stride=(1,))
            (bn): BatchNorm1d(96, eps=1e-05, momentum=0.1, affine=True, track_running_stats=True)
          )
          (1): ConvBlock(
            (conv): Conv1d(96, 128, kernel_size=(3,), stride=(1,), padding=(1,))
            (bn): BatchNorm1d(128, eps=1e-05, momentum=0.1, affine=True, track_running_stats=True)
          )
        )
        (branch3): Sequential(
          (0): ConvBlock(
            (conv): Conv1d(128, 16, kernel_size=(1,), stride=(1,))
            (bn): BatchNorm1d(16, eps=1e-05, momentum=0.1, affine=True, track_running_stats=True)
          )
          (1): ConvBlock(
            (conv): Conv1d(16, 32, kernel_size=(5,), stride=(1,), padding=(2,))
            (bn): BatchNorm1d(32, eps=1e-05, momentum=0.1, affine=True, track_running_stats=True)
          )
        )
        (branch4): Sequential(
          (0): MaxPool2d(kernel_size=3, stride=1, padding=1, dilation=1, ceil_mode=False)
          (1): ConvBlock(
            (conv): Conv1d(128, 32, kernel_size=(1,), stride=(1,))
            (bn): BatchNorm1d(32, eps=1e-05, momentum=0.1, affine=True, track_running_stats=True)
          )
        )
      )
      (inception3b): InceptionBlock(
        (branch1): ConvBlock(
          (conv): Conv1d(256, 128, kernel_size=(1,), stride=(1,))
          (bn): BatchNorm1d(128, eps=1e-05, momentum=0.1, affine=True, track_running_stats=True)
        )
        (branch2): Sequential(
          (0): ConvBlock(
            (conv): Conv1d(256, 128, kernel_size=(1,), stride=(1,))
            (bn): BatchNorm1d(128, eps=1e-05, momentum=0.1, affine=True, track_running_stats=True)
          )
          (1): ConvBlock(
            (conv): Conv1d(128, 192, kernel_size=(3,), stride=(1,), padding=(1,))
            (bn): BatchNorm1d(192, eps=1e-05, momentum=0.1, affine=True, track_running_stats=True)
          )
        )
        (branch3): Sequential(
          (0): ConvBlock(
            (conv): Conv1d(256, 32, kernel_size=(1,), stride=(1,))
            (bn): BatchNorm1d(32, eps=1e-05, momentum=0.1, affine=True, track_running_stats=True)
          )
          (1): ConvBlock(
            (conv): Conv1d(32, 96, kernel_size=(5,), stride=(1,), padding=(2,))
            (bn): BatchNorm1d(96, eps=1e-05, momentum=0.1, affine=True, track_running_stats=True)
          )
        )
        (branch4): Sequential(
          (0): MaxPool2d(kernel_size=3, stride=1, padding=1, dilation=1, ceil_mode=False)
          (1): ConvBlock(
            (conv): Conv1d(256, 64, kernel_size=(1,), stride=(1,))
            (bn): BatchNorm1d(64, eps=1e-05, momentum=0.1, affine=True, track_running_stats=True)
          )
        )
      )
      (inception4a): InceptionBlock(
        (branch1): ConvBlock(
          (conv): Conv1d(480, 192, kernel_size=(1,), stride=(1,))
          (bn): BatchNorm1d(192, eps=1e-05, momentum=0.1, affine=True, track_running_stats=True)
        )
        (branch2): Sequential(
          (0): ConvBlock(
            (conv): Conv1d(480, 96, kernel_size=(1,), stride=(1,))
            (bn): BatchNorm1d(96, eps=1e-05, momentum=0.1, affine=True, track_running_stats=True)
          )
          (1): ConvBlock(
            (conv): Conv1d(96, 208, kernel_size=(3,), stride=(1,), padding=(1,))
            (bn): BatchNorm1d(208, eps=1e-05, momentum=0.1, affine=True, track_running_stats=True)
          )
        )
        (branch3): Sequential(
          (0): ConvBlock(
            (conv): Conv1d(480, 16, kernel_size=(1,), stride=(1,))
            (bn): BatchNorm1d(16, eps=1e-05, momentum=0.1, affine=True, track_running_stats=True)
          )
          (1): ConvBlock(
            (conv): Conv1d(16, 48, kernel_size=(5,), stride=(1,), padding=(2,))
            (bn): BatchNorm1d(48, eps=1e-05, momentum=0.1, affine=True, track_running_stats=True)
          )
        )
        (branch4): Sequential(
          (0): MaxPool2d(kernel_size=3, stride=1, padding=1, dilation=1, ceil_mode=False)
          (1): ConvBlock(
            (conv): Conv1d(480, 64, kernel_size=(1,), stride=(1,))
            (bn): BatchNorm1d(64, eps=1e-05, momentum=0.1, affine=True, track_running_stats=True)
          )
        )
      )
      (inception4b): InceptionBlock(
        (branch1): ConvBlock(
          (conv): Conv1d(512, 32, kernel_size=(1,), stride=(1,))
          (bn): BatchNorm1d(32, eps=1e-05, momentum=0.1, affine=True, track_running_stats=True)
        )
        (branch2): Sequential(
          (0): ConvBlock(
            (conv): Conv1d(512, 112, kernel_size=(1,), stride=(1,))
            (bn): BatchNorm1d(112, eps=1e-05, momentum=0.1, affine=True, track_running_stats=True)
          )
          (1): ConvBlock(
            (conv): Conv1d(112, 32, kernel_size=(3,), stride=(1,), padding=(1,))
            (bn): BatchNorm1d(32, eps=1e-05, momentum=0.1, affine=True, track_running_stats=True)
          )
        )
        (branch3): Sequential(
          (0): ConvBlock(
            (conv): Conv1d(512, 24, kernel_size=(1,), stride=(1,))
            (bn): BatchNorm1d(24, eps=1e-05, momentum=0.1, affine=True, track_running_stats=True)
          )
          (1): ConvBlock(
            (conv): Conv1d(24, 64, kernel_size=(5,), stride=(1,), padding=(2,))
            (bn): BatchNorm1d(64, eps=1e-05, momentum=0.1, affine=True, track_running_stats=True)
          )
        )
        (branch4): Sequential(
          (0): MaxPool2d(kernel_size=3, stride=1, padding=1, dilation=1, ceil_mode=False)
          (1): ConvBlock(
            (conv): Conv1d(512, 32, kernel_size=(1,), stride=(1,))
            (bn): BatchNorm1d(32, eps=1e-05, momentum=0.1, affine=True, track_running_stats=True)
          )
        )
      )
      (avgpool): AvgPool1d(kernel_size=(5,), stride=(1,), padding=(0,))
      (fc_resnet): Linear(in_features=8480, out_features=5400, bias=True)
      (fc_out): Linear(in_features=5400, out_features=1, bias=True)
      (relu): ReLU()
    )
    (hidden_1): DownstreamInceptionResnetBlock(
      (conv1): ConvBlock(
        (conv): Conv1d(12, 64, kernel_size=(7,), stride=(2,), padding=(3,))
        (bn): BatchNorm1d(64, eps=1e-05, momentum=0.1, affine=True, track_running_stats=True)
      )
      (conv2): ConvBlock(
        (conv): Conv1d(64, 128, kernel_size=(3,), stride=(1,), padding=(1,))
        (bn): BatchNorm1d(128, eps=1e-05, momentum=0.1, affine=True, track_running_stats=True)
      )
      (maxpool): MaxPool1d(kernel_size=3, stride=2, padding=1, dilation=1, ceil_mode=False)
      (inception3a): InceptionBlock(
        (branch1): ConvBlock(
          (conv): Conv1d(128, 64, kernel_size=(1,), stride=(1,))
          (bn): BatchNorm1d(64, eps=1e-05, momentum=0.1, affine=True, track_running_stats=True)
        )
        (branch2): Sequential(
          (0): ConvBlock(
            (conv): Conv1d(128, 96, kernel_size=(1,), stride=(1,))
            (bn): BatchNorm1d(96, eps=1e-05, momentum=0.1, affine=True, track_running_stats=True)
          )
          (1): ConvBlock(
            (conv): Conv1d(96, 128, kernel_size=(3,), stride=(1,), padding=(1,))
            (bn): BatchNorm1d(128, eps=1e-05, momentum=0.1, affine=True, track_running_stats=True)
          )
        )
        (branch3): Sequential(
          (0): ConvBlock(
            (conv): Conv1d(128, 16, kernel_size=(1,), stride=(1,))
            (bn): BatchNorm1d(16, eps=1e-05, momentum=0.1, affine=True, track_running_stats=True)
          )
          (1): ConvBlock(
            (conv): Conv1d(16, 32, kernel_size=(5,), stride=(1,), padding=(2,))
            (bn): BatchNorm1d(32, eps=1e-05, momentum=0.1, affine=True, track_running_stats=True)
          )
        )
        (branch4): Sequential(
          (0): MaxPool2d(kernel_size=3, stride=1, padding=1, dilation=1, ceil_mode=False)
          (1): ConvBlock(
            (conv): Conv1d(128, 32, kernel_size=(1,), stride=(1,))
            (bn): BatchNorm1d(32, eps=1e-05, momentum=0.1, affine=True, track_running_stats=True)
          )
        )
      )
      (inception3b): InceptionBlock(
        (branch1): ConvBlock(
          (conv): Conv1d(256, 128, kernel_size=(1,), stride=(1,))
          (bn): BatchNorm1d(128, eps=1e-05, momentum=0.1, affine=True, track_running_stats=True)
        )
        (branch2): Sequential(
          (0): ConvBlock(
            (conv): Conv1d(256, 128, kernel_size=(1,), stride=(1,))
            (bn): BatchNorm1d(128, eps=1e-05, momentum=0.1, affine=True, track_running_stats=True)
          )
          (1): ConvBlock(
            (conv): Conv1d(128, 192, kernel_size=(3,), stride=(1,), padding=(1,))
            (bn): BatchNorm1d(192, eps=1e-05, momentum=0.1, affine=True, track_running_stats=True)
          )
        )
        (branch3): Sequential(
          (0): ConvBlock(
            (conv): Conv1d(256, 32, kernel_size=(1,), stride=(1,))
            (bn): BatchNorm1d(32, eps=1e-05, momentum=0.1, affine=True, track_running_stats=True)
          )
          (1): ConvBlock(
            (conv): Conv1d(32, 96, kernel_size=(5,), stride=(1,), padding=(2,))
            (bn): BatchNorm1d(96, eps=1e-05, momentum=0.1, affine=True, track_running_stats=True)
          )
        )
        (branch4): Sequential(
          (0): MaxPool2d(kernel_size=3, stride=1, padding=1, dilation=1, ceil_mode=False)
          (1): ConvBlock(
            (conv): Conv1d(256, 64, kernel_size=(1,), stride=(1,))
            (bn): BatchNorm1d(64, eps=1e-05, momentum=0.1, affine=True, track_running_stats=True)
          )
        )
      )
      (inception4a): InceptionBlock(
        (branch1): ConvBlock(
          (conv): Conv1d(480, 192, kernel_size=(1,), stride=(1,))
          (bn): BatchNorm1d(192, eps=1e-05, momentum=0.1, affine=True, track_running_stats=True)
        )
        (branch2): Sequential(
          (0): ConvBlock(
            (conv): Conv1d(480, 96, kernel_size=(1,), stride=(1,))
            (bn): BatchNorm1d(96, eps=1e-05, momentum=0.1, affine=True, track_running_stats=True)
          )
          (1): ConvBlock(
            (conv): Conv1d(96, 208, kernel_size=(3,), stride=(1,), padding=(1,))
            (bn): BatchNorm1d(208, eps=1e-05, momentum=0.1, affine=True, track_running_stats=True)
          )
        )
        (branch3): Sequential(
          (0): ConvBlock(
            (conv): Conv1d(480, 16, kernel_size=(1,), stride=(1,))
            (bn): BatchNorm1d(16, eps=1e-05, momentum=0.1, affine=True, track_running_stats=True)
          )
          (1): ConvBlock(
            (conv): Conv1d(16, 48, kernel_size=(5,), stride=(1,), padding=(2,))
            (bn): BatchNorm1d(48, eps=1e-05, momentum=0.1, affine=True, track_running_stats=True)
          )
        )
        (branch4): Sequential(
          (0): MaxPool2d(kernel_size=3, stride=1, padding=1, dilation=1, ceil_mode=False)
          (1): ConvBlock(
            (conv): Conv1d(480, 64, kernel_size=(1,), stride=(1,))
            (bn): BatchNorm1d(64, eps=1e-05, momentum=0.1, affine=True, track_running_stats=True)
          )
        )
      )
      (inception4b): InceptionBlock(
        (branch1): ConvBlock(
          (conv): Conv1d(512, 32, kernel_size=(1,), stride=(1,))
          (bn): BatchNorm1d(32, eps=1e-05, momentum=0.1, affine=True, track_running_stats=True)
        )
        (branch2): Sequential(
          (0): ConvBlock(
            (conv): Conv1d(512, 112, kernel_size=(1,), stride=(1,))
            (bn): BatchNorm1d(112, eps=1e-05, momentum=0.1, affine=True, track_running_stats=True)
          )
          (1): ConvBlock(
            (conv): Conv1d(112, 32, kernel_size=(3,), stride=(1,), padding=(1,))
            (bn): BatchNorm1d(32, eps=1e-05, momentum=0.1, affine=True, track_running_stats=True)
          )
        )
        (branch3): Sequential(
          (0): ConvBlock(
            (conv): Conv1d(512, 24, kernel_size=(1,), stride=(1,))
            (bn): BatchNorm1d(24, eps=1e-05, momentum=0.1, affine=True, track_running_stats=True)
          )
          (1): ConvBlock(
            (conv): Conv1d(24, 64, kernel_size=(5,), stride=(1,), padding=(2,))
            (bn): BatchNorm1d(64, eps=1e-05, momentum=0.1, affine=True, track_running_stats=True)
          )
        )
        (branch4): Sequential(
          (0): MaxPool2d(kernel_size=3, stride=1, padding=1, dilation=1, ceil_mode=False)
          (1): ConvBlock(
            (conv): Conv1d(512, 32, kernel_size=(1,), stride=(1,))
            (bn): BatchNorm1d(32, eps=1e-05, momentum=0.1, affine=True, track_running_stats=True)
          )
        )
      )
      (avgpool): AvgPool1d(kernel_size=(5,), stride=(1,), padding=(0,))
      (fc_resnet): Linear(in_features=8480, out_features=5400, bias=True)
      (fc_out): Linear(in_features=5400, out_features=1, bias=True)
      (relu): ReLU()
    )
    (hidden_2): DownstreamInceptionResnetBlock(
      (conv1): ConvBlock(
        (conv): Conv1d(12, 64, kernel_size=(7,), stride=(2,), padding=(3,))
        (bn): BatchNorm1d(64, eps=1e-05, momentum=0.1, affine=True, track_running_stats=True)
      )
      (conv2): ConvBlock(
        (conv): Conv1d(64, 128, kernel_size=(3,), stride=(1,), padding=(1,))
        (bn): BatchNorm1d(128, eps=1e-05, momentum=0.1, affine=True, track_running_stats=True)
      )
      (maxpool): MaxPool1d(kernel_size=3, stride=2, padding=1, dilation=1, ceil_mode=False)
      (inception3a): InceptionBlock(
        (branch1): ConvBlock(
          (conv): Conv1d(128, 64, kernel_size=(1,), stride=(1,))
          (bn): BatchNorm1d(64, eps=1e-05, momentum=0.1, affine=True, track_running_stats=True)
        )
        (branch2): Sequential(
          (0): ConvBlock(
            (conv): Conv1d(128, 96, kernel_size=(1,), stride=(1,))
            (bn): BatchNorm1d(96, eps=1e-05, momentum=0.1, affine=True, track_running_stats=True)
          )
          (1): ConvBlock(
            (conv): Conv1d(96, 128, kernel_size=(3,), stride=(1,), padding=(1,))
            (bn): BatchNorm1d(128, eps=1e-05, momentum=0.1, affine=True, track_running_stats=True)
          )
        )
        (branch3): Sequential(
          (0): ConvBlock(
            (conv): Conv1d(128, 16, kernel_size=(1,), stride=(1,))
            (bn): BatchNorm1d(16, eps=1e-05, momentum=0.1, affine=True, track_running_stats=True)
          )
          (1): ConvBlock(
            (conv): Conv1d(16, 32, kernel_size=(5,), stride=(1,), padding=(2,))
            (bn): BatchNorm1d(32, eps=1e-05, momentum=0.1, affine=True, track_running_stats=True)
          )
        )
        (branch4): Sequential(
          (0): MaxPool2d(kernel_size=3, stride=1, padding=1, dilation=1, ceil_mode=False)
          (1): ConvBlock(
            (conv): Conv1d(128, 32, kernel_size=(1,), stride=(1,))
            (bn): BatchNorm1d(32, eps=1e-05, momentum=0.1, affine=True, track_running_stats=True)
          )
        )
      )
      (inception3b): InceptionBlock(
        (branch1): ConvBlock(
          (conv): Conv1d(256, 128, kernel_size=(1,), stride=(1,))
          (bn): BatchNorm1d(128, eps=1e-05, momentum=0.1, affine=True, track_running_stats=True)
        )
        (branch2): Sequential(
          (0): ConvBlock(
            (conv): Conv1d(256, 128, kernel_size=(1,), stride=(1,))
            (bn): BatchNorm1d(128, eps=1e-05, momentum=0.1, affine=True, track_running_stats=True)
          )
          (1): ConvBlock(
            (conv): Conv1d(128, 192, kernel_size=(3,), stride=(1,), padding=(1,))
            (bn): BatchNorm1d(192, eps=1e-05, momentum=0.1, affine=True, track_running_stats=True)
          )
        )
        (branch3): Sequential(
          (0): ConvBlock(
            (conv): Conv1d(256, 32, kernel_size=(1,), stride=(1,))
            (bn): BatchNorm1d(32, eps=1e-05, momentum=0.1, affine=True, track_running_stats=True)
          )
          (1): ConvBlock(
            (conv): Conv1d(32, 96, kernel_size=(5,), stride=(1,), padding=(2,))
            (bn): BatchNorm1d(96, eps=1e-05, momentum=0.1, affine=True, track_running_stats=True)
          )
        )
        (branch4): Sequential(
          (0): MaxPool2d(kernel_size=3, stride=1, padding=1, dilation=1, ceil_mode=False)
          (1): ConvBlock(
            (conv): Conv1d(256, 64, kernel_size=(1,), stride=(1,))
            (bn): BatchNorm1d(64, eps=1e-05, momentum=0.1, affine=True, track_running_stats=True)
          )
        )
      )
      (inception4a): InceptionBlock(
        (branch1): ConvBlock(
          (conv): Conv1d(480, 192, kernel_size=(1,), stride=(1,))
          (bn): BatchNorm1d(192, eps=1e-05, momentum=0.1, affine=True, track_running_stats=True)
        )
        (branch2): Sequential(
          (0): ConvBlock(
            (conv): Conv1d(480, 96, kernel_size=(1,), stride=(1,))
            (bn): BatchNorm1d(96, eps=1e-05, momentum=0.1, affine=True, track_running_stats=True)
          )
          (1): ConvBlock(
            (conv): Conv1d(96, 208, kernel_size=(3,), stride=(1,), padding=(1,))
            (bn): BatchNorm1d(208, eps=1e-05, momentum=0.1, affine=True, track_running_stats=True)
          )
        )
        (branch3): Sequential(
          (0): ConvBlock(
            (conv): Conv1d(480, 16, kernel_size=(1,), stride=(1,))
            (bn): BatchNorm1d(16, eps=1e-05, momentum=0.1, affine=True, track_running_stats=True)
          )
          (1): ConvBlock(
            (conv): Conv1d(16, 48, kernel_size=(5,), stride=(1,), padding=(2,))
            (bn): BatchNorm1d(48, eps=1e-05, momentum=0.1, affine=True, track_running_stats=True)
          )
        )
        (branch4): Sequential(
          (0): MaxPool2d(kernel_size=3, stride=1, padding=1, dilation=1, ceil_mode=False)
          (1): ConvBlock(
            (conv): Conv1d(480, 64, kernel_size=(1,), stride=(1,))
            (bn): BatchNorm1d(64, eps=1e-05, momentum=0.1, affine=True, track_running_stats=True)
          )
        )
      )
      (inception4b): InceptionBlock(
        (branch1): ConvBlock(
          (conv): Conv1d(512, 32, kernel_size=(1,), stride=(1,))
          (bn): BatchNorm1d(32, eps=1e-05, momentum=0.1, affine=True, track_running_stats=True)
        )
        (branch2): Sequential(
          (0): ConvBlock(
            (conv): Conv1d(512, 112, kernel_size=(1,), stride=(1,))
            (bn): BatchNorm1d(112, eps=1e-05, momentum=0.1, affine=True, track_running_stats=True)
          )
          (1): ConvBlock(
            (conv): Conv1d(112, 32, kernel_size=(3,), stride=(1,), padding=(1,))
            (bn): BatchNorm1d(32, eps=1e-05, momentum=0.1, affine=True, track_running_stats=True)
          )
        )
        (branch3): Sequential(
          (0): ConvBlock(
            (conv): Conv1d(512, 24, kernel_size=(1,), stride=(1,))
            (bn): BatchNorm1d(24, eps=1e-05, momentum=0.1, affine=True, track_running_stats=True)
          )
          (1): ConvBlock(
            (conv): Conv1d(24, 64, kernel_size=(5,), stride=(1,), padding=(2,))
            (bn): BatchNorm1d(64, eps=1e-05, momentum=0.1, affine=True, track_running_stats=True)
          )
        )
        (branch4): Sequential(
          (0): MaxPool2d(kernel_size=3, stride=1, padding=1, dilation=1, ceil_mode=False)
          (1): ConvBlock(
            (conv): Conv1d(512, 32, kernel_size=(1,), stride=(1,))
            (bn): BatchNorm1d(32, eps=1e-05, momentum=0.1, affine=True, track_running_stats=True)
          )
        )
      )
      (avgpool): AvgPool1d(kernel_size=(5,), stride=(1,), padding=(0,))
      (fc_resnet): Linear(in_features=8480, out_features=5400, bias=True)
      (fc_out): Linear(in_features=5400, out_features=1, bias=True)
      (relu): ReLU()
    )
    (hidden_3): DownstreamInceptionResnetBlock(
      (conv1): ConvBlock(
        (conv): Conv1d(12, 64, kernel_size=(7,), stride=(2,), padding=(3,))
        (bn): BatchNorm1d(64, eps=1e-05, momentum=0.1, affine=True, track_running_stats=True)
      )
      (conv2): ConvBlock(
        (conv): Conv1d(64, 128, kernel_size=(3,), stride=(1,), padding=(1,))
        (bn): BatchNorm1d(128, eps=1e-05, momentum=0.1, affine=True, track_running_stats=True)
      )
      (maxpool): MaxPool1d(kernel_size=3, stride=2, padding=1, dilation=1, ceil_mode=False)
      (inception3a): InceptionBlock(
        (branch1): ConvBlock(
          (conv): Conv1d(128, 64, kernel_size=(1,), stride=(1,))
          (bn): BatchNorm1d(64, eps=1e-05, momentum=0.1, affine=True, track_running_stats=True)
        )
        (branch2): Sequential(
          (0): ConvBlock(
            (conv): Conv1d(128, 96, kernel_size=(1,), stride=(1,))
            (bn): BatchNorm1d(96, eps=1e-05, momentum=0.1, affine=True, track_running_stats=True)
          )
          (1): ConvBlock(
            (conv): Conv1d(96, 128, kernel_size=(3,), stride=(1,), padding=(1,))
            (bn): BatchNorm1d(128, eps=1e-05, momentum=0.1, affine=True, track_running_stats=True)
          )
        )
        (branch3): Sequential(
          (0): ConvBlock(
            (conv): Conv1d(128, 16, kernel_size=(1,), stride=(1,))
            (bn): BatchNorm1d(16, eps=1e-05, momentum=0.1, affine=True, track_running_stats=True)
          )
          (1): ConvBlock(
            (conv): Conv1d(16, 32, kernel_size=(5,), stride=(1,), padding=(2,))
            (bn): BatchNorm1d(32, eps=1e-05, momentum=0.1, affine=True, track_running_stats=True)
          )
        )
        (branch4): Sequential(
          (0): MaxPool2d(kernel_size=3, stride=1, padding=1, dilation=1, ceil_mode=False)
          (1): ConvBlock(
            (conv): Conv1d(128, 32, kernel_size=(1,), stride=(1,))
            (bn): BatchNorm1d(32, eps=1e-05, momentum=0.1, affine=True, track_running_stats=True)
          )
        )
      )
      (inception3b): InceptionBlock(
        (branch1): ConvBlock(
          (conv): Conv1d(256, 128, kernel_size=(1,), stride=(1,))
          (bn): BatchNorm1d(128, eps=1e-05, momentum=0.1, affine=True, track_running_stats=True)
        )
        (branch2): Sequential(
          (0): ConvBlock(
            (conv): Conv1d(256, 128, kernel_size=(1,), stride=(1,))
            (bn): BatchNorm1d(128, eps=1e-05, momentum=0.1, affine=True, track_running_stats=True)
          )
          (1): ConvBlock(
            (conv): Conv1d(128, 192, kernel_size=(3,), stride=(1,), padding=(1,))
            (bn): BatchNorm1d(192, eps=1e-05, momentum=0.1, affine=True, track_running_stats=True)
          )
        )
        (branch3): Sequential(
          (0): ConvBlock(
            (conv): Conv1d(256, 32, kernel_size=(1,), stride=(1,))
            (bn): BatchNorm1d(32, eps=1e-05, momentum=0.1, affine=True, track_running_stats=True)
          )
          (1): ConvBlock(
            (conv): Conv1d(32, 96, kernel_size=(5,), stride=(1,), padding=(2,))
            (bn): BatchNorm1d(96, eps=1e-05, momentum=0.1, affine=True, track_running_stats=True)
          )
        )
        (branch4): Sequential(
          (0): MaxPool2d(kernel_size=3, stride=1, padding=1, dilation=1, ceil_mode=False)
          (1): ConvBlock(
            (conv): Conv1d(256, 64, kernel_size=(1,), stride=(1,))
            (bn): BatchNorm1d(64, eps=1e-05, momentum=0.1, affine=True, track_running_stats=True)
          )
        )
      )
      (inception4a): InceptionBlock(
        (branch1): ConvBlock(
          (conv): Conv1d(480, 192, kernel_size=(1,), stride=(1,))
          (bn): BatchNorm1d(192, eps=1e-05, momentum=0.1, affine=True, track_running_stats=True)
        )
        (branch2): Sequential(
          (0): ConvBlock(
            (conv): Conv1d(480, 96, kernel_size=(1,), stride=(1,))
            (bn): BatchNorm1d(96, eps=1e-05, momentum=0.1, affine=True, track_running_stats=True)
          )
          (1): ConvBlock(
            (conv): Conv1d(96, 208, kernel_size=(3,), stride=(1,), padding=(1,))
            (bn): BatchNorm1d(208, eps=1e-05, momentum=0.1, affine=True, track_running_stats=True)
          )
        )
        (branch3): Sequential(
          (0): ConvBlock(
            (conv): Conv1d(480, 16, kernel_size=(1,), stride=(1,))
            (bn): BatchNorm1d(16, eps=1e-05, momentum=0.1, affine=True, track_running_stats=True)
          )
          (1): ConvBlock(
            (conv): Conv1d(16, 48, kernel_size=(5,), stride=(1,), padding=(2,))
            (bn): BatchNorm1d(48, eps=1e-05, momentum=0.1, affine=True, track_running_stats=True)
          )
        )
        (branch4): Sequential(
          (0): MaxPool2d(kernel_size=3, stride=1, padding=1, dilation=1, ceil_mode=False)
          (1): ConvBlock(
            (conv): Conv1d(480, 64, kernel_size=(1,), stride=(1,))
            (bn): BatchNorm1d(64, eps=1e-05, momentum=0.1, affine=True, track_running_stats=True)
          )
        )
      )
      (inception4b): InceptionBlock(
        (branch1): ConvBlock(
          (conv): Conv1d(512, 32, kernel_size=(1,), stride=(1,))
          (bn): BatchNorm1d(32, eps=1e-05, momentum=0.1, affine=True, track_running_stats=True)
        )
        (branch2): Sequential(
          (0): ConvBlock(
            (conv): Conv1d(512, 112, kernel_size=(1,), stride=(1,))
            (bn): BatchNorm1d(112, eps=1e-05, momentum=0.1, affine=True, track_running_stats=True)
          )
          (1): ConvBlock(
            (conv): Conv1d(112, 32, kernel_size=(3,), stride=(1,), padding=(1,))
            (bn): BatchNorm1d(32, eps=1e-05, momentum=0.1, affine=True, track_running_stats=True)
          )
        )
        (branch3): Sequential(
          (0): ConvBlock(
            (conv): Conv1d(512, 24, kernel_size=(1,), stride=(1,))
            (bn): BatchNorm1d(24, eps=1e-05, momentum=0.1, affine=True, track_running_stats=True)
          )
          (1): ConvBlock(
            (conv): Conv1d(24, 64, kernel_size=(5,), stride=(1,), padding=(2,))
            (bn): BatchNorm1d(64, eps=1e-05, momentum=0.1, affine=True, track_running_stats=True)
          )
        )
        (branch4): Sequential(
          (0): MaxPool2d(kernel_size=3, stride=1, padding=1, dilation=1, ceil_mode=False)
          (1): ConvBlock(
            (conv): Conv1d(512, 32, kernel_size=(1,), stride=(1,))
            (bn): BatchNorm1d(32, eps=1e-05, momentum=0.1, affine=True, track_running_stats=True)
          )
        )
      )
      (avgpool): AvgPool1d(kernel_size=(5,), stride=(1,), padding=(0,))
      (fc_resnet): Linear(in_features=8480, out_features=5400, bias=True)
      (fc_out): Linear(in_features=5400, out_features=1, bias=True)
      (relu): ReLU()
    )
    (output): DownstreamInceptionResnetFinal(
      (conv1): ConvBlock(
        (conv): Conv1d(12, 64, kernel_size=(7,), stride=(2,), padding=(3,))
        (bn): BatchNorm1d(64, eps=1e-05, momentum=0.1, affine=True, track_running_stats=True)
      )
      (conv2): ConvBlock(
        (conv): Conv1d(64, 128, kernel_size=(3,), stride=(1,), padding=(1,))
        (bn): BatchNorm1d(128, eps=1e-05, momentum=0.1, affine=True, track_running_stats=True)
      )
      (maxpool): MaxPool1d(kernel_size=3, stride=2, padding=1, dilation=1, ceil_mode=False)
      (inception3a): InceptionBlock(
        (branch1): ConvBlock(
          (conv): Conv1d(128, 64, kernel_size=(1,), stride=(1,))
          (bn): BatchNorm1d(64, eps=1e-05, momentum=0.1, affine=True, track_running_stats=True)
        )
        (branch2): Sequential(
          (0): ConvBlock(
            (conv): Conv1d(128, 96, kernel_size=(1,), stride=(1,))
            (bn): BatchNorm1d(96, eps=1e-05, momentum=0.1, affine=True, track_running_stats=True)
          )
          (1): ConvBlock(
            (conv): Conv1d(96, 128, kernel_size=(3,), stride=(1,), padding=(1,))
            (bn): BatchNorm1d(128, eps=1e-05, momentum=0.1, affine=True, track_running_stats=True)
          )
        )
        (branch3): Sequential(
          (0): ConvBlock(
            (conv): Conv1d(128, 16, kernel_size=(1,), stride=(1,))
            (bn): BatchNorm1d(16, eps=1e-05, momentum=0.1, affine=True, track_running_stats=True)
          )
          (1): ConvBlock(
            (conv): Conv1d(16, 32, kernel_size=(5,), stride=(1,), padding=(2,))
            (bn): BatchNorm1d(32, eps=1e-05, momentum=0.1, affine=True, track_running_stats=True)
          )
        )
        (branch4): Sequential(
          (0): MaxPool2d(kernel_size=3, stride=1, padding=1, dilation=1, ceil_mode=False)
          (1): ConvBlock(
            (conv): Conv1d(128, 32, kernel_size=(1,), stride=(1,))
            (bn): BatchNorm1d(32, eps=1e-05, momentum=0.1, affine=True, track_running_stats=True)
          )
        )
      )
      (inception3b): InceptionBlock(
        (branch1): ConvBlock(
          (conv): Conv1d(256, 128, kernel_size=(1,), stride=(1,))
          (bn): BatchNorm1d(128, eps=1e-05, momentum=0.1, affine=True, track_running_stats=True)
        )
        (branch2): Sequential(
          (0): ConvBlock(
            (conv): Conv1d(256, 128, kernel_size=(1,), stride=(1,))
            (bn): BatchNorm1d(128, eps=1e-05, momentum=0.1, affine=True, track_running_stats=True)
          )
          (1): ConvBlock(
            (conv): Conv1d(128, 192, kernel_size=(3,), stride=(1,), padding=(1,))
            (bn): BatchNorm1d(192, eps=1e-05, momentum=0.1, affine=True, track_running_stats=True)
          )
        )
        (branch3): Sequential(
          (0): ConvBlock(
            (conv): Conv1d(256, 32, kernel_size=(1,), stride=(1,))
            (bn): BatchNorm1d(32, eps=1e-05, momentum=0.1, affine=True, track_running_stats=True)
          )
          (1): ConvBlock(
            (conv): Conv1d(32, 96, kernel_size=(5,), stride=(1,), padding=(2,))
            (bn): BatchNorm1d(96, eps=1e-05, momentum=0.1, affine=True, track_running_stats=True)
          )
        )
        (branch4): Sequential(
          (0): MaxPool2d(kernel_size=3, stride=1, padding=1, dilation=1, ceil_mode=False)
          (1): ConvBlock(
            (conv): Conv1d(256, 64, kernel_size=(1,), stride=(1,))
            (bn): BatchNorm1d(64, eps=1e-05, momentum=0.1, affine=True, track_running_stats=True)
          )
        )
      )
      (inception4a): InceptionBlock(
        (branch1): ConvBlock(
          (conv): Conv1d(480, 192, kernel_size=(1,), stride=(1,))
          (bn): BatchNorm1d(192, eps=1e-05, momentum=0.1, affine=True, track_running_stats=True)
        )
        (branch2): Sequential(
          (0): ConvBlock(
            (conv): Conv1d(480, 96, kernel_size=(1,), stride=(1,))
            (bn): BatchNorm1d(96, eps=1e-05, momentum=0.1, affine=True, track_running_stats=True)
          )
          (1): ConvBlock(
            (conv): Conv1d(96, 208, kernel_size=(3,), stride=(1,), padding=(1,))
            (bn): BatchNorm1d(208, eps=1e-05, momentum=0.1, affine=True, track_running_stats=True)
          )
        )
        (branch3): Sequential(
          (0): ConvBlock(
            (conv): Conv1d(480, 16, kernel_size=(1,), stride=(1,))
            (bn): BatchNorm1d(16, eps=1e-05, momentum=0.1, affine=True, track_running_stats=True)
          )
          (1): ConvBlock(
            (conv): Conv1d(16, 48, kernel_size=(5,), stride=(1,), padding=(2,))
            (bn): BatchNorm1d(48, eps=1e-05, momentum=0.1, affine=True, track_running_stats=True)
          )
        )
        (branch4): Sequential(
          (0): MaxPool2d(kernel_size=3, stride=1, padding=1, dilation=1, ceil_mode=False)
          (1): ConvBlock(
            (conv): Conv1d(480, 64, kernel_size=(1,), stride=(1,))
            (bn): BatchNorm1d(64, eps=1e-05, momentum=0.1, affine=True, track_running_stats=True)
          )
        )
      )
      (inception4b): InceptionBlock(
        (branch1): ConvBlock(
          (conv): Conv1d(512, 32, kernel_size=(1,), stride=(1,))
          (bn): BatchNorm1d(32, eps=1e-05, momentum=0.1, affine=True, track_running_stats=True)
        )
        (branch2): Sequential(
          (0): ConvBlock(
            (conv): Conv1d(512, 112, kernel_size=(1,), stride=(1,))
            (bn): BatchNorm1d(112, eps=1e-05, momentum=0.1, affine=True, track_running_stats=True)
          )
          (1): ConvBlock(
            (conv): Conv1d(112, 32, kernel_size=(3,), stride=(1,), padding=(1,))
            (bn): BatchNorm1d(32, eps=1e-05, momentum=0.1, affine=True, track_running_stats=True)
          )
        )
        (branch3): Sequential(
          (0): ConvBlock(
            (conv): Conv1d(512, 24, kernel_size=(1,), stride=(1,))
            (bn): BatchNorm1d(24, eps=1e-05, momentum=0.1, affine=True, track_running_stats=True)
          )
          (1): ConvBlock(
            (conv): Conv1d(24, 64, kernel_size=(5,), stride=(1,), padding=(2,))
            (bn): BatchNorm1d(64, eps=1e-05, momentum=0.1, affine=True, track_running_stats=True)
          )
        )
        (branch4): Sequential(
          (0): MaxPool2d(kernel_size=3, stride=1, padding=1, dilation=1, ceil_mode=False)
          (1): ConvBlock(
            (conv): Conv1d(512, 32, kernel_size=(1,), stride=(1,))
            (bn): BatchNorm1d(32, eps=1e-05, momentum=0.1, affine=True, track_running_stats=True)
          )
        )
      )
      (avgpool): AvgPool1d(kernel_size=(5,), stride=(1,), padding=(0,))
      (dropout): Dropout(p=0.35, inplace=False)
      (fc_out): Linear(in_features=8480, out_features=1, bias=True)
      (sigmoid): Sigmoid()
    )
  )
)
2023-12-28 16:50 - INFO - * -----------
2023-12-28 16:50 - INFO - Evaluating model based on: rocauc
2023-12-28 16:50 - INFO - Training..

2023-12-28 16:51 - INFO - Fit the preprocessing pipeline
2023-12-28 16:51 - INFO - Training using device: cuda
2023-12-28 16:51 - INFO - Creating generators
2023-12-28 16:51 - INFO - The model has 186,433,565 trainable parameters
2023-12-28 16:51 - INFO - * Model:
2023-12-28 16:51 - INFO - * -----------
2023-12-28 16:51 - INFO - DownstreamInceptionResnet(
  (layers): ModuleDict(
    (input): DownstreamInceptionResnetBlock(
      (conv1): ConvBlock(
        (conv): Conv1d(12, 64, kernel_size=(7,), stride=(2,), padding=(3,))
        (bn): BatchNorm1d(64, eps=1e-05, momentum=0.1, affine=True, track_running_stats=True)
      )
      (conv2): ConvBlock(
        (conv): Conv1d(64, 128, kernel_size=(3,), stride=(1,), padding=(1,))
        (bn): BatchNorm1d(128, eps=1e-05, momentum=0.1, affine=True, track_running_stats=True)
      )
      (maxpool): MaxPool1d(kernel_size=3, stride=2, padding=1, dilation=1, ceil_mode=False)
      (inception3a): InceptionBlock(
        (branch1): ConvBlock(
          (conv): Conv1d(128, 64, kernel_size=(1,), stride=(1,))
          (bn): BatchNorm1d(64, eps=1e-05, momentum=0.1, affine=True, track_running_stats=True)
        )
        (branch2): Sequential(
          (0): ConvBlock(
            (conv): Conv1d(128, 96, kernel_size=(1,), stride=(1,))
            (bn): BatchNorm1d(96, eps=1e-05, momentum=0.1, affine=True, track_running_stats=True)
          )
          (1): ConvBlock(
            (conv): Conv1d(96, 128, kernel_size=(3,), stride=(1,), padding=(1,))
            (bn): BatchNorm1d(128, eps=1e-05, momentum=0.1, affine=True, track_running_stats=True)
          )
        )
        (branch3): Sequential(
          (0): ConvBlock(
            (conv): Conv1d(128, 16, kernel_size=(1,), stride=(1,))
            (bn): BatchNorm1d(16, eps=1e-05, momentum=0.1, affine=True, track_running_stats=True)
          )
          (1): ConvBlock(
            (conv): Conv1d(16, 32, kernel_size=(5,), stride=(1,), padding=(2,))
            (bn): BatchNorm1d(32, eps=1e-05, momentum=0.1, affine=True, track_running_stats=True)
          )
        )
        (branch4): Sequential(
          (0): MaxPool2d(kernel_size=3, stride=1, padding=1, dilation=1, ceil_mode=False)
          (1): ConvBlock(
            (conv): Conv1d(128, 32, kernel_size=(1,), stride=(1,))
            (bn): BatchNorm1d(32, eps=1e-05, momentum=0.1, affine=True, track_running_stats=True)
          )
        )
      )
      (inception3b): InceptionBlock(
        (branch1): ConvBlock(
          (conv): Conv1d(256, 128, kernel_size=(1,), stride=(1,))
          (bn): BatchNorm1d(128, eps=1e-05, momentum=0.1, affine=True, track_running_stats=True)
        )
        (branch2): Sequential(
          (0): ConvBlock(
            (conv): Conv1d(256, 128, kernel_size=(1,), stride=(1,))
            (bn): BatchNorm1d(128, eps=1e-05, momentum=0.1, affine=True, track_running_stats=True)
          )
          (1): ConvBlock(
            (conv): Conv1d(128, 192, kernel_size=(3,), stride=(1,), padding=(1,))
            (bn): BatchNorm1d(192, eps=1e-05, momentum=0.1, affine=True, track_running_stats=True)
          )
        )
        (branch3): Sequential(
          (0): ConvBlock(
            (conv): Conv1d(256, 32, kernel_size=(1,), stride=(1,))
            (bn): BatchNorm1d(32, eps=1e-05, momentum=0.1, affine=True, track_running_stats=True)
          )
          (1): ConvBlock(
            (conv): Conv1d(32, 96, kernel_size=(5,), stride=(1,), padding=(2,))
            (bn): BatchNorm1d(96, eps=1e-05, momentum=0.1, affine=True, track_running_stats=True)
          )
        )
        (branch4): Sequential(
          (0): MaxPool2d(kernel_size=3, stride=1, padding=1, dilation=1, ceil_mode=False)
          (1): ConvBlock(
            (conv): Conv1d(256, 64, kernel_size=(1,), stride=(1,))
            (bn): BatchNorm1d(64, eps=1e-05, momentum=0.1, affine=True, track_running_stats=True)
          )
        )
      )
      (inception4a): InceptionBlock(
        (branch1): ConvBlock(
          (conv): Conv1d(480, 192, kernel_size=(1,), stride=(1,))
          (bn): BatchNorm1d(192, eps=1e-05, momentum=0.1, affine=True, track_running_stats=True)
        )
        (branch2): Sequential(
          (0): ConvBlock(
            (conv): Conv1d(480, 96, kernel_size=(1,), stride=(1,))
            (bn): BatchNorm1d(96, eps=1e-05, momentum=0.1, affine=True, track_running_stats=True)
          )
          (1): ConvBlock(
            (conv): Conv1d(96, 208, kernel_size=(3,), stride=(1,), padding=(1,))
            (bn): BatchNorm1d(208, eps=1e-05, momentum=0.1, affine=True, track_running_stats=True)
          )
        )
        (branch3): Sequential(
          (0): ConvBlock(
            (conv): Conv1d(480, 16, kernel_size=(1,), stride=(1,))
            (bn): BatchNorm1d(16, eps=1e-05, momentum=0.1, affine=True, track_running_stats=True)
          )
          (1): ConvBlock(
            (conv): Conv1d(16, 48, kernel_size=(5,), stride=(1,), padding=(2,))
            (bn): BatchNorm1d(48, eps=1e-05, momentum=0.1, affine=True, track_running_stats=True)
          )
        )
        (branch4): Sequential(
          (0): MaxPool2d(kernel_size=3, stride=1, padding=1, dilation=1, ceil_mode=False)
          (1): ConvBlock(
            (conv): Conv1d(480, 64, kernel_size=(1,), stride=(1,))
            (bn): BatchNorm1d(64, eps=1e-05, momentum=0.1, affine=True, track_running_stats=True)
          )
        )
      )
      (inception4b): InceptionBlock(
        (branch1): ConvBlock(
          (conv): Conv1d(512, 32, kernel_size=(1,), stride=(1,))
          (bn): BatchNorm1d(32, eps=1e-05, momentum=0.1, affine=True, track_running_stats=True)
        )
        (branch2): Sequential(
          (0): ConvBlock(
            (conv): Conv1d(512, 112, kernel_size=(1,), stride=(1,))
            (bn): BatchNorm1d(112, eps=1e-05, momentum=0.1, affine=True, track_running_stats=True)
          )
          (1): ConvBlock(
            (conv): Conv1d(112, 32, kernel_size=(3,), stride=(1,), padding=(1,))
            (bn): BatchNorm1d(32, eps=1e-05, momentum=0.1, affine=True, track_running_stats=True)
          )
        )
        (branch3): Sequential(
          (0): ConvBlock(
            (conv): Conv1d(512, 24, kernel_size=(1,), stride=(1,))
            (bn): BatchNorm1d(24, eps=1e-05, momentum=0.1, affine=True, track_running_stats=True)
          )
          (1): ConvBlock(
            (conv): Conv1d(24, 64, kernel_size=(5,), stride=(1,), padding=(2,))
            (bn): BatchNorm1d(64, eps=1e-05, momentum=0.1, affine=True, track_running_stats=True)
          )
        )
        (branch4): Sequential(
          (0): MaxPool2d(kernel_size=3, stride=1, padding=1, dilation=1, ceil_mode=False)
          (1): ConvBlock(
            (conv): Conv1d(512, 32, kernel_size=(1,), stride=(1,))
            (bn): BatchNorm1d(32, eps=1e-05, momentum=0.1, affine=True, track_running_stats=True)
          )
        )
      )
      (avgpool): AvgPool1d(kernel_size=(5,), stride=(1,), padding=(0,))
      (fc_resnet): Linear(in_features=8480, out_features=5400, bias=True)
      (fc_out): Linear(in_features=5400, out_features=1, bias=True)
      (relu): ReLU()
    )
    (hidden_1): DownstreamInceptionResnetBlock(
      (conv1): ConvBlock(
        (conv): Conv1d(12, 64, kernel_size=(7,), stride=(2,), padding=(3,))
        (bn): BatchNorm1d(64, eps=1e-05, momentum=0.1, affine=True, track_running_stats=True)
      )
      (conv2): ConvBlock(
        (conv): Conv1d(64, 128, kernel_size=(3,), stride=(1,), padding=(1,))
        (bn): BatchNorm1d(128, eps=1e-05, momentum=0.1, affine=True, track_running_stats=True)
      )
      (maxpool): MaxPool1d(kernel_size=3, stride=2, padding=1, dilation=1, ceil_mode=False)
      (inception3a): InceptionBlock(
        (branch1): ConvBlock(
          (conv): Conv1d(128, 64, kernel_size=(1,), stride=(1,))
          (bn): BatchNorm1d(64, eps=1e-05, momentum=0.1, affine=True, track_running_stats=True)
        )
        (branch2): Sequential(
          (0): ConvBlock(
            (conv): Conv1d(128, 96, kernel_size=(1,), stride=(1,))
            (bn): BatchNorm1d(96, eps=1e-05, momentum=0.1, affine=True, track_running_stats=True)
          )
          (1): ConvBlock(
            (conv): Conv1d(96, 128, kernel_size=(3,), stride=(1,), padding=(1,))
            (bn): BatchNorm1d(128, eps=1e-05, momentum=0.1, affine=True, track_running_stats=True)
          )
        )
        (branch3): Sequential(
          (0): ConvBlock(
            (conv): Conv1d(128, 16, kernel_size=(1,), stride=(1,))
            (bn): BatchNorm1d(16, eps=1e-05, momentum=0.1, affine=True, track_running_stats=True)
          )
          (1): ConvBlock(
            (conv): Conv1d(16, 32, kernel_size=(5,), stride=(1,), padding=(2,))
            (bn): BatchNorm1d(32, eps=1e-05, momentum=0.1, affine=True, track_running_stats=True)
          )
        )
        (branch4): Sequential(
          (0): MaxPool2d(kernel_size=3, stride=1, padding=1, dilation=1, ceil_mode=False)
          (1): ConvBlock(
            (conv): Conv1d(128, 32, kernel_size=(1,), stride=(1,))
            (bn): BatchNorm1d(32, eps=1e-05, momentum=0.1, affine=True, track_running_stats=True)
          )
        )
      )
      (inception3b): InceptionBlock(
        (branch1): ConvBlock(
          (conv): Conv1d(256, 128, kernel_size=(1,), stride=(1,))
          (bn): BatchNorm1d(128, eps=1e-05, momentum=0.1, affine=True, track_running_stats=True)
        )
        (branch2): Sequential(
          (0): ConvBlock(
            (conv): Conv1d(256, 128, kernel_size=(1,), stride=(1,))
            (bn): BatchNorm1d(128, eps=1e-05, momentum=0.1, affine=True, track_running_stats=True)
          )
          (1): ConvBlock(
            (conv): Conv1d(128, 192, kernel_size=(3,), stride=(1,), padding=(1,))
            (bn): BatchNorm1d(192, eps=1e-05, momentum=0.1, affine=True, track_running_stats=True)
          )
        )
        (branch3): Sequential(
          (0): ConvBlock(
            (conv): Conv1d(256, 32, kernel_size=(1,), stride=(1,))
            (bn): BatchNorm1d(32, eps=1e-05, momentum=0.1, affine=True, track_running_stats=True)
          )
          (1): ConvBlock(
            (conv): Conv1d(32, 96, kernel_size=(5,), stride=(1,), padding=(2,))
            (bn): BatchNorm1d(96, eps=1e-05, momentum=0.1, affine=True, track_running_stats=True)
          )
        )
        (branch4): Sequential(
          (0): MaxPool2d(kernel_size=3, stride=1, padding=1, dilation=1, ceil_mode=False)
          (1): ConvBlock(
            (conv): Conv1d(256, 64, kernel_size=(1,), stride=(1,))
            (bn): BatchNorm1d(64, eps=1e-05, momentum=0.1, affine=True, track_running_stats=True)
          )
        )
      )
      (inception4a): InceptionBlock(
        (branch1): ConvBlock(
          (conv): Conv1d(480, 192, kernel_size=(1,), stride=(1,))
          (bn): BatchNorm1d(192, eps=1e-05, momentum=0.1, affine=True, track_running_stats=True)
        )
        (branch2): Sequential(
          (0): ConvBlock(
            (conv): Conv1d(480, 96, kernel_size=(1,), stride=(1,))
            (bn): BatchNorm1d(96, eps=1e-05, momentum=0.1, affine=True, track_running_stats=True)
          )
          (1): ConvBlock(
            (conv): Conv1d(96, 208, kernel_size=(3,), stride=(1,), padding=(1,))
            (bn): BatchNorm1d(208, eps=1e-05, momentum=0.1, affine=True, track_running_stats=True)
          )
        )
        (branch3): Sequential(
          (0): ConvBlock(
            (conv): Conv1d(480, 16, kernel_size=(1,), stride=(1,))
            (bn): BatchNorm1d(16, eps=1e-05, momentum=0.1, affine=True, track_running_stats=True)
          )
          (1): ConvBlock(
            (conv): Conv1d(16, 48, kernel_size=(5,), stride=(1,), padding=(2,))
            (bn): BatchNorm1d(48, eps=1e-05, momentum=0.1, affine=True, track_running_stats=True)
          )
        )
        (branch4): Sequential(
          (0): MaxPool2d(kernel_size=3, stride=1, padding=1, dilation=1, ceil_mode=False)
          (1): ConvBlock(
            (conv): Conv1d(480, 64, kernel_size=(1,), stride=(1,))
            (bn): BatchNorm1d(64, eps=1e-05, momentum=0.1, affine=True, track_running_stats=True)
          )
        )
      )
      (inception4b): InceptionBlock(
        (branch1): ConvBlock(
          (conv): Conv1d(512, 32, kernel_size=(1,), stride=(1,))
          (bn): BatchNorm1d(32, eps=1e-05, momentum=0.1, affine=True, track_running_stats=True)
        )
        (branch2): Sequential(
          (0): ConvBlock(
            (conv): Conv1d(512, 112, kernel_size=(1,), stride=(1,))
            (bn): BatchNorm1d(112, eps=1e-05, momentum=0.1, affine=True, track_running_stats=True)
          )
          (1): ConvBlock(
            (conv): Conv1d(112, 32, kernel_size=(3,), stride=(1,), padding=(1,))
            (bn): BatchNorm1d(32, eps=1e-05, momentum=0.1, affine=True, track_running_stats=True)
          )
        )
        (branch3): Sequential(
          (0): ConvBlock(
            (conv): Conv1d(512, 24, kernel_size=(1,), stride=(1,))
            (bn): BatchNorm1d(24, eps=1e-05, momentum=0.1, affine=True, track_running_stats=True)
          )
          (1): ConvBlock(
            (conv): Conv1d(24, 64, kernel_size=(5,), stride=(1,), padding=(2,))
            (bn): BatchNorm1d(64, eps=1e-05, momentum=0.1, affine=True, track_running_stats=True)
          )
        )
        (branch4): Sequential(
          (0): MaxPool2d(kernel_size=3, stride=1, padding=1, dilation=1, ceil_mode=False)
          (1): ConvBlock(
            (conv): Conv1d(512, 32, kernel_size=(1,), stride=(1,))
            (bn): BatchNorm1d(32, eps=1e-05, momentum=0.1, affine=True, track_running_stats=True)
          )
        )
      )
      (avgpool): AvgPool1d(kernel_size=(5,), stride=(1,), padding=(0,))
      (fc_resnet): Linear(in_features=8480, out_features=5400, bias=True)
      (fc_out): Linear(in_features=5400, out_features=1, bias=True)
      (relu): ReLU()
    )
    (hidden_2): DownstreamInceptionResnetBlock(
      (conv1): ConvBlock(
        (conv): Conv1d(12, 64, kernel_size=(7,), stride=(2,), padding=(3,))
        (bn): BatchNorm1d(64, eps=1e-05, momentum=0.1, affine=True, track_running_stats=True)
      )
      (conv2): ConvBlock(
        (conv): Conv1d(64, 128, kernel_size=(3,), stride=(1,), padding=(1,))
        (bn): BatchNorm1d(128, eps=1e-05, momentum=0.1, affine=True, track_running_stats=True)
      )
      (maxpool): MaxPool1d(kernel_size=3, stride=2, padding=1, dilation=1, ceil_mode=False)
      (inception3a): InceptionBlock(
        (branch1): ConvBlock(
          (conv): Conv1d(128, 64, kernel_size=(1,), stride=(1,))
          (bn): BatchNorm1d(64, eps=1e-05, momentum=0.1, affine=True, track_running_stats=True)
        )
        (branch2): Sequential(
          (0): ConvBlock(
            (conv): Conv1d(128, 96, kernel_size=(1,), stride=(1,))
            (bn): BatchNorm1d(96, eps=1e-05, momentum=0.1, affine=True, track_running_stats=True)
          )
          (1): ConvBlock(
            (conv): Conv1d(96, 128, kernel_size=(3,), stride=(1,), padding=(1,))
            (bn): BatchNorm1d(128, eps=1e-05, momentum=0.1, affine=True, track_running_stats=True)
          )
        )
        (branch3): Sequential(
          (0): ConvBlock(
            (conv): Conv1d(128, 16, kernel_size=(1,), stride=(1,))
            (bn): BatchNorm1d(16, eps=1e-05, momentum=0.1, affine=True, track_running_stats=True)
          )
          (1): ConvBlock(
            (conv): Conv1d(16, 32, kernel_size=(5,), stride=(1,), padding=(2,))
            (bn): BatchNorm1d(32, eps=1e-05, momentum=0.1, affine=True, track_running_stats=True)
          )
        )
        (branch4): Sequential(
          (0): MaxPool2d(kernel_size=3, stride=1, padding=1, dilation=1, ceil_mode=False)
          (1): ConvBlock(
            (conv): Conv1d(128, 32, kernel_size=(1,), stride=(1,))
            (bn): BatchNorm1d(32, eps=1e-05, momentum=0.1, affine=True, track_running_stats=True)
          )
        )
      )
      (inception3b): InceptionBlock(
        (branch1): ConvBlock(
          (conv): Conv1d(256, 128, kernel_size=(1,), stride=(1,))
          (bn): BatchNorm1d(128, eps=1e-05, momentum=0.1, affine=True, track_running_stats=True)
        )
        (branch2): Sequential(
          (0): ConvBlock(
            (conv): Conv1d(256, 128, kernel_size=(1,), stride=(1,))
            (bn): BatchNorm1d(128, eps=1e-05, momentum=0.1, affine=True, track_running_stats=True)
          )
          (1): ConvBlock(
            (conv): Conv1d(128, 192, kernel_size=(3,), stride=(1,), padding=(1,))
            (bn): BatchNorm1d(192, eps=1e-05, momentum=0.1, affine=True, track_running_stats=True)
          )
        )
        (branch3): Sequential(
          (0): ConvBlock(
            (conv): Conv1d(256, 32, kernel_size=(1,), stride=(1,))
            (bn): BatchNorm1d(32, eps=1e-05, momentum=0.1, affine=True, track_running_stats=True)
          )
          (1): ConvBlock(
            (conv): Conv1d(32, 96, kernel_size=(5,), stride=(1,), padding=(2,))
            (bn): BatchNorm1d(96, eps=1e-05, momentum=0.1, affine=True, track_running_stats=True)
          )
        )
        (branch4): Sequential(
          (0): MaxPool2d(kernel_size=3, stride=1, padding=1, dilation=1, ceil_mode=False)
          (1): ConvBlock(
            (conv): Conv1d(256, 64, kernel_size=(1,), stride=(1,))
            (bn): BatchNorm1d(64, eps=1e-05, momentum=0.1, affine=True, track_running_stats=True)
          )
        )
      )
      (inception4a): InceptionBlock(
        (branch1): ConvBlock(
          (conv): Conv1d(480, 192, kernel_size=(1,), stride=(1,))
          (bn): BatchNorm1d(192, eps=1e-05, momentum=0.1, affine=True, track_running_stats=True)
        )
        (branch2): Sequential(
          (0): ConvBlock(
            (conv): Conv1d(480, 96, kernel_size=(1,), stride=(1,))
            (bn): BatchNorm1d(96, eps=1e-05, momentum=0.1, affine=True, track_running_stats=True)
          )
          (1): ConvBlock(
            (conv): Conv1d(96, 208, kernel_size=(3,), stride=(1,), padding=(1,))
            (bn): BatchNorm1d(208, eps=1e-05, momentum=0.1, affine=True, track_running_stats=True)
          )
        )
        (branch3): Sequential(
          (0): ConvBlock(
            (conv): Conv1d(480, 16, kernel_size=(1,), stride=(1,))
            (bn): BatchNorm1d(16, eps=1e-05, momentum=0.1, affine=True, track_running_stats=True)
          )
          (1): ConvBlock(
            (conv): Conv1d(16, 48, kernel_size=(5,), stride=(1,), padding=(2,))
            (bn): BatchNorm1d(48, eps=1e-05, momentum=0.1, affine=True, track_running_stats=True)
          )
        )
        (branch4): Sequential(
          (0): MaxPool2d(kernel_size=3, stride=1, padding=1, dilation=1, ceil_mode=False)
          (1): ConvBlock(
            (conv): Conv1d(480, 64, kernel_size=(1,), stride=(1,))
            (bn): BatchNorm1d(64, eps=1e-05, momentum=0.1, affine=True, track_running_stats=True)
          )
        )
      )
      (inception4b): InceptionBlock(
        (branch1): ConvBlock(
          (conv): Conv1d(512, 32, kernel_size=(1,), stride=(1,))
          (bn): BatchNorm1d(32, eps=1e-05, momentum=0.1, affine=True, track_running_stats=True)
        )
        (branch2): Sequential(
          (0): ConvBlock(
            (conv): Conv1d(512, 112, kernel_size=(1,), stride=(1,))
            (bn): BatchNorm1d(112, eps=1e-05, momentum=0.1, affine=True, track_running_stats=True)
          )
          (1): ConvBlock(
            (conv): Conv1d(112, 32, kernel_size=(3,), stride=(1,), padding=(1,))
            (bn): BatchNorm1d(32, eps=1e-05, momentum=0.1, affine=True, track_running_stats=True)
          )
        )
        (branch3): Sequential(
          (0): ConvBlock(
            (conv): Conv1d(512, 24, kernel_size=(1,), stride=(1,))
            (bn): BatchNorm1d(24, eps=1e-05, momentum=0.1, affine=True, track_running_stats=True)
          )
          (1): ConvBlock(
            (conv): Conv1d(24, 64, kernel_size=(5,), stride=(1,), padding=(2,))
            (bn): BatchNorm1d(64, eps=1e-05, momentum=0.1, affine=True, track_running_stats=True)
          )
        )
        (branch4): Sequential(
          (0): MaxPool2d(kernel_size=3, stride=1, padding=1, dilation=1, ceil_mode=False)
          (1): ConvBlock(
            (conv): Conv1d(512, 32, kernel_size=(1,), stride=(1,))
            (bn): BatchNorm1d(32, eps=1e-05, momentum=0.1, affine=True, track_running_stats=True)
          )
        )
      )
      (avgpool): AvgPool1d(kernel_size=(5,), stride=(1,), padding=(0,))
      (fc_resnet): Linear(in_features=8480, out_features=5400, bias=True)
      (fc_out): Linear(in_features=5400, out_features=1, bias=True)
      (relu): ReLU()
    )
    (hidden_3): DownstreamInceptionResnetBlock(
      (conv1): ConvBlock(
        (conv): Conv1d(12, 64, kernel_size=(7,), stride=(2,), padding=(3,))
        (bn): BatchNorm1d(64, eps=1e-05, momentum=0.1, affine=True, track_running_stats=True)
      )
      (conv2): ConvBlock(
        (conv): Conv1d(64, 128, kernel_size=(3,), stride=(1,), padding=(1,))
        (bn): BatchNorm1d(128, eps=1e-05, momentum=0.1, affine=True, track_running_stats=True)
      )
      (maxpool): MaxPool1d(kernel_size=3, stride=2, padding=1, dilation=1, ceil_mode=False)
      (inception3a): InceptionBlock(
        (branch1): ConvBlock(
          (conv): Conv1d(128, 64, kernel_size=(1,), stride=(1,))
          (bn): BatchNorm1d(64, eps=1e-05, momentum=0.1, affine=True, track_running_stats=True)
        )
        (branch2): Sequential(
          (0): ConvBlock(
            (conv): Conv1d(128, 96, kernel_size=(1,), stride=(1,))
            (bn): BatchNorm1d(96, eps=1e-05, momentum=0.1, affine=True, track_running_stats=True)
          )
          (1): ConvBlock(
            (conv): Conv1d(96, 128, kernel_size=(3,), stride=(1,), padding=(1,))
            (bn): BatchNorm1d(128, eps=1e-05, momentum=0.1, affine=True, track_running_stats=True)
          )
        )
        (branch3): Sequential(
          (0): ConvBlock(
            (conv): Conv1d(128, 16, kernel_size=(1,), stride=(1,))
            (bn): BatchNorm1d(16, eps=1e-05, momentum=0.1, affine=True, track_running_stats=True)
          )
          (1): ConvBlock(
            (conv): Conv1d(16, 32, kernel_size=(5,), stride=(1,), padding=(2,))
            (bn): BatchNorm1d(32, eps=1e-05, momentum=0.1, affine=True, track_running_stats=True)
          )
        )
        (branch4): Sequential(
          (0): MaxPool2d(kernel_size=3, stride=1, padding=1, dilation=1, ceil_mode=False)
          (1): ConvBlock(
            (conv): Conv1d(128, 32, kernel_size=(1,), stride=(1,))
            (bn): BatchNorm1d(32, eps=1e-05, momentum=0.1, affine=True, track_running_stats=True)
          )
        )
      )
      (inception3b): InceptionBlock(
        (branch1): ConvBlock(
          (conv): Conv1d(256, 128, kernel_size=(1,), stride=(1,))
          (bn): BatchNorm1d(128, eps=1e-05, momentum=0.1, affine=True, track_running_stats=True)
        )
        (branch2): Sequential(
          (0): ConvBlock(
            (conv): Conv1d(256, 128, kernel_size=(1,), stride=(1,))
            (bn): BatchNorm1d(128, eps=1e-05, momentum=0.1, affine=True, track_running_stats=True)
          )
          (1): ConvBlock(
            (conv): Conv1d(128, 192, kernel_size=(3,), stride=(1,), padding=(1,))
            (bn): BatchNorm1d(192, eps=1e-05, momentum=0.1, affine=True, track_running_stats=True)
          )
        )
        (branch3): Sequential(
          (0): ConvBlock(
            (conv): Conv1d(256, 32, kernel_size=(1,), stride=(1,))
            (bn): BatchNorm1d(32, eps=1e-05, momentum=0.1, affine=True, track_running_stats=True)
          )
          (1): ConvBlock(
            (conv): Conv1d(32, 96, kernel_size=(5,), stride=(1,), padding=(2,))
            (bn): BatchNorm1d(96, eps=1e-05, momentum=0.1, affine=True, track_running_stats=True)
          )
        )
        (branch4): Sequential(
          (0): MaxPool2d(kernel_size=3, stride=1, padding=1, dilation=1, ceil_mode=False)
          (1): ConvBlock(
            (conv): Conv1d(256, 64, kernel_size=(1,), stride=(1,))
            (bn): BatchNorm1d(64, eps=1e-05, momentum=0.1, affine=True, track_running_stats=True)
          )
        )
      )
      (inception4a): InceptionBlock(
        (branch1): ConvBlock(
          (conv): Conv1d(480, 192, kernel_size=(1,), stride=(1,))
          (bn): BatchNorm1d(192, eps=1e-05, momentum=0.1, affine=True, track_running_stats=True)
        )
        (branch2): Sequential(
          (0): ConvBlock(
            (conv): Conv1d(480, 96, kernel_size=(1,), stride=(1,))
            (bn): BatchNorm1d(96, eps=1e-05, momentum=0.1, affine=True, track_running_stats=True)
          )
          (1): ConvBlock(
            (conv): Conv1d(96, 208, kernel_size=(3,), stride=(1,), padding=(1,))
            (bn): BatchNorm1d(208, eps=1e-05, momentum=0.1, affine=True, track_running_stats=True)
          )
        )
        (branch3): Sequential(
          (0): ConvBlock(
            (conv): Conv1d(480, 16, kernel_size=(1,), stride=(1,))
            (bn): BatchNorm1d(16, eps=1e-05, momentum=0.1, affine=True, track_running_stats=True)
          )
          (1): ConvBlock(
            (conv): Conv1d(16, 48, kernel_size=(5,), stride=(1,), padding=(2,))
            (bn): BatchNorm1d(48, eps=1e-05, momentum=0.1, affine=True, track_running_stats=True)
          )
        )
        (branch4): Sequential(
          (0): MaxPool2d(kernel_size=3, stride=1, padding=1, dilation=1, ceil_mode=False)
          (1): ConvBlock(
            (conv): Conv1d(480, 64, kernel_size=(1,), stride=(1,))
            (bn): BatchNorm1d(64, eps=1e-05, momentum=0.1, affine=True, track_running_stats=True)
          )
        )
      )
      (inception4b): InceptionBlock(
        (branch1): ConvBlock(
          (conv): Conv1d(512, 32, kernel_size=(1,), stride=(1,))
          (bn): BatchNorm1d(32, eps=1e-05, momentum=0.1, affine=True, track_running_stats=True)
        )
        (branch2): Sequential(
          (0): ConvBlock(
            (conv): Conv1d(512, 112, kernel_size=(1,), stride=(1,))
            (bn): BatchNorm1d(112, eps=1e-05, momentum=0.1, affine=True, track_running_stats=True)
          )
          (1): ConvBlock(
            (conv): Conv1d(112, 32, kernel_size=(3,), stride=(1,), padding=(1,))
            (bn): BatchNorm1d(32, eps=1e-05, momentum=0.1, affine=True, track_running_stats=True)
          )
        )
        (branch3): Sequential(
          (0): ConvBlock(
            (conv): Conv1d(512, 24, kernel_size=(1,), stride=(1,))
            (bn): BatchNorm1d(24, eps=1e-05, momentum=0.1, affine=True, track_running_stats=True)
          )
          (1): ConvBlock(
            (conv): Conv1d(24, 64, kernel_size=(5,), stride=(1,), padding=(2,))
            (bn): BatchNorm1d(64, eps=1e-05, momentum=0.1, affine=True, track_running_stats=True)
          )
        )
        (branch4): Sequential(
          (0): MaxPool2d(kernel_size=3, stride=1, padding=1, dilation=1, ceil_mode=False)
          (1): ConvBlock(
            (conv): Conv1d(512, 32, kernel_size=(1,), stride=(1,))
            (bn): BatchNorm1d(32, eps=1e-05, momentum=0.1, affine=True, track_running_stats=True)
          )
        )
      )
      (avgpool): AvgPool1d(kernel_size=(5,), stride=(1,), padding=(0,))
      (fc_resnet): Linear(in_features=8480, out_features=5400, bias=True)
      (fc_out): Linear(in_features=5400, out_features=1, bias=True)
      (relu): ReLU()
    )
    (output): DownstreamInceptionResnetFinal(
      (conv1): ConvBlock(
        (conv): Conv1d(12, 64, kernel_size=(7,), stride=(2,), padding=(3,))
        (bn): BatchNorm1d(64, eps=1e-05, momentum=0.1, affine=True, track_running_stats=True)
      )
      (conv2): ConvBlock(
        (conv): Conv1d(64, 128, kernel_size=(3,), stride=(1,), padding=(1,))
        (bn): BatchNorm1d(128, eps=1e-05, momentum=0.1, affine=True, track_running_stats=True)
      )
      (maxpool): MaxPool1d(kernel_size=3, stride=2, padding=1, dilation=1, ceil_mode=False)
      (inception3a): InceptionBlock(
        (branch1): ConvBlock(
          (conv): Conv1d(128, 64, kernel_size=(1,), stride=(1,))
          (bn): BatchNorm1d(64, eps=1e-05, momentum=0.1, affine=True, track_running_stats=True)
        )
        (branch2): Sequential(
          (0): ConvBlock(
            (conv): Conv1d(128, 96, kernel_size=(1,), stride=(1,))
            (bn): BatchNorm1d(96, eps=1e-05, momentum=0.1, affine=True, track_running_stats=True)
          )
          (1): ConvBlock(
            (conv): Conv1d(96, 128, kernel_size=(3,), stride=(1,), padding=(1,))
            (bn): BatchNorm1d(128, eps=1e-05, momentum=0.1, affine=True, track_running_stats=True)
          )
        )
        (branch3): Sequential(
          (0): ConvBlock(
            (conv): Conv1d(128, 16, kernel_size=(1,), stride=(1,))
            (bn): BatchNorm1d(16, eps=1e-05, momentum=0.1, affine=True, track_running_stats=True)
          )
          (1): ConvBlock(
            (conv): Conv1d(16, 32, kernel_size=(5,), stride=(1,), padding=(2,))
            (bn): BatchNorm1d(32, eps=1e-05, momentum=0.1, affine=True, track_running_stats=True)
          )
        )
        (branch4): Sequential(
          (0): MaxPool2d(kernel_size=3, stride=1, padding=1, dilation=1, ceil_mode=False)
          (1): ConvBlock(
            (conv): Conv1d(128, 32, kernel_size=(1,), stride=(1,))
            (bn): BatchNorm1d(32, eps=1e-05, momentum=0.1, affine=True, track_running_stats=True)
          )
        )
      )
      (inception3b): InceptionBlock(
        (branch1): ConvBlock(
          (conv): Conv1d(256, 128, kernel_size=(1,), stride=(1,))
          (bn): BatchNorm1d(128, eps=1e-05, momentum=0.1, affine=True, track_running_stats=True)
        )
        (branch2): Sequential(
          (0): ConvBlock(
            (conv): Conv1d(256, 128, kernel_size=(1,), stride=(1,))
            (bn): BatchNorm1d(128, eps=1e-05, momentum=0.1, affine=True, track_running_stats=True)
          )
          (1): ConvBlock(
            (conv): Conv1d(128, 192, kernel_size=(3,), stride=(1,), padding=(1,))
            (bn): BatchNorm1d(192, eps=1e-05, momentum=0.1, affine=True, track_running_stats=True)
          )
        )
        (branch3): Sequential(
          (0): ConvBlock(
            (conv): Conv1d(256, 32, kernel_size=(1,), stride=(1,))
            (bn): BatchNorm1d(32, eps=1e-05, momentum=0.1, affine=True, track_running_stats=True)
          )
          (1): ConvBlock(
            (conv): Conv1d(32, 96, kernel_size=(5,), stride=(1,), padding=(2,))
            (bn): BatchNorm1d(96, eps=1e-05, momentum=0.1, affine=True, track_running_stats=True)
          )
        )
        (branch4): Sequential(
          (0): MaxPool2d(kernel_size=3, stride=1, padding=1, dilation=1, ceil_mode=False)
          (1): ConvBlock(
            (conv): Conv1d(256, 64, kernel_size=(1,), stride=(1,))
            (bn): BatchNorm1d(64, eps=1e-05, momentum=0.1, affine=True, track_running_stats=True)
          )
        )
      )
      (inception4a): InceptionBlock(
        (branch1): ConvBlock(
          (conv): Conv1d(480, 192, kernel_size=(1,), stride=(1,))
          (bn): BatchNorm1d(192, eps=1e-05, momentum=0.1, affine=True, track_running_stats=True)
        )
        (branch2): Sequential(
          (0): ConvBlock(
            (conv): Conv1d(480, 96, kernel_size=(1,), stride=(1,))
            (bn): BatchNorm1d(96, eps=1e-05, momentum=0.1, affine=True, track_running_stats=True)
          )
          (1): ConvBlock(
            (conv): Conv1d(96, 208, kernel_size=(3,), stride=(1,), padding=(1,))
            (bn): BatchNorm1d(208, eps=1e-05, momentum=0.1, affine=True, track_running_stats=True)
          )
        )
        (branch3): Sequential(
          (0): ConvBlock(
            (conv): Conv1d(480, 16, kernel_size=(1,), stride=(1,))
            (bn): BatchNorm1d(16, eps=1e-05, momentum=0.1, affine=True, track_running_stats=True)
          )
          (1): ConvBlock(
            (conv): Conv1d(16, 48, kernel_size=(5,), stride=(1,), padding=(2,))
            (bn): BatchNorm1d(48, eps=1e-05, momentum=0.1, affine=True, track_running_stats=True)
          )
        )
        (branch4): Sequential(
          (0): MaxPool2d(kernel_size=3, stride=1, padding=1, dilation=1, ceil_mode=False)
          (1): ConvBlock(
            (conv): Conv1d(480, 64, kernel_size=(1,), stride=(1,))
            (bn): BatchNorm1d(64, eps=1e-05, momentum=0.1, affine=True, track_running_stats=True)
          )
        )
      )
      (inception4b): InceptionBlock(
        (branch1): ConvBlock(
          (conv): Conv1d(512, 32, kernel_size=(1,), stride=(1,))
          (bn): BatchNorm1d(32, eps=1e-05, momentum=0.1, affine=True, track_running_stats=True)
        )
        (branch2): Sequential(
          (0): ConvBlock(
            (conv): Conv1d(512, 112, kernel_size=(1,), stride=(1,))
            (bn): BatchNorm1d(112, eps=1e-05, momentum=0.1, affine=True, track_running_stats=True)
          )
          (1): ConvBlock(
            (conv): Conv1d(112, 32, kernel_size=(3,), stride=(1,), padding=(1,))
            (bn): BatchNorm1d(32, eps=1e-05, momentum=0.1, affine=True, track_running_stats=True)
          )
        )
        (branch3): Sequential(
          (0): ConvBlock(
            (conv): Conv1d(512, 24, kernel_size=(1,), stride=(1,))
            (bn): BatchNorm1d(24, eps=1e-05, momentum=0.1, affine=True, track_running_stats=True)
          )
          (1): ConvBlock(
            (conv): Conv1d(24, 64, kernel_size=(5,), stride=(1,), padding=(2,))
            (bn): BatchNorm1d(64, eps=1e-05, momentum=0.1, affine=True, track_running_stats=True)
          )
        )
        (branch4): Sequential(
          (0): MaxPool2d(kernel_size=3, stride=1, padding=1, dilation=1, ceil_mode=False)
          (1): ConvBlock(
            (conv): Conv1d(512, 32, kernel_size=(1,), stride=(1,))
            (bn): BatchNorm1d(32, eps=1e-05, momentum=0.1, affine=True, track_running_stats=True)
          )
        )
      )
      (avgpool): AvgPool1d(kernel_size=(5,), stride=(1,), padding=(0,))
      (dropout): Dropout(p=0.35, inplace=False)
      (fc_out): Linear(in_features=8480, out_features=1, bias=True)
      (sigmoid): Sigmoid()
    )
  )
)
2023-12-28 16:51 - INFO - * -----------
2023-12-28 16:51 - INFO - Evaluating model based on: rocauc
2023-12-28 16:51 - INFO - Training..

2023-12-28 17:02 - INFO - ---------------------------------------------
2023-12-28 17:02 - INFO - Epoch: 01 | Time: 11m 39s
2023-12-28 17:02 - INFO - 	 New best val_rocauc loss was found, current best value is 0.65228
2023-12-28 17:02 - INFO - 	 Train Loss: 0.561
2023-12-28 17:02 - INFO - 	 Val. Loss: 0.531
2023-12-28 17:02 - INFO - 	 ROC-AUC: 0.652
2023-12-28 17:02 - INFO - 	 PR-AUC: 0.372
2023-12-28 17:02 - INFO - 	 Recall for 0.4 precision: 0.373
2023-12-28 17:02 - INFO - 	 Best Val. Loss: 0.531
2023-12-28 17:02 - INFO - 	 Best ROC-AUC: 0.652
2023-12-28 17:02 - INFO - 	 Best PR-AUC: 0.372
2023-12-28 17:02 - INFO - 	 Best Recall for 0.4 precision: 0.373
2023-12-28 17:02 - INFO - ---------------------------------------------
2023-12-28 17:14 - INFO - ---------------------------------------------
2023-12-28 17:14 - INFO - Epoch: 02 | Time: 11m 3s
2023-12-28 17:14 - INFO - 	 New best val_rocauc loss was found, current best value is 0.67799
2023-12-28 17:14 - INFO - 	 Train Loss: 0.518
2023-12-28 17:14 - INFO - 	 Val. Loss: 0.526
2023-12-28 17:14 - INFO - 	 ROC-AUC: 0.678
2023-12-28 17:14 - INFO - 	 PR-AUC: 0.397
2023-12-28 17:14 - INFO - 	 Recall for 0.4 precision: 0.001
2023-12-28 17:14 - INFO - 	 Best Val. Loss: 0.526
2023-12-28 17:14 - INFO - 	 Best ROC-AUC: 0.678
2023-12-28 17:14 - INFO - 	 Best PR-AUC: 0.397
2023-12-28 17:14 - INFO - 	 Best Recall for 0.4 precision: 0.373
2023-12-28 17:14 - INFO - ---------------------------------------------
2023-12-28 17:24 - INFO - ---------------------------------------------
2023-12-28 17:24 - INFO - Epoch: 03 | Time: 10m 35s
2023-12-28 17:24 - INFO - 	 New best val_rocauc loss was found, current best value is 0.71558
2023-12-28 17:24 - INFO - 	 Train Loss: 0.508
2023-12-28 17:24 - INFO - 	 Val. Loss: 0.506
2023-12-28 17:24 - INFO - 	 ROC-AUC: 0.716
2023-12-28 17:24 - INFO - 	 PR-AUC: 0.437
2023-12-28 17:24 - INFO - 	 Recall for 0.4 precision: 0.594
2023-12-28 17:24 - INFO - 	 Best Val. Loss: 0.506
2023-12-28 17:24 - INFO - 	 Best ROC-AUC: 0.716
2023-12-28 17:24 - INFO - 	 Best PR-AUC: 0.437
2023-12-28 17:24 - INFO - 	 Best Recall for 0.4 precision: 0.594
2023-12-28 17:24 - INFO - ---------------------------------------------
2023-12-28 17:33 - INFO - ---------------------------------------------
2023-12-28 17:33 - INFO - Epoch: 04 | Time: 8m 56s
2023-12-28 17:33 - INFO - 	 New best val_rocauc loss was found, current best value is 0.71838
2023-12-28 17:33 - INFO - 	 Train Loss: 0.504
2023-12-28 17:33 - INFO - 	 Val. Loss: 0.503
2023-12-28 17:33 - INFO - 	 ROC-AUC: 0.718
2023-12-28 17:33 - INFO - 	 PR-AUC: 0.436
2023-12-28 17:33 - INFO - 	 Recall for 0.4 precision: 0.622
2023-12-28 17:33 - INFO - 	 Best Val. Loss: 0.503
2023-12-28 17:33 - INFO - 	 Best ROC-AUC: 0.718
2023-12-28 17:33 - INFO - 	 Best PR-AUC: 0.437
2023-12-28 17:33 - INFO - 	 Best Recall for 0.4 precision: 0.622
2023-12-28 17:33 - INFO - ---------------------------------------------
2023-12-28 17:40 - INFO - ---------------------------------------------
2023-12-28 17:40 - INFO - Epoch: 05 | Time: 6m 57s
2023-12-28 17:40 - INFO - 	 New best val_rocauc loss was found, current best value is 0.72569
2023-12-28 17:40 - INFO - 	 Train Loss: 0.501
2023-12-28 17:40 - INFO - 	 Val. Loss: 0.498
2023-12-28 17:40 - INFO - 	 ROC-AUC: 0.726
2023-12-28 17:40 - INFO - 	 PR-AUC: 0.451
2023-12-28 17:40 - INFO - 	 Recall for 0.4 precision: 0.625
2023-12-28 17:40 - INFO - 	 Best Val. Loss: 0.498
2023-12-28 17:40 - INFO - 	 Best ROC-AUC: 0.726
2023-12-28 17:40 - INFO - 	 Best PR-AUC: 0.451
2023-12-28 17:40 - INFO - 	 Best Recall for 0.4 precision: 0.625
2023-12-28 17:40 - INFO - ---------------------------------------------
2023-12-28 17:51 - INFO - ---------------------------------------------
2023-12-28 17:51 - INFO - Epoch: 06 | Time: 10m 31s
2023-12-28 17:51 - INFO - 	 Train Loss: 0.500
2023-12-28 17:51 - INFO - 	 Val. Loss: 0.499
2023-12-28 17:51 - INFO - 	 ROC-AUC: 0.720
2023-12-28 17:51 - INFO - 	 PR-AUC: 0.439
2023-12-28 17:51 - INFO - 	 Recall for 0.4 precision: 0.628
2023-12-28 17:51 - INFO - 	 Best Val. Loss: 0.498
2023-12-28 17:51 - INFO - 	 Best ROC-AUC: 0.726
2023-12-28 17:51 - INFO - 	 Best PR-AUC: 0.451
2023-12-28 17:51 - INFO - 	 Best Recall for 0.4 precision: 0.628
2023-12-28 17:51 - INFO - ---------------------------------------------
2023-12-28 17:57 - INFO - ---------------------------------------------
2023-12-28 17:57 - INFO - Epoch: 07 | Time: 6m 45s
2023-12-28 17:57 - INFO - 	 Train Loss: 0.499
2023-12-28 17:57 - INFO - 	 Val. Loss: 0.510
2023-12-28 17:57 - INFO - 	 ROC-AUC: 0.724
2023-12-28 17:57 - INFO - 	 PR-AUC: 0.443
2023-12-28 17:57 - INFO - 	 Recall for 0.4 precision: 0.632
2023-12-28 17:57 - INFO - 	 Best Val. Loss: 0.498
2023-12-28 17:57 - INFO - 	 Best ROC-AUC: 0.726
2023-12-28 17:57 - INFO - 	 Best PR-AUC: 0.451
2023-12-28 17:57 - INFO - 	 Best Recall for 0.4 precision: 0.632
2023-12-28 17:57 - INFO - ---------------------------------------------
2023-12-28 18:04 - INFO - ---------------------------------------------
2023-12-28 18:04 - INFO - Epoch: 08 | Time: 6m 45s
2023-12-28 18:04 - INFO - 	 Train Loss: 0.500
2023-12-28 18:04 - INFO - 	 Val. Loss: 0.506
2023-12-28 18:04 - INFO - 	 ROC-AUC: 0.724
2023-12-28 18:04 - INFO - 	 PR-AUC: 0.454
2023-12-28 18:04 - INFO - 	 Recall for 0.4 precision: 0.621
2023-12-28 18:04 - INFO - 	 Best Val. Loss: 0.498
2023-12-28 18:04 - INFO - 	 Best ROC-AUC: 0.726
2023-12-28 18:04 - INFO - 	 Best PR-AUC: 0.454
2023-12-28 18:04 - INFO - 	 Best Recall for 0.4 precision: 0.632
2023-12-28 18:04 - INFO - ---------------------------------------------
