2023-12-28 10:51 - INFO - Fit the preprocessing pipeline
2023-12-28 10:51 - INFO - Training using device: cuda
2023-12-28 10:51 - INFO - Creating generators
2023-12-28 10:52 - INFO - The model has 191,360,445 trainable parameters
2023-12-28 10:52 - INFO - * Model:
2023-12-28 10:52 - INFO - * -----------
2023-12-28 10:52 - INFO - DownstreamInceptionResnet(
  (layers): ModuleDict(
    (input): DownstreamInceptionResnetBlock(
      (conv1): ConvBlock(
        (conv): Conv1d(12, 64, kernel_size=(7,), stride=(2,), padding=(3,))
        (bn): BatchNorm1d(64, eps=1e-05, momentum=0.1, affine=True, track_running_stats=True)
      )
      (conv2): ConvBlock(
        (conv): Conv1d(64, 256, kernel_size=(3,), stride=(1,), padding=(1,))
        (bn): BatchNorm1d(256, eps=1e-05, momentum=0.1, affine=True, track_running_stats=True)
      )
      (maxpool): MaxPool1d(kernel_size=3, stride=2, padding=1, dilation=1, ceil_mode=False)
      (inception3a): InceptionBlock(
        (branch1): ConvBlock(
          (conv): Conv1d(256, 128, kernel_size=(1,), stride=(1,))
          (bn): BatchNorm1d(128, eps=1e-05, momentum=0.1, affine=True, track_running_stats=True)
        )
        (branch2): Sequential(
          (0): ConvBlock(
            (conv): Conv1d(256, 96, kernel_size=(1,), stride=(1,))
            (bn): BatchNorm1d(96, eps=1e-05, momentum=0.1, affine=True, track_running_stats=True)
          )
          (1): ConvBlock(
            (conv): Conv1d(96, 256, kernel_size=(3,), stride=(1,), padding=(1,))
            (bn): BatchNorm1d(256, eps=1e-05, momentum=0.1, affine=True, track_running_stats=True)
          )
        )
        (branch3): Sequential(
          (0): ConvBlock(
            (conv): Conv1d(256, 16, kernel_size=(1,), stride=(1,))
            (bn): BatchNorm1d(16, eps=1e-05, momentum=0.1, affine=True, track_running_stats=True)
          )
          (1): ConvBlock(
            (conv): Conv1d(16, 64, kernel_size=(5,), stride=(1,), padding=(2,))
            (bn): BatchNorm1d(64, eps=1e-05, momentum=0.1, affine=True, track_running_stats=True)
          )
        )
        (branch4): Sequential(
          (0): MaxPool2d(kernel_size=3, stride=1, padding=1, dilation=1, ceil_mode=False)
          (1): ConvBlock(
            (conv): Conv1d(256, 64, kernel_size=(1,), stride=(1,))
            (bn): BatchNorm1d(64, eps=1e-05, momentum=0.1, affine=True, track_running_stats=True)
          )
        )
      )
      (inception3b): InceptionBlock(
        (branch1): ConvBlock(
          (conv): Conv1d(512, 256, kernel_size=(1,), stride=(1,))
          (bn): BatchNorm1d(256, eps=1e-05, momentum=0.1, affine=True, track_running_stats=True)
        )
        (branch2): Sequential(
          (0): ConvBlock(
            (conv): Conv1d(512, 128, kernel_size=(1,), stride=(1,))
            (bn): BatchNorm1d(128, eps=1e-05, momentum=0.1, affine=True, track_running_stats=True)
          )
          (1): ConvBlock(
            (conv): Conv1d(128, 384, kernel_size=(3,), stride=(1,), padding=(1,))
            (bn): BatchNorm1d(384, eps=1e-05, momentum=0.1, affine=True, track_running_stats=True)
          )
        )
        (branch3): Sequential(
          (0): ConvBlock(
            (conv): Conv1d(512, 32, kernel_size=(1,), stride=(1,))
            (bn): BatchNorm1d(32, eps=1e-05, momentum=0.1, affine=True, track_running_stats=True)
          )
          (1): ConvBlock(
            (conv): Conv1d(32, 192, kernel_size=(5,), stride=(1,), padding=(2,))
            (bn): BatchNorm1d(192, eps=1e-05, momentum=0.1, affine=True, track_running_stats=True)
          )
        )
        (branch4): Sequential(
          (0): MaxPool2d(kernel_size=3, stride=1, padding=1, dilation=1, ceil_mode=False)
          (1): ConvBlock(
            (conv): Conv1d(512, 128, kernel_size=(1,), stride=(1,))
            (bn): BatchNorm1d(128, eps=1e-05, momentum=0.1, affine=True, track_running_stats=True)
          )
        )
      )
      (inception4a): InceptionBlock(
        (branch1): ConvBlock(
          (conv): Conv1d(960, 384, kernel_size=(1,), stride=(1,))
          (bn): BatchNorm1d(384, eps=1e-05, momentum=0.1, affine=True, track_running_stats=True)
        )
        (branch2): Sequential(
          (0): ConvBlock(
            (conv): Conv1d(960, 96, kernel_size=(1,), stride=(1,))
            (bn): BatchNorm1d(96, eps=1e-05, momentum=0.1, affine=True, track_running_stats=True)
          )
          (1): ConvBlock(
            (conv): Conv1d(96, 416, kernel_size=(3,), stride=(1,), padding=(1,))
            (bn): BatchNorm1d(416, eps=1e-05, momentum=0.1, affine=True, track_running_stats=True)
          )
        )
        (branch3): Sequential(
          (0): ConvBlock(
            (conv): Conv1d(960, 16, kernel_size=(1,), stride=(1,))
            (bn): BatchNorm1d(16, eps=1e-05, momentum=0.1, affine=True, track_running_stats=True)
          )
          (1): ConvBlock(
            (conv): Conv1d(16, 96, kernel_size=(5,), stride=(1,), padding=(2,))
            (bn): BatchNorm1d(96, eps=1e-05, momentum=0.1, affine=True, track_running_stats=True)
          )
        )
        (branch4): Sequential(
          (0): MaxPool2d(kernel_size=3, stride=1, padding=1, dilation=1, ceil_mode=False)
          (1): ConvBlock(
            (conv): Conv1d(960, 128, kernel_size=(1,), stride=(1,))
            (bn): BatchNorm1d(128, eps=1e-05, momentum=0.1, affine=True, track_running_stats=True)
          )
        )
      )
      (inception4b): InceptionBlock(
        (branch1): ConvBlock(
          (conv): Conv1d(1024, 32, kernel_size=(1,), stride=(1,))
          (bn): BatchNorm1d(32, eps=1e-05, momentum=0.1, affine=True, track_running_stats=True)
        )
        (branch2): Sequential(
          (0): ConvBlock(
            (conv): Conv1d(1024, 112, kernel_size=(1,), stride=(1,))
            (bn): BatchNorm1d(112, eps=1e-05, momentum=0.1, affine=True, track_running_stats=True)
          )
          (1): ConvBlock(
            (conv): Conv1d(112, 32, kernel_size=(3,), stride=(1,), padding=(1,))
            (bn): BatchNorm1d(32, eps=1e-05, momentum=0.1, affine=True, track_running_stats=True)
          )
        )
        (branch3): Sequential(
          (0): ConvBlock(
            (conv): Conv1d(1024, 24, kernel_size=(1,), stride=(1,))
            (bn): BatchNorm1d(24, eps=1e-05, momentum=0.1, affine=True, track_running_stats=True)
          )
          (1): ConvBlock(
            (conv): Conv1d(24, 64, kernel_size=(5,), stride=(1,), padding=(2,))
            (bn): BatchNorm1d(64, eps=1e-05, momentum=0.1, affine=True, track_running_stats=True)
          )
        )
        (branch4): Sequential(
          (0): MaxPool2d(kernel_size=3, stride=1, padding=1, dilation=1, ceil_mode=False)
          (1): ConvBlock(
            (conv): Conv1d(1024, 32, kernel_size=(1,), stride=(1,))
            (bn): BatchNorm1d(32, eps=1e-05, momentum=0.1, affine=True, track_running_stats=True)
          )
        )
      )
      (avgpool): AvgPool1d(kernel_size=(5,), stride=(1,), padding=(0,))
      (fc_resnet): Linear(in_features=8480, out_features=5400, bias=True)
      (fc_out): Linear(in_features=5400, out_features=1, bias=True)
      (relu): ReLU()
    )
    (hidden_1): DownstreamInceptionResnetBlock(
      (conv1): ConvBlock(
        (conv): Conv1d(12, 64, kernel_size=(7,), stride=(2,), padding=(3,))
        (bn): BatchNorm1d(64, eps=1e-05, momentum=0.1, affine=True, track_running_stats=True)
      )
      (conv2): ConvBlock(
        (conv): Conv1d(64, 256, kernel_size=(3,), stride=(1,), padding=(1,))
        (bn): BatchNorm1d(256, eps=1e-05, momentum=0.1, affine=True, track_running_stats=True)
      )
      (maxpool): MaxPool1d(kernel_size=3, stride=2, padding=1, dilation=1, ceil_mode=False)
      (inception3a): InceptionBlock(
        (branch1): ConvBlock(
          (conv): Conv1d(256, 128, kernel_size=(1,), stride=(1,))
          (bn): BatchNorm1d(128, eps=1e-05, momentum=0.1, affine=True, track_running_stats=True)
        )
        (branch2): Sequential(
          (0): ConvBlock(
            (conv): Conv1d(256, 96, kernel_size=(1,), stride=(1,))
            (bn): BatchNorm1d(96, eps=1e-05, momentum=0.1, affine=True, track_running_stats=True)
          )
          (1): ConvBlock(
            (conv): Conv1d(96, 256, kernel_size=(3,), stride=(1,), padding=(1,))
            (bn): BatchNorm1d(256, eps=1e-05, momentum=0.1, affine=True, track_running_stats=True)
          )
        )
        (branch3): Sequential(
          (0): ConvBlock(
            (conv): Conv1d(256, 16, kernel_size=(1,), stride=(1,))
            (bn): BatchNorm1d(16, eps=1e-05, momentum=0.1, affine=True, track_running_stats=True)
          )
          (1): ConvBlock(
            (conv): Conv1d(16, 64, kernel_size=(5,), stride=(1,), padding=(2,))
            (bn): BatchNorm1d(64, eps=1e-05, momentum=0.1, affine=True, track_running_stats=True)
          )
        )
        (branch4): Sequential(
          (0): MaxPool2d(kernel_size=3, stride=1, padding=1, dilation=1, ceil_mode=False)
          (1): ConvBlock(
            (conv): Conv1d(256, 64, kernel_size=(1,), stride=(1,))
            (bn): BatchNorm1d(64, eps=1e-05, momentum=0.1, affine=True, track_running_stats=True)
          )
        )
      )
      (inception3b): InceptionBlock(
        (branch1): ConvBlock(
          (conv): Conv1d(512, 256, kernel_size=(1,), stride=(1,))
          (bn): BatchNorm1d(256, eps=1e-05, momentum=0.1, affine=True, track_running_stats=True)
        )
        (branch2): Sequential(
          (0): ConvBlock(
            (conv): Conv1d(512, 128, kernel_size=(1,), stride=(1,))
            (bn): BatchNorm1d(128, eps=1e-05, momentum=0.1, affine=True, track_running_stats=True)
          )
          (1): ConvBlock(
            (conv): Conv1d(128, 384, kernel_size=(3,), stride=(1,), padding=(1,))
            (bn): BatchNorm1d(384, eps=1e-05, momentum=0.1, affine=True, track_running_stats=True)
          )
        )
        (branch3): Sequential(
          (0): ConvBlock(
            (conv): Conv1d(512, 32, kernel_size=(1,), stride=(1,))
            (bn): BatchNorm1d(32, eps=1e-05, momentum=0.1, affine=True, track_running_stats=True)
          )
          (1): ConvBlock(
            (conv): Conv1d(32, 192, kernel_size=(5,), stride=(1,), padding=(2,))
            (bn): BatchNorm1d(192, eps=1e-05, momentum=0.1, affine=True, track_running_stats=True)
          )
        )
        (branch4): Sequential(
          (0): MaxPool2d(kernel_size=3, stride=1, padding=1, dilation=1, ceil_mode=False)
          (1): ConvBlock(
            (conv): Conv1d(512, 128, kernel_size=(1,), stride=(1,))
            (bn): BatchNorm1d(128, eps=1e-05, momentum=0.1, affine=True, track_running_stats=True)
          )
        )
      )
      (inception4a): InceptionBlock(
        (branch1): ConvBlock(
          (conv): Conv1d(960, 384, kernel_size=(1,), stride=(1,))
          (bn): BatchNorm1d(384, eps=1e-05, momentum=0.1, affine=True, track_running_stats=True)
        )
        (branch2): Sequential(
          (0): ConvBlock(
            (conv): Conv1d(960, 96, kernel_size=(1,), stride=(1,))
            (bn): BatchNorm1d(96, eps=1e-05, momentum=0.1, affine=True, track_running_stats=True)
          )
          (1): ConvBlock(
            (conv): Conv1d(96, 416, kernel_size=(3,), stride=(1,), padding=(1,))
            (bn): BatchNorm1d(416, eps=1e-05, momentum=0.1, affine=True, track_running_stats=True)
          )
        )
        (branch3): Sequential(
          (0): ConvBlock(
            (conv): Conv1d(960, 16, kernel_size=(1,), stride=(1,))
            (bn): BatchNorm1d(16, eps=1e-05, momentum=0.1, affine=True, track_running_stats=True)
          )
          (1): ConvBlock(
            (conv): Conv1d(16, 96, kernel_size=(5,), stride=(1,), padding=(2,))
            (bn): BatchNorm1d(96, eps=1e-05, momentum=0.1, affine=True, track_running_stats=True)
          )
        )
        (branch4): Sequential(
          (0): MaxPool2d(kernel_size=3, stride=1, padding=1, dilation=1, ceil_mode=False)
          (1): ConvBlock(
            (conv): Conv1d(960, 128, kernel_size=(1,), stride=(1,))
            (bn): BatchNorm1d(128, eps=1e-05, momentum=0.1, affine=True, track_running_stats=True)
          )
        )
      )
      (inception4b): InceptionBlock(
        (branch1): ConvBlock(
          (conv): Conv1d(1024, 32, kernel_size=(1,), stride=(1,))
          (bn): BatchNorm1d(32, eps=1e-05, momentum=0.1, affine=True, track_running_stats=True)
        )
        (branch2): Sequential(
          (0): ConvBlock(
            (conv): Conv1d(1024, 112, kernel_size=(1,), stride=(1,))
            (bn): BatchNorm1d(112, eps=1e-05, momentum=0.1, affine=True, track_running_stats=True)
          )
          (1): ConvBlock(
            (conv): Conv1d(112, 32, kernel_size=(3,), stride=(1,), padding=(1,))
            (bn): BatchNorm1d(32, eps=1e-05, momentum=0.1, affine=True, track_running_stats=True)
          )
        )
        (branch3): Sequential(
          (0): ConvBlock(
            (conv): Conv1d(1024, 24, kernel_size=(1,), stride=(1,))
            (bn): BatchNorm1d(24, eps=1e-05, momentum=0.1, affine=True, track_running_stats=True)
          )
          (1): ConvBlock(
            (conv): Conv1d(24, 64, kernel_size=(5,), stride=(1,), padding=(2,))
            (bn): BatchNorm1d(64, eps=1e-05, momentum=0.1, affine=True, track_running_stats=True)
          )
        )
        (branch4): Sequential(
          (0): MaxPool2d(kernel_size=3, stride=1, padding=1, dilation=1, ceil_mode=False)
          (1): ConvBlock(
            (conv): Conv1d(1024, 32, kernel_size=(1,), stride=(1,))
            (bn): BatchNorm1d(32, eps=1e-05, momentum=0.1, affine=True, track_running_stats=True)
          )
        )
      )
      (avgpool): AvgPool1d(kernel_size=(5,), stride=(1,), padding=(0,))
      (fc_resnet): Linear(in_features=8480, out_features=5400, bias=True)
      (fc_out): Linear(in_features=5400, out_features=1, bias=True)
      (relu): ReLU()
    )
    (hidden_2): DownstreamInceptionResnetBlock(
      (conv1): ConvBlock(
        (conv): Conv1d(12, 64, kernel_size=(7,), stride=(2,), padding=(3,))
        (bn): BatchNorm1d(64, eps=1e-05, momentum=0.1, affine=True, track_running_stats=True)
      )
      (conv2): ConvBlock(
        (conv): Conv1d(64, 256, kernel_size=(3,), stride=(1,), padding=(1,))
        (bn): BatchNorm1d(256, eps=1e-05, momentum=0.1, affine=True, track_running_stats=True)
      )
      (maxpool): MaxPool1d(kernel_size=3, stride=2, padding=1, dilation=1, ceil_mode=False)
      (inception3a): InceptionBlock(
        (branch1): ConvBlock(
          (conv): Conv1d(256, 128, kernel_size=(1,), stride=(1,))
          (bn): BatchNorm1d(128, eps=1e-05, momentum=0.1, affine=True, track_running_stats=True)
        )
        (branch2): Sequential(
          (0): ConvBlock(
            (conv): Conv1d(256, 96, kernel_size=(1,), stride=(1,))
            (bn): BatchNorm1d(96, eps=1e-05, momentum=0.1, affine=True, track_running_stats=True)
          )
          (1): ConvBlock(
            (conv): Conv1d(96, 256, kernel_size=(3,), stride=(1,), padding=(1,))
            (bn): BatchNorm1d(256, eps=1e-05, momentum=0.1, affine=True, track_running_stats=True)
          )
        )
        (branch3): Sequential(
          (0): ConvBlock(
            (conv): Conv1d(256, 16, kernel_size=(1,), stride=(1,))
            (bn): BatchNorm1d(16, eps=1e-05, momentum=0.1, affine=True, track_running_stats=True)
          )
          (1): ConvBlock(
            (conv): Conv1d(16, 64, kernel_size=(5,), stride=(1,), padding=(2,))
            (bn): BatchNorm1d(64, eps=1e-05, momentum=0.1, affine=True, track_running_stats=True)
          )
        )
        (branch4): Sequential(
          (0): MaxPool2d(kernel_size=3, stride=1, padding=1, dilation=1, ceil_mode=False)
          (1): ConvBlock(
            (conv): Conv1d(256, 64, kernel_size=(1,), stride=(1,))
            (bn): BatchNorm1d(64, eps=1e-05, momentum=0.1, affine=True, track_running_stats=True)
          )
        )
      )
      (inception3b): InceptionBlock(
        (branch1): ConvBlock(
          (conv): Conv1d(512, 256, kernel_size=(1,), stride=(1,))
          (bn): BatchNorm1d(256, eps=1e-05, momentum=0.1, affine=True, track_running_stats=True)
        )
        (branch2): Sequential(
          (0): ConvBlock(
            (conv): Conv1d(512, 128, kernel_size=(1,), stride=(1,))
            (bn): BatchNorm1d(128, eps=1e-05, momentum=0.1, affine=True, track_running_stats=True)
          )
          (1): ConvBlock(
            (conv): Conv1d(128, 384, kernel_size=(3,), stride=(1,), padding=(1,))
            (bn): BatchNorm1d(384, eps=1e-05, momentum=0.1, affine=True, track_running_stats=True)
          )
        )
        (branch3): Sequential(
          (0): ConvBlock(
            (conv): Conv1d(512, 32, kernel_size=(1,), stride=(1,))
            (bn): BatchNorm1d(32, eps=1e-05, momentum=0.1, affine=True, track_running_stats=True)
          )
          (1): ConvBlock(
            (conv): Conv1d(32, 192, kernel_size=(5,), stride=(1,), padding=(2,))
            (bn): BatchNorm1d(192, eps=1e-05, momentum=0.1, affine=True, track_running_stats=True)
          )
        )
        (branch4): Sequential(
          (0): MaxPool2d(kernel_size=3, stride=1, padding=1, dilation=1, ceil_mode=False)
          (1): ConvBlock(
            (conv): Conv1d(512, 128, kernel_size=(1,), stride=(1,))
            (bn): BatchNorm1d(128, eps=1e-05, momentum=0.1, affine=True, track_running_stats=True)
          )
        )
      )
      (inception4a): InceptionBlock(
        (branch1): ConvBlock(
          (conv): Conv1d(960, 384, kernel_size=(1,), stride=(1,))
          (bn): BatchNorm1d(384, eps=1e-05, momentum=0.1, affine=True, track_running_stats=True)
        )
        (branch2): Sequential(
          (0): ConvBlock(
            (conv): Conv1d(960, 96, kernel_size=(1,), stride=(1,))
            (bn): BatchNorm1d(96, eps=1e-05, momentum=0.1, affine=True, track_running_stats=True)
          )
          (1): ConvBlock(
            (conv): Conv1d(96, 416, kernel_size=(3,), stride=(1,), padding=(1,))
            (bn): BatchNorm1d(416, eps=1e-05, momentum=0.1, affine=True, track_running_stats=True)
          )
        )
        (branch3): Sequential(
          (0): ConvBlock(
            (conv): Conv1d(960, 16, kernel_size=(1,), stride=(1,))
            (bn): BatchNorm1d(16, eps=1e-05, momentum=0.1, affine=True, track_running_stats=True)
          )
          (1): ConvBlock(
            (conv): Conv1d(16, 96, kernel_size=(5,), stride=(1,), padding=(2,))
            (bn): BatchNorm1d(96, eps=1e-05, momentum=0.1, affine=True, track_running_stats=True)
          )
        )
        (branch4): Sequential(
          (0): MaxPool2d(kernel_size=3, stride=1, padding=1, dilation=1, ceil_mode=False)
          (1): ConvBlock(
            (conv): Conv1d(960, 128, kernel_size=(1,), stride=(1,))
            (bn): BatchNorm1d(128, eps=1e-05, momentum=0.1, affine=True, track_running_stats=True)
          )
        )
      )
      (inception4b): InceptionBlock(
        (branch1): ConvBlock(
          (conv): Conv1d(1024, 32, kernel_size=(1,), stride=(1,))
          (bn): BatchNorm1d(32, eps=1e-05, momentum=0.1, affine=True, track_running_stats=True)
        )
        (branch2): Sequential(
          (0): ConvBlock(
            (conv): Conv1d(1024, 112, kernel_size=(1,), stride=(1,))
            (bn): BatchNorm1d(112, eps=1e-05, momentum=0.1, affine=True, track_running_stats=True)
          )
          (1): ConvBlock(
            (conv): Conv1d(112, 32, kernel_size=(3,), stride=(1,), padding=(1,))
            (bn): BatchNorm1d(32, eps=1e-05, momentum=0.1, affine=True, track_running_stats=True)
          )
        )
        (branch3): Sequential(
          (0): ConvBlock(
            (conv): Conv1d(1024, 24, kernel_size=(1,), stride=(1,))
            (bn): BatchNorm1d(24, eps=1e-05, momentum=0.1, affine=True, track_running_stats=True)
          )
          (1): ConvBlock(
            (conv): Conv1d(24, 64, kernel_size=(5,), stride=(1,), padding=(2,))
            (bn): BatchNorm1d(64, eps=1e-05, momentum=0.1, affine=True, track_running_stats=True)
          )
        )
        (branch4): Sequential(
          (0): MaxPool2d(kernel_size=3, stride=1, padding=1, dilation=1, ceil_mode=False)
          (1): ConvBlock(
            (conv): Conv1d(1024, 32, kernel_size=(1,), stride=(1,))
            (bn): BatchNorm1d(32, eps=1e-05, momentum=0.1, affine=True, track_running_stats=True)
          )
        )
      )
      (avgpool): AvgPool1d(kernel_size=(5,), stride=(1,), padding=(0,))
      (fc_resnet): Linear(in_features=8480, out_features=5400, bias=True)
      (fc_out): Linear(in_features=5400, out_features=1, bias=True)
      (relu): ReLU()
    )
    (hidden_3): DownstreamInceptionResnetBlock(
      (conv1): ConvBlock(
        (conv): Conv1d(12, 64, kernel_size=(7,), stride=(2,), padding=(3,))
        (bn): BatchNorm1d(64, eps=1e-05, momentum=0.1, affine=True, track_running_stats=True)
      )
      (conv2): ConvBlock(
        (conv): Conv1d(64, 256, kernel_size=(3,), stride=(1,), padding=(1,))
        (bn): BatchNorm1d(256, eps=1e-05, momentum=0.1, affine=True, track_running_stats=True)
      )
      (maxpool): MaxPool1d(kernel_size=3, stride=2, padding=1, dilation=1, ceil_mode=False)
      (inception3a): InceptionBlock(
        (branch1): ConvBlock(
          (conv): Conv1d(256, 128, kernel_size=(1,), stride=(1,))
          (bn): BatchNorm1d(128, eps=1e-05, momentum=0.1, affine=True, track_running_stats=True)
        )
        (branch2): Sequential(
          (0): ConvBlock(
            (conv): Conv1d(256, 96, kernel_size=(1,), stride=(1,))
            (bn): BatchNorm1d(96, eps=1e-05, momentum=0.1, affine=True, track_running_stats=True)
          )
          (1): ConvBlock(
            (conv): Conv1d(96, 256, kernel_size=(3,), stride=(1,), padding=(1,))
            (bn): BatchNorm1d(256, eps=1e-05, momentum=0.1, affine=True, track_running_stats=True)
          )
        )
        (branch3): Sequential(
          (0): ConvBlock(
            (conv): Conv1d(256, 16, kernel_size=(1,), stride=(1,))
            (bn): BatchNorm1d(16, eps=1e-05, momentum=0.1, affine=True, track_running_stats=True)
          )
          (1): ConvBlock(
            (conv): Conv1d(16, 64, kernel_size=(5,), stride=(1,), padding=(2,))
            (bn): BatchNorm1d(64, eps=1e-05, momentum=0.1, affine=True, track_running_stats=True)
          )
        )
        (branch4): Sequential(
          (0): MaxPool2d(kernel_size=3, stride=1, padding=1, dilation=1, ceil_mode=False)
          (1): ConvBlock(
            (conv): Conv1d(256, 64, kernel_size=(1,), stride=(1,))
            (bn): BatchNorm1d(64, eps=1e-05, momentum=0.1, affine=True, track_running_stats=True)
          )
        )
      )
      (inception3b): InceptionBlock(
        (branch1): ConvBlock(
          (conv): Conv1d(512, 256, kernel_size=(1,), stride=(1,))
          (bn): BatchNorm1d(256, eps=1e-05, momentum=0.1, affine=True, track_running_stats=True)
        )
        (branch2): Sequential(
          (0): ConvBlock(
            (conv): Conv1d(512, 128, kernel_size=(1,), stride=(1,))
            (bn): BatchNorm1d(128, eps=1e-05, momentum=0.1, affine=True, track_running_stats=True)
          )
          (1): ConvBlock(
            (conv): Conv1d(128, 384, kernel_size=(3,), stride=(1,), padding=(1,))
            (bn): BatchNorm1d(384, eps=1e-05, momentum=0.1, affine=True, track_running_stats=True)
          )
        )
        (branch3): Sequential(
          (0): ConvBlock(
            (conv): Conv1d(512, 32, kernel_size=(1,), stride=(1,))
            (bn): BatchNorm1d(32, eps=1e-05, momentum=0.1, affine=True, track_running_stats=True)
          )
          (1): ConvBlock(
            (conv): Conv1d(32, 192, kernel_size=(5,), stride=(1,), padding=(2,))
            (bn): BatchNorm1d(192, eps=1e-05, momentum=0.1, affine=True, track_running_stats=True)
          )
        )
        (branch4): Sequential(
          (0): MaxPool2d(kernel_size=3, stride=1, padding=1, dilation=1, ceil_mode=False)
          (1): ConvBlock(
            (conv): Conv1d(512, 128, kernel_size=(1,), stride=(1,))
            (bn): BatchNorm1d(128, eps=1e-05, momentum=0.1, affine=True, track_running_stats=True)
          )
        )
      )
      (inception4a): InceptionBlock(
        (branch1): ConvBlock(
          (conv): Conv1d(960, 384, kernel_size=(1,), stride=(1,))
          (bn): BatchNorm1d(384, eps=1e-05, momentum=0.1, affine=True, track_running_stats=True)
        )
        (branch2): Sequential(
          (0): ConvBlock(
            (conv): Conv1d(960, 96, kernel_size=(1,), stride=(1,))
            (bn): BatchNorm1d(96, eps=1e-05, momentum=0.1, affine=True, track_running_stats=True)
          )
          (1): ConvBlock(
            (conv): Conv1d(96, 416, kernel_size=(3,), stride=(1,), padding=(1,))
            (bn): BatchNorm1d(416, eps=1e-05, momentum=0.1, affine=True, track_running_stats=True)
          )
        )
        (branch3): Sequential(
          (0): ConvBlock(
            (conv): Conv1d(960, 16, kernel_size=(1,), stride=(1,))
            (bn): BatchNorm1d(16, eps=1e-05, momentum=0.1, affine=True, track_running_stats=True)
          )
          (1): ConvBlock(
            (conv): Conv1d(16, 96, kernel_size=(5,), stride=(1,), padding=(2,))
            (bn): BatchNorm1d(96, eps=1e-05, momentum=0.1, affine=True, track_running_stats=True)
          )
        )
        (branch4): Sequential(
          (0): MaxPool2d(kernel_size=3, stride=1, padding=1, dilation=1, ceil_mode=False)
          (1): ConvBlock(
            (conv): Conv1d(960, 128, kernel_size=(1,), stride=(1,))
            (bn): BatchNorm1d(128, eps=1e-05, momentum=0.1, affine=True, track_running_stats=True)
          )
        )
      )
      (inception4b): InceptionBlock(
        (branch1): ConvBlock(
          (conv): Conv1d(1024, 32, kernel_size=(1,), stride=(1,))
          (bn): BatchNorm1d(32, eps=1e-05, momentum=0.1, affine=True, track_running_stats=True)
        )
        (branch2): Sequential(
          (0): ConvBlock(
            (conv): Conv1d(1024, 112, kernel_size=(1,), stride=(1,))
            (bn): BatchNorm1d(112, eps=1e-05, momentum=0.1, affine=True, track_running_stats=True)
          )
          (1): ConvBlock(
            (conv): Conv1d(112, 32, kernel_size=(3,), stride=(1,), padding=(1,))
            (bn): BatchNorm1d(32, eps=1e-05, momentum=0.1, affine=True, track_running_stats=True)
          )
        )
        (branch3): Sequential(
          (0): ConvBlock(
            (conv): Conv1d(1024, 24, kernel_size=(1,), stride=(1,))
            (bn): BatchNorm1d(24, eps=1e-05, momentum=0.1, affine=True, track_running_stats=True)
          )
          (1): ConvBlock(
            (conv): Conv1d(24, 64, kernel_size=(5,), stride=(1,), padding=(2,))
            (bn): BatchNorm1d(64, eps=1e-05, momentum=0.1, affine=True, track_running_stats=True)
          )
        )
        (branch4): Sequential(
          (0): MaxPool2d(kernel_size=3, stride=1, padding=1, dilation=1, ceil_mode=False)
          (1): ConvBlock(
            (conv): Conv1d(1024, 32, kernel_size=(1,), stride=(1,))
            (bn): BatchNorm1d(32, eps=1e-05, momentum=0.1, affine=True, track_running_stats=True)
          )
        )
      )
      (avgpool): AvgPool1d(kernel_size=(5,), stride=(1,), padding=(0,))
      (fc_resnet): Linear(in_features=8480, out_features=5400, bias=True)
      (fc_out): Linear(in_features=5400, out_features=1, bias=True)
      (relu): ReLU()
    )
    (output): DownstreamInceptionResnetFinal(
      (conv1): ConvBlock(
        (conv): Conv1d(12, 64, kernel_size=(7,), stride=(2,), padding=(3,))
        (bn): BatchNorm1d(64, eps=1e-05, momentum=0.1, affine=True, track_running_stats=True)
      )
      (conv2): ConvBlock(
        (conv): Conv1d(64, 256, kernel_size=(3,), stride=(1,), padding=(1,))
        (bn): BatchNorm1d(256, eps=1e-05, momentum=0.1, affine=True, track_running_stats=True)
      )
      (maxpool): MaxPool1d(kernel_size=3, stride=2, padding=1, dilation=1, ceil_mode=False)
      (inception3a): InceptionBlock(
        (branch1): ConvBlock(
          (conv): Conv1d(256, 128, kernel_size=(1,), stride=(1,))
          (bn): BatchNorm1d(128, eps=1e-05, momentum=0.1, affine=True, track_running_stats=True)
        )
        (branch2): Sequential(
          (0): ConvBlock(
            (conv): Conv1d(256, 96, kernel_size=(1,), stride=(1,))
            (bn): BatchNorm1d(96, eps=1e-05, momentum=0.1, affine=True, track_running_stats=True)
          )
          (1): ConvBlock(
            (conv): Conv1d(96, 256, kernel_size=(3,), stride=(1,), padding=(1,))
            (bn): BatchNorm1d(256, eps=1e-05, momentum=0.1, affine=True, track_running_stats=True)
          )
        )
        (branch3): Sequential(
          (0): ConvBlock(
            (conv): Conv1d(256, 16, kernel_size=(1,), stride=(1,))
            (bn): BatchNorm1d(16, eps=1e-05, momentum=0.1, affine=True, track_running_stats=True)
          )
          (1): ConvBlock(
            (conv): Conv1d(16, 64, kernel_size=(5,), stride=(1,), padding=(2,))
            (bn): BatchNorm1d(64, eps=1e-05, momentum=0.1, affine=True, track_running_stats=True)
          )
        )
        (branch4): Sequential(
          (0): MaxPool2d(kernel_size=3, stride=1, padding=1, dilation=1, ceil_mode=False)
          (1): ConvBlock(
            (conv): Conv1d(256, 64, kernel_size=(1,), stride=(1,))
            (bn): BatchNorm1d(64, eps=1e-05, momentum=0.1, affine=True, track_running_stats=True)
          )
        )
      )
      (inception3b): InceptionBlock(
        (branch1): ConvBlock(
          (conv): Conv1d(512, 256, kernel_size=(1,), stride=(1,))
          (bn): BatchNorm1d(256, eps=1e-05, momentum=0.1, affine=True, track_running_stats=True)
        )
        (branch2): Sequential(
          (0): ConvBlock(
            (conv): Conv1d(512, 128, kernel_size=(1,), stride=(1,))
            (bn): BatchNorm1d(128, eps=1e-05, momentum=0.1, affine=True, track_running_stats=True)
          )
          (1): ConvBlock(
            (conv): Conv1d(128, 384, kernel_size=(3,), stride=(1,), padding=(1,))
            (bn): BatchNorm1d(384, eps=1e-05, momentum=0.1, affine=True, track_running_stats=True)
          )
        )
        (branch3): Sequential(
          (0): ConvBlock(
            (conv): Conv1d(512, 32, kernel_size=(1,), stride=(1,))
            (bn): BatchNorm1d(32, eps=1e-05, momentum=0.1, affine=True, track_running_stats=True)
          )
          (1): ConvBlock(
            (conv): Conv1d(32, 192, kernel_size=(5,), stride=(1,), padding=(2,))
            (bn): BatchNorm1d(192, eps=1e-05, momentum=0.1, affine=True, track_running_stats=True)
          )
        )
        (branch4): Sequential(
          (0): MaxPool2d(kernel_size=3, stride=1, padding=1, dilation=1, ceil_mode=False)
          (1): ConvBlock(
            (conv): Conv1d(512, 128, kernel_size=(1,), stride=(1,))
            (bn): BatchNorm1d(128, eps=1e-05, momentum=0.1, affine=True, track_running_stats=True)
          )
        )
      )
      (inception4a): InceptionBlock(
        (branch1): ConvBlock(
          (conv): Conv1d(960, 384, kernel_size=(1,), stride=(1,))
          (bn): BatchNorm1d(384, eps=1e-05, momentum=0.1, affine=True, track_running_stats=True)
        )
        (branch2): Sequential(
          (0): ConvBlock(
            (conv): Conv1d(960, 96, kernel_size=(1,), stride=(1,))
            (bn): BatchNorm1d(96, eps=1e-05, momentum=0.1, affine=True, track_running_stats=True)
          )
          (1): ConvBlock(
            (conv): Conv1d(96, 416, kernel_size=(3,), stride=(1,), padding=(1,))
            (bn): BatchNorm1d(416, eps=1e-05, momentum=0.1, affine=True, track_running_stats=True)
          )
        )
        (branch3): Sequential(
          (0): ConvBlock(
            (conv): Conv1d(960, 16, kernel_size=(1,), stride=(1,))
            (bn): BatchNorm1d(16, eps=1e-05, momentum=0.1, affine=True, track_running_stats=True)
          )
          (1): ConvBlock(
            (conv): Conv1d(16, 96, kernel_size=(5,), stride=(1,), padding=(2,))
            (bn): BatchNorm1d(96, eps=1e-05, momentum=0.1, affine=True, track_running_stats=True)
          )
        )
        (branch4): Sequential(
          (0): MaxPool2d(kernel_size=3, stride=1, padding=1, dilation=1, ceil_mode=False)
          (1): ConvBlock(
            (conv): Conv1d(960, 128, kernel_size=(1,), stride=(1,))
            (bn): BatchNorm1d(128, eps=1e-05, momentum=0.1, affine=True, track_running_stats=True)
          )
        )
      )
      (inception4b): InceptionBlock(
        (branch1): ConvBlock(
          (conv): Conv1d(1024, 32, kernel_size=(1,), stride=(1,))
          (bn): BatchNorm1d(32, eps=1e-05, momentum=0.1, affine=True, track_running_stats=True)
        )
        (branch2): Sequential(
          (0): ConvBlock(
            (conv): Conv1d(1024, 112, kernel_size=(1,), stride=(1,))
            (bn): BatchNorm1d(112, eps=1e-05, momentum=0.1, affine=True, track_running_stats=True)
          )
          (1): ConvBlock(
            (conv): Conv1d(112, 32, kernel_size=(3,), stride=(1,), padding=(1,))
            (bn): BatchNorm1d(32, eps=1e-05, momentum=0.1, affine=True, track_running_stats=True)
          )
        )
        (branch3): Sequential(
          (0): ConvBlock(
            (conv): Conv1d(1024, 24, kernel_size=(1,), stride=(1,))
            (bn): BatchNorm1d(24, eps=1e-05, momentum=0.1, affine=True, track_running_stats=True)
          )
          (1): ConvBlock(
            (conv): Conv1d(24, 64, kernel_size=(5,), stride=(1,), padding=(2,))
            (bn): BatchNorm1d(64, eps=1e-05, momentum=0.1, affine=True, track_running_stats=True)
          )
        )
        (branch4): Sequential(
          (0): MaxPool2d(kernel_size=3, stride=1, padding=1, dilation=1, ceil_mode=False)
          (1): ConvBlock(
            (conv): Conv1d(1024, 32, kernel_size=(1,), stride=(1,))
            (bn): BatchNorm1d(32, eps=1e-05, momentum=0.1, affine=True, track_running_stats=True)
          )
        )
      )
      (avgpool): AvgPool1d(kernel_size=(5,), stride=(1,), padding=(0,))
      (dropout): Dropout(p=0.1, inplace=False)
      (fc_out): Linear(in_features=8480, out_features=1, bias=True)
      (sigmoid): Sigmoid()
    )
  )
)
2023-12-28 10:52 - INFO - * -----------
2023-12-28 10:52 - INFO - Evaluating model based on: rocauc
2023-12-28 10:52 - INFO - Training..

2023-12-28 11:07 - INFO - ---------------------------------------------
2023-12-28 11:07 - INFO - Epoch: 01 | Time: 15m 2s
2023-12-28 11:07 - INFO - 	 New best val_rocauc loss was found, current best value is 0.62389
2023-12-28 11:07 - INFO - 	 Train Loss: 0.564
2023-12-28 11:07 - INFO - 	 Val. Loss: 0.536
2023-12-28 11:07 - INFO - 	 ROC-AUC: 0.624
2023-12-28 11:07 - INFO - 	 PR-AUC: 0.355
2023-12-28 11:07 - INFO - 	 Recall for 0.4 precision: 0.294
2023-12-28 11:07 - INFO - 	 Best Val. Loss: 0.536
2023-12-28 11:07 - INFO - 	 Best ROC-AUC: 0.624
2023-12-28 11:07 - INFO - 	 Best PR-AUC: 0.355
2023-12-28 11:07 - INFO - 	 Best Recall for 0.4 precision: 0.294
2023-12-28 11:07 - INFO - ---------------------------------------------
2023-12-28 11:21 - INFO - ---------------------------------------------
2023-12-28 11:21 - INFO - Epoch: 02 | Time: 14m 38s
2023-12-28 11:21 - INFO - 	 New best val_rocauc loss was found, current best value is 0.70424
2023-12-28 11:21 - INFO - 	 Train Loss: 0.522
2023-12-28 11:21 - INFO - 	 Val. Loss: 0.508
2023-12-28 11:21 - INFO - 	 ROC-AUC: 0.704
2023-12-28 11:21 - INFO - 	 PR-AUC: 0.421
2023-12-28 11:21 - INFO - 	 Recall for 0.4 precision: 0.540
2023-12-28 11:21 - INFO - 	 Best Val. Loss: 0.508
2023-12-28 11:21 - INFO - 	 Best ROC-AUC: 0.704
2023-12-28 11:21 - INFO - 	 Best PR-AUC: 0.421
2023-12-28 11:21 - INFO - 	 Best Recall for 0.4 precision: 0.540
2023-12-28 11:21 - INFO - ---------------------------------------------
2023-12-28 11:37 - INFO - ---------------------------------------------
2023-12-28 11:37 - INFO - Epoch: 03 | Time: 15m 18s
2023-12-28 11:37 - INFO - 	 New best val_rocauc loss was found, current best value is 0.70972
2023-12-28 11:37 - INFO - 	 Train Loss: 0.507
2023-12-28 11:37 - INFO - 	 Val. Loss: 0.509
2023-12-28 11:37 - INFO - 	 ROC-AUC: 0.710
2023-12-28 11:37 - INFO - 	 PR-AUC: 0.428
2023-12-28 11:37 - INFO - 	 Recall for 0.4 precision: 0.000
2023-12-28 11:37 - INFO - 	 Best Val. Loss: 0.508
2023-12-28 11:37 - INFO - 	 Best ROC-AUC: 0.710
2023-12-28 11:37 - INFO - 	 Best PR-AUC: 0.428
2023-12-28 11:37 - INFO - 	 Best Recall for 0.4 precision: 0.540
2023-12-28 11:37 - INFO - ---------------------------------------------
2023-12-28 11:52 - INFO - ---------------------------------------------
2023-12-28 11:52 - INFO - Epoch: 04 | Time: 15m 3s
2023-12-28 11:52 - INFO - 	 New best val_rocauc loss was found, current best value is 0.71263
2023-12-28 11:52 - INFO - 	 Train Loss: 0.502
2023-12-28 11:52 - INFO - 	 Val. Loss: 0.503
2023-12-28 11:52 - INFO - 	 ROC-AUC: 0.713
2023-12-28 11:52 - INFO - 	 PR-AUC: 0.434
2023-12-28 11:52 - INFO - 	 Recall for 0.4 precision: 0.593
2023-12-28 11:52 - INFO - 	 Best Val. Loss: 0.503
2023-12-28 11:52 - INFO - 	 Best ROC-AUC: 0.713
2023-12-28 11:52 - INFO - 	 Best PR-AUC: 0.434
2023-12-28 11:52 - INFO - 	 Best Recall for 0.4 precision: 0.593
2023-12-28 11:52 - INFO - ---------------------------------------------
2023-12-28 12:06 - INFO - ---------------------------------------------
2023-12-28 12:06 - INFO - Epoch: 05 | Time: 14m 30s
2023-12-28 12:06 - INFO - 	 New best val_rocauc loss was found, current best value is 0.72032
2023-12-28 12:06 - INFO - 	 Train Loss: 0.500
2023-12-28 12:06 - INFO - 	 Val. Loss: 0.499
2023-12-28 12:06 - INFO - 	 ROC-AUC: 0.720
2023-12-28 12:06 - INFO - 	 PR-AUC: 0.444
2023-12-28 12:06 - INFO - 	 Recall for 0.4 precision: 0.618
2023-12-28 12:06 - INFO - 	 Best Val. Loss: 0.499
2023-12-28 12:06 - INFO - 	 Best ROC-AUC: 0.720
2023-12-28 12:06 - INFO - 	 Best PR-AUC: 0.444
2023-12-28 12:06 - INFO - 	 Best Recall for 0.4 precision: 0.618
2023-12-28 12:06 - INFO - ---------------------------------------------
2023-12-28 12:21 - INFO - ---------------------------------------------
2023-12-28 12:21 - INFO - Epoch: 06 | Time: 15m 2s
2023-12-28 12:21 - INFO - 	 Train Loss: 0.499
2023-12-28 12:21 - INFO - 	 Val. Loss: 0.508
2023-12-28 12:21 - INFO - 	 ROC-AUC: 0.718
2023-12-28 12:21 - INFO - 	 PR-AUC: 0.438
2023-12-28 12:21 - INFO - 	 Recall for 0.4 precision: 0.602
2023-12-28 12:21 - INFO - 	 Best Val. Loss: 0.499
2023-12-28 12:21 - INFO - 	 Best ROC-AUC: 0.720
2023-12-28 12:21 - INFO - 	 Best PR-AUC: 0.444
2023-12-28 12:21 - INFO - 	 Best Recall for 0.4 precision: 0.618
2023-12-28 12:21 - INFO - ---------------------------------------------
2023-12-28 12:36 - INFO - ---------------------------------------------
2023-12-28 12:36 - INFO - Epoch: 07 | Time: 14m 32s
2023-12-28 12:36 - INFO - 	 Train Loss: 0.499
2023-12-28 12:36 - INFO - 	 Val. Loss: 0.501
2023-12-28 12:36 - INFO - 	 ROC-AUC: 0.720
2023-12-28 12:36 - INFO - 	 PR-AUC: 0.443
2023-12-28 12:36 - INFO - 	 Recall for 0.4 precision: 0.615
2023-12-28 12:36 - INFO - 	 Best Val. Loss: 0.499
2023-12-28 12:36 - INFO - 	 Best ROC-AUC: 0.720
2023-12-28 12:36 - INFO - 	 Best PR-AUC: 0.444
2023-12-28 12:36 - INFO - 	 Best Recall for 0.4 precision: 0.618
2023-12-28 12:36 - INFO - ---------------------------------------------
2023-12-28 12:51 - INFO - ---------------------------------------------
2023-12-28 12:51 - INFO - Epoch: 08 | Time: 15m 10s
2023-12-28 12:51 - INFO - 	 Train Loss: 0.499
2023-12-28 12:51 - INFO - 	 Val. Loss: 0.502
2023-12-28 12:51 - INFO - 	 ROC-AUC: 0.718
2023-12-28 12:51 - INFO - 	 PR-AUC: 0.435
2023-12-28 12:51 - INFO - 	 Recall for 0.4 precision: 0.610
2023-12-28 12:51 - INFO - 	 Best Val. Loss: 0.499
2023-12-28 12:51 - INFO - 	 Best ROC-AUC: 0.720
2023-12-28 12:51 - INFO - 	 Best PR-AUC: 0.444
2023-12-28 12:51 - INFO - 	 Best Recall for 0.4 precision: 0.618
2023-12-28 12:51 - INFO - ---------------------------------------------
2023-12-28 13:06 - INFO - ---------------------------------------------
2023-12-28 13:06 - INFO - Epoch: 09 | Time: 14m 31s
2023-12-28 13:06 - INFO - 	 Train Loss: 0.499
2023-12-28 13:06 - INFO - 	 Val. Loss: 0.507
2023-12-28 13:06 - INFO - 	 ROC-AUC: 0.705
2023-12-28 13:06 - INFO - 	 PR-AUC: 0.428
2023-12-28 13:06 - INFO - 	 Recall for 0.4 precision: 0.555
2023-12-28 13:06 - INFO - 	 Best Val. Loss: 0.499
2023-12-28 13:06 - INFO - 	 Best ROC-AUC: 0.720
2023-12-28 13:06 - INFO - 	 Best PR-AUC: 0.444
2023-12-28 13:06 - INFO - 	 Best Recall for 0.4 precision: 0.618
2023-12-28 13:06 - INFO - ---------------------------------------------
2023-12-28 13:20 - INFO - ---------------------------------------------
2023-12-28 13:20 - INFO - Epoch: 10 | Time: 14m 31s
2023-12-28 13:20 - INFO - 	 Train Loss: 0.499
2023-12-28 13:20 - INFO - 	 Val. Loss: 0.526
2023-12-28 13:20 - INFO - 	 ROC-AUC: 0.708
2023-12-28 13:20 - INFO - 	 PR-AUC: 0.431
2023-12-28 13:20 - INFO - 	 Recall for 0.4 precision: 0.577
2023-12-28 13:20 - INFO - 	 Best Val. Loss: 0.499
2023-12-28 13:20 - INFO - 	 Best ROC-AUC: 0.720
2023-12-28 13:20 - INFO - 	 Best PR-AUC: 0.444
2023-12-28 13:20 - INFO - 	 Best Recall for 0.4 precision: 0.618
2023-12-28 13:20 - INFO - ---------------------------------------------
2023-12-28 13:35 - INFO - ---------------------------------------------
2023-12-28 13:35 - INFO - Epoch: 11 | Time: 14m 57s
2023-12-28 13:35 - INFO - 	 Train Loss: 0.499
2023-12-28 13:35 - INFO - 	 Val. Loss: 0.503
2023-12-28 13:35 - INFO - 	 ROC-AUC: 0.716
2023-12-28 13:35 - INFO - 	 PR-AUC: 0.436
2023-12-28 13:35 - INFO - 	 Recall for 0.4 precision: 0.598
2023-12-28 13:35 - INFO - 	 Best Val. Loss: 0.499
2023-12-28 13:35 - INFO - 	 Best ROC-AUC: 0.720
2023-12-28 13:35 - INFO - 	 Best PR-AUC: 0.444
2023-12-28 13:35 - INFO - 	 Best Recall for 0.4 precision: 0.618
2023-12-28 13:35 - INFO - ---------------------------------------------
2023-12-28 13:50 - INFO - ---------------------------------------------
2023-12-28 13:50 - INFO - Epoch: 12 | Time: 15m 17s
2023-12-28 13:50 - INFO - 	 Train Loss: 0.499
2023-12-28 13:50 - INFO - 	 Val. Loss: 0.525
2023-12-28 13:50 - INFO - 	 ROC-AUC: 0.712
2023-12-28 13:50 - INFO - 	 PR-AUC: 0.441
2023-12-28 13:50 - INFO - 	 Recall for 0.4 precision: 0.001
2023-12-28 13:50 - INFO - 	 Best Val. Loss: 0.499
2023-12-28 13:50 - INFO - 	 Best ROC-AUC: 0.720
2023-12-28 13:50 - INFO - 	 Best PR-AUC: 0.444
2023-12-28 13:50 - INFO - 	 Best Recall for 0.4 precision: 0.618
2023-12-28 13:50 - INFO - ---------------------------------------------
