2024-10-11 19:33 - INFO - Fit the preprocessing pipeline
2024-10-11 19:33 - INFO - Training using device: cuda
2024-10-11 19:33 - INFO - Creating generators
2024-10-11 19:33 - INFO - The model has 651,257 trainable parameters
2024-10-11 19:33 - INFO - * Model:
2024-10-11 19:33 - INFO - * -----------
2024-10-11 19:33 - INFO - DownstreamInception(
  (conv1): ConvBlock(
    (conv): Conv1d(12, 64, kernel_size=(7,), stride=(2,), padding=(3,))
    (bn): BatchNorm1d(64, eps=1e-05, momentum=0.1, affine=True, track_running_stats=True)
  )
  (conv2): ConvBlock(
    (conv): Conv1d(64, 128, kernel_size=(3,), stride=(1,), padding=(1,))
    (bn): BatchNorm1d(128, eps=1e-05, momentum=0.1, affine=True, track_running_stats=True)
  )
  (maxpool): MaxPool1d(kernel_size=3, stride=2, padding=1, dilation=1, ceil_mode=False)
  (inception3a): InceptionBlock(
    (branch1): ConvBlock(
      (conv): Conv1d(128, 64, kernel_size=(1,), stride=(1,))
      (bn): BatchNorm1d(64, eps=1e-05, momentum=0.1, affine=True, track_running_stats=True)
    )
    (branch2): Sequential(
      (0): ConvBlock(
        (conv): Conv1d(128, 96, kernel_size=(1,), stride=(1,))
        (bn): BatchNorm1d(96, eps=1e-05, momentum=0.1, affine=True, track_running_stats=True)
      )
      (1): ConvBlock(
        (conv): Conv1d(96, 128, kernel_size=(3,), stride=(1,), padding=(1,))
        (bn): BatchNorm1d(128, eps=1e-05, momentum=0.1, affine=True, track_running_stats=True)
      )
    )
    (branch3): Sequential(
      (0): ConvBlock(
        (conv): Conv1d(128, 16, kernel_size=(1,), stride=(1,))
        (bn): BatchNorm1d(16, eps=1e-05, momentum=0.1, affine=True, track_running_stats=True)
      )
      (1): ConvBlock(
        (conv): Conv1d(16, 32, kernel_size=(5,), stride=(1,), padding=(2,))
        (bn): BatchNorm1d(32, eps=1e-05, momentum=0.1, affine=True, track_running_stats=True)
      )
    )
    (branch4): Sequential(
      (0): MaxPool2d(kernel_size=3, stride=1, padding=1, dilation=1, ceil_mode=False)
      (1): ConvBlock(
        (conv): Conv1d(128, 32, kernel_size=(1,), stride=(1,))
        (bn): BatchNorm1d(32, eps=1e-05, momentum=0.1, affine=True, track_running_stats=True)
      )
    )
  )
  (inception3b): InceptionBlock(
    (branch1): ConvBlock(
      (conv): Conv1d(256, 128, kernel_size=(1,), stride=(1,))
      (bn): BatchNorm1d(128, eps=1e-05, momentum=0.1, affine=True, track_running_stats=True)
    )
    (branch2): Sequential(
      (0): ConvBlock(
        (conv): Conv1d(256, 128, kernel_size=(1,), stride=(1,))
        (bn): BatchNorm1d(128, eps=1e-05, momentum=0.1, affine=True, track_running_stats=True)
      )
      (1): ConvBlock(
        (conv): Conv1d(128, 192, kernel_size=(3,), stride=(1,), padding=(1,))
        (bn): BatchNorm1d(192, eps=1e-05, momentum=0.1, affine=True, track_running_stats=True)
      )
    )
    (branch3): Sequential(
      (0): ConvBlock(
        (conv): Conv1d(256, 32, kernel_size=(1,), stride=(1,))
        (bn): BatchNorm1d(32, eps=1e-05, momentum=0.1, affine=True, track_running_stats=True)
      )
      (1): ConvBlock(
        (conv): Conv1d(32, 96, kernel_size=(5,), stride=(1,), padding=(2,))
        (bn): BatchNorm1d(96, eps=1e-05, momentum=0.1, affine=True, track_running_stats=True)
      )
    )
    (branch4): Sequential(
      (0): MaxPool2d(kernel_size=3, stride=1, padding=1, dilation=1, ceil_mode=False)
      (1): ConvBlock(
        (conv): Conv1d(256, 64, kernel_size=(1,), stride=(1,))
        (bn): BatchNorm1d(64, eps=1e-05, momentum=0.1, affine=True, track_running_stats=True)
      )
    )
  )
  (inception4a): InceptionBlock(
    (branch1): ConvBlock(
      (conv): Conv1d(480, 192, kernel_size=(1,), stride=(1,))
      (bn): BatchNorm1d(192, eps=1e-05, momentum=0.1, affine=True, track_running_stats=True)
    )
    (branch2): Sequential(
      (0): ConvBlock(
        (conv): Conv1d(480, 96, kernel_size=(1,), stride=(1,))
        (bn): BatchNorm1d(96, eps=1e-05, momentum=0.1, affine=True, track_running_stats=True)
      )
      (1): ConvBlock(
        (conv): Conv1d(96, 208, kernel_size=(3,), stride=(1,), padding=(1,))
        (bn): BatchNorm1d(208, eps=1e-05, momentum=0.1, affine=True, track_running_stats=True)
      )
    )
    (branch3): Sequential(
      (0): ConvBlock(
        (conv): Conv1d(480, 16, kernel_size=(1,), stride=(1,))
        (bn): BatchNorm1d(16, eps=1e-05, momentum=0.1, affine=True, track_running_stats=True)
      )
      (1): ConvBlock(
        (conv): Conv1d(16, 48, kernel_size=(5,), stride=(1,), padding=(2,))
        (bn): BatchNorm1d(48, eps=1e-05, momentum=0.1, affine=True, track_running_stats=True)
      )
    )
    (branch4): Sequential(
      (0): MaxPool2d(kernel_size=3, stride=1, padding=1, dilation=1, ceil_mode=False)
      (1): ConvBlock(
        (conv): Conv1d(480, 64, kernel_size=(1,), stride=(1,))
        (bn): BatchNorm1d(64, eps=1e-05, momentum=0.1, affine=True, track_running_stats=True)
      )
    )
  )
  (inception4b): InceptionBlock(
    (branch1): ConvBlock(
      (conv): Conv1d(512, 32, kernel_size=(1,), stride=(1,))
      (bn): BatchNorm1d(32, eps=1e-05, momentum=0.1, affine=True, track_running_stats=True)
    )
    (branch2): Sequential(
      (0): ConvBlock(
        (conv): Conv1d(512, 112, kernel_size=(1,), stride=(1,))
        (bn): BatchNorm1d(112, eps=1e-05, momentum=0.1, affine=True, track_running_stats=True)
      )
      (1): ConvBlock(
        (conv): Conv1d(112, 32, kernel_size=(3,), stride=(1,), padding=(1,))
        (bn): BatchNorm1d(32, eps=1e-05, momentum=0.1, affine=True, track_running_stats=True)
      )
    )
    (branch3): Sequential(
      (0): ConvBlock(
        (conv): Conv1d(512, 24, kernel_size=(1,), stride=(1,))
        (bn): BatchNorm1d(24, eps=1e-05, momentum=0.1, affine=True, track_running_stats=True)
      )
      (1): ConvBlock(
        (conv): Conv1d(24, 64, kernel_size=(5,), stride=(1,), padding=(2,))
        (bn): BatchNorm1d(64, eps=1e-05, momentum=0.1, affine=True, track_running_stats=True)
      )
    )
    (branch4): Sequential(
      (0): MaxPool2d(kernel_size=3, stride=1, padding=1, dilation=1, ceil_mode=False)
      (1): ConvBlock(
        (conv): Conv1d(512, 32, kernel_size=(1,), stride=(1,))
        (bn): BatchNorm1d(32, eps=1e-05, momentum=0.1, affine=True, track_running_stats=True)
      )
    )
  )
  (avgpool): AvgPool1d(kernel_size=(5,), stride=(1,), padding=(0,))
  (dropout): Dropout(p=0.5, inplace=False)
  (fc): Linear(in_features=8480, out_features=1, bias=True)
  (sigmoid): Sigmoid()
)
2024-10-11 19:33 - INFO - * -----------
2024-10-11 19:33 - INFO - Evaluating model based on: rocauc
2024-10-11 19:33 - INFO - Training..

2024-10-11 19:34 - INFO - ---------------------------------------------
2024-10-11 19:34 - INFO - Epoch: 01 | Time: 0m 35s
2024-10-11 19:34 - INFO - 	 New best val_rocauc loss was found, current best value is 0.98198
2024-10-11 19:34 - INFO - 	 Train Loss: 0.150
2024-10-11 19:34 - INFO - 	 Val. Loss: 0.075
2024-10-11 19:34 - INFO - 	 ROC-AUC: 0.982
2024-10-11 19:34 - INFO - 	 PR-AUC: 0.843
2024-10-11 19:34 - INFO - 	 Recall for 0.4 precision: 0.969
2024-10-11 19:34 - INFO - 	 Best Val. Loss: 0.075
2024-10-11 19:34 - INFO - 	 Best ROC-AUC: 0.982
2024-10-11 19:34 - INFO - 	 Best PR-AUC: 0.843
2024-10-11 19:34 - INFO - 	 Test-ROC-AUC under Best Validation ROC-AUC: 0.977
2024-10-11 19:34 - INFO - 	 Test-PR-AUC under Best Validation Best PR-AUC: 0.815
2024-10-11 19:34 - INFO - 	 Best Recall for 0.4 precision: 0.969
2024-10-11 19:34 - INFO - ---------------------------------------------
2024-10-11 19:34 - INFO - ---------------------------------------------
2024-10-11 19:34 - INFO - Epoch: 02 | Time: 0m 31s
2024-10-11 19:34 - INFO - 	 New best val_rocauc loss was found, current best value is 0.98569
2024-10-11 19:34 - INFO - 	 Train Loss: 0.079
2024-10-11 19:34 - INFO - 	 Val. Loss: 0.066
2024-10-11 19:34 - INFO - 	 ROC-AUC: 0.986
2024-10-11 19:34 - INFO - 	 PR-AUC: 0.870
2024-10-11 19:34 - INFO - 	 Recall for 0.4 precision: 0.976
2024-10-11 19:34 - INFO - 	 Best Val. Loss: 0.066
2024-10-11 19:34 - INFO - 	 Best ROC-AUC: 0.986
2024-10-11 19:34 - INFO - 	 Best PR-AUC: 0.870
2024-10-11 19:34 - INFO - 	 Test-ROC-AUC under Best Validation ROC-AUC: 0.982
2024-10-11 19:34 - INFO - 	 Test-PR-AUC under Best Validation Best PR-AUC: 0.839
2024-10-11 19:34 - INFO - 	 Best Recall for 0.4 precision: 0.976
2024-10-11 19:34 - INFO - ---------------------------------------------
2024-10-11 19:35 - INFO - ---------------------------------------------
2024-10-11 19:35 - INFO - Epoch: 03 | Time: 0m 31s
2024-10-11 19:35 - INFO - 	 New best val_rocauc loss was found, current best value is 0.98638
2024-10-11 19:35 - INFO - 	 Train Loss: 0.069
2024-10-11 19:35 - INFO - 	 Val. Loss: 0.065
2024-10-11 19:35 - INFO - 	 ROC-AUC: 0.986
2024-10-11 19:35 - INFO - 	 PR-AUC: 0.883
2024-10-11 19:35 - INFO - 	 Recall for 0.4 precision: 0.973
2024-10-11 19:35 - INFO - 	 Best Val. Loss: 0.065
2024-10-11 19:35 - INFO - 	 Best ROC-AUC: 0.986
2024-10-11 19:35 - INFO - 	 Best PR-AUC: 0.883
2024-10-11 19:35 - INFO - 	 Test-ROC-AUC under Best Validation ROC-AUC: 0.984
2024-10-11 19:35 - INFO - 	 Test-PR-AUC under Best Validation Best PR-AUC: 0.860
2024-10-11 19:35 - INFO - 	 Best Recall for 0.4 precision: 0.976
2024-10-11 19:35 - INFO - ---------------------------------------------
2024-10-11 19:35 - INFO - ---------------------------------------------
2024-10-11 19:35 - INFO - Epoch: 04 | Time: 0m 31s
2024-10-11 19:35 - INFO - 	 New best val_rocauc loss was found, current best value is 0.98858
2024-10-11 19:35 - INFO - 	 Train Loss: 0.062
2024-10-11 19:35 - INFO - 	 Val. Loss: 0.059
2024-10-11 19:35 - INFO - 	 ROC-AUC: 0.989
2024-10-11 19:35 - INFO - 	 PR-AUC: 0.896
2024-10-11 19:35 - INFO - 	 Recall for 0.4 precision: 0.978
2024-10-11 19:35 - INFO - 	 Best Val. Loss: 0.059
2024-10-11 19:35 - INFO - 	 Best ROC-AUC: 0.989
2024-10-11 19:35 - INFO - 	 Best PR-AUC: 0.896
2024-10-11 19:35 - INFO - 	 Test-ROC-AUC under Best Validation ROC-AUC: 0.985
2024-10-11 19:35 - INFO - 	 Test-PR-AUC under Best Validation Best PR-AUC: 0.885
2024-10-11 19:35 - INFO - 	 Best Recall for 0.4 precision: 0.978
2024-10-11 19:35 - INFO - ---------------------------------------------
2024-10-11 19:36 - INFO - ---------------------------------------------
2024-10-11 19:36 - INFO - Epoch: 05 | Time: 0m 31s
2024-10-11 19:36 - INFO - 	 Train Loss: 0.057
2024-10-11 19:36 - INFO - 	 Val. Loss: 0.061
2024-10-11 19:36 - INFO - 	 ROC-AUC: 0.988
2024-10-11 19:36 - INFO - 	 PR-AUC: 0.889
2024-10-11 19:36 - INFO - 	 Recall for 0.4 precision: 0.974
2024-10-11 19:36 - INFO - 	 Best Val. Loss: 0.059
2024-10-11 19:36 - INFO - 	 Best ROC-AUC: 0.989
2024-10-11 19:36 - INFO - 	 Best PR-AUC: 0.896
2024-10-11 19:36 - INFO - 	 Test-ROC-AUC under Best Validation ROC-AUC: 0.985
2024-10-11 19:36 - INFO - 	 Test-PR-AUC under Best Validation Best PR-AUC: 0.885
2024-10-11 19:36 - INFO - 	 Best Recall for 0.4 precision: 0.978
2024-10-11 19:36 - INFO - ---------------------------------------------
2024-10-11 19:36 - INFO - ---------------------------------------------
2024-10-11 19:36 - INFO - Epoch: 06 | Time: 0m 31s
2024-10-11 19:36 - INFO - 	 Train Loss: 0.054
2024-10-11 19:36 - INFO - 	 Val. Loss: 0.062
2024-10-11 19:36 - INFO - 	 ROC-AUC: 0.988
2024-10-11 19:36 - INFO - 	 PR-AUC: 0.888
2024-10-11 19:36 - INFO - 	 Recall for 0.4 precision: 0.975
2024-10-11 19:36 - INFO - 	 Best Val. Loss: 0.059
2024-10-11 19:36 - INFO - 	 Best ROC-AUC: 0.989
2024-10-11 19:36 - INFO - 	 Best PR-AUC: 0.896
2024-10-11 19:36 - INFO - 	 Test-ROC-AUC under Best Validation ROC-AUC: 0.985
2024-10-11 19:36 - INFO - 	 Test-PR-AUC under Best Validation Best PR-AUC: 0.885
2024-10-11 19:36 - INFO - 	 Best Recall for 0.4 precision: 0.978
2024-10-11 19:36 - INFO - ---------------------------------------------
2024-10-11 19:37 - INFO - ---------------------------------------------
2024-10-11 19:37 - INFO - Epoch: 07 | Time: 0m 31s
2024-10-11 19:37 - INFO - 	 Train Loss: 0.051
2024-10-11 19:37 - INFO - 	 Val. Loss: 0.061
2024-10-11 19:37 - INFO - 	 ROC-AUC: 0.987
2024-10-11 19:37 - INFO - 	 PR-AUC: 0.892
2024-10-11 19:37 - INFO - 	 Recall for 0.4 precision: 0.973
2024-10-11 19:37 - INFO - 	 Best Val. Loss: 0.059
2024-10-11 19:37 - INFO - 	 Best ROC-AUC: 0.989
2024-10-11 19:37 - INFO - 	 Best PR-AUC: 0.896
2024-10-11 19:37 - INFO - 	 Test-ROC-AUC under Best Validation ROC-AUC: 0.985
2024-10-11 19:37 - INFO - 	 Test-PR-AUC under Best Validation Best PR-AUC: 0.885
2024-10-11 19:37 - INFO - 	 Best Recall for 0.4 precision: 0.978
2024-10-11 19:37 - INFO - ---------------------------------------------
2024-10-11 19:37 - INFO - ---------------------------------------------
2024-10-11 19:37 - INFO - Epoch: 08 | Time: 0m 31s
2024-10-11 19:37 - INFO - 	 New best val_rocauc loss was found, current best value is 0.98875
2024-10-11 19:37 - INFO - 	 Train Loss: 0.049
2024-10-11 19:37 - INFO - 	 Val. Loss: 0.058
2024-10-11 19:37 - INFO - 	 ROC-AUC: 0.989
2024-10-11 19:37 - INFO - 	 PR-AUC: 0.900
2024-10-11 19:37 - INFO - 	 Recall for 0.4 precision: 0.979
2024-10-11 19:37 - INFO - 	 Best Val. Loss: 0.058
2024-10-11 19:37 - INFO - 	 Best ROC-AUC: 0.989
2024-10-11 19:37 - INFO - 	 Best PR-AUC: 0.900
2024-10-11 19:37 - INFO - 	 Test-ROC-AUC under Best Validation ROC-AUC: 0.986
2024-10-11 19:37 - INFO - 	 Test-PR-AUC under Best Validation Best PR-AUC: 0.900
2024-10-11 19:37 - INFO - 	 Best Recall for 0.4 precision: 0.979
2024-10-11 19:37 - INFO - ---------------------------------------------
2024-10-11 19:38 - INFO - ---------------------------------------------
2024-10-11 19:38 - INFO - Epoch: 09 | Time: 0m 31s
2024-10-11 19:38 - INFO - 	 Train Loss: 0.049
2024-10-11 19:38 - INFO - 	 Val. Loss: 0.061
2024-10-11 19:38 - INFO - 	 ROC-AUC: 0.988
2024-10-11 19:38 - INFO - 	 PR-AUC: 0.892
2024-10-11 19:38 - INFO - 	 Recall for 0.4 precision: 0.978
2024-10-11 19:38 - INFO - 	 Best Val. Loss: 0.058
2024-10-11 19:38 - INFO - 	 Best ROC-AUC: 0.989
2024-10-11 19:38 - INFO - 	 Best PR-AUC: 0.900
2024-10-11 19:38 - INFO - 	 Test-ROC-AUC under Best Validation ROC-AUC: 0.986
2024-10-11 19:38 - INFO - 	 Test-PR-AUC under Best Validation Best PR-AUC: 0.900
2024-10-11 19:38 - INFO - 	 Best Recall for 0.4 precision: 0.979
2024-10-11 19:38 - INFO - ---------------------------------------------
2024-10-11 19:38 - INFO - ---------------------------------------------
2024-10-11 19:38 - INFO - Epoch: 10 | Time: 0m 31s
2024-10-11 19:38 - INFO - 	 Train Loss: 0.046
2024-10-11 19:38 - INFO - 	 Val. Loss: 0.061
2024-10-11 19:38 - INFO - 	 ROC-AUC: 0.988
2024-10-11 19:38 - INFO - 	 PR-AUC: 0.896
2024-10-11 19:38 - INFO - 	 Recall for 0.4 precision: 0.977
2024-10-11 19:38 - INFO - 	 Best Val. Loss: 0.058
2024-10-11 19:38 - INFO - 	 Best ROC-AUC: 0.989
2024-10-11 19:38 - INFO - 	 Best PR-AUC: 0.900
2024-10-11 19:38 - INFO - 	 Test-ROC-AUC under Best Validation ROC-AUC: 0.986
2024-10-11 19:38 - INFO - 	 Test-PR-AUC under Best Validation Best PR-AUC: 0.900
2024-10-11 19:38 - INFO - 	 Best Recall for 0.4 precision: 0.979
2024-10-11 19:38 - INFO - ---------------------------------------------
2024-10-11 19:55 - INFO - Fit the preprocessing pipeline
2024-10-11 19:55 - INFO - Training using device: cuda
2024-10-11 19:55 - INFO - Creating generators
2024-10-11 19:55 - INFO - The model has 651,257 trainable parameters
2024-10-11 19:55 - INFO - * Model:
2024-10-11 19:55 - INFO - * -----------
2024-10-11 19:55 - INFO - DownstreamInception(
  (conv1): ConvBlock(
    (conv): Conv1d(12, 64, kernel_size=(7,), stride=(2,), padding=(3,))
    (bn): BatchNorm1d(64, eps=1e-05, momentum=0.1, affine=True, track_running_stats=True)
  )
  (conv2): ConvBlock(
    (conv): Conv1d(64, 128, kernel_size=(3,), stride=(1,), padding=(1,))
    (bn): BatchNorm1d(128, eps=1e-05, momentum=0.1, affine=True, track_running_stats=True)
  )
  (maxpool): MaxPool1d(kernel_size=3, stride=2, padding=1, dilation=1, ceil_mode=False)
  (inception3a): InceptionBlock(
    (branch1): ConvBlock(
      (conv): Conv1d(128, 64, kernel_size=(1,), stride=(1,))
      (bn): BatchNorm1d(64, eps=1e-05, momentum=0.1, affine=True, track_running_stats=True)
    )
    (branch2): Sequential(
      (0): ConvBlock(
        (conv): Conv1d(128, 96, kernel_size=(1,), stride=(1,))
        (bn): BatchNorm1d(96, eps=1e-05, momentum=0.1, affine=True, track_running_stats=True)
      )
      (1): ConvBlock(
        (conv): Conv1d(96, 128, kernel_size=(3,), stride=(1,), padding=(1,))
        (bn): BatchNorm1d(128, eps=1e-05, momentum=0.1, affine=True, track_running_stats=True)
      )
    )
    (branch3): Sequential(
      (0): ConvBlock(
        (conv): Conv1d(128, 16, kernel_size=(1,), stride=(1,))
        (bn): BatchNorm1d(16, eps=1e-05, momentum=0.1, affine=True, track_running_stats=True)
      )
      (1): ConvBlock(
        (conv): Conv1d(16, 32, kernel_size=(5,), stride=(1,), padding=(2,))
        (bn): BatchNorm1d(32, eps=1e-05, momentum=0.1, affine=True, track_running_stats=True)
      )
    )
    (branch4): Sequential(
      (0): MaxPool2d(kernel_size=3, stride=1, padding=1, dilation=1, ceil_mode=False)
      (1): ConvBlock(
        (conv): Conv1d(128, 32, kernel_size=(1,), stride=(1,))
        (bn): BatchNorm1d(32, eps=1e-05, momentum=0.1, affine=True, track_running_stats=True)
      )
    )
  )
  (inception3b): InceptionBlock(
    (branch1): ConvBlock(
      (conv): Conv1d(256, 128, kernel_size=(1,), stride=(1,))
      (bn): BatchNorm1d(128, eps=1e-05, momentum=0.1, affine=True, track_running_stats=True)
    )
    (branch2): Sequential(
      (0): ConvBlock(
        (conv): Conv1d(256, 128, kernel_size=(1,), stride=(1,))
        (bn): BatchNorm1d(128, eps=1e-05, momentum=0.1, affine=True, track_running_stats=True)
      )
      (1): ConvBlock(
        (conv): Conv1d(128, 192, kernel_size=(3,), stride=(1,), padding=(1,))
        (bn): BatchNorm1d(192, eps=1e-05, momentum=0.1, affine=True, track_running_stats=True)
      )
    )
    (branch3): Sequential(
      (0): ConvBlock(
        (conv): Conv1d(256, 32, kernel_size=(1,), stride=(1,))
        (bn): BatchNorm1d(32, eps=1e-05, momentum=0.1, affine=True, track_running_stats=True)
      )
      (1): ConvBlock(
        (conv): Conv1d(32, 96, kernel_size=(5,), stride=(1,), padding=(2,))
        (bn): BatchNorm1d(96, eps=1e-05, momentum=0.1, affine=True, track_running_stats=True)
      )
    )
    (branch4): Sequential(
      (0): MaxPool2d(kernel_size=3, stride=1, padding=1, dilation=1, ceil_mode=False)
      (1): ConvBlock(
        (conv): Conv1d(256, 64, kernel_size=(1,), stride=(1,))
        (bn): BatchNorm1d(64, eps=1e-05, momentum=0.1, affine=True, track_running_stats=True)
      )
    )
  )
  (inception4a): InceptionBlock(
    (branch1): ConvBlock(
      (conv): Conv1d(480, 192, kernel_size=(1,), stride=(1,))
      (bn): BatchNorm1d(192, eps=1e-05, momentum=0.1, affine=True, track_running_stats=True)
    )
    (branch2): Sequential(
      (0): ConvBlock(
        (conv): Conv1d(480, 96, kernel_size=(1,), stride=(1,))
        (bn): BatchNorm1d(96, eps=1e-05, momentum=0.1, affine=True, track_running_stats=True)
      )
      (1): ConvBlock(
        (conv): Conv1d(96, 208, kernel_size=(3,), stride=(1,), padding=(1,))
        (bn): BatchNorm1d(208, eps=1e-05, momentum=0.1, affine=True, track_running_stats=True)
      )
    )
    (branch3): Sequential(
      (0): ConvBlock(
        (conv): Conv1d(480, 16, kernel_size=(1,), stride=(1,))
        (bn): BatchNorm1d(16, eps=1e-05, momentum=0.1, affine=True, track_running_stats=True)
      )
      (1): ConvBlock(
        (conv): Conv1d(16, 48, kernel_size=(5,), stride=(1,), padding=(2,))
        (bn): BatchNorm1d(48, eps=1e-05, momentum=0.1, affine=True, track_running_stats=True)
      )
    )
    (branch4): Sequential(
      (0): MaxPool2d(kernel_size=3, stride=1, padding=1, dilation=1, ceil_mode=False)
      (1): ConvBlock(
        (conv): Conv1d(480, 64, kernel_size=(1,), stride=(1,))
        (bn): BatchNorm1d(64, eps=1e-05, momentum=0.1, affine=True, track_running_stats=True)
      )
    )
  )
  (inception4b): InceptionBlock(
    (branch1): ConvBlock(
      (conv): Conv1d(512, 32, kernel_size=(1,), stride=(1,))
      (bn): BatchNorm1d(32, eps=1e-05, momentum=0.1, affine=True, track_running_stats=True)
    )
    (branch2): Sequential(
      (0): ConvBlock(
        (conv): Conv1d(512, 112, kernel_size=(1,), stride=(1,))
        (bn): BatchNorm1d(112, eps=1e-05, momentum=0.1, affine=True, track_running_stats=True)
      )
      (1): ConvBlock(
        (conv): Conv1d(112, 32, kernel_size=(3,), stride=(1,), padding=(1,))
        (bn): BatchNorm1d(32, eps=1e-05, momentum=0.1, affine=True, track_running_stats=True)
      )
    )
    (branch3): Sequential(
      (0): ConvBlock(
        (conv): Conv1d(512, 24, kernel_size=(1,), stride=(1,))
        (bn): BatchNorm1d(24, eps=1e-05, momentum=0.1, affine=True, track_running_stats=True)
      )
      (1): ConvBlock(
        (conv): Conv1d(24, 64, kernel_size=(5,), stride=(1,), padding=(2,))
        (bn): BatchNorm1d(64, eps=1e-05, momentum=0.1, affine=True, track_running_stats=True)
      )
    )
    (branch4): Sequential(
      (0): MaxPool2d(kernel_size=3, stride=1, padding=1, dilation=1, ceil_mode=False)
      (1): ConvBlock(
        (conv): Conv1d(512, 32, kernel_size=(1,), stride=(1,))
        (bn): BatchNorm1d(32, eps=1e-05, momentum=0.1, affine=True, track_running_stats=True)
      )
    )
  )
  (avgpool): AvgPool1d(kernel_size=(5,), stride=(1,), padding=(0,))
  (dropout): Dropout(p=0.5, inplace=False)
  (fc): Linear(in_features=8480, out_features=1, bias=True)
  (sigmoid): Sigmoid()
)
2024-10-11 19:55 - INFO - * -----------
2024-10-11 19:55 - INFO - Evaluating model based on: rocauc
2024-10-11 19:55 - INFO - Training..

2024-10-11 19:55 - INFO - Fit the preprocessing pipeline
2024-10-11 19:55 - INFO - Training using device: cuda
2024-10-11 19:55 - INFO - Creating generators
2024-10-11 19:55 - INFO - The model has 651,257 trainable parameters
2024-10-11 19:55 - INFO - * Model:
2024-10-11 19:55 - INFO - * -----------
2024-10-11 19:55 - INFO - DownstreamInception(
  (conv1): ConvBlock(
    (conv): Conv1d(12, 64, kernel_size=(7,), stride=(2,), padding=(3,))
    (bn): BatchNorm1d(64, eps=1e-05, momentum=0.1, affine=True, track_running_stats=True)
  )
  (conv2): ConvBlock(
    (conv): Conv1d(64, 128, kernel_size=(3,), stride=(1,), padding=(1,))
    (bn): BatchNorm1d(128, eps=1e-05, momentum=0.1, affine=True, track_running_stats=True)
  )
  (maxpool): MaxPool1d(kernel_size=3, stride=2, padding=1, dilation=1, ceil_mode=False)
  (inception3a): InceptionBlock(
    (branch1): ConvBlock(
      (conv): Conv1d(128, 64, kernel_size=(1,), stride=(1,))
      (bn): BatchNorm1d(64, eps=1e-05, momentum=0.1, affine=True, track_running_stats=True)
    )
    (branch2): Sequential(
      (0): ConvBlock(
        (conv): Conv1d(128, 96, kernel_size=(1,), stride=(1,))
        (bn): BatchNorm1d(96, eps=1e-05, momentum=0.1, affine=True, track_running_stats=True)
      )
      (1): ConvBlock(
        (conv): Conv1d(96, 128, kernel_size=(3,), stride=(1,), padding=(1,))
        (bn): BatchNorm1d(128, eps=1e-05, momentum=0.1, affine=True, track_running_stats=True)
      )
    )
    (branch3): Sequential(
      (0): ConvBlock(
        (conv): Conv1d(128, 16, kernel_size=(1,), stride=(1,))
        (bn): BatchNorm1d(16, eps=1e-05, momentum=0.1, affine=True, track_running_stats=True)
      )
      (1): ConvBlock(
        (conv): Conv1d(16, 32, kernel_size=(5,), stride=(1,), padding=(2,))
        (bn): BatchNorm1d(32, eps=1e-05, momentum=0.1, affine=True, track_running_stats=True)
      )
    )
    (branch4): Sequential(
      (0): MaxPool2d(kernel_size=3, stride=1, padding=1, dilation=1, ceil_mode=False)
      (1): ConvBlock(
        (conv): Conv1d(128, 32, kernel_size=(1,), stride=(1,))
        (bn): BatchNorm1d(32, eps=1e-05, momentum=0.1, affine=True, track_running_stats=True)
      )
    )
  )
  (inception3b): InceptionBlock(
    (branch1): ConvBlock(
      (conv): Conv1d(256, 128, kernel_size=(1,), stride=(1,))
      (bn): BatchNorm1d(128, eps=1e-05, momentum=0.1, affine=True, track_running_stats=True)
    )
    (branch2): Sequential(
      (0): ConvBlock(
        (conv): Conv1d(256, 128, kernel_size=(1,), stride=(1,))
        (bn): BatchNorm1d(128, eps=1e-05, momentum=0.1, affine=True, track_running_stats=True)
      )
      (1): ConvBlock(
        (conv): Conv1d(128, 192, kernel_size=(3,), stride=(1,), padding=(1,))
        (bn): BatchNorm1d(192, eps=1e-05, momentum=0.1, affine=True, track_running_stats=True)
      )
    )
    (branch3): Sequential(
      (0): ConvBlock(
        (conv): Conv1d(256, 32, kernel_size=(1,), stride=(1,))
        (bn): BatchNorm1d(32, eps=1e-05, momentum=0.1, affine=True, track_running_stats=True)
      )
      (1): ConvBlock(
        (conv): Conv1d(32, 96, kernel_size=(5,), stride=(1,), padding=(2,))
        (bn): BatchNorm1d(96, eps=1e-05, momentum=0.1, affine=True, track_running_stats=True)
      )
    )
    (branch4): Sequential(
      (0): MaxPool2d(kernel_size=3, stride=1, padding=1, dilation=1, ceil_mode=False)
      (1): ConvBlock(
        (conv): Conv1d(256, 64, kernel_size=(1,), stride=(1,))
        (bn): BatchNorm1d(64, eps=1e-05, momentum=0.1, affine=True, track_running_stats=True)
      )
    )
  )
  (inception4a): InceptionBlock(
    (branch1): ConvBlock(
      (conv): Conv1d(480, 192, kernel_size=(1,), stride=(1,))
      (bn): BatchNorm1d(192, eps=1e-05, momentum=0.1, affine=True, track_running_stats=True)
    )
    (branch2): Sequential(
      (0): ConvBlock(
        (conv): Conv1d(480, 96, kernel_size=(1,), stride=(1,))
        (bn): BatchNorm1d(96, eps=1e-05, momentum=0.1, affine=True, track_running_stats=True)
      )
      (1): ConvBlock(
        (conv): Conv1d(96, 208, kernel_size=(3,), stride=(1,), padding=(1,))
        (bn): BatchNorm1d(208, eps=1e-05, momentum=0.1, affine=True, track_running_stats=True)
      )
    )
    (branch3): Sequential(
      (0): ConvBlock(
        (conv): Conv1d(480, 16, kernel_size=(1,), stride=(1,))
        (bn): BatchNorm1d(16, eps=1e-05, momentum=0.1, affine=True, track_running_stats=True)
      )
      (1): ConvBlock(
        (conv): Conv1d(16, 48, kernel_size=(5,), stride=(1,), padding=(2,))
        (bn): BatchNorm1d(48, eps=1e-05, momentum=0.1, affine=True, track_running_stats=True)
      )
    )
    (branch4): Sequential(
      (0): MaxPool2d(kernel_size=3, stride=1, padding=1, dilation=1, ceil_mode=False)
      (1): ConvBlock(
        (conv): Conv1d(480, 64, kernel_size=(1,), stride=(1,))
        (bn): BatchNorm1d(64, eps=1e-05, momentum=0.1, affine=True, track_running_stats=True)
      )
    )
  )
  (inception4b): InceptionBlock(
    (branch1): ConvBlock(
      (conv): Conv1d(512, 32, kernel_size=(1,), stride=(1,))
      (bn): BatchNorm1d(32, eps=1e-05, momentum=0.1, affine=True, track_running_stats=True)
    )
    (branch2): Sequential(
      (0): ConvBlock(
        (conv): Conv1d(512, 112, kernel_size=(1,), stride=(1,))
        (bn): BatchNorm1d(112, eps=1e-05, momentum=0.1, affine=True, track_running_stats=True)
      )
      (1): ConvBlock(
        (conv): Conv1d(112, 32, kernel_size=(3,), stride=(1,), padding=(1,))
        (bn): BatchNorm1d(32, eps=1e-05, momentum=0.1, affine=True, track_running_stats=True)
      )
    )
    (branch3): Sequential(
      (0): ConvBlock(
        (conv): Conv1d(512, 24, kernel_size=(1,), stride=(1,))
        (bn): BatchNorm1d(24, eps=1e-05, momentum=0.1, affine=True, track_running_stats=True)
      )
      (1): ConvBlock(
        (conv): Conv1d(24, 64, kernel_size=(5,), stride=(1,), padding=(2,))
        (bn): BatchNorm1d(64, eps=1e-05, momentum=0.1, affine=True, track_running_stats=True)
      )
    )
    (branch4): Sequential(
      (0): MaxPool2d(kernel_size=3, stride=1, padding=1, dilation=1, ceil_mode=False)
      (1): ConvBlock(
        (conv): Conv1d(512, 32, kernel_size=(1,), stride=(1,))
        (bn): BatchNorm1d(32, eps=1e-05, momentum=0.1, affine=True, track_running_stats=True)
      )
    )
  )
  (avgpool): AvgPool1d(kernel_size=(5,), stride=(1,), padding=(0,))
  (dropout): Dropout(p=0.5, inplace=False)
  (fc): Linear(in_features=8480, out_features=1, bias=True)
  (sigmoid): Sigmoid()
)
2024-10-11 19:55 - INFO - * -----------
2024-10-11 19:55 - INFO - Evaluating model based on: rocauc
2024-10-11 19:55 - INFO - Training..

2024-10-11 19:56 - INFO - ---------------------------------------------
2024-10-11 19:56 - INFO - Epoch: 01 | Time: 0m 31s
2024-10-11 19:56 - INFO - 	 New best val_rocauc loss was found, current best value is 0.97854
2024-10-11 19:56 - INFO - 	 Train Loss: 0.151
2024-10-11 19:56 - INFO - 	 Val. Loss: 0.083
2024-10-11 19:56 - INFO - 	 ROC-AUC: 0.979
2024-10-11 19:56 - INFO - 	 PR-AUC: 0.817
2024-10-11 19:56 - INFO - 	 Recall for 0.4 precision: 0.970
2024-10-11 19:56 - INFO - 	 Best Val. Loss: 0.083
2024-10-11 19:56 - INFO - 	 Best ROC-AUC: 0.979
2024-10-11 19:56 - INFO - 	 Best PR-AUC: 0.817
2024-10-11 19:56 - INFO - 	 Test-ROC-AUC under Best Validation ROC-AUC: 0.978
2024-10-11 19:56 - INFO - 	 Test-PR-AUC under Best Validation Best PR-AUC: 0.811
2024-10-11 19:56 - INFO - 	 Best Recall for 0.4 precision: 0.970
2024-10-11 19:56 - INFO - ---------------------------------------------
2024-10-11 19:56 - INFO - ---------------------------------------------
2024-10-11 19:56 - INFO - Epoch: 02 | Time: 0m 31s
2024-10-11 19:56 - INFO - 	 New best val_rocauc loss was found, current best value is 0.98537
2024-10-11 19:56 - INFO - 	 Train Loss: 0.080
2024-10-11 19:56 - INFO - 	 Val. Loss: 0.066
2024-10-11 19:56 - INFO - 	 ROC-AUC: 0.985
2024-10-11 19:56 - INFO - 	 PR-AUC: 0.867
2024-10-11 19:56 - INFO - 	 Recall for 0.4 precision: 0.975
2024-10-11 19:56 - INFO - 	 Best Val. Loss: 0.066
2024-10-11 19:56 - INFO - 	 Best ROC-AUC: 0.985
2024-10-11 19:56 - INFO - 	 Best PR-AUC: 0.867
2024-10-11 19:56 - INFO - 	 Test-ROC-AUC under Best Validation ROC-AUC: 0.984
2024-10-11 19:56 - INFO - 	 Test-PR-AUC under Best Validation Best PR-AUC: 0.845
2024-10-11 19:56 - INFO - 	 Best Recall for 0.4 precision: 0.975
2024-10-11 19:56 - INFO - ---------------------------------------------
2024-10-11 20:58 - INFO - Fit the preprocessing pipeline
2024-10-11 20:58 - INFO - Training using device: cuda
2024-10-11 20:58 - INFO - Creating generators
2024-10-11 20:58 - INFO - The model has 651,257 trainable parameters
2024-10-11 20:58 - INFO - * Model:
2024-10-11 20:58 - INFO - * -----------
2024-10-11 20:58 - INFO - DownstreamInception(
  (conv1): ConvBlock(
    (conv): Conv1d(12, 64, kernel_size=(7,), stride=(2,), padding=(3,))
    (bn): BatchNorm1d(64, eps=1e-05, momentum=0.1, affine=True, track_running_stats=True)
  )
  (conv2): ConvBlock(
    (conv): Conv1d(64, 128, kernel_size=(3,), stride=(1,), padding=(1,))
    (bn): BatchNorm1d(128, eps=1e-05, momentum=0.1, affine=True, track_running_stats=True)
  )
  (maxpool): MaxPool1d(kernel_size=3, stride=2, padding=1, dilation=1, ceil_mode=False)
  (inception3a): InceptionBlock(
    (branch1): ConvBlock(
      (conv): Conv1d(128, 64, kernel_size=(1,), stride=(1,))
      (bn): BatchNorm1d(64, eps=1e-05, momentum=0.1, affine=True, track_running_stats=True)
    )
    (branch2): Sequential(
      (0): ConvBlock(
        (conv): Conv1d(128, 96, kernel_size=(1,), stride=(1,))
        (bn): BatchNorm1d(96, eps=1e-05, momentum=0.1, affine=True, track_running_stats=True)
      )
      (1): ConvBlock(
        (conv): Conv1d(96, 128, kernel_size=(3,), stride=(1,), padding=(1,))
        (bn): BatchNorm1d(128, eps=1e-05, momentum=0.1, affine=True, track_running_stats=True)
      )
    )
    (branch3): Sequential(
      (0): ConvBlock(
        (conv): Conv1d(128, 16, kernel_size=(1,), stride=(1,))
        (bn): BatchNorm1d(16, eps=1e-05, momentum=0.1, affine=True, track_running_stats=True)
      )
      (1): ConvBlock(
        (conv): Conv1d(16, 32, kernel_size=(5,), stride=(1,), padding=(2,))
        (bn): BatchNorm1d(32, eps=1e-05, momentum=0.1, affine=True, track_running_stats=True)
      )
    )
    (branch4): Sequential(
      (0): MaxPool2d(kernel_size=3, stride=1, padding=1, dilation=1, ceil_mode=False)
      (1): ConvBlock(
        (conv): Conv1d(128, 32, kernel_size=(1,), stride=(1,))
        (bn): BatchNorm1d(32, eps=1e-05, momentum=0.1, affine=True, track_running_stats=True)
      )
    )
  )
  (inception3b): InceptionBlock(
    (branch1): ConvBlock(
      (conv): Conv1d(256, 128, kernel_size=(1,), stride=(1,))
      (bn): BatchNorm1d(128, eps=1e-05, momentum=0.1, affine=True, track_running_stats=True)
    )
    (branch2): Sequential(
      (0): ConvBlock(
        (conv): Conv1d(256, 128, kernel_size=(1,), stride=(1,))
        (bn): BatchNorm1d(128, eps=1e-05, momentum=0.1, affine=True, track_running_stats=True)
      )
      (1): ConvBlock(
        (conv): Conv1d(128, 192, kernel_size=(3,), stride=(1,), padding=(1,))
        (bn): BatchNorm1d(192, eps=1e-05, momentum=0.1, affine=True, track_running_stats=True)
      )
    )
    (branch3): Sequential(
      (0): ConvBlock(
        (conv): Conv1d(256, 32, kernel_size=(1,), stride=(1,))
        (bn): BatchNorm1d(32, eps=1e-05, momentum=0.1, affine=True, track_running_stats=True)
      )
      (1): ConvBlock(
        (conv): Conv1d(32, 96, kernel_size=(5,), stride=(1,), padding=(2,))
        (bn): BatchNorm1d(96, eps=1e-05, momentum=0.1, affine=True, track_running_stats=True)
      )
    )
    (branch4): Sequential(
      (0): MaxPool2d(kernel_size=3, stride=1, padding=1, dilation=1, ceil_mode=False)
      (1): ConvBlock(
        (conv): Conv1d(256, 64, kernel_size=(1,), stride=(1,))
        (bn): BatchNorm1d(64, eps=1e-05, momentum=0.1, affine=True, track_running_stats=True)
      )
    )
  )
  (inception4a): InceptionBlock(
    (branch1): ConvBlock(
      (conv): Conv1d(480, 192, kernel_size=(1,), stride=(1,))
      (bn): BatchNorm1d(192, eps=1e-05, momentum=0.1, affine=True, track_running_stats=True)
    )
    (branch2): Sequential(
      (0): ConvBlock(
        (conv): Conv1d(480, 96, kernel_size=(1,), stride=(1,))
        (bn): BatchNorm1d(96, eps=1e-05, momentum=0.1, affine=True, track_running_stats=True)
      )
      (1): ConvBlock(
        (conv): Conv1d(96, 208, kernel_size=(3,), stride=(1,), padding=(1,))
        (bn): BatchNorm1d(208, eps=1e-05, momentum=0.1, affine=True, track_running_stats=True)
      )
    )
    (branch3): Sequential(
      (0): ConvBlock(
        (conv): Conv1d(480, 16, kernel_size=(1,), stride=(1,))
        (bn): BatchNorm1d(16, eps=1e-05, momentum=0.1, affine=True, track_running_stats=True)
      )
      (1): ConvBlock(
        (conv): Conv1d(16, 48, kernel_size=(5,), stride=(1,), padding=(2,))
        (bn): BatchNorm1d(48, eps=1e-05, momentum=0.1, affine=True, track_running_stats=True)
      )
    )
    (branch4): Sequential(
      (0): MaxPool2d(kernel_size=3, stride=1, padding=1, dilation=1, ceil_mode=False)
      (1): ConvBlock(
        (conv): Conv1d(480, 64, kernel_size=(1,), stride=(1,))
        (bn): BatchNorm1d(64, eps=1e-05, momentum=0.1, affine=True, track_running_stats=True)
      )
    )
  )
  (inception4b): InceptionBlock(
    (branch1): ConvBlock(
      (conv): Conv1d(512, 32, kernel_size=(1,), stride=(1,))
      (bn): BatchNorm1d(32, eps=1e-05, momentum=0.1, affine=True, track_running_stats=True)
    )
    (branch2): Sequential(
      (0): ConvBlock(
        (conv): Conv1d(512, 112, kernel_size=(1,), stride=(1,))
        (bn): BatchNorm1d(112, eps=1e-05, momentum=0.1, affine=True, track_running_stats=True)
      )
      (1): ConvBlock(
        (conv): Conv1d(112, 32, kernel_size=(3,), stride=(1,), padding=(1,))
        (bn): BatchNorm1d(32, eps=1e-05, momentum=0.1, affine=True, track_running_stats=True)
      )
    )
    (branch3): Sequential(
      (0): ConvBlock(
        (conv): Conv1d(512, 24, kernel_size=(1,), stride=(1,))
        (bn): BatchNorm1d(24, eps=1e-05, momentum=0.1, affine=True, track_running_stats=True)
      )
      (1): ConvBlock(
        (conv): Conv1d(24, 64, kernel_size=(5,), stride=(1,), padding=(2,))
        (bn): BatchNorm1d(64, eps=1e-05, momentum=0.1, affine=True, track_running_stats=True)
      )
    )
    (branch4): Sequential(
      (0): MaxPool2d(kernel_size=3, stride=1, padding=1, dilation=1, ceil_mode=False)
      (1): ConvBlock(
        (conv): Conv1d(512, 32, kernel_size=(1,), stride=(1,))
        (bn): BatchNorm1d(32, eps=1e-05, momentum=0.1, affine=True, track_running_stats=True)
      )
    )
  )
  (avgpool): AvgPool1d(kernel_size=(5,), stride=(1,), padding=(0,))
  (dropout): Dropout(p=0.5, inplace=False)
  (fc): Linear(in_features=8480, out_features=1, bias=True)
  (sigmoid): Sigmoid()
)
2024-10-11 20:58 - INFO - * -----------
2024-10-11 20:58 - INFO - Evaluating model based on: rocauc
2024-10-11 20:58 - INFO - Training..

2024-10-11 20:59 - INFO - ---------------------------------------------
2024-10-11 20:59 - INFO - Epoch: 01 | Time: 0m 31s
2024-10-11 20:59 - INFO - 	 New best val_rocauc loss was found, current best value is 0.98
2024-10-11 20:59 - INFO - 	 Train Loss: 0.152
2024-10-11 20:59 - INFO - 	 Val. Loss: 0.082
2024-10-11 20:59 - INFO - 	 ROC-AUC: 0.980
2024-10-11 20:59 - INFO - 	 PR-AUC: 0.828
2024-10-11 20:59 - INFO - 	 Recall for 0.4 precision: 0.964
2024-10-11 20:59 - INFO - 	 Best Val. Loss: 0.082
2024-10-11 20:59 - INFO - 	 Best ROC-AUC: 0.980
2024-10-11 20:59 - INFO - 	 Best PR-AUC: 0.828
2024-10-11 20:59 - INFO - 	 Test-ROC-AUC under Best Validation ROC-AUC: 0.976
2024-10-11 20:59 - INFO - 	 Test-PR-AUC under Best Validation Best PR-AUC: 0.811
2024-10-11 20:59 - INFO - 	 Best Recall for 0.4 precision: 0.964
2024-10-11 20:59 - INFO - ---------------------------------------------
