2024-10-11 19:14 - INFO - Fit the preprocessing pipeline
2024-10-11 19:14 - INFO - Training using device: cuda
2024-10-11 19:14 - INFO - Creating generators
2024-10-11 19:14 - INFO - The model has 651,257 trainable parameters
2024-10-11 19:14 - INFO - * Model:
2024-10-11 19:14 - INFO - * -----------
2024-10-11 19:14 - INFO - DownstreamInception(
  (conv1): ConvBlock(
    (conv): Conv1d(12, 64, kernel_size=(7,), stride=(2,), padding=(3,))
    (bn): BatchNorm1d(64, eps=1e-05, momentum=0.1, affine=True, track_running_stats=True)
  )
  (conv2): ConvBlock(
    (conv): Conv1d(64, 128, kernel_size=(3,), stride=(1,), padding=(1,))
    (bn): BatchNorm1d(128, eps=1e-05, momentum=0.1, affine=True, track_running_stats=True)
  )
  (maxpool): MaxPool1d(kernel_size=3, stride=2, padding=1, dilation=1, ceil_mode=False)
  (inception3a): InceptionBlock(
    (branch1): ConvBlock(
      (conv): Conv1d(128, 64, kernel_size=(1,), stride=(1,))
      (bn): BatchNorm1d(64, eps=1e-05, momentum=0.1, affine=True, track_running_stats=True)
    )
    (branch2): Sequential(
      (0): ConvBlock(
        (conv): Conv1d(128, 96, kernel_size=(1,), stride=(1,))
        (bn): BatchNorm1d(96, eps=1e-05, momentum=0.1, affine=True, track_running_stats=True)
      )
      (1): ConvBlock(
        (conv): Conv1d(96, 128, kernel_size=(3,), stride=(1,), padding=(1,))
        (bn): BatchNorm1d(128, eps=1e-05, momentum=0.1, affine=True, track_running_stats=True)
      )
    )
    (branch3): Sequential(
      (0): ConvBlock(
        (conv): Conv1d(128, 16, kernel_size=(1,), stride=(1,))
        (bn): BatchNorm1d(16, eps=1e-05, momentum=0.1, affine=True, track_running_stats=True)
      )
      (1): ConvBlock(
        (conv): Conv1d(16, 32, kernel_size=(5,), stride=(1,), padding=(2,))
        (bn): BatchNorm1d(32, eps=1e-05, momentum=0.1, affine=True, track_running_stats=True)
      )
    )
    (branch4): Sequential(
      (0): MaxPool2d(kernel_size=3, stride=1, padding=1, dilation=1, ceil_mode=False)
      (1): ConvBlock(
        (conv): Conv1d(128, 32, kernel_size=(1,), stride=(1,))
        (bn): BatchNorm1d(32, eps=1e-05, momentum=0.1, affine=True, track_running_stats=True)
      )
    )
  )
  (inception3b): InceptionBlock(
    (branch1): ConvBlock(
      (conv): Conv1d(256, 128, kernel_size=(1,), stride=(1,))
      (bn): BatchNorm1d(128, eps=1e-05, momentum=0.1, affine=True, track_running_stats=True)
    )
    (branch2): Sequential(
      (0): ConvBlock(
        (conv): Conv1d(256, 128, kernel_size=(1,), stride=(1,))
        (bn): BatchNorm1d(128, eps=1e-05, momentum=0.1, affine=True, track_running_stats=True)
      )
      (1): ConvBlock(
        (conv): Conv1d(128, 192, kernel_size=(3,), stride=(1,), padding=(1,))
        (bn): BatchNorm1d(192, eps=1e-05, momentum=0.1, affine=True, track_running_stats=True)
      )
    )
    (branch3): Sequential(
      (0): ConvBlock(
        (conv): Conv1d(256, 32, kernel_size=(1,), stride=(1,))
        (bn): BatchNorm1d(32, eps=1e-05, momentum=0.1, affine=True, track_running_stats=True)
      )
      (1): ConvBlock(
        (conv): Conv1d(32, 96, kernel_size=(5,), stride=(1,), padding=(2,))
        (bn): BatchNorm1d(96, eps=1e-05, momentum=0.1, affine=True, track_running_stats=True)
      )
    )
    (branch4): Sequential(
      (0): MaxPool2d(kernel_size=3, stride=1, padding=1, dilation=1, ceil_mode=False)
      (1): ConvBlock(
        (conv): Conv1d(256, 64, kernel_size=(1,), stride=(1,))
        (bn): BatchNorm1d(64, eps=1e-05, momentum=0.1, affine=True, track_running_stats=True)
      )
    )
  )
  (inception4a): InceptionBlock(
    (branch1): ConvBlock(
      (conv): Conv1d(480, 192, kernel_size=(1,), stride=(1,))
      (bn): BatchNorm1d(192, eps=1e-05, momentum=0.1, affine=True, track_running_stats=True)
    )
    (branch2): Sequential(
      (0): ConvBlock(
        (conv): Conv1d(480, 96, kernel_size=(1,), stride=(1,))
        (bn): BatchNorm1d(96, eps=1e-05, momentum=0.1, affine=True, track_running_stats=True)
      )
      (1): ConvBlock(
        (conv): Conv1d(96, 208, kernel_size=(3,), stride=(1,), padding=(1,))
        (bn): BatchNorm1d(208, eps=1e-05, momentum=0.1, affine=True, track_running_stats=True)
      )
    )
    (branch3): Sequential(
      (0): ConvBlock(
        (conv): Conv1d(480, 16, kernel_size=(1,), stride=(1,))
        (bn): BatchNorm1d(16, eps=1e-05, momentum=0.1, affine=True, track_running_stats=True)
      )
      (1): ConvBlock(
        (conv): Conv1d(16, 48, kernel_size=(5,), stride=(1,), padding=(2,))
        (bn): BatchNorm1d(48, eps=1e-05, momentum=0.1, affine=True, track_running_stats=True)
      )
    )
    (branch4): Sequential(
      (0): MaxPool2d(kernel_size=3, stride=1, padding=1, dilation=1, ceil_mode=False)
      (1): ConvBlock(
        (conv): Conv1d(480, 64, kernel_size=(1,), stride=(1,))
        (bn): BatchNorm1d(64, eps=1e-05, momentum=0.1, affine=True, track_running_stats=True)
      )
    )
  )
  (inception4b): InceptionBlock(
    (branch1): ConvBlock(
      (conv): Conv1d(512, 32, kernel_size=(1,), stride=(1,))
      (bn): BatchNorm1d(32, eps=1e-05, momentum=0.1, affine=True, track_running_stats=True)
    )
    (branch2): Sequential(
      (0): ConvBlock(
        (conv): Conv1d(512, 112, kernel_size=(1,), stride=(1,))
        (bn): BatchNorm1d(112, eps=1e-05, momentum=0.1, affine=True, track_running_stats=True)
      )
      (1): ConvBlock(
        (conv): Conv1d(112, 32, kernel_size=(3,), stride=(1,), padding=(1,))
        (bn): BatchNorm1d(32, eps=1e-05, momentum=0.1, affine=True, track_running_stats=True)
      )
    )
    (branch3): Sequential(
      (0): ConvBlock(
        (conv): Conv1d(512, 24, kernel_size=(1,), stride=(1,))
        (bn): BatchNorm1d(24, eps=1e-05, momentum=0.1, affine=True, track_running_stats=True)
      )
      (1): ConvBlock(
        (conv): Conv1d(24, 64, kernel_size=(5,), stride=(1,), padding=(2,))
        (bn): BatchNorm1d(64, eps=1e-05, momentum=0.1, affine=True, track_running_stats=True)
      )
    )
    (branch4): Sequential(
      (0): MaxPool2d(kernel_size=3, stride=1, padding=1, dilation=1, ceil_mode=False)
      (1): ConvBlock(
        (conv): Conv1d(512, 32, kernel_size=(1,), stride=(1,))
        (bn): BatchNorm1d(32, eps=1e-05, momentum=0.1, affine=True, track_running_stats=True)
      )
    )
  )
  (avgpool): AvgPool1d(kernel_size=(5,), stride=(1,), padding=(0,))
  (dropout): Dropout(p=0.5, inplace=False)
  (fc): Linear(in_features=8480, out_features=1, bias=True)
  (sigmoid): Sigmoid()
)
2024-10-11 19:14 - INFO - * -----------
2024-10-11 19:14 - INFO - Evaluating model based on: rocauc
2024-10-11 19:14 - INFO - Training..

2024-10-11 19:15 - INFO - ---------------------------------------------
2024-10-11 19:15 - INFO - Epoch: 01 | Time: 1m 2s
2024-10-11 19:15 - INFO - 	 New best val_rocauc loss was found, current best value is 0.98189
2024-10-11 19:15 - INFO - 	 Train Loss: 0.151
2024-10-11 19:15 - INFO - 	 Val. Loss: 0.077
2024-10-11 19:15 - INFO - 	 ROC-AUC: 0.982
2024-10-11 19:15 - INFO - 	 PR-AUC: 0.830
2024-10-11 19:15 - INFO - 	 Recall for 0.4 precision: 0.974
2024-10-11 19:15 - INFO - 	 Best Val. Loss: 0.077
2024-10-11 19:15 - INFO - 	 Best ROC-AUC: 0.982
2024-10-11 19:15 - INFO - 	 Best PR-AUC: 0.830
2024-10-11 19:15 - INFO - 	 Test-ROC-AUC under Best Validation ROC-AUC: 0.980
2024-10-11 19:15 - INFO - 	 Test-PR-AUC under Best Validation Best PR-AUC: 0.812
2024-10-11 19:15 - INFO - 	 Best Recall for 0.4 precision: 0.974
2024-10-11 19:15 - INFO - ---------------------------------------------
2024-10-11 19:16 - INFO - ---------------------------------------------
2024-10-11 19:16 - INFO - Epoch: 02 | Time: 1m 2s
2024-10-11 19:16 - INFO - 	 New best val_rocauc loss was found, current best value is 0.98475
2024-10-11 19:16 - INFO - 	 Train Loss: 0.080
2024-10-11 19:16 - INFO - 	 Val. Loss: 0.080
2024-10-11 19:16 - INFO - 	 ROC-AUC: 0.985
2024-10-11 19:16 - INFO - 	 PR-AUC: 0.863
2024-10-11 19:16 - INFO - 	 Recall for 0.4 precision: 0.976
2024-10-11 19:16 - INFO - 	 Best Val. Loss: 0.077
2024-10-11 19:16 - INFO - 	 Best ROC-AUC: 0.985
2024-10-11 19:16 - INFO - 	 Best PR-AUC: 0.863
2024-10-11 19:16 - INFO - 	 Test-ROC-AUC under Best Validation ROC-AUC: 0.984
2024-10-11 19:16 - INFO - 	 Test-PR-AUC under Best Validation Best PR-AUC: 0.852
2024-10-11 19:16 - INFO - 	 Best Recall for 0.4 precision: 0.976
2024-10-11 19:16 - INFO - ---------------------------------------------
2024-10-11 19:17 - INFO - ---------------------------------------------
2024-10-11 19:17 - INFO - Epoch: 03 | Time: 1m 2s
2024-10-11 19:17 - INFO - 	 New best val_rocauc loss was found, current best value is 0.98621
2024-10-11 19:17 - INFO - 	 Train Loss: 0.069
2024-10-11 19:17 - INFO - 	 Val. Loss: 0.065
2024-10-11 19:17 - INFO - 	 ROC-AUC: 0.986
2024-10-11 19:17 - INFO - 	 PR-AUC: 0.876
2024-10-11 19:17 - INFO - 	 Recall for 0.4 precision: 0.976
2024-10-11 19:17 - INFO - 	 Best Val. Loss: 0.065
2024-10-11 19:17 - INFO - 	 Best ROC-AUC: 0.986
2024-10-11 19:17 - INFO - 	 Best PR-AUC: 0.876
2024-10-11 19:17 - INFO - 	 Test-ROC-AUC under Best Validation ROC-AUC: 0.984
2024-10-11 19:17 - INFO - 	 Test-PR-AUC under Best Validation Best PR-AUC: 0.862
2024-10-11 19:17 - INFO - 	 Best Recall for 0.4 precision: 0.976
2024-10-11 19:17 - INFO - ---------------------------------------------
2024-10-11 19:19 - INFO - ---------------------------------------------
2024-10-11 19:19 - INFO - Epoch: 04 | Time: 1m 2s
2024-10-11 19:19 - INFO - 	 New best val_rocauc loss was found, current best value is 0.98668
2024-10-11 19:19 - INFO - 	 Train Loss: 0.062
2024-10-11 19:19 - INFO - 	 Val. Loss: 0.064
2024-10-11 19:19 - INFO - 	 ROC-AUC: 0.987
2024-10-11 19:19 - INFO - 	 PR-AUC: 0.881
2024-10-11 19:19 - INFO - 	 Recall for 0.4 precision: 0.978
2024-10-11 19:19 - INFO - 	 Best Val. Loss: 0.064
2024-10-11 19:19 - INFO - 	 Best ROC-AUC: 0.987
2024-10-11 19:19 - INFO - 	 Best PR-AUC: 0.881
2024-10-11 19:19 - INFO - 	 Test-ROC-AUC under Best Validation ROC-AUC: 0.984
2024-10-11 19:19 - INFO - 	 Test-PR-AUC under Best Validation Best PR-AUC: 0.871
2024-10-11 19:19 - INFO - 	 Best Recall for 0.4 precision: 0.978
2024-10-11 19:19 - INFO - ---------------------------------------------
2024-10-11 19:20 - INFO - ---------------------------------------------
2024-10-11 19:20 - INFO - Epoch: 05 | Time: 1m 2s
2024-10-11 19:20 - INFO - 	 New best val_rocauc loss was found, current best value is 0.98714
2024-10-11 19:20 - INFO - 	 Train Loss: 0.058
2024-10-11 19:20 - INFO - 	 Val. Loss: 0.063
2024-10-11 19:20 - INFO - 	 ROC-AUC: 0.987
2024-10-11 19:20 - INFO - 	 PR-AUC: 0.881
2024-10-11 19:20 - INFO - 	 Recall for 0.4 precision: 0.978
2024-10-11 19:20 - INFO - 	 Best Val. Loss: 0.063
2024-10-11 19:20 - INFO - 	 Best ROC-AUC: 0.987
2024-10-11 19:20 - INFO - 	 Best PR-AUC: 0.881
2024-10-11 19:20 - INFO - 	 Test-ROC-AUC under Best Validation ROC-AUC: 0.986
2024-10-11 19:20 - INFO - 	 Test-PR-AUC under Best Validation Best PR-AUC: 0.893
2024-10-11 19:20 - INFO - 	 Best Recall for 0.4 precision: 0.978
2024-10-11 19:20 - INFO - ---------------------------------------------
2024-10-11 19:21 - INFO - ---------------------------------------------
2024-10-11 19:21 - INFO - Epoch: 06 | Time: 1m 2s
2024-10-11 19:21 - INFO - 	 Train Loss: 0.054
2024-10-11 19:21 - INFO - 	 Val. Loss: 0.063
2024-10-11 19:21 - INFO - 	 ROC-AUC: 0.987
2024-10-11 19:21 - INFO - 	 PR-AUC: 0.889
2024-10-11 19:21 - INFO - 	 Recall for 0.4 precision: 0.974
2024-10-11 19:21 - INFO - 	 Best Val. Loss: 0.063
2024-10-11 19:21 - INFO - 	 Best ROC-AUC: 0.987
2024-10-11 19:21 - INFO - 	 Best PR-AUC: 0.889
2024-10-11 19:21 - INFO - 	 Test-ROC-AUC under Best Validation ROC-AUC: 0.986
2024-10-11 19:21 - INFO - 	 Test-PR-AUC under Best Validation Best PR-AUC: 0.898
2024-10-11 19:21 - INFO - 	 Best Recall for 0.4 precision: 0.978
2024-10-11 19:21 - INFO - ---------------------------------------------
2024-10-11 19:23 - INFO - ---------------------------------------------
2024-10-11 19:23 - INFO - Epoch: 07 | Time: 1m 2s
2024-10-11 19:23 - INFO - 	 New best val_rocauc loss was found, current best value is 0.98814
2024-10-11 19:23 - INFO - 	 Train Loss: 0.051
2024-10-11 19:23 - INFO - 	 Val. Loss: 0.061
2024-10-11 19:23 - INFO - 	 ROC-AUC: 0.988
2024-10-11 19:23 - INFO - 	 PR-AUC: 0.895
2024-10-11 19:23 - INFO - 	 Recall for 0.4 precision: 0.978
2024-10-11 19:23 - INFO - 	 Best Val. Loss: 0.061
2024-10-11 19:23 - INFO - 	 Best ROC-AUC: 0.988
2024-10-11 19:23 - INFO - 	 Best PR-AUC: 0.895
2024-10-11 19:23 - INFO - 	 Test-ROC-AUC under Best Validation ROC-AUC: 0.987
2024-10-11 19:23 - INFO - 	 Test-PR-AUC under Best Validation Best PR-AUC: 0.901
2024-10-11 19:23 - INFO - 	 Best Recall for 0.4 precision: 0.978
2024-10-11 19:23 - INFO - ---------------------------------------------
2024-10-11 19:24 - INFO - ---------------------------------------------
2024-10-11 19:24 - INFO - Epoch: 08 | Time: 1m 2s
2024-10-11 19:24 - INFO - 	 Train Loss: 0.049
2024-10-11 19:24 - INFO - 	 Val. Loss: 0.062
2024-10-11 19:24 - INFO - 	 ROC-AUC: 0.987
2024-10-11 19:24 - INFO - 	 PR-AUC: 0.892
2024-10-11 19:24 - INFO - 	 Recall for 0.4 precision: 0.976
2024-10-11 19:24 - INFO - 	 Best Val. Loss: 0.061
2024-10-11 19:24 - INFO - 	 Best ROC-AUC: 0.988
2024-10-11 19:24 - INFO - 	 Best PR-AUC: 0.895
2024-10-11 19:24 - INFO - 	 Test-ROC-AUC under Best Validation ROC-AUC: 0.987
2024-10-11 19:24 - INFO - 	 Test-PR-AUC under Best Validation Best PR-AUC: 0.901
2024-10-11 19:24 - INFO - 	 Best Recall for 0.4 precision: 0.978
2024-10-11 19:24 - INFO - ---------------------------------------------
2024-10-11 19:25 - INFO - ---------------------------------------------
2024-10-11 19:25 - INFO - Epoch: 09 | Time: 0m 40s
2024-10-11 19:25 - INFO - 	 Train Loss: 0.046
2024-10-11 19:25 - INFO - 	 Val. Loss: 0.064
2024-10-11 19:25 - INFO - 	 ROC-AUC: 0.987
2024-10-11 19:25 - INFO - 	 PR-AUC: 0.890
2024-10-11 19:25 - INFO - 	 Recall for 0.4 precision: 0.974
2024-10-11 19:25 - INFO - 	 Best Val. Loss: 0.061
2024-10-11 19:25 - INFO - 	 Best ROC-AUC: 0.988
2024-10-11 19:25 - INFO - 	 Best PR-AUC: 0.895
2024-10-11 19:25 - INFO - 	 Test-ROC-AUC under Best Validation ROC-AUC: 0.987
2024-10-11 19:25 - INFO - 	 Test-PR-AUC under Best Validation Best PR-AUC: 0.901
2024-10-11 19:25 - INFO - 	 Best Recall for 0.4 precision: 0.978
2024-10-11 19:25 - INFO - ---------------------------------------------
2024-10-11 19:25 - INFO - ---------------------------------------------
2024-10-11 19:25 - INFO - Epoch: 10 | Time: 0m 37s
2024-10-11 19:25 - INFO - 	 Train Loss: 0.045
2024-10-11 19:25 - INFO - 	 Val. Loss: 0.063
2024-10-11 19:25 - INFO - 	 ROC-AUC: 0.988
2024-10-11 19:25 - INFO - 	 PR-AUC: 0.898
2024-10-11 19:25 - INFO - 	 Recall for 0.4 precision: 0.975
2024-10-11 19:25 - INFO - 	 Best Val. Loss: 0.061
2024-10-11 19:25 - INFO - 	 Best ROC-AUC: 0.988
2024-10-11 19:25 - INFO - 	 Best PR-AUC: 0.898
2024-10-11 19:25 - INFO - 	 Test-ROC-AUC under Best Validation ROC-AUC: 0.987
2024-10-11 19:25 - INFO - 	 Test-PR-AUC under Best Validation Best PR-AUC: 0.898
2024-10-11 19:25 - INFO - 	 Best Recall for 0.4 precision: 0.978
2024-10-11 19:25 - INFO - ---------------------------------------------
2024-10-11 20:59 - INFO - Fit the preprocessing pipeline
2024-10-11 20:59 - INFO - Training using device: cuda
2024-10-11 20:59 - INFO - Creating generators
2024-10-11 20:59 - INFO - The model has 651,257 trainable parameters
2024-10-11 20:59 - INFO - * Model:
2024-10-11 20:59 - INFO - * -----------
2024-10-11 20:59 - INFO - DownstreamInception(
  (conv1): ConvBlock(
    (conv): Conv1d(12, 64, kernel_size=(7,), stride=(2,), padding=(3,))
    (bn): BatchNorm1d(64, eps=1e-05, momentum=0.1, affine=True, track_running_stats=True)
  )
  (conv2): ConvBlock(
    (conv): Conv1d(64, 128, kernel_size=(3,), stride=(1,), padding=(1,))
    (bn): BatchNorm1d(128, eps=1e-05, momentum=0.1, affine=True, track_running_stats=True)
  )
  (maxpool): MaxPool1d(kernel_size=3, stride=2, padding=1, dilation=1, ceil_mode=False)
  (inception3a): InceptionBlock(
    (branch1): ConvBlock(
      (conv): Conv1d(128, 64, kernel_size=(1,), stride=(1,))
      (bn): BatchNorm1d(64, eps=1e-05, momentum=0.1, affine=True, track_running_stats=True)
    )
    (branch2): Sequential(
      (0): ConvBlock(
        (conv): Conv1d(128, 96, kernel_size=(1,), stride=(1,))
        (bn): BatchNorm1d(96, eps=1e-05, momentum=0.1, affine=True, track_running_stats=True)
      )
      (1): ConvBlock(
        (conv): Conv1d(96, 128, kernel_size=(3,), stride=(1,), padding=(1,))
        (bn): BatchNorm1d(128, eps=1e-05, momentum=0.1, affine=True, track_running_stats=True)
      )
    )
    (branch3): Sequential(
      (0): ConvBlock(
        (conv): Conv1d(128, 16, kernel_size=(1,), stride=(1,))
        (bn): BatchNorm1d(16, eps=1e-05, momentum=0.1, affine=True, track_running_stats=True)
      )
      (1): ConvBlock(
        (conv): Conv1d(16, 32, kernel_size=(5,), stride=(1,), padding=(2,))
        (bn): BatchNorm1d(32, eps=1e-05, momentum=0.1, affine=True, track_running_stats=True)
      )
    )
    (branch4): Sequential(
      (0): MaxPool2d(kernel_size=3, stride=1, padding=1, dilation=1, ceil_mode=False)
      (1): ConvBlock(
        (conv): Conv1d(128, 32, kernel_size=(1,), stride=(1,))
        (bn): BatchNorm1d(32, eps=1e-05, momentum=0.1, affine=True, track_running_stats=True)
      )
    )
  )
  (inception3b): InceptionBlock(
    (branch1): ConvBlock(
      (conv): Conv1d(256, 128, kernel_size=(1,), stride=(1,))
      (bn): BatchNorm1d(128, eps=1e-05, momentum=0.1, affine=True, track_running_stats=True)
    )
    (branch2): Sequential(
      (0): ConvBlock(
        (conv): Conv1d(256, 128, kernel_size=(1,), stride=(1,))
        (bn): BatchNorm1d(128, eps=1e-05, momentum=0.1, affine=True, track_running_stats=True)
      )
      (1): ConvBlock(
        (conv): Conv1d(128, 192, kernel_size=(3,), stride=(1,), padding=(1,))
        (bn): BatchNorm1d(192, eps=1e-05, momentum=0.1, affine=True, track_running_stats=True)
      )
    )
    (branch3): Sequential(
      (0): ConvBlock(
        (conv): Conv1d(256, 32, kernel_size=(1,), stride=(1,))
        (bn): BatchNorm1d(32, eps=1e-05, momentum=0.1, affine=True, track_running_stats=True)
      )
      (1): ConvBlock(
        (conv): Conv1d(32, 96, kernel_size=(5,), stride=(1,), padding=(2,))
        (bn): BatchNorm1d(96, eps=1e-05, momentum=0.1, affine=True, track_running_stats=True)
      )
    )
    (branch4): Sequential(
      (0): MaxPool2d(kernel_size=3, stride=1, padding=1, dilation=1, ceil_mode=False)
      (1): ConvBlock(
        (conv): Conv1d(256, 64, kernel_size=(1,), stride=(1,))
        (bn): BatchNorm1d(64, eps=1e-05, momentum=0.1, affine=True, track_running_stats=True)
      )
    )
  )
  (inception4a): InceptionBlock(
    (branch1): ConvBlock(
      (conv): Conv1d(480, 192, kernel_size=(1,), stride=(1,))
      (bn): BatchNorm1d(192, eps=1e-05, momentum=0.1, affine=True, track_running_stats=True)
    )
    (branch2): Sequential(
      (0): ConvBlock(
        (conv): Conv1d(480, 96, kernel_size=(1,), stride=(1,))
        (bn): BatchNorm1d(96, eps=1e-05, momentum=0.1, affine=True, track_running_stats=True)
      )
      (1): ConvBlock(
        (conv): Conv1d(96, 208, kernel_size=(3,), stride=(1,), padding=(1,))
        (bn): BatchNorm1d(208, eps=1e-05, momentum=0.1, affine=True, track_running_stats=True)
      )
    )
    (branch3): Sequential(
      (0): ConvBlock(
        (conv): Conv1d(480, 16, kernel_size=(1,), stride=(1,))
        (bn): BatchNorm1d(16, eps=1e-05, momentum=0.1, affine=True, track_running_stats=True)
      )
      (1): ConvBlock(
        (conv): Conv1d(16, 48, kernel_size=(5,), stride=(1,), padding=(2,))
        (bn): BatchNorm1d(48, eps=1e-05, momentum=0.1, affine=True, track_running_stats=True)
      )
    )
    (branch4): Sequential(
      (0): MaxPool2d(kernel_size=3, stride=1, padding=1, dilation=1, ceil_mode=False)
      (1): ConvBlock(
        (conv): Conv1d(480, 64, kernel_size=(1,), stride=(1,))
        (bn): BatchNorm1d(64, eps=1e-05, momentum=0.1, affine=True, track_running_stats=True)
      )
    )
  )
  (inception4b): InceptionBlock(
    (branch1): ConvBlock(
      (conv): Conv1d(512, 32, kernel_size=(1,), stride=(1,))
      (bn): BatchNorm1d(32, eps=1e-05, momentum=0.1, affine=True, track_running_stats=True)
    )
    (branch2): Sequential(
      (0): ConvBlock(
        (conv): Conv1d(512, 112, kernel_size=(1,), stride=(1,))
        (bn): BatchNorm1d(112, eps=1e-05, momentum=0.1, affine=True, track_running_stats=True)
      )
      (1): ConvBlock(
        (conv): Conv1d(112, 32, kernel_size=(3,), stride=(1,), padding=(1,))
        (bn): BatchNorm1d(32, eps=1e-05, momentum=0.1, affine=True, track_running_stats=True)
      )
    )
    (branch3): Sequential(
      (0): ConvBlock(
        (conv): Conv1d(512, 24, kernel_size=(1,), stride=(1,))
        (bn): BatchNorm1d(24, eps=1e-05, momentum=0.1, affine=True, track_running_stats=True)
      )
      (1): ConvBlock(
        (conv): Conv1d(24, 64, kernel_size=(5,), stride=(1,), padding=(2,))
        (bn): BatchNorm1d(64, eps=1e-05, momentum=0.1, affine=True, track_running_stats=True)
      )
    )
    (branch4): Sequential(
      (0): MaxPool2d(kernel_size=3, stride=1, padding=1, dilation=1, ceil_mode=False)
      (1): ConvBlock(
        (conv): Conv1d(512, 32, kernel_size=(1,), stride=(1,))
        (bn): BatchNorm1d(32, eps=1e-05, momentum=0.1, affine=True, track_running_stats=True)
      )
    )
  )
  (avgpool): AvgPool1d(kernel_size=(5,), stride=(1,), padding=(0,))
  (dropout): Dropout(p=0.5, inplace=False)
  (fc): Linear(in_features=8480, out_features=1, bias=True)
  (sigmoid): Sigmoid()
)
2024-10-11 20:59 - INFO - * -----------
2024-10-11 20:59 - INFO - Evaluating model based on: rocauc
2024-10-11 20:59 - INFO - Training..

2024-10-11 21:00 - INFO - ---------------------------------------------
2024-10-11 21:00 - INFO - Epoch: 01 | Time: 0m 31s
2024-10-11 21:00 - INFO - 	 New best val_rocauc loss was found, current best value is 0.97629
2024-10-11 21:00 - INFO - 	 Train Loss: 0.155
2024-10-11 21:00 - INFO - 	 Val. Loss: 0.085
2024-10-11 21:00 - INFO - 	 ROC-AUC: 0.976
2024-10-11 21:00 - INFO - 	 PR-AUC: 0.817
2024-10-11 21:00 - INFO - 	 Recall for 0.4 precision: 0.955
2024-10-11 21:00 - INFO - 	 Best Val. Loss: 0.085
2024-10-11 21:00 - INFO - 	 Best ROC-AUC: 0.976
2024-10-11 21:00 - INFO - 	 Best PR-AUC: 0.817
2024-10-11 21:00 - INFO - 	 Test-ROC-AUC under Best Validation ROC-AUC: 0.971
2024-10-11 21:00 - INFO - 	 Test-PR-AUC under Best Validation Best PR-AUC: 0.802
2024-10-11 21:00 - INFO - 	 Best Recall for 0.4 precision: 0.955
2024-10-11 21:00 - INFO - ---------------------------------------------
2024-10-11 21:02 - INFO - Fit the preprocessing pipeline
2024-10-11 21:02 - INFO - Training using device: cuda
2024-10-11 21:02 - INFO - Creating generators
2024-10-11 21:02 - INFO - The model has 651,257 trainable parameters
2024-10-11 21:02 - INFO - * Model:
2024-10-11 21:02 - INFO - * -----------
2024-10-11 21:02 - INFO - DownstreamInception(
  (conv1): ConvBlock(
    (conv): Conv1d(12, 64, kernel_size=(7,), stride=(2,), padding=(3,))
    (bn): BatchNorm1d(64, eps=1e-05, momentum=0.1, affine=True, track_running_stats=True)
  )
  (conv2): ConvBlock(
    (conv): Conv1d(64, 128, kernel_size=(3,), stride=(1,), padding=(1,))
    (bn): BatchNorm1d(128, eps=1e-05, momentum=0.1, affine=True, track_running_stats=True)
  )
  (maxpool): MaxPool1d(kernel_size=3, stride=2, padding=1, dilation=1, ceil_mode=False)
  (inception3a): InceptionBlock(
    (branch1): ConvBlock(
      (conv): Conv1d(128, 64, kernel_size=(1,), stride=(1,))
      (bn): BatchNorm1d(64, eps=1e-05, momentum=0.1, affine=True, track_running_stats=True)
    )
    (branch2): Sequential(
      (0): ConvBlock(
        (conv): Conv1d(128, 96, kernel_size=(1,), stride=(1,))
        (bn): BatchNorm1d(96, eps=1e-05, momentum=0.1, affine=True, track_running_stats=True)
      )
      (1): ConvBlock(
        (conv): Conv1d(96, 128, kernel_size=(3,), stride=(1,), padding=(1,))
        (bn): BatchNorm1d(128, eps=1e-05, momentum=0.1, affine=True, track_running_stats=True)
      )
    )
    (branch3): Sequential(
      (0): ConvBlock(
        (conv): Conv1d(128, 16, kernel_size=(1,), stride=(1,))
        (bn): BatchNorm1d(16, eps=1e-05, momentum=0.1, affine=True, track_running_stats=True)
      )
      (1): ConvBlock(
        (conv): Conv1d(16, 32, kernel_size=(5,), stride=(1,), padding=(2,))
        (bn): BatchNorm1d(32, eps=1e-05, momentum=0.1, affine=True, track_running_stats=True)
      )
    )
    (branch4): Sequential(
      (0): MaxPool2d(kernel_size=3, stride=1, padding=1, dilation=1, ceil_mode=False)
      (1): ConvBlock(
        (conv): Conv1d(128, 32, kernel_size=(1,), stride=(1,))
        (bn): BatchNorm1d(32, eps=1e-05, momentum=0.1, affine=True, track_running_stats=True)
      )
    )
  )
  (inception3b): InceptionBlock(
    (branch1): ConvBlock(
      (conv): Conv1d(256, 128, kernel_size=(1,), stride=(1,))
      (bn): BatchNorm1d(128, eps=1e-05, momentum=0.1, affine=True, track_running_stats=True)
    )
    (branch2): Sequential(
      (0): ConvBlock(
        (conv): Conv1d(256, 128, kernel_size=(1,), stride=(1,))
        (bn): BatchNorm1d(128, eps=1e-05, momentum=0.1, affine=True, track_running_stats=True)
      )
      (1): ConvBlock(
        (conv): Conv1d(128, 192, kernel_size=(3,), stride=(1,), padding=(1,))
        (bn): BatchNorm1d(192, eps=1e-05, momentum=0.1, affine=True, track_running_stats=True)
      )
    )
    (branch3): Sequential(
      (0): ConvBlock(
        (conv): Conv1d(256, 32, kernel_size=(1,), stride=(1,))
        (bn): BatchNorm1d(32, eps=1e-05, momentum=0.1, affine=True, track_running_stats=True)
      )
      (1): ConvBlock(
        (conv): Conv1d(32, 96, kernel_size=(5,), stride=(1,), padding=(2,))
        (bn): BatchNorm1d(96, eps=1e-05, momentum=0.1, affine=True, track_running_stats=True)
      )
    )
    (branch4): Sequential(
      (0): MaxPool2d(kernel_size=3, stride=1, padding=1, dilation=1, ceil_mode=False)
      (1): ConvBlock(
        (conv): Conv1d(256, 64, kernel_size=(1,), stride=(1,))
        (bn): BatchNorm1d(64, eps=1e-05, momentum=0.1, affine=True, track_running_stats=True)
      )
    )
  )
  (inception4a): InceptionBlock(
    (branch1): ConvBlock(
      (conv): Conv1d(480, 192, kernel_size=(1,), stride=(1,))
      (bn): BatchNorm1d(192, eps=1e-05, momentum=0.1, affine=True, track_running_stats=True)
    )
    (branch2): Sequential(
      (0): ConvBlock(
        (conv): Conv1d(480, 96, kernel_size=(1,), stride=(1,))
        (bn): BatchNorm1d(96, eps=1e-05, momentum=0.1, affine=True, track_running_stats=True)
      )
      (1): ConvBlock(
        (conv): Conv1d(96, 208, kernel_size=(3,), stride=(1,), padding=(1,))
        (bn): BatchNorm1d(208, eps=1e-05, momentum=0.1, affine=True, track_running_stats=True)
      )
    )
    (branch3): Sequential(
      (0): ConvBlock(
        (conv): Conv1d(480, 16, kernel_size=(1,), stride=(1,))
        (bn): BatchNorm1d(16, eps=1e-05, momentum=0.1, affine=True, track_running_stats=True)
      )
      (1): ConvBlock(
        (conv): Conv1d(16, 48, kernel_size=(5,), stride=(1,), padding=(2,))
        (bn): BatchNorm1d(48, eps=1e-05, momentum=0.1, affine=True, track_running_stats=True)
      )
    )
    (branch4): Sequential(
      (0): MaxPool2d(kernel_size=3, stride=1, padding=1, dilation=1, ceil_mode=False)
      (1): ConvBlock(
        (conv): Conv1d(480, 64, kernel_size=(1,), stride=(1,))
        (bn): BatchNorm1d(64, eps=1e-05, momentum=0.1, affine=True, track_running_stats=True)
      )
    )
  )
  (inception4b): InceptionBlock(
    (branch1): ConvBlock(
      (conv): Conv1d(512, 32, kernel_size=(1,), stride=(1,))
      (bn): BatchNorm1d(32, eps=1e-05, momentum=0.1, affine=True, track_running_stats=True)
    )
    (branch2): Sequential(
      (0): ConvBlock(
        (conv): Conv1d(512, 112, kernel_size=(1,), stride=(1,))
        (bn): BatchNorm1d(112, eps=1e-05, momentum=0.1, affine=True, track_running_stats=True)
      )
      (1): ConvBlock(
        (conv): Conv1d(112, 32, kernel_size=(3,), stride=(1,), padding=(1,))
        (bn): BatchNorm1d(32, eps=1e-05, momentum=0.1, affine=True, track_running_stats=True)
      )
    )
    (branch3): Sequential(
      (0): ConvBlock(
        (conv): Conv1d(512, 24, kernel_size=(1,), stride=(1,))
        (bn): BatchNorm1d(24, eps=1e-05, momentum=0.1, affine=True, track_running_stats=True)
      )
      (1): ConvBlock(
        (conv): Conv1d(24, 64, kernel_size=(5,), stride=(1,), padding=(2,))
        (bn): BatchNorm1d(64, eps=1e-05, momentum=0.1, affine=True, track_running_stats=True)
      )
    )
    (branch4): Sequential(
      (0): MaxPool2d(kernel_size=3, stride=1, padding=1, dilation=1, ceil_mode=False)
      (1): ConvBlock(
        (conv): Conv1d(512, 32, kernel_size=(1,), stride=(1,))
        (bn): BatchNorm1d(32, eps=1e-05, momentum=0.1, affine=True, track_running_stats=True)
      )
    )
  )
  (avgpool): AvgPool1d(kernel_size=(5,), stride=(1,), padding=(0,))
  (dropout): Dropout(p=0.5, inplace=False)
  (fc): Linear(in_features=8480, out_features=1, bias=True)
  (sigmoid): Sigmoid()
)
2024-10-11 21:02 - INFO - * -----------
2024-10-11 21:02 - INFO - Evaluating model based on: rocauc
2024-10-11 21:02 - INFO - Training..

